#! /c/Source/iverilog-install/bin/vvp
:ivl_version "12.0 (devel)" "(s20150603-1539-g2693dd32b)";
:ivl_delay_selection "TYPICAL";
:vpi_time_precision + 0;
:vpi_module "C:\iverilog\lib\ivl\system.vpi";
:vpi_module "C:\iverilog\lib\ivl\vhdl_sys.vpi";
:vpi_module "C:\iverilog\lib\ivl\vhdl_textio.vpi";
:vpi_module "C:\iverilog\lib\ivl\v2005_math.vpi";
:vpi_module "C:\iverilog\lib\ivl\va_math.vpi";
S_000002d0ef7c3fe0 .scope module, "branch_predictor" "branch_predictor" 2 1;
 .timescale 0 0;
    .port_info 0 /INPUT 1 "clk";
    .port_info 1 /INPUT 1 "reset";
    .port_info 2 /INPUT 32 "pc";
    .port_info 3 /INPUT 1 "branch_taken";
    .port_info 4 /INPUT 32 "instruction";
    .port_info 5 /OUTPUT 1 "predict";
v000002d0ef783020_0 .net *"_ivl_1", 8 0, L_000002d0ef813650;  1 drivers
v000002d0ef782dc0_0 .net *"_ivl_2", 15 0, L_000002d0ef812b10;  1 drivers
v000002d0ef7c4170 .array "bimodal_bht", 511 0, 1 0;
v000002d0ef76b690_0 .net "bimodal_index", 8 0, L_000002d0ef812bb0;  1 drivers
o000002d0ef7c6068 .functor BUFZ 1, C4<z>; HiZ drive
v000002d0ef76b730_0 .net "branch_taken", 0 0, o000002d0ef7c6068;  0 drivers
o000002d0ef7c6098 .functor BUFZ 1, C4<z>; HiZ drive
v000002d0ef7a7b20_0 .net "clk", 0 0, o000002d0ef7c6098;  0 drivers
v000002d0ef7a7bc0 .array "counts", 511 0, 1 0;
v000002d0ef7b4650_0 .var "gbhr", 6 0;
v000002d0ef7b46f0 .array "gshare_bht", 511 0, 1 0;
v000002d0ef7b4790_0 .net "gshare_index", 8 0, L_000002d0ef813010;  1 drivers
v000002d0ef7b4830_0 .var/i "i", 31 0;
o000002d0ef7c6158 .functor BUFZ 32, C4<zzzzzzzzzzzzzzzzzzzzzzzzzzzzzzzz>; HiZ drive
v000002d0ef7b48d0_0 .net "instruction", 31 0, o000002d0ef7c6158;  0 drivers
o000002d0ef7c6188 .functor BUFZ 32, C4<zzzzzzzzzzzzzzzzzzzzzzzzzzzzzzzz>; HiZ drive
v000002d0ef8129d0_0 .net "pc", 31 0, o000002d0ef7c6188;  0 drivers
v000002d0ef8135b0_0 .var "predict", 0 0;
v000002d0ef812cf0_0 .var "prediction_mode", 1 0;
o000002d0ef7c6218 .functor BUFZ 1, C4<z>; HiZ drive
v000002d0ef8136f0_0 .net "reset", 0 0, o000002d0ef7c6218;  0 drivers
E_000002d0ef7a6ad0 .event posedge, v000002d0ef8136f0_0, v000002d0ef7a7b20_0;
L_000002d0ef813650 .part o000002d0ef7c6188, 0, 9;
L_000002d0ef812b10 .concat [ 7 9 0 0], v000002d0ef7b4650_0, L_000002d0ef813650;
L_000002d0ef813010 .part L_000002d0ef812b10, 0, 9;
L_000002d0ef812bb0 .part o000002d0ef7c6188, 0, 9;
    .scope S_000002d0ef7c3fe0;
T_0 ;
    %wait E_000002d0ef7a6ad0;
    %load/vec4 v000002d0ef8136f0_0;
    %flag_set/vec4 8;
    %jmp/0xz  T_0.0, 8;
    %pushi/vec4 0, 0, 7;
    %assign/vec4 v000002d0ef7b4650_0, 0;
    %jmp T_0.1;
T_0.0 ;
    %load/vec4 v000002d0ef76b730_0;
    %flag_set/vec4 8;
    %jmp/0xz  T_0.2, 8;
    %load/vec4 v000002d0ef7b4650_0;
    %parti/s 6, 0, 2;
    %concati/vec4 1, 0, 1;
    %assign/vec4 v000002d0ef7b4650_0, 0;
    %jmp T_0.3;
T_0.2 ;
    %load/vec4 v000002d0ef7b4650_0;
    %parti/s 6, 0, 2;
    %concati/vec4 0, 0, 1;
    %assign/vec4 v000002d0ef7b4650_0, 0;
T_0.3 ;
T_0.1 ;
    %jmp T_0;
    .thread T_0;
    .scope S_000002d0ef7c3fe0;
T_1 ;
    %wait E_000002d0ef7a6ad0;
    %load/vec4 v000002d0ef8136f0_0;
    %flag_set/vec4 8;
    %jmp/0xz  T_1.0, 8;
    %pushi/vec4 0, 0, 1;
    %assign/vec4 v000002d0ef8135b0_0, 0;
    %jmp T_1.1;
T_1.0 ;
    %load/vec4 v000002d0ef812cf0_0;
    %dup/vec4;
    %pushi/vec4 0, 0, 2;
    %cmp/u;
    %jmp/1 T_1.2, 6;
    %dup/vec4;
    %pushi/vec4 1, 0, 2;
    %cmp/u;
    %jmp/1 T_1.3, 6;
    %dup/vec4;
    %pushi/vec4 2, 0, 2;
    %cmp/u;
    %jmp/1 T_1.4, 6;
    %dup/vec4;
    %pushi/vec4 3, 0, 2;
    %cmp/u;
    %jmp/1 T_1.5, 6;
    %jmp T_1.6;
T_1.2 ;
    %pushi/vec4 2, 0, 2;
    %load/vec4 v000002d0ef7b4790_0;
    %pad/u 11;
    %ix/vec4 4;
    %load/vec4a v000002d0ef7b46f0, 4;
    %cmp/u;
    %flag_get/vec4 4;
    %flag_get/vec4 5;
    %or;
    %assign/vec4 v000002d0ef8135b0_0, 0;
    %jmp T_1.6;
T_1.3 ;
    %pushi/vec4 2, 0, 2;
    %load/vec4 v000002d0ef76b690_0;
    %pad/u 11;
    %ix/vec4 4;
    %load/vec4a v000002d0ef7c4170, 4;
    %cmp/u;
    %flag_get/vec4 4;
    %flag_get/vec4 5;
    %or;
    %assign/vec4 v000002d0ef8135b0_0, 0;
    %jmp T_1.6;
T_1.4 ;
    %pushi/vec4 1, 0, 1;
    %assign/vec4 v000002d0ef8135b0_0, 0;
    %jmp T_1.6;
T_1.5 ;
    %pushi/vec4 0, 0, 1;
    %assign/vec4 v000002d0ef8135b0_0, 0;
    %jmp T_1.6;
T_1.6 ;
    %pop/vec4 1;
T_1.1 ;
    %jmp T_1;
    .thread T_1;
    .scope S_000002d0ef7c3fe0;
T_2 ;
    %wait E_000002d0ef7a6ad0;
    %load/vec4 v000002d0ef8136f0_0;
    %flag_set/vec4 8;
    %jmp/0xz  T_2.0, 8;
    %pushi/vec4 0, 0, 32;
    %store/vec4 v000002d0ef7b4830_0, 0, 32;
T_2.2 ;
    %load/vec4 v000002d0ef7b4830_0;
    %cmpi/s 512, 0, 32;
    %jmp/0xz T_2.3, 5;
    %pushi/vec4 1, 0, 2;
    %ix/getv/s 3, v000002d0ef7b4830_0;
    %ix/load 4, 0, 0; Constant delay
    %assign/vec4/a/d v000002d0ef7b46f0, 0, 4;
    %pushi/vec4 1, 0, 2;
    %ix/getv/s 3, v000002d0ef7b4830_0;
    %ix/load 4, 0, 0; Constant delay
    %assign/vec4/a/d v000002d0ef7c4170, 0, 4;
    %pushi/vec4 0, 0, 2;
    %ix/getv/s 3, v000002d0ef7b4830_0;
    %ix/load 4, 0, 0; Constant delay
    %assign/vec4/a/d v000002d0ef7a7bc0, 0, 4;
    %load/vec4 v000002d0ef7b4830_0;
    %addi 1, 0, 32;
    %store/vec4 v000002d0ef7b4830_0, 0, 32;
    %jmp T_2.2;
T_2.3 ;
    %jmp T_2.1;
T_2.0 ;
    %load/vec4 v000002d0ef76b730_0;
    %flag_set/vec4 8;
    %jmp/0xz  T_2.4, 8;
    %load/vec4 v000002d0ef7b4790_0;
    %pad/u 11;
    %ix/vec4 4;
    %load/vec4a v000002d0ef7b46f0, 4;
    %cmpi/u 3, 0, 2;
    %jmp/0xz  T_2.6, 5;
    %load/vec4 v000002d0ef7b4790_0;
    %pad/u 11;
    %ix/vec4 4;
    %load/vec4a v000002d0ef7b46f0, 4;
    %addi 1, 0, 2;
    %load/vec4 v000002d0ef7b4790_0;
    %pad/u 11;
    %ix/vec4 3;
    %ix/load 4, 0, 0; Constant delay
    %assign/vec4/a/d v000002d0ef7b46f0, 0, 4;
T_2.6 ;
    %load/vec4 v000002d0ef76b690_0;
    %pad/u 11;
    %ix/vec4 4;
    %load/vec4a v000002d0ef7c4170, 4;
    %cmpi/u 3, 0, 2;
    %jmp/0xz  T_2.8, 5;
    %load/vec4 v000002d0ef76b690_0;
    %pad/u 11;
    %ix/vec4 4;
    %load/vec4a v000002d0ef7c4170, 4;
    %addi 1, 0, 2;
    %load/vec4 v000002d0ef76b690_0;
    %pad/u 11;
    %ix/vec4 3;
    %ix/load 4, 0, 0; Constant delay
    %assign/vec4/a/d v000002d0ef7c4170, 0, 4;
T_2.8 ;
    %jmp T_2.5;
T_2.4 ;
    %load/vec4 v000002d0ef7b4790_0;
    %pad/u 11;
    %ix/vec4 4;
    %load/vec4a v000002d0ef7b46f0, 4;
    %cmpi/u 0, 0, 2;
    %flag_or 5, 4; GT is !LE
    %flag_inv 5;
    %jmp/0xz  T_2.10, 5;
    %load/vec4 v000002d0ef7b4790_0;
    %pad/u 11;
    %ix/vec4 4;
    %load/vec4a v000002d0ef7b46f0, 4;
    %subi 1, 0, 2;
    %load/vec4 v000002d0ef7b4790_0;
    %pad/u 11;
    %ix/vec4 3;
    %ix/load 4, 0, 0; Constant delay
    %assign/vec4/a/d v000002d0ef7b46f0, 0, 4;
T_2.10 ;
    %load/vec4 v000002d0ef76b690_0;
    %pad/u 11;
    %ix/vec4 4;
    %load/vec4a v000002d0ef7c4170, 4;
    %cmpi/u 0, 0, 2;
    %flag_or 5, 4; GT is !LE
    %flag_inv 5;
    %jmp/0xz  T_2.12, 5;
    %load/vec4 v000002d0ef76b690_0;
    %pad/u 11;
    %ix/vec4 4;
    %load/vec4a v000002d0ef7c4170, 4;
    %subi 1, 0, 2;
    %load/vec4 v000002d0ef76b690_0;
    %pad/u 11;
    %ix/vec4 3;
    %ix/load 4, 0, 0; Constant delay
    %assign/vec4/a/d v000002d0ef7c4170, 0, 4;
T_2.12 ;
T_2.5 ;
    %load/vec4 v000002d0ef7b4790_0;
    %pad/u 11;
    %ix/vec4 4;
    %load/vec4a v000002d0ef7a7bc0, 4;
    %cmpi/e 0, 0, 2;
    %jmp/1 T_2.16, 4;
    %flag_mov 8, 4;
    %load/vec4 v000002d0ef7b4790_0;
    %pad/u 11;
    %ix/vec4 4;
    %load/vec4a v000002d0ef7a7bc0, 4;
    %cmpi/e 1, 0, 2;
    %flag_or 4, 8;
T_2.16;
    %jmp/0xz  T_2.14, 4;
    %load/vec4 v000002d0ef7b4790_0;
    %pad/u 11;
    %ix/vec4 4;
    %load/vec4a v000002d0ef7a7bc0, 4;
    %addi 1, 0, 2;
    %load/vec4 v000002d0ef7b4790_0;
    %pad/u 11;
    %ix/vec4 3;
    %ix/load 4, 0, 0; Constant delay
    %assign/vec4/a/d v000002d0ef7a7bc0, 0, 4;
    %jmp T_2.15;
T_2.14 ;
    %load/vec4 v000002d0ef7b4790_0;
    %pad/u 11;
    %ix/vec4 4;
    %load/vec4a v000002d0ef7a7bc0, 4;
    %cmpi/e 2, 0, 2;
    %jmp/1 T_2.19, 4;
    %flag_mov 8, 4;
    %load/vec4 v000002d0ef7b4790_0;
    %pad/u 11;
    %ix/vec4 4;
    %load/vec4a v000002d0ef7a7bc0, 4;
    %cmpi/e 3, 0, 2;
    %flag_or 4, 8;
T_2.19;
    %jmp/0xz  T_2.17, 4;
    %load/vec4 v000002d0ef7b4790_0;
    %pad/u 11;
    %ix/vec4 4;
    %load/vec4a v000002d0ef7a7bc0, 4;
    %subi 1, 0, 2;
    %load/vec4 v000002d0ef7b4790_0;
    %pad/u 11;
    %ix/vec4 3;
    %ix/load 4, 0, 0; Constant delay
    %assign/vec4/a/d v000002d0ef7a7bc0, 0, 4;
T_2.17 ;
T_2.15 ;
T_2.1 ;
    %jmp T_2;
    .thread T_2;
    .scope S_000002d0ef7c3fe0;
T_3 ;
    %wait E_000002d0ef7a6ad0;
    %load/vec4 v000002d0ef8136f0_0;
    %flag_set/vec4 8;
    %jmp/0xz  T_3.0, 8;
    %pushi/vec4 0, 0, 2;
    %assign/vec4 v000002d0ef812cf0_0, 0;
T_3.0 ;
    %jmp T_3;
    .thread T_3;
# The file index is used to find the file name in the following table.
:file_names 3;
    "N/A";
    "<interactive>";
    "branch_predictor.v";
