#! /c/Source/iverilog-install/bin/vvp
:ivl_version "12.0 (devel)" "(s20150603-1539-g2693dd32b)";
:ivl_delay_selection "TYPICAL";
:vpi_time_precision + 0;
:vpi_module "C:\iverilog\lib\ivl\system.vpi";
:vpi_module "C:\iverilog\lib\ivl\vhdl_sys.vpi";
:vpi_module "C:\iverilog\lib\ivl\vhdl_textio.vpi";
:vpi_module "C:\iverilog\lib\ivl\v2005_math.vpi";
:vpi_module "C:\iverilog\lib\ivl\va_math.vpi";
S_000001f949f22b10 .scope module, "regfile" "regfile" 2 1;
 .timescale 0 0;
    .port_info 0 /INPUT 1 "clk";
    .port_info 1 /INPUT 1 "we3";
    .port_info 2 /INPUT 1 "we3_2";
    .port_info 3 /INPUT 5 "ra1";
    .port_info 4 /INPUT 5 "ra1_2";
    .port_info 5 /INPUT 5 "ra2";
    .port_info 6 /INPUT 5 "ra2_2";
    .port_info 7 /INPUT 5 "wa3";
    .port_info 8 /INPUT 5 "wa3_2";
    .port_info 9 /INPUT 32 "wd3";
    .port_info 10 /INPUT 32 "wd3_2";
    .port_info 11 /OUTPUT 32 "rd1";
    .port_info 12 /OUTPUT 32 "rd1_2";
    .port_info 13 /OUTPUT 32 "rd2";
    .port_info 14 /OUTPUT 32 "rd2_2";
v000001f949f492f0_0 .net *"_ivl_0", 31 0, L_000001f949fa71a0;  1 drivers
v000001f949f48a30_0 .net *"_ivl_10", 6 0, L_000001f949fa6fc0;  1 drivers
L_000001f949fb0d08 .functor BUFT 1, C4<00>, C4<0>, C4<0>, C4<0>;
v000001f949f49390_0 .net *"_ivl_13", 1 0, L_000001f949fb0d08;  1 drivers
L_000001f949fb0d50 .functor BUFT 1, C4<00000000000000000000000000000000>, C4<0>, C4<0>, C4<0>;
v000001f949f487b0_0 .net/2u *"_ivl_14", 31 0, L_000001f949fb0d50;  1 drivers
v000001f949f49430_0 .net *"_ivl_18", 31 0, L_000001f949fa7a60;  1 drivers
L_000001f949fb0d98 .functor BUFT 1, C4<000000000000000000000000000>, C4<0>, C4<0>, C4<0>;
v000001f949f48f30_0 .net *"_ivl_21", 26 0, L_000001f949fb0d98;  1 drivers
L_000001f949fb0de0 .functor BUFT 1, C4<00000000000000000000000000000000>, C4<0>, C4<0>, C4<0>;
v000001f949f48990_0 .net/2u *"_ivl_22", 31 0, L_000001f949fb0de0;  1 drivers
v000001f949f49250_0 .net *"_ivl_24", 0 0, L_000001f949fa7ba0;  1 drivers
v000001f949f49610_0 .net *"_ivl_26", 31 0, L_000001f949fa7e20;  1 drivers
v000001f949f48df0_0 .net *"_ivl_28", 6 0, L_000001f949fa7ec0;  1 drivers
L_000001f949fb0c78 .functor BUFT 1, C4<000000000000000000000000000>, C4<0>, C4<0>, C4<0>;
v000001f949f494d0_0 .net *"_ivl_3", 26 0, L_000001f949fb0c78;  1 drivers
L_000001f949fb0e28 .functor BUFT 1, C4<00>, C4<0>, C4<0>, C4<0>;
v000001f949f48fd0_0 .net *"_ivl_31", 1 0, L_000001f949fb0e28;  1 drivers
L_000001f949fb0e70 .functor BUFT 1, C4<00000000000000000000000000000000>, C4<0>, C4<0>, C4<0>;
v000001f949f48c10_0 .net/2u *"_ivl_32", 31 0, L_000001f949fb0e70;  1 drivers
v000001f949f49070_0 .net *"_ivl_36", 31 0, L_000001f949fa8000;  1 drivers
L_000001f949fb0eb8 .functor BUFT 1, C4<000000000000000000000000000>, C4<0>, C4<0>, C4<0>;
v000001f949f49570_0 .net *"_ivl_39", 26 0, L_000001f949fb0eb8;  1 drivers
L_000001f949fb0cc0 .functor BUFT 1, C4<00000000000000000000000000000000>, C4<0>, C4<0>, C4<0>;
v000001f949f49110_0 .net/2u *"_ivl_4", 31 0, L_000001f949fb0cc0;  1 drivers
L_000001f949fb0f00 .functor BUFT 1, C4<00000000000000000000000000000000>, C4<0>, C4<0>, C4<0>;
v000001f949f491b0_0 .net/2u *"_ivl_40", 31 0, L_000001f949fb0f00;  1 drivers
v000001f949fa7c40_0 .net *"_ivl_42", 0 0, L_000001f949fa80a0;  1 drivers
v000001f949fa76a0_0 .net *"_ivl_44", 31 0, L_000001f949fa8140;  1 drivers
v000001f949fa72e0_0 .net *"_ivl_46", 6 0, L_000001f949fa8320;  1 drivers
L_000001f949fb0f48 .functor BUFT 1, C4<00>, C4<0>, C4<0>, C4<0>;
v000001f949fa7600_0 .net *"_ivl_49", 1 0, L_000001f949fb0f48;  1 drivers
L_000001f949fb0f90 .functor BUFT 1, C4<00000000000000000000000000000000>, C4<0>, C4<0>, C4<0>;
v000001f949fa85a0_0 .net/2u *"_ivl_50", 31 0, L_000001f949fb0f90;  1 drivers
v000001f949fa74c0_0 .net *"_ivl_54", 31 0, L_000001f949fa7100;  1 drivers
L_000001f949fb0fd8 .functor BUFT 1, C4<000000000000000000000000000>, C4<0>, C4<0>, C4<0>;
v000001f949fa7380_0 .net *"_ivl_57", 26 0, L_000001f949fb0fd8;  1 drivers
L_000001f949fb1020 .functor BUFT 1, C4<00000000000000000000000000000000>, C4<0>, C4<0>, C4<0>;
v000001f949fa8820_0 .net/2u *"_ivl_58", 31 0, L_000001f949fb1020;  1 drivers
v000001f949fa8280_0 .net *"_ivl_6", 0 0, L_000001f949fa6de0;  1 drivers
v000001f949fa6e80_0 .net *"_ivl_60", 0 0, L_000001f949fa7240;  1 drivers
v000001f949fa7ce0_0 .net *"_ivl_62", 31 0, L_000001f94a00baf0;  1 drivers
v000001f949fa7d80_0 .net *"_ivl_64", 6 0, L_000001f94a00ab50;  1 drivers
L_000001f949fb1068 .functor BUFT 1, C4<00>, C4<0>, C4<0>, C4<0>;
v000001f949fa83c0_0 .net *"_ivl_67", 1 0, L_000001f949fb1068;  1 drivers
L_000001f949fb10b0 .functor BUFT 1, C4<00000000000000000000000000000000>, C4<0>, C4<0>, C4<0>;
v000001f949fa7740_0 .net/2u *"_ivl_68", 31 0, L_000001f949fb10b0;  1 drivers
v000001f949fa86e0_0 .net *"_ivl_74", 0 0, L_000001f94a00a5b0;  1 drivers
v000001f949fa8aa0_0 .net *"_ivl_8", 31 0, L_000001f949fa6f20;  1 drivers
o000001f949f5c608 .functor BUFZ 1, C4<z>; HiZ drive
v000001f949fa8b40_0 .net "clk", 0 0, o000001f949f5c608;  0 drivers
v000001f949fa6d40_0 .var/i "i", 31 0;
o000001f949f5c668 .functor BUFZ 5, C4<zzzzz>; HiZ drive
v000001f949fa7420_0 .net "ra1", 4 0, o000001f949f5c668;  0 drivers
o000001f949f5c698 .functor BUFZ 5, C4<zzzzz>; HiZ drive
v000001f949fa88c0_0 .net "ra1_2", 4 0, o000001f949f5c698;  0 drivers
o000001f949f5c6c8 .functor BUFZ 5, C4<zzzzz>; HiZ drive
v000001f949fa77e0_0 .net "ra2", 4 0, o000001f949f5c6c8;  0 drivers
o000001f949f5c6f8 .functor BUFZ 5, C4<zzzzz>; HiZ drive
v000001f949fa7560_0 .net "ra2_2", 4 0, o000001f949f5c6f8;  0 drivers
v000001f949fa8500_0 .net "rd1", 31 0, L_000001f949fa81e0;  1 drivers
v000001f949fa7880_0 .net "rd1_2", 31 0, L_000001f949fa7060;  1 drivers
v000001f949fa8640_0 .net "rd2", 31 0, L_000001f949fa7f60;  1 drivers
v000001f949fa8460_0 .net "rd2_2", 31 0, L_000001f94a00a790;  1 drivers
v000001f949fa8780 .array "rf", 0 31, 31 0;
o000001f949f5c7e8 .functor BUFZ 5, C4<zzzzz>; HiZ drive
v000001f949fa8960_0 .net "wa3", 4 0, o000001f949f5c7e8;  0 drivers
o000001f949f5c818 .functor BUFZ 5, C4<zzzzz>; HiZ drive
v000001f949fa7920_0 .net "wa3_2", 4 0, o000001f949f5c818;  0 drivers
o000001f949f5c848 .functor BUFZ 32, C4<zzzzzzzzzzzzzzzzzzzzzzzzzzzzzzzz>; HiZ drive
v000001f949fa79c0_0 .net "wd3", 31 0, o000001f949f5c848;  0 drivers
o000001f949f5c878 .functor BUFZ 32, C4<zzzzzzzzzzzzzzzzzzzzzzzzzzzzzzzz>; HiZ drive
v000001f949fa8a00_0 .net "wd3_2", 31 0, o000001f949f5c878;  0 drivers
o000001f949f5c8a8 .functor BUFZ 1, C4<z>; HiZ drive
v000001f949fa6ca0_0 .net "we3", 0 0, o000001f949f5c8a8;  0 drivers
o000001f949f5c8d8 .functor BUFZ 1, C4<z>; HiZ drive
v000001f949fa7b00_0 .net "we3_2", 0 0, o000001f949f5c8d8;  0 drivers
E_000001f949f4af70 .event anyedge, L_000001f94a00a5b0;
L_000001f949fa71a0 .concat [ 5 27 0 0], o000001f949f5c668, L_000001f949fb0c78;
L_000001f949fa6de0 .cmp/ne 32, L_000001f949fa71a0, L_000001f949fb0cc0;
L_000001f949fa6f20 .array/port v000001f949fa8780, L_000001f949fa6fc0;
L_000001f949fa6fc0 .concat [ 5 2 0 0], o000001f949f5c668, L_000001f949fb0d08;
L_000001f949fa81e0 .functor MUXZ 32, L_000001f949fb0d50, L_000001f949fa6f20, L_000001f949fa6de0, C4<>;
L_000001f949fa7a60 .concat [ 5 27 0 0], o000001f949f5c6c8, L_000001f949fb0d98;
L_000001f949fa7ba0 .cmp/ne 32, L_000001f949fa7a60, L_000001f949fb0de0;
L_000001f949fa7e20 .array/port v000001f949fa8780, L_000001f949fa7ec0;
L_000001f949fa7ec0 .concat [ 5 2 0 0], o000001f949f5c6c8, L_000001f949fb0e28;
L_000001f949fa7f60 .functor MUXZ 32, L_000001f949fb0e70, L_000001f949fa7e20, L_000001f949fa7ba0, C4<>;
L_000001f949fa8000 .concat [ 5 27 0 0], o000001f949f5c698, L_000001f949fb0eb8;
L_000001f949fa80a0 .cmp/ne 32, L_000001f949fa8000, L_000001f949fb0f00;
L_000001f949fa8140 .array/port v000001f949fa8780, L_000001f949fa8320;
L_000001f949fa8320 .concat [ 5 2 0 0], o000001f949f5c698, L_000001f949fb0f48;
L_000001f949fa7060 .functor MUXZ 32, L_000001f949fb0f90, L_000001f949fa8140, L_000001f949fa80a0, C4<>;
L_000001f949fa7100 .concat [ 5 27 0 0], o000001f949f5c6f8, L_000001f949fb0fd8;
L_000001f949fa7240 .cmp/ne 32, L_000001f949fa7100, L_000001f949fb1020;
L_000001f94a00baf0 .array/port v000001f949fa8780, L_000001f94a00ab50;
L_000001f94a00ab50 .concat [ 5 2 0 0], o000001f949f5c6f8, L_000001f949fb1068;
L_000001f94a00a790 .functor MUXZ 32, L_000001f949fb10b0, L_000001f94a00baf0, L_000001f949fa7240, C4<>;
L_000001f94a00a5b0 .reduce/nor o000001f949f5c608;
    .scope S_000001f949f22b10;
T_0 ;
    %pushi/vec4 0, 0, 32;
    %store/vec4 v000001f949fa6d40_0, 0, 32;
T_0.0 ;
    %load/vec4 v000001f949fa6d40_0;
    %cmpi/s 32, 0, 32;
    %jmp/0xz T_0.1, 5;
    %pushi/vec4 0, 0, 32;
    %ix/getv/s 3, v000001f949fa6d40_0;
    %ix/load 4, 0, 0; Constant delay
    %assign/vec4/a/d v000001f949fa8780, 0, 4;
    %load/vec4 v000001f949fa6d40_0;
    %addi 1, 0, 32;
    %store/vec4 v000001f949fa6d40_0, 0, 32;
    %jmp T_0.0;
T_0.1 ;
    %end;
    .thread T_0;
    .scope S_000001f949f22b10;
T_1 ;
    %wait E_000001f949f4af70;
    %load/vec4 v000001f949fa6ca0_0;
    %flag_set/vec4 8;
    %jmp/0xz  T_1.0, 8;
    %load/vec4 v000001f949fa79c0_0;
    %load/vec4 v000001f949fa8960_0;
    %pad/u 7;
    %ix/vec4 3;
    %ix/load 4, 0, 0; Constant delay
    %assign/vec4/a/d v000001f949fa8780, 0, 4;
T_1.0 ;
    %load/vec4 v000001f949fa7b00_0;
    %flag_set/vec4 8;
    %jmp/0xz  T_1.2, 8;
    %load/vec4 v000001f949fa8a00_0;
    %load/vec4 v000001f949fa7920_0;
    %pad/u 7;
    %ix/vec4 3;
    %ix/load 4, 0, 0; Constant delay
    %assign/vec4/a/d v000001f949fa8780, 0, 4;
T_1.2 ;
    %jmp T_1;
    .thread T_1, $push;
# The file index is used to find the file name in the following table.
:file_names 3;
    "N/A";
    "<interactive>";
    "./regfile.v";
