#! /c/Source/iverilog-install/bin/vvp
:ivl_version "12.0 (devel)" "(s20150603-1539-g2693dd32b)";
:ivl_delay_selection "TYPICAL";
:vpi_time_precision + 0;
:vpi_module "C:\iverilog\lib\ivl\system.vpi";
:vpi_module "C:\iverilog\lib\ivl\vhdl_sys.vpi";
:vpi_module "C:\iverilog\lib\ivl\vhdl_textio.vpi";
:vpi_module "C:\iverilog\lib\ivl\v2005_math.vpi";
:vpi_module "C:\iverilog\lib\ivl\va_math.vpi";
S_000002268ac3b900 .scope module, "execute" "execute" 2 7;
 .timescale 0 0;
    .port_info 0 /INPUT 1 "clk";
    .port_info 1 /INPUT 1 "signe";
    .port_info 2 /INPUT 1 "signe2";
    .port_info 3 /INPUT 5 "rse";
    .port_info 4 /INPUT 5 "rse2";
    .port_info 5 /INPUT 5 "rte";
    .port_info 6 /INPUT 5 "rte2";
    .port_info 7 /INPUT 5 "rde";
    .port_info 8 /INPUT 5 "rde2";
    .port_info 9 /INPUT 32 "signimme";
    .port_info 10 /INPUT 32 "signimme2";
    .port_info 11 /INPUT 32 "mux1after";
    .port_info 12 /INPUT 32 "mux1after2";
    .port_info 13 /INPUT 32 "mux2after";
    .port_info 14 /INPUT 32 "mux2after2";
    .port_info 15 /INPUT 32 "resultw";
    .port_info 16 /INPUT 32 "resultw2";
    .port_info 17 /INPUT 32 "aluoutm";
    .port_info 18 /INPUT 32 "aluoutm2";
    .port_info 19 /INPUT 3 "alucontrole";
    .port_info 20 /INPUT 3 "alucontrole2";
    .port_info 21 /INPUT 1 "alusrce";
    .port_info 22 /INPUT 1 "alusrce2";
    .port_info 23 /INPUT 1 "multsele";
    .port_info 24 /INPUT 1 "multsele2";
    .port_info 25 /INPUT 1 "regdste";
    .port_info 26 /INPUT 1 "regdste2";
    .port_info 27 /INPUT 3 "forwardae";
    .port_info 28 /INPUT 3 "forwardae2";
    .port_info 29 /INPUT 3 "forwardbe";
    .port_info 30 /INPUT 3 "forwardbe2";
    .port_info 31 /OUTPUT 5 "writerege";
    .port_info 32 /OUTPUT 5 "writerege2";
    .port_info 33 /OUTPUT 32 "solutione";
    .port_info 34 /OUTPUT 32 "solutione2";
    .port_info 35 /OUTPUT 32 "writedatae";
    .port_info 36 /OUTPUT 32 "writedatae2";
    .port_info 37 /OUTPUT 1 "multready";
    .port_info 38 /OUTPUT 1 "multready2";
v000002268accabb0_0 .net "LSB", 31 0, L_000002268acce840;  1 drivers
v000002268acc9a30_0 .net "LSB2", 31 0, L_000002268acceac0;  1 drivers
o000002268ac6e4d8 .functor BUFZ 3, C4<zzz>; HiZ drive
v000002268acca4d0_0 .net "alucontrole", 2 0, o000002268ac6e4d8;  0 drivers
o000002268ac6e718 .functor BUFZ 3, C4<zzz>; HiZ drive
v000002268acca610_0 .net "alucontrole2", 2 0, o000002268ac6e718;  0 drivers
v000002268accad90_0 .net "aluoute", 31 0, v000002268ac68790_0;  1 drivers
v000002268acc90d0_0 .net "aluoute2", 31 0, v000002268ac68970_0;  1 drivers
o000002268ac6f708 .functor BUFZ 32, C4<zzzzzzzzzzzzzzzzzzzzzzzzzzzzzzzz>; HiZ drive
v000002268acca9d0_0 .net "aluoutm", 31 0, o000002268ac6f708;  0 drivers
o000002268ac6f738 .functor BUFZ 32, C4<zzzzzzzzzzzzzzzzzzzzzzzzzzzzzzzz>; HiZ drive
v000002268acc8f90_0 .net "aluoutm2", 31 0, o000002268ac6f738;  0 drivers
o000002268ac6f168 .functor BUFZ 1, C4<z>; HiZ drive
v000002268acc9ad0_0 .net "alusrce", 0 0, o000002268ac6f168;  0 drivers
o000002268ac6f2b8 .functor BUFZ 1, C4<z>; HiZ drive
v000002268accaa70_0 .net "alusrce2", 0 0, o000002268ac6f2b8;  0 drivers
o000002268ac6e8f8 .functor BUFZ 1, C4<z>; HiZ drive
v000002268acca7f0_0 .net "clk", 0 0, o000002268ac6e8f8;  0 drivers
o000002268ac6f798 .functor BUFZ 3, C4<zzz>; HiZ drive
v000002268acca570_0 .net "forwardae", 2 0, o000002268ac6f798;  0 drivers
o000002268ac6f948 .functor BUFZ 3, C4<zzz>; HiZ drive
v000002268acc9710_0 .net "forwardae2", 2 0, o000002268ac6f948;  0 drivers
o000002268ac6fb28 .functor BUFZ 3, C4<zzz>; HiZ drive
v000002268acca890_0 .net "forwardbe", 2 0, o000002268ac6fb28;  0 drivers
o000002268ac6fcd8 .functor BUFZ 3, C4<zzz>; HiZ drive
v000002268accab10_0 .net "forwardbe2", 2 0, o000002268ac6fcd8;  0 drivers
v000002268acca110_0 .net "multready", 0 0, L_000002268acce980;  1 drivers
v000002268acc9b70_0 .net "multready2", 0 0, L_000002268accee80;  1 drivers
o000002268ac6e928 .functor BUFZ 1, C4<z>; HiZ drive
v000002268acca250_0 .net "multsele", 0 0, o000002268ac6e928;  0 drivers
o000002268ac6ebf8 .functor BUFZ 1, C4<z>; HiZ drive
v000002268acc8ef0_0 .net "multsele2", 0 0, o000002268ac6ebf8;  0 drivers
o000002268ac6f6a8 .functor BUFZ 32, C4<zzzzzzzzzzzzzzzzzzzzzzzzzzzzzzzz>; HiZ drive
v000002268acc9e90_0 .net "mux1after", 31 0, o000002268ac6f6a8;  0 drivers
o000002268ac6f918 .functor BUFZ 32, C4<zzzzzzzzzzzzzzzzzzzzzzzzzzzzzzzz>; HiZ drive
v000002268accac50_0 .net "mux1after2", 31 0, o000002268ac6f918;  0 drivers
o000002268ac6faf8 .functor BUFZ 32, C4<zzzzzzzzzzzzzzzzzzzzzzzzzzzzzzzz>; HiZ drive
v000002268accacf0_0 .net "mux2after", 31 0, o000002268ac6faf8;  0 drivers
o000002268ac6fca8 .functor BUFZ 32, C4<zzzzzzzzzzzzzzzzzzzzzzzzzzzzzzzz>; HiZ drive
v000002268acc9170_0 .net "mux2after2", 31 0, o000002268ac6fca8;  0 drivers
v000002268acc9210_0 .net "product", 63 0, v000002268ac68ab0_0;  1 drivers
v000002268acc9350_0 .net "product2", 63 0, v000002268acc5520_0;  1 drivers
o000002268ac6f3d8 .functor BUFZ 5, C4<zzzzz>; HiZ drive
v000002268acc9530_0 .net "rde", 4 0, o000002268ac6f3d8;  0 drivers
o000002268ac6f558 .functor BUFZ 5, C4<zzzzz>; HiZ drive
v000002268acc9490_0 .net "rde2", 4 0, o000002268ac6f558;  0 drivers
o000002268ac6f408 .functor BUFZ 1, C4<z>; HiZ drive
v000002268acc95d0_0 .net "regdste", 0 0, o000002268ac6f408;  0 drivers
o000002268ac6f588 .functor BUFZ 1, C4<z>; HiZ drive
v000002268acc9cb0_0 .net "regdste2", 0 0, o000002268ac6f588;  0 drivers
o000002268ac6f6d8 .functor BUFZ 32, C4<zzzzzzzzzzzzzzzzzzzzzzzzzzzzzzzz>; HiZ drive
v000002268acc9d50_0 .net "resultw", 31 0, o000002268ac6f6d8;  0 drivers
o000002268ac6f768 .functor BUFZ 32, C4<zzzzzzzzzzzzzzzzzzzzzzzzzzzzzzzz>; HiZ drive
v000002268acc9df0_0 .net "resultw2", 31 0, o000002268ac6f768;  0 drivers
o000002268ac6fe88 .functor BUFZ 5, C4<zzzzz>; HiZ drive
v000002268acc9f30_0 .net "rse", 4 0, o000002268ac6fe88;  0 drivers
o000002268ac6feb8 .functor BUFZ 5, C4<zzzzz>; HiZ drive
v000002268acca070_0 .net "rse2", 4 0, o000002268ac6feb8;  0 drivers
o000002268ac6f3a8 .functor BUFZ 5, C4<zzzzz>; HiZ drive
v000002268accd940_0 .net "rte", 4 0, o000002268ac6f3a8;  0 drivers
o000002268ac6f528 .functor BUFZ 5, C4<zzzzz>; HiZ drive
v000002268accd6c0_0 .net "rte2", 4 0, o000002268ac6f528;  0 drivers
o000002268ac6e508 .functor BUFZ 1, C4<z>; HiZ drive
v000002268acceb60_0 .net "signe", 0 0, o000002268ac6e508;  0 drivers
o000002268ac6e748 .functor BUFZ 1, C4<z>; HiZ drive
v000002268acce700_0 .net "signe2", 0 0, o000002268ac6e748;  0 drivers
o000002268ac6f138 .functor BUFZ 32, C4<zzzzzzzzzzzzzzzzzzzzzzzzzzzzzzzz>; HiZ drive
v000002268accea20_0 .net "signimme", 31 0, o000002268ac6f138;  0 drivers
o000002268ac6f288 .functor BUFZ 32, C4<zzzzzzzzzzzzzzzzzzzzzzzzzzzzzzzz>; HiZ drive
v000002268accdc60_0 .net "signimme2", 31 0, o000002268ac6f288;  0 drivers
v000002268acce0c0_0 .net "solutione", 31 0, L_000002268accec00;  1 drivers
v000002268acce2a0_0 .net "solutione2", 31 0, L_000002268acced40;  1 drivers
v000002268accd9e0_0 .net "srcae", 31 0, v000002268acc4760_0;  1 drivers
v000002268accd8a0_0 .net "srcae2", 31 0, v000002268acc9670_0;  1 drivers
v000002268acce020_0 .net "srcbe", 31 0, L_000002268accf1a0;  1 drivers
v000002268accdb20_0 .net "srcbe2", 31 0, L_000002268accd620;  1 drivers
v000002268acce340_0 .net "writedatae", 31 0, v000002268acc9fd0_0;  1 drivers
v000002268acce8e0_0 .net "writedatae2", 31 0, v000002268acc9990_0;  1 drivers
v000002268acce3e0_0 .net "writerege", 4 0, L_000002268accda80;  1 drivers
v000002268accd4e0_0 .net "writerege2", 4 0, L_000002268acceca0;  1 drivers
v000002268accef20_0 .net "zero", 0 0, v000002268ac69230_0;  1 drivers
v000002268acce480_0 .net "zero2", 0 0, v000002268ac68dd0_0;  1 drivers
L_000002268acce840 .part v000002268ac68ab0_0, 0, 32;
L_000002268acceac0 .part v000002268acc5520_0, 0, 32;
S_000002268ac260e0 .scope module, "alu" "alu" 2 30, 3 1 0, S_000002268ac3b900;
 .timescale 0 0;
    .port_info 0 /INPUT 32 "a";
    .port_info 1 /INPUT 32 "b";
    .port_info 2 /INPUT 1 "sign";
    .port_info 3 /INPUT 3 "f";
    .port_info 4 /OUTPUT 32 "y";
    .port_info 5 /OUTPUT 1 "zero";
v000002268ac69050_0 .net "a", 31 0, v000002268acc4760_0;  alias, 1 drivers
v000002268ac690f0_0 .net "b", 31 0, L_000002268accf1a0;  alias, 1 drivers
v000002268ac69190_0 .net "f", 2 0, o000002268ac6e4d8;  alias, 0 drivers
v000002268ac68bf0_0 .net "sign", 0 0, o000002268ac6e508;  alias, 0 drivers
v000002268ac68790_0 .var "y", 31 0;
v000002268ac69230_0 .var "zero", 0 0;
E_000002268ac63ce0/0 .event anyedge, v000002268ac68bf0_0, v000002268ac69190_0, v000002268ac69050_0, v000002268ac690f0_0;
E_000002268ac63ce0/1 .event anyedge, v000002268ac68790_0;
E_000002268ac63ce0 .event/or E_000002268ac63ce0/0, E_000002268ac63ce0/1;
S_000002268ac26270 .scope module, "alu2" "alu" 2 38, 3 1 0, S_000002268ac3b900;
 .timescale 0 0;
    .port_info 0 /INPUT 32 "a";
    .port_info 1 /INPUT 32 "b";
    .port_info 2 /INPUT 1 "sign";
    .port_info 3 /INPUT 3 "f";
    .port_info 4 /OUTPUT 32 "y";
    .port_info 5 /OUTPUT 1 "zero";
v000002268ac68e70_0 .net "a", 31 0, v000002268acc9670_0;  alias, 1 drivers
v000002268ac68c90_0 .net "b", 31 0, L_000002268accd620;  alias, 1 drivers
v000002268ac68f10_0 .net "f", 2 0, o000002268ac6e718;  alias, 0 drivers
v000002268ac692d0_0 .net "sign", 0 0, o000002268ac6e748;  alias, 0 drivers
v000002268ac68970_0 .var "y", 31 0;
v000002268ac68dd0_0 .var "zero", 0 0;
E_000002268ac651a0/0 .event anyedge, v000002268ac692d0_0, v000002268ac68f10_0, v000002268ac68e70_0, v000002268ac68c90_0;
E_000002268ac651a0/1 .event anyedge, v000002268ac68970_0;
E_000002268ac651a0 .event/or E_000002268ac651a0/0, E_000002268ac651a0/1;
S_000002268ac32390 .scope module, "mult" "multiplier" 2 31, 4 1 0, S_000002268ac3b900;
 .timescale 0 0;
    .port_info 0 /INPUT 1 "clk";
    .port_info 1 /INPUT 1 "sign";
    .port_info 2 /INPUT 1 "enable";
    .port_info 3 /INPUT 32 "multi_1";
    .port_info 4 /INPUT 32 "multi_2";
    .port_info 5 /OUTPUT 64 "product";
    .port_info 6 /OUTPUT 1 "multready";
v000002268ac68b50_0 .net "clk", 0 0, o000002268ac6e8f8;  alias, 0 drivers
v000002268ac68d30_0 .net "enable", 0 0, o000002268ac6e928;  alias, 0 drivers
v000002268ac686f0_0 .var "i", 6 0;
v000002268ac683d0_0 .net "multi_1", 31 0, v000002268acc4760_0;  alias, 1 drivers
v000002268ac68510_0 .var "multi_1_copy", 31 0;
v000002268ac685b0_0 .net "multi_2", 31 0, L_000002268accf1a0;  alias, 1 drivers
v000002268ac68650_0 .var "multi_2_copy", 63 0;
v000002268ac68830_0 .net "multready", 0 0, L_000002268acce980;  alias, 1 drivers
v000002268ac68a10_0 .var "neg_output", 0 0;
v000002268ac68ab0_0 .var "product", 63 0;
v000002268ac688d0_0 .var "product_temp", 63 0;
v000002268acc5480_0 .net "sign", 0 0, o000002268ac6e508;  alias, 0 drivers
E_000002268ac64a60 .event posedge, v000002268ac68b50_0;
L_000002268acce980 .reduce/nor v000002268ac686f0_0;
S_000002268ac32520 .scope module, "mult2" "multiplier" 2 39, 4 1 0, S_000002268ac3b900;
 .timescale 0 0;
    .port_info 0 /INPUT 1 "clk";
    .port_info 1 /INPUT 1 "sign";
    .port_info 2 /INPUT 1 "enable";
    .port_info 3 /INPUT 32 "multi_1";
    .port_info 4 /INPUT 32 "multi_2";
    .port_info 5 /OUTPUT 64 "product";
    .port_info 6 /OUTPUT 1 "multready";
v000002268acc5700_0 .net "clk", 0 0, o000002268ac6e8f8;  alias, 0 drivers
v000002268acc57a0_0 .net "enable", 0 0, o000002268ac6ebf8;  alias, 0 drivers
v000002268acc4b20_0 .var "i", 6 0;
v000002268acc44e0_0 .net "multi_1", 31 0, v000002268acc9670_0;  alias, 1 drivers
v000002268acc4da0_0 .var "multi_1_copy", 31 0;
v000002268acc41c0_0 .net "multi_2", 31 0, L_000002268accd620;  alias, 1 drivers
v000002268acc4800_0 .var "multi_2_copy", 63 0;
v000002268acc5020_0 .net "multready", 0 0, L_000002268accee80;  alias, 1 drivers
v000002268acc5a20_0 .var "neg_output", 0 0;
v000002268acc5520_0 .var "product", 63 0;
v000002268acc4120_0 .var "product_temp", 63 0;
v000002268acc4d00_0 .net "sign", 0 0, o000002268ac6e748;  alias, 0 drivers
L_000002268accee80 .reduce/nor v000002268acc4b20_0;
S_000002268ac40640 .scope module, "multalu" "mux2" 2 32, 5 1 0, S_000002268ac3b900;
 .timescale 0 0;
    .port_info 0 /INPUT 32 "d0";
    .port_info 1 /INPUT 32 "d1";
    .port_info 2 /INPUT 1 "s";
    .port_info 3 /OUTPUT 32 "y";
P_000002268ac638e0 .param/l "WIDTH" 0 5 1, +C4<00000000000000000000000000100000>;
v000002268acc5d40_0 .net "d0", 31 0, v000002268ac68790_0;  alias, 1 drivers
v000002268acc5660_0 .net "d1", 31 0, L_000002268acce840;  alias, 1 drivers
v000002268acc49e0_0 .net "s", 0 0, o000002268ac6e928;  alias, 0 drivers
v000002268acc5200_0 .net "y", 31 0, L_000002268accec00;  alias, 1 drivers
L_000002268accec00 .functor MUXZ 32, v000002268ac68790_0, L_000002268acce840, o000002268ac6e928, C4<>;
S_000002268ac407d0 .scope module, "multalu2" "mux2" 2 40, 5 1 0, S_000002268ac3b900;
 .timescale 0 0;
    .port_info 0 /INPUT 32 "d0";
    .port_info 1 /INPUT 32 "d1";
    .port_info 2 /INPUT 1 "s";
    .port_info 3 /OUTPUT 32 "y";
P_000002268ac649e0 .param/l "WIDTH" 0 5 1, +C4<00000000000000000000000000100000>;
v000002268acc5160_0 .net "d0", 31 0, v000002268ac68970_0;  alias, 1 drivers
v000002268acc48a0_0 .net "d1", 31 0, L_000002268acceac0;  alias, 1 drivers
v000002268acc4e40_0 .net "s", 0 0, o000002268ac6ebf8;  alias, 0 drivers
v000002268acc4580_0 .net "y", 31 0, L_000002268acced40;  alias, 1 drivers
L_000002268acced40 .functor MUXZ 32, v000002268ac68970_0, L_000002268acceac0, o000002268ac6ebf8, C4<>;
S_000002268abde340 .scope module, "mux2alu" "mux2" 2 29, 5 1 0, S_000002268ac3b900;
 .timescale 0 0;
    .port_info 0 /INPUT 32 "d0";
    .port_info 1 /INPUT 32 "d1";
    .port_info 2 /INPUT 1 "s";
    .port_info 3 /OUTPUT 32 "y";
P_000002268ac652a0 .param/l "WIDTH" 0 5 1, +C4<00000000000000000000000000100000>;
v000002268acc55c0_0 .net "d0", 31 0, v000002268acc9fd0_0;  alias, 1 drivers
v000002268acc5f20_0 .net "d1", 31 0, o000002268ac6f138;  alias, 0 drivers
v000002268acc5840_0 .net "s", 0 0, o000002268ac6f168;  alias, 0 drivers
v000002268acc4940_0 .net "y", 31 0, L_000002268accf1a0;  alias, 1 drivers
L_000002268accf1a0 .functor MUXZ 32, v000002268acc9fd0_0, o000002268ac6f138, o000002268ac6f168, C4<>;
S_000002268abde4d0 .scope module, "mux2alu2" "mux2" 2 37, 5 1 0, S_000002268ac3b900;
 .timescale 0 0;
    .port_info 0 /INPUT 32 "d0";
    .port_info 1 /INPUT 32 "d1";
    .port_info 2 /INPUT 1 "s";
    .port_info 3 /OUTPUT 32 "y";
P_000002268ac64360 .param/l "WIDTH" 0 5 1, +C4<00000000000000000000000000100000>;
v000002268acc58e0_0 .net "d0", 31 0, v000002268acc9990_0;  alias, 1 drivers
v000002268acc4620_0 .net "d1", 31 0, o000002268ac6f288;  alias, 0 drivers
v000002268acc5b60_0 .net "s", 0 0, o000002268ac6f2b8;  alias, 0 drivers
v000002268acc5980_0 .net "y", 31 0, L_000002268accd620;  alias, 1 drivers
L_000002268accd620 .functor MUXZ 32, v000002268acc9990_0, o000002268ac6f288, o000002268ac6f2b8, C4<>;
S_000002268acc6850 .scope module, "mux2execute" "mux2" 2 26, 5 1 0, S_000002268ac3b900;
 .timescale 0 0;
    .port_info 0 /INPUT 5 "d0";
    .port_info 1 /INPUT 5 "d1";
    .port_info 2 /INPUT 1 "s";
    .port_info 3 /OUTPUT 5 "y";
P_000002268ac64be0 .param/l "WIDTH" 0 5 1, +C4<00000000000000000000000000000101>;
v000002268acc4260_0 .net "d0", 4 0, o000002268ac6f3a8;  alias, 0 drivers
v000002268acc4ee0_0 .net "d1", 4 0, o000002268ac6f3d8;  alias, 0 drivers
v000002268acc50c0_0 .net "s", 0 0, o000002268ac6f408;  alias, 0 drivers
v000002268acc52a0_0 .net "y", 4 0, L_000002268accda80;  alias, 1 drivers
L_000002268accda80 .functor MUXZ 5, o000002268ac6f3a8, o000002268ac6f3d8, o000002268ac6f408, C4<>;
S_000002268acc69e0 .scope module, "mux2execute2" "mux2" 2 34, 5 1 0, S_000002268ac3b900;
 .timescale 0 0;
    .port_info 0 /INPUT 5 "d0";
    .port_info 1 /INPUT 5 "d1";
    .port_info 2 /INPUT 1 "s";
    .port_info 3 /OUTPUT 5 "y";
P_000002268ac64d20 .param/l "WIDTH" 0 5 1, +C4<00000000000000000000000000000101>;
v000002268acc4080_0 .net "d0", 4 0, o000002268ac6f528;  alias, 0 drivers
v000002268acc4440_0 .net "d1", 4 0, o000002268ac6f558;  alias, 0 drivers
v000002268acc4a80_0 .net "s", 0 0, o000002268ac6f588;  alias, 0 drivers
v000002268acc46c0_0 .net "y", 4 0, L_000002268acceca0;  alias, 1 drivers
L_000002268acceca0 .functor MUXZ 5, o000002268ac6f528, o000002268ac6f558, o000002268ac6f588, C4<>;
S_000002268acc8b80 .scope module, "mux3alu1" "mux5" 2 27, 6 1 0, S_000002268ac3b900;
 .timescale 0 0;
    .port_info 0 /INPUT 32 "d0";
    .port_info 1 /INPUT 32 "d1";
    .port_info 2 /INPUT 32 "d2";
    .port_info 3 /INPUT 32 "d3";
    .port_info 4 /INPUT 32 "d4";
    .port_info 5 /INPUT 3 "s";
    .port_info 6 /OUTPUT 32 "y";
P_000002268ac64c20 .param/l "WIDTH" 0 6 1, +C4<00000000000000000000000000100000>;
v000002268acc4f80_0 .net "d0", 31 0, o000002268ac6f6a8;  alias, 0 drivers
v000002268acc5ac0_0 .net "d1", 31 0, o000002268ac6f6d8;  alias, 0 drivers
v000002268acc5c00_0 .net "d2", 31 0, o000002268ac6f708;  alias, 0 drivers
v000002268acc5340_0 .net "d3", 31 0, o000002268ac6f738;  alias, 0 drivers
v000002268acc4300_0 .net "d4", 31 0, o000002268ac6f768;  alias, 0 drivers
v000002268acc43a0_0 .net "s", 2 0, o000002268ac6f798;  alias, 0 drivers
v000002268acc4760_0 .var "y", 31 0;
E_000002268ac65860/0 .event anyedge, v000002268acc43a0_0, v000002268acc4f80_0, v000002268acc5ac0_0, v000002268acc5c00_0;
E_000002268ac65860/1 .event anyedge, v000002268acc5340_0, v000002268acc4300_0;
E_000002268ac65860 .event/or E_000002268ac65860/0, E_000002268ac65860/1;
S_000002268acc8d10 .scope module, "mux3alu1_2" "mux6" 2 35, 7 1 0, S_000002268ac3b900;
 .timescale 0 0;
    .port_info 0 /INPUT 32 "d0";
    .port_info 1 /INPUT 32 "d1";
    .port_info 2 /INPUT 32 "d2";
    .port_info 3 /INPUT 32 "d3";
    .port_info 4 /INPUT 32 "d4";
    .port_info 5 /INPUT 32 "d5";
    .port_info 6 /INPUT 3 "s";
    .port_info 7 /OUTPUT 32 "y";
P_000002268ac660e0 .param/l "WIDTH" 0 7 1, +C4<00000000000000000000000000100000>;
v000002268acc5de0_0 .net "d0", 31 0, o000002268ac6f918;  alias, 0 drivers
v000002268acc5ca0_0 .net "d1", 31 0, o000002268ac6f768;  alias, 0 drivers
v000002268acc5e80_0 .net "d2", 31 0, o000002268ac6f738;  alias, 0 drivers
v000002268acc53e0_0 .net "d3", 31 0, L_000002268accec00;  alias, 1 drivers
v000002268acc4bc0_0 .net "d4", 31 0, o000002268ac6f708;  alias, 0 drivers
v000002268acc4c60_0 .net "d5", 31 0, o000002268ac6f6d8;  alias, 0 drivers
v000002268acca1b0_0 .net "s", 2 0, o000002268ac6f948;  alias, 0 drivers
v000002268acc9670_0 .var "y", 31 0;
E_000002268ac661a0/0 .event anyedge, v000002268acca1b0_0, v000002268acc5de0_0, v000002268acc4300_0, v000002268acc5340_0;
E_000002268ac661a0/1 .event anyedge, v000002268acc5200_0, v000002268acc5c00_0, v000002268acc5ac0_0;
E_000002268ac661a0 .event/or E_000002268ac661a0/0, E_000002268ac661a0/1;
S_000002268accaeb0 .scope module, "mux3alu2" "mux5" 2 28, 6 1 0, S_000002268ac3b900;
 .timescale 0 0;
    .port_info 0 /INPUT 32 "d0";
    .port_info 1 /INPUT 32 "d1";
    .port_info 2 /INPUT 32 "d2";
    .port_info 3 /INPUT 32 "d3";
    .port_info 4 /INPUT 32 "d4";
    .port_info 5 /INPUT 3 "s";
    .port_info 6 /OUTPUT 32 "y";
P_000002268ac65560 .param/l "WIDTH" 0 6 1, +C4<00000000000000000000000000100000>;
v000002268acca390_0 .net "d0", 31 0, o000002268ac6faf8;  alias, 0 drivers
v000002268acc97b0_0 .net "d1", 31 0, o000002268ac6f6d8;  alias, 0 drivers
v000002268acc92b0_0 .net "d2", 31 0, o000002268ac6f708;  alias, 0 drivers
v000002268acca930_0 .net "d3", 31 0, o000002268ac6f738;  alias, 0 drivers
v000002268acc9c10_0 .net "d4", 31 0, o000002268ac6f768;  alias, 0 drivers
v000002268acc9850_0 .net "s", 2 0, o000002268ac6fb28;  alias, 0 drivers
v000002268acc9fd0_0 .var "y", 31 0;
E_000002268ac65760/0 .event anyedge, v000002268acc9850_0, v000002268acca390_0, v000002268acc5ac0_0, v000002268acc5c00_0;
E_000002268ac65760/1 .event anyedge, v000002268acc5340_0, v000002268acc4300_0;
E_000002268ac65760 .event/or E_000002268ac65760/0, E_000002268ac65760/1;
S_000002268accd050 .scope module, "mux3alu2_2" "mux6" 2 36, 7 1 0, S_000002268ac3b900;
 .timescale 0 0;
    .port_info 0 /INPUT 32 "d0";
    .port_info 1 /INPUT 32 "d1";
    .port_info 2 /INPUT 32 "d2";
    .port_info 3 /INPUT 32 "d3";
    .port_info 4 /INPUT 32 "d4";
    .port_info 5 /INPUT 32 "d5";
    .port_info 6 /INPUT 3 "s";
    .port_info 7 /OUTPUT 32 "y";
P_000002268ac65e60 .param/l "WIDTH" 0 7 1, +C4<00000000000000000000000000100000>;
v000002268acca750_0 .net "d0", 31 0, o000002268ac6fca8;  alias, 0 drivers
v000002268acca430_0 .net "d1", 31 0, o000002268ac6f768;  alias, 0 drivers
v000002268acca6b0_0 .net "d2", 31 0, o000002268ac6f738;  alias, 0 drivers
v000002268acc98f0_0 .net "d3", 31 0, L_000002268accec00;  alias, 1 drivers
v000002268acc93f0_0 .net "d4", 31 0, o000002268ac6f708;  alias, 0 drivers
v000002268acc9030_0 .net "d5", 31 0, o000002268ac6f6d8;  alias, 0 drivers
v000002268acca2f0_0 .net "s", 2 0, o000002268ac6fcd8;  alias, 0 drivers
v000002268acc9990_0 .var "y", 31 0;
E_000002268ac66060/0 .event anyedge, v000002268acca2f0_0, v000002268acca750_0, v000002268acc4300_0, v000002268acc5340_0;
E_000002268ac66060/1 .event anyedge, v000002268acc5200_0, v000002268acc5c00_0, v000002268acc5ac0_0;
E_000002268ac66060 .event/or E_000002268ac66060/0, E_000002268ac66060/1;
    .scope S_000002268acc8b80;
T_0 ;
    %wait E_000002268ac65860;
    %load/vec4 v000002268acc43a0_0;
    %dup/vec4;
    %pushi/vec4 0, 0, 3;
    %cmp/u;
    %jmp/1 T_0.0, 6;
    %dup/vec4;
    %pushi/vec4 1, 0, 3;
    %cmp/u;
    %jmp/1 T_0.1, 6;
    %dup/vec4;
    %pushi/vec4 2, 0, 3;
    %cmp/u;
    %jmp/1 T_0.2, 6;
    %dup/vec4;
    %pushi/vec4 3, 0, 3;
    %cmp/u;
    %jmp/1 T_0.3, 6;
    %dup/vec4;
    %pushi/vec4 4, 0, 3;
    %cmp/u;
    %jmp/1 T_0.4, 6;
    %jmp T_0.5;
T_0.0 ;
    %load/vec4 v000002268acc4f80_0;
    %assign/vec4 v000002268acc4760_0, 0;
    %jmp T_0.5;
T_0.1 ;
    %load/vec4 v000002268acc5ac0_0;
    %assign/vec4 v000002268acc4760_0, 0;
    %jmp T_0.5;
T_0.2 ;
    %load/vec4 v000002268acc5c00_0;
    %assign/vec4 v000002268acc4760_0, 0;
    %jmp T_0.5;
T_0.3 ;
    %load/vec4 v000002268acc5340_0;
    %assign/vec4 v000002268acc4760_0, 0;
    %jmp T_0.5;
T_0.4 ;
    %load/vec4 v000002268acc4300_0;
    %assign/vec4 v000002268acc4760_0, 0;
    %jmp T_0.5;
T_0.5 ;
    %pop/vec4 1;
    %jmp T_0;
    .thread T_0, $push;
    .scope S_000002268accaeb0;
T_1 ;
    %wait E_000002268ac65760;
    %load/vec4 v000002268acc9850_0;
    %dup/vec4;
    %pushi/vec4 0, 0, 3;
    %cmp/u;
    %jmp/1 T_1.0, 6;
    %dup/vec4;
    %pushi/vec4 1, 0, 3;
    %cmp/u;
    %jmp/1 T_1.1, 6;
    %dup/vec4;
    %pushi/vec4 2, 0, 3;
    %cmp/u;
    %jmp/1 T_1.2, 6;
    %dup/vec4;
    %pushi/vec4 3, 0, 3;
    %cmp/u;
    %jmp/1 T_1.3, 6;
    %dup/vec4;
    %pushi/vec4 4, 0, 3;
    %cmp/u;
    %jmp/1 T_1.4, 6;
    %jmp T_1.5;
T_1.0 ;
    %load/vec4 v000002268acca390_0;
    %assign/vec4 v000002268acc9fd0_0, 0;
    %jmp T_1.5;
T_1.1 ;
    %load/vec4 v000002268acc97b0_0;
    %assign/vec4 v000002268acc9fd0_0, 0;
    %jmp T_1.5;
T_1.2 ;
    %load/vec4 v000002268acc92b0_0;
    %assign/vec4 v000002268acc9fd0_0, 0;
    %jmp T_1.5;
T_1.3 ;
    %load/vec4 v000002268acca930_0;
    %assign/vec4 v000002268acc9fd0_0, 0;
    %jmp T_1.5;
T_1.4 ;
    %load/vec4 v000002268acc9c10_0;
    %assign/vec4 v000002268acc9fd0_0, 0;
    %jmp T_1.5;
T_1.5 ;
    %pop/vec4 1;
    %jmp T_1;
    .thread T_1, $push;
    .scope S_000002268ac260e0;
T_2 ;
    %wait E_000002268ac63ce0;
    %load/vec4 v000002268ac68bf0_0;
    %flag_set/vec4 8;
    %jmp/0xz  T_2.0, 8;
    %load/vec4 v000002268ac69190_0;
    %dup/vec4;
    %pushi/vec4 0, 0, 3;
    %cmp/u;
    %jmp/1 T_2.2, 6;
    %dup/vec4;
    %pushi/vec4 1, 0, 3;
    %cmp/u;
    %jmp/1 T_2.3, 6;
    %dup/vec4;
    %pushi/vec4 2, 0, 3;
    %cmp/u;
    %jmp/1 T_2.4, 6;
    %dup/vec4;
    %pushi/vec4 3, 0, 3;
    %cmp/u;
    %jmp/1 T_2.5, 6;
    %dup/vec4;
    %pushi/vec4 4, 0, 3;
    %cmp/u;
    %jmp/1 T_2.6, 6;
    %dup/vec4;
    %pushi/vec4 5, 0, 3;
    %cmp/u;
    %jmp/1 T_2.7, 6;
    %dup/vec4;
    %pushi/vec4 6, 0, 3;
    %cmp/u;
    %jmp/1 T_2.8, 6;
    %dup/vec4;
    %pushi/vec4 7, 0, 3;
    %cmp/u;
    %jmp/1 T_2.9, 6;
    %pushi/vec4 0, 0, 32;
    %assign/vec4 v000002268ac68790_0, 0;
    %jmp T_2.11;
T_2.2 ;
    %load/vec4 v000002268ac69050_0;
    %load/vec4 v000002268ac690f0_0;
    %and;
    %assign/vec4 v000002268ac68790_0, 0;
    %jmp T_2.11;
T_2.3 ;
    %load/vec4 v000002268ac69050_0;
    %load/vec4 v000002268ac690f0_0;
    %or;
    %assign/vec4 v000002268ac68790_0, 0;
    %jmp T_2.11;
T_2.4 ;
    %load/vec4 v000002268ac69050_0;
    %load/vec4 v000002268ac690f0_0;
    %add;
    %assign/vec4 v000002268ac68790_0, 0;
    %jmp T_2.11;
T_2.5 ;
    %load/vec4 v000002268ac69050_0;
    %load/vec4 v000002268ac690f0_0;
    %xor;
    %assign/vec4 v000002268ac68790_0, 0;
    %jmp T_2.11;
T_2.6 ;
    %load/vec4 v000002268ac69050_0;
    %load/vec4 v000002268ac690f0_0;
    %inv;
    %and;
    %assign/vec4 v000002268ac68790_0, 0;
    %jmp T_2.11;
T_2.7 ;
    %load/vec4 v000002268ac69050_0;
    %load/vec4 v000002268ac690f0_0;
    %inv;
    %or;
    %assign/vec4 v000002268ac68790_0, 0;
    %jmp T_2.11;
T_2.8 ;
    %load/vec4 v000002268ac69050_0;
    %load/vec4 v000002268ac690f0_0;
    %inv;
    %add;
    %addi 1, 0, 32;
    %assign/vec4 v000002268ac68790_0, 0;
    %jmp T_2.11;
T_2.9 ;
    %load/vec4 v000002268ac69050_0;
    %load/vec4 v000002268ac690f0_0;
    %cmp/s;
    %flag_mov 8, 5;
    %jmp/0 T_2.12, 8;
    %pushi/vec4 1, 0, 32;
    %jmp/1 T_2.13, 8;
T_2.12 ; End of true expr.
    %pushi/vec4 0, 0, 32;
    %jmp/0 T_2.13, 8;
 ; End of false expr.
    %blend;
T_2.13;
    %assign/vec4 v000002268ac68790_0, 0;
    %jmp T_2.11;
T_2.11 ;
    %pop/vec4 1;
    %jmp T_2.1;
T_2.0 ;
    %load/vec4 v000002268ac69190_0;
    %dup/vec4;
    %pushi/vec4 0, 0, 3;
    %cmp/u;
    %jmp/1 T_2.14, 6;
    %dup/vec4;
    %pushi/vec4 1, 0, 3;
    %cmp/u;
    %jmp/1 T_2.15, 6;
    %dup/vec4;
    %pushi/vec4 2, 0, 3;
    %cmp/u;
    %jmp/1 T_2.16, 6;
    %dup/vec4;
    %pushi/vec4 3, 0, 3;
    %cmp/u;
    %jmp/1 T_2.17, 6;
    %dup/vec4;
    %pushi/vec4 4, 0, 3;
    %cmp/u;
    %jmp/1 T_2.18, 6;
    %dup/vec4;
    %pushi/vec4 5, 0, 3;
    %cmp/u;
    %jmp/1 T_2.19, 6;
    %dup/vec4;
    %pushi/vec4 6, 0, 3;
    %cmp/u;
    %jmp/1 T_2.20, 6;
    %dup/vec4;
    %pushi/vec4 7, 0, 3;
    %cmp/u;
    %jmp/1 T_2.21, 6;
    %pushi/vec4 0, 0, 32;
    %assign/vec4 v000002268ac68790_0, 0;
    %jmp T_2.23;
T_2.14 ;
    %load/vec4 v000002268ac69050_0;
    %load/vec4 v000002268ac690f0_0;
    %and;
    %assign/vec4 v000002268ac68790_0, 0;
    %jmp T_2.23;
T_2.15 ;
    %load/vec4 v000002268ac69050_0;
    %load/vec4 v000002268ac690f0_0;
    %or;
    %assign/vec4 v000002268ac68790_0, 0;
    %jmp T_2.23;
T_2.16 ;
    %load/vec4 v000002268ac69050_0;
    %load/vec4 v000002268ac690f0_0;
    %add;
    %assign/vec4 v000002268ac68790_0, 0;
    %jmp T_2.23;
T_2.17 ;
    %load/vec4 v000002268ac69050_0;
    %load/vec4 v000002268ac690f0_0;
    %xor;
    %assign/vec4 v000002268ac68790_0, 0;
    %jmp T_2.23;
T_2.18 ;
    %load/vec4 v000002268ac69050_0;
    %load/vec4 v000002268ac690f0_0;
    %inv;
    %and;
    %assign/vec4 v000002268ac68790_0, 0;
    %jmp T_2.23;
T_2.19 ;
    %load/vec4 v000002268ac69050_0;
    %load/vec4 v000002268ac690f0_0;
    %inv;
    %or;
    %assign/vec4 v000002268ac68790_0, 0;
    %jmp T_2.23;
T_2.20 ;
    %load/vec4 v000002268ac69050_0;
    %load/vec4 v000002268ac690f0_0;
    %inv;
    %add;
    %addi 1, 0, 32;
    %assign/vec4 v000002268ac68790_0, 0;
    %jmp T_2.23;
T_2.21 ;
    %load/vec4 v000002268ac69050_0;
    %load/vec4 v000002268ac690f0_0;
    %cmp/u;
    %flag_mov 8, 5;
    %jmp/0 T_2.24, 8;
    %pushi/vec4 1, 0, 32;
    %jmp/1 T_2.25, 8;
T_2.24 ; End of true expr.
    %pushi/vec4 0, 0, 32;
    %jmp/0 T_2.25, 8;
 ; End of false expr.
    %blend;
T_2.25;
    %assign/vec4 v000002268ac68790_0, 0;
    %jmp T_2.23;
T_2.23 ;
    %pop/vec4 1;
T_2.1 ;
    %load/vec4 v000002268ac68790_0;
    %cmpi/e 0, 0, 32;
    %flag_mov 8, 4;
    %jmp/0 T_2.26, 8;
    %pushi/vec4 1, 0, 2;
    %jmp/1 T_2.27, 8;
T_2.26 ; End of true expr.
    %pushi/vec4 0, 0, 2;
    %jmp/0 T_2.27, 8;
 ; End of false expr.
    %blend;
T_2.27;
    %pad/s 1;
    %assign/vec4 v000002268ac69230_0, 0;
    %jmp T_2;
    .thread T_2, $push;
    .scope S_000002268ac32390;
T_3 ;
    %pushi/vec4 0, 0, 64;
    %store/vec4 v000002268ac68ab0_0, 0, 64;
    %pushi/vec4 0, 0, 64;
    %store/vec4 v000002268ac688d0_0, 0, 64;
    %pushi/vec4 0, 0, 32;
    %store/vec4 v000002268ac68510_0, 0, 32;
    %pushi/vec4 0, 0, 64;
    %store/vec4 v000002268ac68650_0, 0, 64;
    %pushi/vec4 0, 0, 1;
    %store/vec4 v000002268ac68a10_0, 0, 1;
    %pushi/vec4 32, 0, 7;
    %store/vec4 v000002268ac686f0_0, 0, 7;
    %end;
    .thread T_3;
    .scope S_000002268ac32390;
T_4 ;
    %wait E_000002268ac64a60;
    %load/vec4 v000002268ac68d30_0;
    %load/vec4 v000002268ac686f0_0;
    %pushi/vec4 32, 0, 7;
    %cmp/e;
    %flag_get/vec4 4;
    %and;
    %flag_set/vec4 8;
    %jmp/0xz  T_4.0, 8;
    %load/vec4 v000002268acc5480_0;
    %flag_set/vec4 9;
    %flag_get/vec4 9;
    %jmp/0 T_4.4, 9;
    %load/vec4 v000002268ac685b0_0;
    %parti/s 1, 31, 6;
    %and;
T_4.4;
    %flag_set/vec4 8;
    %jmp/0 T_4.2, 8;
    %pushi/vec4 0, 0, 32;
    %load/vec4 v000002268ac685b0_0;
    %inv;
    %addi 1, 0, 32;
    %concat/vec4; draw_concat_vec4
    %jmp/1 T_4.3, 8;
T_4.2 ; End of true expr.
    %pushi/vec4 0, 0, 32;
    %load/vec4 v000002268ac685b0_0;
    %concat/vec4; draw_concat_vec4
    %jmp/0 T_4.3, 8;
 ; End of false expr.
    %blend;
T_4.3;
    %assign/vec4 v000002268ac68650_0, 0;
    %load/vec4 v000002268acc5480_0;
    %flag_set/vec4 9;
    %flag_get/vec4 9;
    %jmp/0 T_4.7, 9;
    %load/vec4 v000002268ac683d0_0;
    %parti/s 1, 31, 6;
    %and;
T_4.7;
    %flag_set/vec4 8;
    %jmp/0 T_4.5, 8;
    %load/vec4 v000002268ac683d0_0;
    %inv;
    %addi 1, 0, 32;
    %jmp/1 T_4.6, 8;
T_4.5 ; End of true expr.
    %load/vec4 v000002268ac683d0_0;
    %jmp/0 T_4.6, 8;
 ; End of false expr.
    %blend;
T_4.6;
    %assign/vec4 v000002268ac68510_0, 0;
    %load/vec4 v000002268acc5480_0;
    %flag_set/vec4 8;
    %flag_get/vec4 8;
    %jmp/0 T_4.8, 8;
    %load/vec4 v000002268ac683d0_0;
    %parti/s 1, 31, 6;
    %flag_set/vec4 9;
    %flag_get/vec4 9;
    %jmp/0 T_4.10, 9;
    %load/vec4 v000002268ac685b0_0;
    %parti/s 1, 31, 6;
    %inv;
    %and;
T_4.10;
    %flag_set/vec4 8;
    %flag_get/vec4 8;
    %jmp/1 T_4.9, 8;
    %load/vec4 v000002268ac683d0_0;
    %parti/s 1, 31, 6;
    %inv;
    %flag_set/vec4 8;
    %flag_get/vec4 8;
    %jmp/0 T_4.11, 8;
    %load/vec4 v000002268ac685b0_0;
    %parti/s 1, 31, 6;
    %and;
T_4.11;
    %or;
T_4.9;
    %and;
T_4.8;
    %assign/vec4 v000002268ac68a10_0, 0;
    %load/vec4 v000002268ac686f0_0;
    %subi 1, 0, 7;
    %assign/vec4 v000002268ac686f0_0, 0;
    %jmp T_4.1;
T_4.0 ;
    %load/vec4 v000002268ac68d30_0;
    %pushi/vec4 0, 0, 32;
    %load/vec4 v000002268ac686f0_0;
    %pad/u 32;
    %cmp/u;
    %flag_get/vec4 5;
    %and;
    %flag_set/vec4 8;
    %jmp/0xz  T_4.12, 8;
    %load/vec4 v000002268ac68510_0;
    %parti/s 1, 0, 2;
    %cmpi/e 1, 0, 1;
    %jmp/0xz  T_4.14, 4;
    %load/vec4 v000002268ac688d0_0;
    %load/vec4 v000002268ac68650_0;
    %add;
    %assign/vec4 v000002268ac688d0_0, 0;
T_4.14 ;
    %load/vec4 v000002268ac68510_0;
    %ix/load 4, 1, 0;
    %flag_set/imm 4, 0;
    %shiftr 4;
    %assign/vec4 v000002268ac68510_0, 0;
    %load/vec4 v000002268ac68650_0;
    %ix/load 4, 1, 0;
    %flag_set/imm 4, 0;
    %shiftl 4;
    %assign/vec4 v000002268ac68650_0, 0;
    %load/vec4 v000002268ac68a10_0;
    %flag_set/vec4 8;
    %jmp/0 T_4.16, 8;
    %load/vec4 v000002268ac688d0_0;
    %inv;
    %addi 1, 0, 64;
    %jmp/1 T_4.17, 8;
T_4.16 ; End of true expr.
    %load/vec4 v000002268ac688d0_0;
    %jmp/0 T_4.17, 8;
 ; End of false expr.
    %blend;
T_4.17;
    %assign/vec4 v000002268ac68ab0_0, 0;
    %load/vec4 v000002268ac686f0_0;
    %subi 1, 0, 7;
    %assign/vec4 v000002268ac686f0_0, 0;
    %jmp T_4.13;
T_4.12 ;
    %pushi/vec4 0, 0, 64;
    %assign/vec4 v000002268ac68ab0_0, 0;
    %pushi/vec4 0, 0, 64;
    %assign/vec4 v000002268ac688d0_0, 0;
    %pushi/vec4 0, 0, 32;
    %assign/vec4 v000002268ac68510_0, 0;
    %pushi/vec4 0, 0, 64;
    %assign/vec4 v000002268ac68650_0, 0;
    %pushi/vec4 0, 0, 1;
    %assign/vec4 v000002268ac68a10_0, 0;
    %pushi/vec4 32, 0, 7;
    %assign/vec4 v000002268ac686f0_0, 0;
T_4.13 ;
T_4.1 ;
    %jmp T_4;
    .thread T_4;
    .scope S_000002268acc8d10;
T_5 ;
    %wait E_000002268ac661a0;
    %load/vec4 v000002268acca1b0_0;
    %dup/vec4;
    %pushi/vec4 0, 0, 3;
    %cmp/u;
    %jmp/1 T_5.0, 6;
    %dup/vec4;
    %pushi/vec4 1, 0, 3;
    %cmp/u;
    %jmp/1 T_5.1, 6;
    %dup/vec4;
    %pushi/vec4 2, 0, 3;
    %cmp/u;
    %jmp/1 T_5.2, 6;
    %dup/vec4;
    %pushi/vec4 3, 0, 3;
    %cmp/u;
    %jmp/1 T_5.3, 6;
    %dup/vec4;
    %pushi/vec4 4, 0, 3;
    %cmp/u;
    %jmp/1 T_5.4, 6;
    %dup/vec4;
    %pushi/vec4 5, 0, 3;
    %cmp/u;
    %jmp/1 T_5.5, 6;
    %jmp T_5.6;
T_5.0 ;
    %load/vec4 v000002268acc5de0_0;
    %assign/vec4 v000002268acc9670_0, 0;
    %jmp T_5.6;
T_5.1 ;
    %load/vec4 v000002268acc5ca0_0;
    %assign/vec4 v000002268acc9670_0, 0;
    %jmp T_5.6;
T_5.2 ;
    %load/vec4 v000002268acc5e80_0;
    %assign/vec4 v000002268acc9670_0, 0;
    %jmp T_5.6;
T_5.3 ;
    %load/vec4 v000002268acc53e0_0;
    %assign/vec4 v000002268acc9670_0, 0;
    %jmp T_5.6;
T_5.4 ;
    %load/vec4 v000002268acc4bc0_0;
    %assign/vec4 v000002268acc9670_0, 0;
    %jmp T_5.6;
T_5.5 ;
    %load/vec4 v000002268acc4c60_0;
    %assign/vec4 v000002268acc9670_0, 0;
    %jmp T_5.6;
T_5.6 ;
    %pop/vec4 1;
    %jmp T_5;
    .thread T_5, $push;
    .scope S_000002268accd050;
T_6 ;
    %wait E_000002268ac66060;
    %load/vec4 v000002268acca2f0_0;
    %dup/vec4;
    %pushi/vec4 0, 0, 3;
    %cmp/u;
    %jmp/1 T_6.0, 6;
    %dup/vec4;
    %pushi/vec4 1, 0, 3;
    %cmp/u;
    %jmp/1 T_6.1, 6;
    %dup/vec4;
    %pushi/vec4 2, 0, 3;
    %cmp/u;
    %jmp/1 T_6.2, 6;
    %dup/vec4;
    %pushi/vec4 3, 0, 3;
    %cmp/u;
    %jmp/1 T_6.3, 6;
    %dup/vec4;
    %pushi/vec4 4, 0, 3;
    %cmp/u;
    %jmp/1 T_6.4, 6;
    %dup/vec4;
    %pushi/vec4 5, 0, 3;
    %cmp/u;
    %jmp/1 T_6.5, 6;
    %jmp T_6.6;
T_6.0 ;
    %load/vec4 v000002268acca750_0;
    %assign/vec4 v000002268acc9990_0, 0;
    %jmp T_6.6;
T_6.1 ;
    %load/vec4 v000002268acca430_0;
    %assign/vec4 v000002268acc9990_0, 0;
    %jmp T_6.6;
T_6.2 ;
    %load/vec4 v000002268acca6b0_0;
    %assign/vec4 v000002268acc9990_0, 0;
    %jmp T_6.6;
T_6.3 ;
    %load/vec4 v000002268acc98f0_0;
    %assign/vec4 v000002268acc9990_0, 0;
    %jmp T_6.6;
T_6.4 ;
    %load/vec4 v000002268acc93f0_0;
    %assign/vec4 v000002268acc9990_0, 0;
    %jmp T_6.6;
T_6.5 ;
    %load/vec4 v000002268acc9030_0;
    %assign/vec4 v000002268acc9990_0, 0;
    %jmp T_6.6;
T_6.6 ;
    %pop/vec4 1;
    %jmp T_6;
    .thread T_6, $push;
    .scope S_000002268ac26270;
T_7 ;
    %wait E_000002268ac651a0;
    %load/vec4 v000002268ac692d0_0;
    %flag_set/vec4 8;
    %jmp/0xz  T_7.0, 8;
    %load/vec4 v000002268ac68f10_0;
    %dup/vec4;
    %pushi/vec4 0, 0, 3;
    %cmp/u;
    %jmp/1 T_7.2, 6;
    %dup/vec4;
    %pushi/vec4 1, 0, 3;
    %cmp/u;
    %jmp/1 T_7.3, 6;
    %dup/vec4;
    %pushi/vec4 2, 0, 3;
    %cmp/u;
    %jmp/1 T_7.4, 6;
    %dup/vec4;
    %pushi/vec4 3, 0, 3;
    %cmp/u;
    %jmp/1 T_7.5, 6;
    %dup/vec4;
    %pushi/vec4 4, 0, 3;
    %cmp/u;
    %jmp/1 T_7.6, 6;
    %dup/vec4;
    %pushi/vec4 5, 0, 3;
    %cmp/u;
    %jmp/1 T_7.7, 6;
    %dup/vec4;
    %pushi/vec4 6, 0, 3;
    %cmp/u;
    %jmp/1 T_7.8, 6;
    %dup/vec4;
    %pushi/vec4 7, 0, 3;
    %cmp/u;
    %jmp/1 T_7.9, 6;
    %pushi/vec4 0, 0, 32;
    %assign/vec4 v000002268ac68970_0, 0;
    %jmp T_7.11;
T_7.2 ;
    %load/vec4 v000002268ac68e70_0;
    %load/vec4 v000002268ac68c90_0;
    %and;
    %assign/vec4 v000002268ac68970_0, 0;
    %jmp T_7.11;
T_7.3 ;
    %load/vec4 v000002268ac68e70_0;
    %load/vec4 v000002268ac68c90_0;
    %or;
    %assign/vec4 v000002268ac68970_0, 0;
    %jmp T_7.11;
T_7.4 ;
    %load/vec4 v000002268ac68e70_0;
    %load/vec4 v000002268ac68c90_0;
    %add;
    %assign/vec4 v000002268ac68970_0, 0;
    %jmp T_7.11;
T_7.5 ;
    %load/vec4 v000002268ac68e70_0;
    %load/vec4 v000002268ac68c90_0;
    %xor;
    %assign/vec4 v000002268ac68970_0, 0;
    %jmp T_7.11;
T_7.6 ;
    %load/vec4 v000002268ac68e70_0;
    %load/vec4 v000002268ac68c90_0;
    %inv;
    %and;
    %assign/vec4 v000002268ac68970_0, 0;
    %jmp T_7.11;
T_7.7 ;
    %load/vec4 v000002268ac68e70_0;
    %load/vec4 v000002268ac68c90_0;
    %inv;
    %or;
    %assign/vec4 v000002268ac68970_0, 0;
    %jmp T_7.11;
T_7.8 ;
    %load/vec4 v000002268ac68e70_0;
    %load/vec4 v000002268ac68c90_0;
    %inv;
    %add;
    %addi 1, 0, 32;
    %assign/vec4 v000002268ac68970_0, 0;
    %jmp T_7.11;
T_7.9 ;
    %load/vec4 v000002268ac68e70_0;
    %load/vec4 v000002268ac68c90_0;
    %cmp/s;
    %flag_mov 8, 5;
    %jmp/0 T_7.12, 8;
    %pushi/vec4 1, 0, 32;
    %jmp/1 T_7.13, 8;
T_7.12 ; End of true expr.
    %pushi/vec4 0, 0, 32;
    %jmp/0 T_7.13, 8;
 ; End of false expr.
    %blend;
T_7.13;
    %assign/vec4 v000002268ac68970_0, 0;
    %jmp T_7.11;
T_7.11 ;
    %pop/vec4 1;
    %jmp T_7.1;
T_7.0 ;
    %load/vec4 v000002268ac68f10_0;
    %dup/vec4;
    %pushi/vec4 0, 0, 3;
    %cmp/u;
    %jmp/1 T_7.14, 6;
    %dup/vec4;
    %pushi/vec4 1, 0, 3;
    %cmp/u;
    %jmp/1 T_7.15, 6;
    %dup/vec4;
    %pushi/vec4 2, 0, 3;
    %cmp/u;
    %jmp/1 T_7.16, 6;
    %dup/vec4;
    %pushi/vec4 3, 0, 3;
    %cmp/u;
    %jmp/1 T_7.17, 6;
    %dup/vec4;
    %pushi/vec4 4, 0, 3;
    %cmp/u;
    %jmp/1 T_7.18, 6;
    %dup/vec4;
    %pushi/vec4 5, 0, 3;
    %cmp/u;
    %jmp/1 T_7.19, 6;
    %dup/vec4;
    %pushi/vec4 6, 0, 3;
    %cmp/u;
    %jmp/1 T_7.20, 6;
    %dup/vec4;
    %pushi/vec4 7, 0, 3;
    %cmp/u;
    %jmp/1 T_7.21, 6;
    %pushi/vec4 0, 0, 32;
    %assign/vec4 v000002268ac68970_0, 0;
    %jmp T_7.23;
T_7.14 ;
    %load/vec4 v000002268ac68e70_0;
    %load/vec4 v000002268ac68c90_0;
    %and;
    %assign/vec4 v000002268ac68970_0, 0;
    %jmp T_7.23;
T_7.15 ;
    %load/vec4 v000002268ac68e70_0;
    %load/vec4 v000002268ac68c90_0;
    %or;
    %assign/vec4 v000002268ac68970_0, 0;
    %jmp T_7.23;
T_7.16 ;
    %load/vec4 v000002268ac68e70_0;
    %load/vec4 v000002268ac68c90_0;
    %add;
    %assign/vec4 v000002268ac68970_0, 0;
    %jmp T_7.23;
T_7.17 ;
    %load/vec4 v000002268ac68e70_0;
    %load/vec4 v000002268ac68c90_0;
    %xor;
    %assign/vec4 v000002268ac68970_0, 0;
    %jmp T_7.23;
T_7.18 ;
    %load/vec4 v000002268ac68e70_0;
    %load/vec4 v000002268ac68c90_0;
    %inv;
    %and;
    %assign/vec4 v000002268ac68970_0, 0;
    %jmp T_7.23;
T_7.19 ;
    %load/vec4 v000002268ac68e70_0;
    %load/vec4 v000002268ac68c90_0;
    %inv;
    %or;
    %assign/vec4 v000002268ac68970_0, 0;
    %jmp T_7.23;
T_7.20 ;
    %load/vec4 v000002268ac68e70_0;
    %load/vec4 v000002268ac68c90_0;
    %inv;
    %add;
    %addi 1, 0, 32;
    %assign/vec4 v000002268ac68970_0, 0;
    %jmp T_7.23;
T_7.21 ;
    %load/vec4 v000002268ac68e70_0;
    %load/vec4 v000002268ac68c90_0;
    %cmp/u;
    %flag_mov 8, 5;
    %jmp/0 T_7.24, 8;
    %pushi/vec4 1, 0, 32;
    %jmp/1 T_7.25, 8;
T_7.24 ; End of true expr.
    %pushi/vec4 0, 0, 32;
    %jmp/0 T_7.25, 8;
 ; End of false expr.
    %blend;
T_7.25;
    %assign/vec4 v000002268ac68970_0, 0;
    %jmp T_7.23;
T_7.23 ;
    %pop/vec4 1;
T_7.1 ;
    %load/vec4 v000002268ac68970_0;
    %cmpi/e 0, 0, 32;
    %flag_mov 8, 4;
    %jmp/0 T_7.26, 8;
    %pushi/vec4 1, 0, 2;
    %jmp/1 T_7.27, 8;
T_7.26 ; End of true expr.
    %pushi/vec4 0, 0, 2;
    %jmp/0 T_7.27, 8;
 ; End of false expr.
    %blend;
T_7.27;
    %pad/s 1;
    %assign/vec4 v000002268ac68dd0_0, 0;
    %jmp T_7;
    .thread T_7, $push;
    .scope S_000002268ac32520;
T_8 ;
    %pushi/vec4 0, 0, 64;
    %store/vec4 v000002268acc5520_0, 0, 64;
    %pushi/vec4 0, 0, 64;
    %store/vec4 v000002268acc4120_0, 0, 64;
    %pushi/vec4 0, 0, 32;
    %store/vec4 v000002268acc4da0_0, 0, 32;
    %pushi/vec4 0, 0, 64;
    %store/vec4 v000002268acc4800_0, 0, 64;
    %pushi/vec4 0, 0, 1;
    %store/vec4 v000002268acc5a20_0, 0, 1;
    %pushi/vec4 32, 0, 7;
    %store/vec4 v000002268acc4b20_0, 0, 7;
    %end;
    .thread T_8;
    .scope S_000002268ac32520;
T_9 ;
    %wait E_000002268ac64a60;
    %load/vec4 v000002268acc57a0_0;
    %load/vec4 v000002268acc4b20_0;
    %pushi/vec4 32, 0, 7;
    %cmp/e;
    %flag_get/vec4 4;
    %and;
    %flag_set/vec4 8;
    %jmp/0xz  T_9.0, 8;
    %load/vec4 v000002268acc4d00_0;
    %flag_set/vec4 9;
    %flag_get/vec4 9;
    %jmp/0 T_9.4, 9;
    %load/vec4 v000002268acc41c0_0;
    %parti/s 1, 31, 6;
    %and;
T_9.4;
    %flag_set/vec4 8;
    %jmp/0 T_9.2, 8;
    %pushi/vec4 0, 0, 32;
    %load/vec4 v000002268acc41c0_0;
    %inv;
    %addi 1, 0, 32;
    %concat/vec4; draw_concat_vec4
    %jmp/1 T_9.3, 8;
T_9.2 ; End of true expr.
    %pushi/vec4 0, 0, 32;
    %load/vec4 v000002268acc41c0_0;
    %concat/vec4; draw_concat_vec4
    %jmp/0 T_9.3, 8;
 ; End of false expr.
    %blend;
T_9.3;
    %assign/vec4 v000002268acc4800_0, 0;
    %load/vec4 v000002268acc4d00_0;
    %flag_set/vec4 9;
    %flag_get/vec4 9;
    %jmp/0 T_9.7, 9;
    %load/vec4 v000002268acc44e0_0;
    %parti/s 1, 31, 6;
    %and;
T_9.7;
    %flag_set/vec4 8;
    %jmp/0 T_9.5, 8;
    %load/vec4 v000002268acc44e0_0;
    %inv;
    %addi 1, 0, 32;
    %jmp/1 T_9.6, 8;
T_9.5 ; End of true expr.
    %load/vec4 v000002268acc44e0_0;
    %jmp/0 T_9.6, 8;
 ; End of false expr.
    %blend;
T_9.6;
    %assign/vec4 v000002268acc4da0_0, 0;
    %load/vec4 v000002268acc4d00_0;
    %flag_set/vec4 8;
    %flag_get/vec4 8;
    %jmp/0 T_9.8, 8;
    %load/vec4 v000002268acc44e0_0;
    %parti/s 1, 31, 6;
    %flag_set/vec4 9;
    %flag_get/vec4 9;
    %jmp/0 T_9.10, 9;
    %load/vec4 v000002268acc41c0_0;
    %parti/s 1, 31, 6;
    %inv;
    %and;
T_9.10;
    %flag_set/vec4 8;
    %flag_get/vec4 8;
    %jmp/1 T_9.9, 8;
    %load/vec4 v000002268acc44e0_0;
    %parti/s 1, 31, 6;
    %inv;
    %flag_set/vec4 8;
    %flag_get/vec4 8;
    %jmp/0 T_9.11, 8;
    %load/vec4 v000002268acc41c0_0;
    %parti/s 1, 31, 6;
    %and;
T_9.11;
    %or;
T_9.9;
    %and;
T_9.8;
    %assign/vec4 v000002268acc5a20_0, 0;
    %load/vec4 v000002268acc4b20_0;
    %subi 1, 0, 7;
    %assign/vec4 v000002268acc4b20_0, 0;
    %jmp T_9.1;
T_9.0 ;
    %load/vec4 v000002268acc57a0_0;
    %pushi/vec4 0, 0, 32;
    %load/vec4 v000002268acc4b20_0;
    %pad/u 32;
    %cmp/u;
    %flag_get/vec4 5;
    %and;
    %flag_set/vec4 8;
    %jmp/0xz  T_9.12, 8;
    %load/vec4 v000002268acc4da0_0;
    %parti/s 1, 0, 2;
    %cmpi/e 1, 0, 1;
    %jmp/0xz  T_9.14, 4;
    %load/vec4 v000002268acc4120_0;
    %load/vec4 v000002268acc4800_0;
    %add;
    %assign/vec4 v000002268acc4120_0, 0;
T_9.14 ;
    %load/vec4 v000002268acc4da0_0;
    %ix/load 4, 1, 0;
    %flag_set/imm 4, 0;
    %shiftr 4;
    %assign/vec4 v000002268acc4da0_0, 0;
    %load/vec4 v000002268acc4800_0;
    %ix/load 4, 1, 0;
    %flag_set/imm 4, 0;
    %shiftl 4;
    %assign/vec4 v000002268acc4800_0, 0;
    %load/vec4 v000002268acc5a20_0;
    %flag_set/vec4 8;
    %jmp/0 T_9.16, 8;
    %load/vec4 v000002268acc4120_0;
    %inv;
    %addi 1, 0, 64;
    %jmp/1 T_9.17, 8;
T_9.16 ; End of true expr.
    %load/vec4 v000002268acc4120_0;
    %jmp/0 T_9.17, 8;
 ; End of false expr.
    %blend;
T_9.17;
    %assign/vec4 v000002268acc5520_0, 0;
    %load/vec4 v000002268acc4b20_0;
    %subi 1, 0, 7;
    %assign/vec4 v000002268acc4b20_0, 0;
    %jmp T_9.13;
T_9.12 ;
    %pushi/vec4 0, 0, 64;
    %assign/vec4 v000002268acc5520_0, 0;
    %pushi/vec4 0, 0, 64;
    %assign/vec4 v000002268acc4120_0, 0;
    %pushi/vec4 0, 0, 32;
    %assign/vec4 v000002268acc4da0_0, 0;
    %pushi/vec4 0, 0, 64;
    %assign/vec4 v000002268acc4800_0, 0;
    %pushi/vec4 0, 0, 1;
    %assign/vec4 v000002268acc5a20_0, 0;
    %pushi/vec4 32, 0, 7;
    %assign/vec4 v000002268acc4b20_0, 0;
T_9.13 ;
T_9.1 ;
    %jmp T_9;
    .thread T_9;
# The file index is used to find the file name in the following table.
:file_names 8;
    "N/A";
    "<interactive>";
    "execute.v";
    "./alu.v";
    "./multiplier.v";
    "./mux2.v";
    "./mux5.v";
    "./mux6.v";
