#! /c/Source/iverilog-install/bin/vvp
:ivl_version "12.0 (devel)" "(s20150603-1539-g2693dd32b)";
:ivl_delay_selection "TYPICAL";
:vpi_time_precision + 0;
:vpi_module "C:\iverilog\lib\ivl\system.vpi";
:vpi_module "C:\iverilog\lib\ivl\vhdl_sys.vpi";
:vpi_module "C:\iverilog\lib\ivl\vhdl_textio.vpi";
:vpi_module "C:\iverilog\lib\ivl\v2005_math.vpi";
:vpi_module "C:\iverilog\lib\ivl\va_math.vpi";
S_00000121c1dba840 .scope module, "fetch" "fetch" 2 7;
 .timescale 0 0;
    .port_info 0 /INPUT 1 "clk";
    .port_info 1 /INPUT 1 "reset";
    .port_info 2 /INPUT 1 "stallf";
    .port_info 3 /INPUT 2 "pcsrcd";
    .port_info 4 /INPUT 2 "pcsrcd2";
    .port_info 5 /INPUT 32 "signextd";
    .port_info 6 /INPUT 32 "signextd2";
    .port_info 7 /INPUT 32 "pcd";
    .port_info 8 /INPUT 32 "pcbranchd";
    .port_info 9 /INPUT 32 "pcbranchd2";
    .port_info 10 /OUTPUT 32 "instrf";
    .port_info 11 /OUTPUT 32 "instrf2";
    .port_info 12 /OUTPUT 32 "pcplus4f";
    .port_info 13 /OUTPUT 32 "pcf";
    .port_info 14 /OUTPUT 1 "clrbp";
v00000121c1e2a580_0 .net *"_ivl_1", 0 0, L_00000121c1e2b980;  1 drivers
o00000121c1dd8fa8 .functor BUFZ 32, C4<zzzzzzzzzzzzzzzzzzzzzzzzzzzzzzzz>; HiZ drive
v00000121c1e2a080_0 .net "branchtoinstr", 31 0, o00000121c1dd8fa8;  0 drivers
o00000121c1dd8bb8 .functor BUFZ 1, C4<z>; HiZ drive
v00000121c1e2aee0_0 .net "clk", 0 0, o00000121c1dd8bb8;  0 drivers
o00000121c1dd9578 .functor BUFZ 1, C4<z>; HiZ drive
v00000121c1e2a620_0 .net "clrbp", 0 0, o00000121c1dd9578;  0 drivers
v00000121c1e2a120_0 .net "instrf", 31 0, L_00000121c1e34780;  1 drivers
v00000121c1e2a1c0_0 .net "instrf2", 31 0, L_00000121c1e34c80;  1 drivers
v00000121c1e2af80_0 .net "muxselect", 2 0, L_00000121c1e2ba20;  1 drivers
o00000121c1dd8ca8 .functor BUFZ 32, C4<zzzzzzzzzzzzzzzzzzzzzzzzzzzzzzzz>; HiZ drive
v00000121c1e2b0c0_0 .net "pcbranchd", 31 0, o00000121c1dd8ca8;  0 drivers
o00000121c1dd95a8 .functor BUFZ 32, C4<zzzzzzzzzzzzzzzzzzzzzzzzzzzzzzzz>; HiZ drive
v00000121c1e2b160_0 .net "pcbranchd2", 31 0, o00000121c1dd95a8;  0 drivers
o00000121c1dd95d8 .functor BUFZ 32, C4<zzzzzzzzzzzzzzzzzzzzzzzzzzzzzzzz>; HiZ drive
v00000121c1e2b200_0 .net "pcd", 31 0, o00000121c1dd95d8;  0 drivers
v00000121c1e2b480_0 .net "pcf", 31 0, v00000121c1e2a4e0_0;  1 drivers
v00000121c1e2b2a0_0 .net "pcnext", 31 0, v00000121c1e2abc0_0;  1 drivers
v00000121c1e2b520_0 .net "pcplus4f", 31 0, v00000121c1e2ad00_0;  1 drivers
o00000121c1dd9608 .functor BUFZ 2, C4<zz>; HiZ drive
v00000121c1e2a800_0 .net "pcsrcd", 1 0, o00000121c1dd9608;  0 drivers
o00000121c1dd9638 .functor BUFZ 2, C4<zz>; HiZ drive
v00000121c1e2b5c0_0 .net "pcsrcd2", 1 0, o00000121c1dd9638;  0 drivers
v00000121c1e2a8a0_0 .net "predict_taken", 0 0, v00000121c1dd6a30_0;  1 drivers
o00000121c1dd8d38 .functor BUFZ 1, C4<z>; HiZ drive
v00000121c1e2b660_0 .net "reset", 0 0, o00000121c1dd8d38;  0 drivers
o00000121c1dd91b8 .functor BUFZ 32, C4<zzzzzzzzzzzzzzzzzzzzzzzzzzzzzzzz>; HiZ drive
v00000121c1e2b700_0 .net "signextd", 31 0, o00000121c1dd91b8;  0 drivers
o00000121c1dd91e8 .functor BUFZ 32, C4<zzzzzzzzzzzzzzzzzzzzzzzzzzzzzzzz>; HiZ drive
v00000121c1e2b7a0_0 .net "signextd2", 31 0, o00000121c1dd91e8;  0 drivers
o00000121c1dd93f8 .functor BUFZ 1, C4<z>; HiZ drive
v00000121c1e2b840_0 .net "stallf", 0 0, o00000121c1dd93f8;  0 drivers
L_00000121c1e2b980 .part o00000121c1dd9638, 1, 1;
L_00000121c1e2ba20 .concat [ 2 1 0 0], o00000121c1dd9608, L_00000121c1e2b980;
L_00000121c1e35220 .part o00000121c1dd9608, 0, 1;
S_00000121c1dba9d0 .scope module, "bp" "branch_predictor" 2 25, 3 1 0, S_00000121c1dba840;
 .timescale 0 0;
    .port_info 0 /INPUT 1 "clk";
    .port_info 1 /INPUT 1 "reset";
    .port_info 2 /INPUT 32 "pc";
    .port_info 3 /INPUT 1 "branch_taken";
    .port_info 4 /INPUT 32 "instruction";
    .port_info 5 /OUTPUT 1 "predict";
v00000121c1dd6ad0_0 .net *"_ivl_1", 8 0, L_00000121c1e2bac0;  1 drivers
v00000121c1dd6d50_0 .net *"_ivl_2", 15 0, L_00000121c1e2bb60;  1 drivers
v00000121c1dd6c10 .array "bimodal_bht", 511 0, 1 0;
v00000121c1dd6cb0_0 .net "bimodal_index", 8 0, L_00000121c1e2bca0;  1 drivers
v00000121c1dd6210_0 .net "branch_taken", 0 0, L_00000121c1e35220;  1 drivers
v00000121c1dd6170_0 .net "clk", 0 0, o00000121c1dd8bb8;  alias, 0 drivers
v00000121c1dd6df0 .array "counts", 511 0, 1 0;
v00000121c1dd68f0_0 .var "gbhr", 6 0;
v00000121c1dd6530 .array "gshare_bht", 511 0, 1 0;
v00000121c1dd6b70_0 .net "gshare_index", 8 0, L_00000121c1e2bc00;  1 drivers
v00000121c1dd6990_0 .var/i "i", 31 0;
v00000121c1dd60d0_0 .net "instruction", 31 0, L_00000121c1e34780;  alias, 1 drivers
v00000121c1dd6710_0 .net "pc", 31 0, o00000121c1dd8ca8;  alias, 0 drivers
v00000121c1dd6a30_0 .var "predict", 0 0;
v00000121c1dd62b0_0 .var "prediction_mode", 1 0;
v00000121c1dd67b0_0 .net "reset", 0 0, o00000121c1dd8d38;  alias, 0 drivers
E_00000121c1da8c70 .event posedge, v00000121c1dd67b0_0, v00000121c1dd6170_0;
L_00000121c1e2bac0 .part o00000121c1dd8ca8, 0, 9;
L_00000121c1e2bb60 .concat [ 7 9 0 0], v00000121c1dd68f0_0, L_00000121c1e2bac0;
L_00000121c1e2bc00 .part L_00000121c1e2bb60, 0, 9;
L_00000121c1e2bca0 .part o00000121c1dd8ca8, 0, 9;
S_00000121c1db6f90 .scope module, "instructmem" "instrmem" 2 39, 4 2 0, S_00000121c1dba840;
 .timescale 0 0;
    .port_info 0 /INPUT 32 "a";
    .port_info 1 /OUTPUT 32 "rd";
    .port_info 2 /OUTPUT 32 "rd2";
v00000121c1dd6350 .array "RAM", 0 63, 31 0;
v00000121c1dd63f0_0 .net *"_ivl_0", 31 0, L_00000121c1e340a0;  1 drivers
L_00000121c1e700d0 .functor BUFT 1, C4<000000000000000000000000000001>, C4<0>, C4<0>, C4<0>;
v00000121c1dd6850_0 .net/2u *"_ivl_10", 29 0, L_00000121c1e700d0;  1 drivers
v00000121c1e2a300_0 .net *"_ivl_12", 29 0, L_00000121c1e34dc0;  1 drivers
v00000121c1e2b340_0 .net *"_ivl_3", 29 0, L_00000121c1e34aa0;  1 drivers
v00000121c1e2bd40_0 .net *"_ivl_6", 31 0, L_00000121c1e35f40;  1 drivers
v00000121c1e2a6c0_0 .net *"_ivl_9", 29 0, L_00000121c1e35ae0;  1 drivers
v00000121c1e2ac60_0 .net "a", 31 0, o00000121c1dd8fa8;  alias, 0 drivers
v00000121c1e2bde0_0 .var/i "i", 31 0;
v00000121c1e2a940_0 .net "rd", 31 0, L_00000121c1e34780;  alias, 1 drivers
v00000121c1e2a3a0_0 .net "rd2", 31 0, L_00000121c1e34c80;  alias, 1 drivers
L_00000121c1e340a0 .array/port v00000121c1dd6350, L_00000121c1e34aa0;
L_00000121c1e34aa0 .part o00000121c1dd8fa8, 2, 30;
L_00000121c1e34780 .concat [ 32 0 0 0], L_00000121c1e340a0;
L_00000121c1e35f40 .array/port v00000121c1dd6350, L_00000121c1e34dc0;
L_00000121c1e35ae0 .part o00000121c1dd8fa8, 2, 30;
L_00000121c1e34dc0 .arith/sum 30, L_00000121c1e35ae0, L_00000121c1e700d0;
L_00000121c1e34c80 .concat [ 32 0 0 0], L_00000121c1e35f40;
S_00000121c1db7120 .scope module, "pcadder" "adder" 2 38, 5 1 0, S_00000121c1dba840;
 .timescale 0 0;
    .port_info 0 /INPUT 32 "a";
    .port_info 1 /INPUT 32 "b";
    .port_info 2 /OUTPUT 32 "cout";
v00000121c1e2b020_0 .net "a", 31 0, o00000121c1dd8fa8;  alias, 0 drivers
L_00000121c1e70088 .functor BUFT 1, C4<00000000000000000000000000001000>, C4<0>, C4<0>, C4<0>;
v00000121c1e2a260_0 .net "b", 31 0, L_00000121c1e70088;  1 drivers
v00000121c1e2ad00_0 .var "cout", 31 0;
E_00000121c1da8730 .event anyedge, v00000121c1e2ac60_0, v00000121c1e2a260_0;
S_00000121c1dd0870 .scope module, "pcmux" "mux6" 2 36, 6 1 0, S_00000121c1dba840;
 .timescale 0 0;
    .port_info 0 /INPUT 32 "d0";
    .port_info 1 /INPUT 32 "d1";
    .port_info 2 /INPUT 32 "d2";
    .port_info 3 /INPUT 32 "d3";
    .port_info 4 /INPUT 32 "d4";
    .port_info 5 /INPUT 32 "d5";
    .port_info 6 /INPUT 3 "s";
    .port_info 7 /OUTPUT 32 "y";
P_00000121c1da87f0 .param/l "WIDTH" 0 6 1, +C4<00000000000000000000000000100000>;
v00000121c1e2be80_0 .net "d0", 31 0, v00000121c1e2ad00_0;  alias, 1 drivers
v00000121c1e2a9e0_0 .net "d1", 31 0, o00000121c1dd8ca8;  alias, 0 drivers
v00000121c1e2bf20_0 .net "d2", 31 0, o00000121c1dd91b8;  alias, 0 drivers
v00000121c1e2aa80_0 .net "d3", 31 0, o00000121c1dd91b8;  alias, 0 drivers
v00000121c1e2ae40_0 .net "d4", 31 0, o00000121c1dd91e8;  alias, 0 drivers
v00000121c1e2ab20_0 .net "d5", 31 0, o00000121c1dd91e8;  alias, 0 drivers
v00000121c1e2ada0_0 .net "s", 2 0, L_00000121c1e2ba20;  alias, 1 drivers
v00000121c1e2abc0_0 .var "y", 31 0;
E_00000121c1da8830/0 .event anyedge, v00000121c1e2ada0_0, v00000121c1e2ad00_0, v00000121c1dd6710_0, v00000121c1e2bf20_0;
E_00000121c1da8830/1 .event anyedge, v00000121c1e2bf20_0, v00000121c1e2ae40_0, v00000121c1e2ae40_0;
E_00000121c1da8830 .event/or E_00000121c1da8830/0, E_00000121c1da8830/1;
S_00000121c1dd0a00 .scope module, "pcreg" "flopenr" 2 37, 7 1 0, S_00000121c1dba840;
 .timescale 0 0;
    .port_info 0 /INPUT 1 "clk";
    .port_info 1 /INPUT 1 "reset";
    .port_info 2 /INPUT 1 "en";
    .port_info 3 /INPUT 32 "d";
    .port_info 4 /OUTPUT 32 "q";
P_00000121c1da9030 .param/l "WIDTH" 0 7 1, +C4<00000000000000000000000000100000>;
v00000121c1e2a440_0 .net "clk", 0 0, o00000121c1dd8bb8;  alias, 0 drivers
v00000121c1e2a760_0 .net "d", 31 0, v00000121c1e2abc0_0;  alias, 1 drivers
v00000121c1e2b8e0_0 .net "en", 0 0, o00000121c1dd93f8;  alias, 0 drivers
v00000121c1e2a4e0_0 .var "q", 31 0;
v00000121c1e2b3e0_0 .net "reset", 0 0, o00000121c1dd8d38;  alias, 0 drivers
    .scope S_00000121c1dba9d0;
T_0 ;
    %wait E_00000121c1da8c70;
    %load/vec4 v00000121c1dd67b0_0;
    %flag_set/vec4 8;
    %jmp/0xz  T_0.0, 8;
    %pushi/vec4 0, 0, 7;
    %assign/vec4 v00000121c1dd68f0_0, 0;
    %jmp T_0.1;
T_0.0 ;
    %load/vec4 v00000121c1dd6210_0;
    %flag_set/vec4 8;
    %jmp/0xz  T_0.2, 8;
    %load/vec4 v00000121c1dd68f0_0;
    %parti/s 6, 0, 2;
    %concati/vec4 1, 0, 1;
    %assign/vec4 v00000121c1dd68f0_0, 0;
    %jmp T_0.3;
T_0.2 ;
    %load/vec4 v00000121c1dd68f0_0;
    %parti/s 6, 0, 2;
    %concati/vec4 0, 0, 1;
    %assign/vec4 v00000121c1dd68f0_0, 0;
T_0.3 ;
T_0.1 ;
    %jmp T_0;
    .thread T_0;
    .scope S_00000121c1dba9d0;
T_1 ;
    %wait E_00000121c1da8c70;
    %load/vec4 v00000121c1dd67b0_0;
    %flag_set/vec4 8;
    %jmp/0xz  T_1.0, 8;
    %pushi/vec4 0, 0, 1;
    %assign/vec4 v00000121c1dd6a30_0, 0;
    %jmp T_1.1;
T_1.0 ;
    %load/vec4 v00000121c1dd62b0_0;
    %dup/vec4;
    %pushi/vec4 0, 0, 2;
    %cmp/u;
    %jmp/1 T_1.2, 6;
    %dup/vec4;
    %pushi/vec4 1, 0, 2;
    %cmp/u;
    %jmp/1 T_1.3, 6;
    %dup/vec4;
    %pushi/vec4 2, 0, 2;
    %cmp/u;
    %jmp/1 T_1.4, 6;
    %dup/vec4;
    %pushi/vec4 3, 0, 2;
    %cmp/u;
    %jmp/1 T_1.5, 6;
    %jmp T_1.6;
T_1.2 ;
    %pushi/vec4 2, 0, 2;
    %load/vec4 v00000121c1dd6b70_0;
    %pad/u 11;
    %ix/vec4 4;
    %load/vec4a v00000121c1dd6530, 4;
    %cmp/u;
    %flag_get/vec4 4;
    %flag_get/vec4 5;
    %or;
    %assign/vec4 v00000121c1dd6a30_0, 0;
    %jmp T_1.6;
T_1.3 ;
    %pushi/vec4 2, 0, 2;
    %load/vec4 v00000121c1dd6cb0_0;
    %pad/u 11;
    %ix/vec4 4;
    %load/vec4a v00000121c1dd6c10, 4;
    %cmp/u;
    %flag_get/vec4 4;
    %flag_get/vec4 5;
    %or;
    %assign/vec4 v00000121c1dd6a30_0, 0;
    %jmp T_1.6;
T_1.4 ;
    %pushi/vec4 1, 0, 1;
    %assign/vec4 v00000121c1dd6a30_0, 0;
    %jmp T_1.6;
T_1.5 ;
    %pushi/vec4 0, 0, 1;
    %assign/vec4 v00000121c1dd6a30_0, 0;
    %jmp T_1.6;
T_1.6 ;
    %pop/vec4 1;
T_1.1 ;
    %jmp T_1;
    .thread T_1;
    .scope S_00000121c1dba9d0;
T_2 ;
    %wait E_00000121c1da8c70;
    %load/vec4 v00000121c1dd67b0_0;
    %flag_set/vec4 8;
    %jmp/0xz  T_2.0, 8;
    %pushi/vec4 0, 0, 32;
    %store/vec4 v00000121c1dd6990_0, 0, 32;
T_2.2 ;
    %load/vec4 v00000121c1dd6990_0;
    %cmpi/s 512, 0, 32;
    %jmp/0xz T_2.3, 5;
    %pushi/vec4 1, 0, 2;
    %ix/getv/s 3, v00000121c1dd6990_0;
    %ix/load 4, 0, 0; Constant delay
    %assign/vec4/a/d v00000121c1dd6530, 0, 4;
    %pushi/vec4 1, 0, 2;
    %ix/getv/s 3, v00000121c1dd6990_0;
    %ix/load 4, 0, 0; Constant delay
    %assign/vec4/a/d v00000121c1dd6c10, 0, 4;
    %pushi/vec4 0, 0, 2;
    %ix/getv/s 3, v00000121c1dd6990_0;
    %ix/load 4, 0, 0; Constant delay
    %assign/vec4/a/d v00000121c1dd6df0, 0, 4;
    %load/vec4 v00000121c1dd6990_0;
    %addi 1, 0, 32;
    %store/vec4 v00000121c1dd6990_0, 0, 32;
    %jmp T_2.2;
T_2.3 ;
    %jmp T_2.1;
T_2.0 ;
    %load/vec4 v00000121c1dd6210_0;
    %flag_set/vec4 8;
    %jmp/0xz  T_2.4, 8;
    %load/vec4 v00000121c1dd6b70_0;
    %pad/u 11;
    %ix/vec4 4;
    %load/vec4a v00000121c1dd6530, 4;
    %cmpi/u 3, 0, 2;
    %jmp/0xz  T_2.6, 5;
    %load/vec4 v00000121c1dd6b70_0;
    %pad/u 11;
    %ix/vec4 4;
    %load/vec4a v00000121c1dd6530, 4;
    %addi 1, 0, 2;
    %load/vec4 v00000121c1dd6b70_0;
    %pad/u 11;
    %ix/vec4 3;
    %ix/load 4, 0, 0; Constant delay
    %assign/vec4/a/d v00000121c1dd6530, 0, 4;
T_2.6 ;
    %load/vec4 v00000121c1dd6cb0_0;
    %pad/u 11;
    %ix/vec4 4;
    %load/vec4a v00000121c1dd6c10, 4;
    %cmpi/u 3, 0, 2;
    %jmp/0xz  T_2.8, 5;
    %load/vec4 v00000121c1dd6cb0_0;
    %pad/u 11;
    %ix/vec4 4;
    %load/vec4a v00000121c1dd6c10, 4;
    %addi 1, 0, 2;
    %load/vec4 v00000121c1dd6cb0_0;
    %pad/u 11;
    %ix/vec4 3;
    %ix/load 4, 0, 0; Constant delay
    %assign/vec4/a/d v00000121c1dd6c10, 0, 4;
T_2.8 ;
    %jmp T_2.5;
T_2.4 ;
    %load/vec4 v00000121c1dd6b70_0;
    %pad/u 11;
    %ix/vec4 4;
    %load/vec4a v00000121c1dd6530, 4;
    %cmpi/u 0, 0, 2;
    %flag_or 5, 4; GT is !LE
    %flag_inv 5;
    %jmp/0xz  T_2.10, 5;
    %load/vec4 v00000121c1dd6b70_0;
    %pad/u 11;
    %ix/vec4 4;
    %load/vec4a v00000121c1dd6530, 4;
    %subi 1, 0, 2;
    %load/vec4 v00000121c1dd6b70_0;
    %pad/u 11;
    %ix/vec4 3;
    %ix/load 4, 0, 0; Constant delay
    %assign/vec4/a/d v00000121c1dd6530, 0, 4;
T_2.10 ;
    %load/vec4 v00000121c1dd6cb0_0;
    %pad/u 11;
    %ix/vec4 4;
    %load/vec4a v00000121c1dd6c10, 4;
    %cmpi/u 0, 0, 2;
    %flag_or 5, 4; GT is !LE
    %flag_inv 5;
    %jmp/0xz  T_2.12, 5;
    %load/vec4 v00000121c1dd6cb0_0;
    %pad/u 11;
    %ix/vec4 4;
    %load/vec4a v00000121c1dd6c10, 4;
    %subi 1, 0, 2;
    %load/vec4 v00000121c1dd6cb0_0;
    %pad/u 11;
    %ix/vec4 3;
    %ix/load 4, 0, 0; Constant delay
    %assign/vec4/a/d v00000121c1dd6c10, 0, 4;
T_2.12 ;
T_2.5 ;
    %load/vec4 v00000121c1dd6b70_0;
    %pad/u 11;
    %ix/vec4 4;
    %load/vec4a v00000121c1dd6df0, 4;
    %cmpi/e 0, 0, 2;
    %jmp/1 T_2.16, 4;
    %flag_mov 8, 4;
    %load/vec4 v00000121c1dd6b70_0;
    %pad/u 11;
    %ix/vec4 4;
    %load/vec4a v00000121c1dd6df0, 4;
    %cmpi/e 1, 0, 2;
    %flag_or 4, 8;
T_2.16;
    %jmp/0xz  T_2.14, 4;
    %load/vec4 v00000121c1dd6b70_0;
    %pad/u 11;
    %ix/vec4 4;
    %load/vec4a v00000121c1dd6df0, 4;
    %addi 1, 0, 2;
    %load/vec4 v00000121c1dd6b70_0;
    %pad/u 11;
    %ix/vec4 3;
    %ix/load 4, 0, 0; Constant delay
    %assign/vec4/a/d v00000121c1dd6df0, 0, 4;
    %jmp T_2.15;
T_2.14 ;
    %load/vec4 v00000121c1dd6b70_0;
    %pad/u 11;
    %ix/vec4 4;
    %load/vec4a v00000121c1dd6df0, 4;
    %cmpi/e 2, 0, 2;
    %jmp/1 T_2.19, 4;
    %flag_mov 8, 4;
    %load/vec4 v00000121c1dd6b70_0;
    %pad/u 11;
    %ix/vec4 4;
    %load/vec4a v00000121c1dd6df0, 4;
    %cmpi/e 3, 0, 2;
    %flag_or 4, 8;
T_2.19;
    %jmp/0xz  T_2.17, 4;
    %load/vec4 v00000121c1dd6b70_0;
    %pad/u 11;
    %ix/vec4 4;
    %load/vec4a v00000121c1dd6df0, 4;
    %subi 1, 0, 2;
    %load/vec4 v00000121c1dd6b70_0;
    %pad/u 11;
    %ix/vec4 3;
    %ix/load 4, 0, 0; Constant delay
    %assign/vec4/a/d v00000121c1dd6df0, 0, 4;
T_2.17 ;
T_2.15 ;
T_2.1 ;
    %jmp T_2;
    .thread T_2;
    .scope S_00000121c1dba9d0;
T_3 ;
    %wait E_00000121c1da8c70;
    %load/vec4 v00000121c1dd67b0_0;
    %flag_set/vec4 8;
    %jmp/0xz  T_3.0, 8;
    %pushi/vec4 0, 0, 2;
    %assign/vec4 v00000121c1dd62b0_0, 0;
T_3.0 ;
    %jmp T_3;
    .thread T_3;
    .scope S_00000121c1dd0870;
T_4 ;
    %wait E_00000121c1da8830;
    %load/vec4 v00000121c1e2ada0_0;
    %dup/vec4;
    %pushi/vec4 0, 0, 3;
    %cmp/u;
    %jmp/1 T_4.0, 6;
    %dup/vec4;
    %pushi/vec4 1, 0, 3;
    %cmp/u;
    %jmp/1 T_4.1, 6;
    %dup/vec4;
    %pushi/vec4 2, 0, 3;
    %cmp/u;
    %jmp/1 T_4.2, 6;
    %dup/vec4;
    %pushi/vec4 3, 0, 3;
    %cmp/u;
    %jmp/1 T_4.3, 6;
    %dup/vec4;
    %pushi/vec4 4, 0, 3;
    %cmp/u;
    %jmp/1 T_4.4, 6;
    %dup/vec4;
    %pushi/vec4 5, 0, 3;
    %cmp/u;
    %jmp/1 T_4.5, 6;
    %jmp T_4.6;
T_4.0 ;
    %load/vec4 v00000121c1e2be80_0;
    %assign/vec4 v00000121c1e2abc0_0, 0;
    %jmp T_4.6;
T_4.1 ;
    %load/vec4 v00000121c1e2a9e0_0;
    %assign/vec4 v00000121c1e2abc0_0, 0;
    %jmp T_4.6;
T_4.2 ;
    %load/vec4 v00000121c1e2bf20_0;
    %assign/vec4 v00000121c1e2abc0_0, 0;
    %jmp T_4.6;
T_4.3 ;
    %load/vec4 v00000121c1e2aa80_0;
    %assign/vec4 v00000121c1e2abc0_0, 0;
    %jmp T_4.6;
T_4.4 ;
    %load/vec4 v00000121c1e2ae40_0;
    %assign/vec4 v00000121c1e2abc0_0, 0;
    %jmp T_4.6;
T_4.5 ;
    %load/vec4 v00000121c1e2ab20_0;
    %assign/vec4 v00000121c1e2abc0_0, 0;
    %jmp T_4.6;
T_4.6 ;
    %pop/vec4 1;
    %jmp T_4;
    .thread T_4, $push;
    .scope S_00000121c1dd0a00;
T_5 ;
    %wait E_00000121c1da8c70;
    %load/vec4 v00000121c1e2b3e0_0;
    %flag_set/vec4 8;
    %jmp/0xz  T_5.0, 8;
    %pushi/vec4 0, 0, 32;
    %assign/vec4 v00000121c1e2a4e0_0, 0;
    %jmp T_5.1;
T_5.0 ;
    %load/vec4 v00000121c1e2b8e0_0;
    %nor/r;
    %flag_set/vec4 8;
    %jmp/0xz  T_5.2, 8;
    %load/vec4 v00000121c1e2a760_0;
    %assign/vec4 v00000121c1e2a4e0_0, 0;
T_5.2 ;
T_5.1 ;
    %jmp T_5;
    .thread T_5;
    .scope S_00000121c1db7120;
T_6 ;
    %wait E_00000121c1da8730;
    %load/vec4 v00000121c1e2b020_0;
    %load/vec4 v00000121c1e2a260_0;
    %add;
    %cmpi/u 4294967295, 0, 32;
    %flag_or 5, 4; GT is !LE
    %flag_inv 5;
    %jmp/0xz  T_6.0, 5;
    %pushi/vec4 0, 0, 32;
    %assign/vec4 v00000121c1e2ad00_0, 0;
    %jmp T_6.1;
T_6.0 ;
    %load/vec4 v00000121c1e2b020_0;
    %load/vec4 v00000121c1e2a260_0;
    %add;
    %assign/vec4 v00000121c1e2ad00_0, 0;
T_6.1 ;
    %jmp T_6;
    .thread T_6, $push;
    .scope S_00000121c1db6f90;
T_7 ;
    %pushi/vec4 21, 0, 32;
    %store/vec4 v00000121c1e2bde0_0, 0, 32;
T_7.0 ;
    %load/vec4 v00000121c1e2bde0_0;
    %cmpi/s 64, 0, 32;
    %jmp/0xz T_7.1, 5;
    %pushi/vec4 0, 0, 32;
    %ix/getv/s 4, v00000121c1e2bde0_0;
    %store/vec4a v00000121c1dd6350, 4, 0;
    %load/vec4 v00000121c1e2bde0_0;
    %addi 1, 0, 32;
    %store/vec4 v00000121c1e2bde0_0, 0, 32;
    %jmp T_7.0;
T_7.1 ;
    %vpi_call 4 13 "$readmemh", "memfile.dat", v00000121c1dd6350 {0 0 0};
    %end;
    .thread T_7;
# The file index is used to find the file name in the following table.
:file_names 8;
    "N/A";
    "<interactive>";
    "fetch.v";
    "./branch_predictor.v";
    "./instrmem.v";
    "./adder.v";
    "./mux6.v";
    "./flopenr.v";
