#! /c/Source/iverilog-install/bin/vvp
:ivl_version "12.0 (devel)" "(s20150603-1539-g2693dd32b)";
:ivl_delay_selection "TYPICAL";
:vpi_time_precision + 0;
:vpi_module "C:\iverilog\lib\ivl\system.vpi";
:vpi_module "C:\iverilog\lib\ivl\vhdl_sys.vpi";
:vpi_module "C:\iverilog\lib\ivl\vhdl_textio.vpi";
:vpi_module "C:\iverilog\lib\ivl\v2005_math.vpi";
:vpi_module "C:\iverilog\lib\ivl\va_math.vpi";
S_000002ae78682ad0 .scope module, "flopr" "flopr" 2 1;
 .timescale 0 0;
    .port_info 0 /INPUT 1 "clk";
    .port_info 1 /INPUT 1 "reset";
    .port_info 2 /INPUT 8 "d";
    .port_info 3 /OUTPUT 8 "q";
P_000002ae786b54f0 .param/l "WIDTH" 0 2 1, +C4<00000000000000000000000000001000>;
o000002ae786b6f98 .functor BUFZ 1, C4<z>; HiZ drive
v000002ae78683390_0 .net "clk", 0 0, o000002ae786b6f98;  0 drivers
o000002ae786b6fc8 .functor BUFZ 8, C4<zzzzzzzz>; HiZ drive
v000002ae78682c60_0 .net "d", 7 0, o000002ae786b6fc8;  0 drivers
v000002ae78682d00_0 .var "q", 7 0;
o000002ae786b7028 .functor BUFZ 1, C4<z>; HiZ drive
v000002ae78682da0_0 .net "reset", 0 0, o000002ae786b7028;  0 drivers
E_000002ae786b56f0 .event posedge, v000002ae78682da0_0, v000002ae78683390_0;
    .scope S_000002ae78682ad0;
T_0 ;
    %wait E_000002ae786b56f0;
    %load/vec4 v000002ae78682da0_0;
    %flag_set/vec4 8;
    %jmp/0xz  T_0.0, 8;
    %pushi/vec4 0, 0, 8;
    %assign/vec4 v000002ae78682d00_0, 0;
    %jmp T_0.1;
T_0.0 ;
    %load/vec4 v000002ae78682c60_0;
    %assign/vec4 v000002ae78682d00_0, 0;
T_0.1 ;
    %jmp T_0;
    .thread T_0;
# The file index is used to find the file name in the following table.
:file_names 3;
    "N/A";
    "<interactive>";
    "flopr.v";
