#! /c/Source/iverilog-install/bin/vvp
:ivl_version "12.0 (devel)" "(s20150603-1539-g2693dd32b)";
:ivl_delay_selection "TYPICAL";
:vpi_time_precision + 0;
:vpi_module "C:\iverilog\lib\ivl\system.vpi";
:vpi_module "C:\iverilog\lib\ivl\vhdl_sys.vpi";
:vpi_module "C:\iverilog\lib\ivl\vhdl_textio.vpi";
:vpi_module "C:\iverilog\lib\ivl\v2005_math.vpi";
:vpi_module "C:\iverilog\lib\ivl\va_math.vpi";
S_0000021d365e29c0 .scope module, "hazardcontroller" "hazardcontroller" 2 1;
 .timescale 0 0;
    .port_info 0 /INPUT 1 "clk";
    .port_info 1 /INPUT 5 "rsd";
    .port_info 2 /INPUT 5 "rsd2";
    .port_info 3 /INPUT 5 "rtd";
    .port_info 4 /INPUT 5 "rtd2";
    .port_info 5 /INPUT 5 "rse";
    .port_info 6 /INPUT 5 "rse2";
    .port_info 7 /INPUT 5 "rte";
    .port_info 8 /INPUT 5 "rte2";
    .port_info 9 /INPUT 1 "branchd";
    .port_info 10 /INPUT 1 "branchd2";
    .port_info 11 /INPUT 1 "regwritee";
    .port_info 12 /INPUT 1 "regwritee2";
    .port_info 13 /INPUT 1 "memtorege";
    .port_info 14 /INPUT 1 "memtorege2";
    .port_info 15 /INPUT 1 "regwritem";
    .port_info 16 /INPUT 1 "regwritem2";
    .port_info 17 /INPUT 1 "memtoregm";
    .port_info 18 /INPUT 1 "memtoregm2";
    .port_info 19 /INPUT 1 "regwritew";
    .port_info 20 /INPUT 1 "regwritew2";
    .port_info 21 /INPUT 5 "writerege";
    .port_info 22 /INPUT 5 "writerege2";
    .port_info 23 /INPUT 5 "writeregm";
    .port_info 24 /INPUT 5 "writeregm2";
    .port_info 25 /INPUT 5 "writeregw";
    .port_info 26 /INPUT 5 "writeregw2";
    .port_info 27 /OUTPUT 1 "stalld";
    .port_info 28 /OUTPUT 1 "stalld2";
    .port_info 29 /OUTPUT 1 "stallf";
    .port_info 30 /OUTPUT 1 "stallf2";
    .port_info 31 /OUTPUT 1 "stalle";
    .port_info 32 /OUTPUT 1 "stalle2";
    .port_info 33 /OUTPUT 1 "stallm";
    .port_info 34 /OUTPUT 1 "stallm2";
    .port_info 35 /OUTPUT 1 "stallw";
    .port_info 36 /OUTPUT 1 "stallw2";
    .port_info 37 /OUTPUT 1 "flushe";
    .port_info 38 /OUTPUT 1 "flushe2";
    .port_info 39 /OUTPUT 2 "forwardad";
    .port_info 40 /OUTPUT 2 "forwardad2";
    .port_info 41 /OUTPUT 2 "forwardbd";
    .port_info 42 /OUTPUT 2 "forwardbd2";
    .port_info 43 /OUTPUT 3 "forwardae";
    .port_info 44 /OUTPUT 3 "forwardae2";
    .port_info 45 /OUTPUT 3 "forwardbe";
    .port_info 46 /OUTPUT 3 "forwardbe2";
    .port_info 47 /INPUT 1 "memwritem";
    .port_info 48 /INPUT 1 "memwritem2";
    .port_info 49 /INPUT 1 "memwritee";
    .port_info 50 /INPUT 1 "memwritee2";
    .port_info 51 /INPUT 1 "hit";
    .port_info 52 /INPUT 1 "hit2";
    .port_info 53 /INPUT 1 "miss";
    .port_info 54 /INPUT 1 "miss2";
    .port_info 55 /INPUT 1 "dirty";
    .port_info 56 /INPUT 1 "dirty2";
    .port_info 57 /OUTPUT 1 "we2";
    .port_info 58 /OUTPUT 1 "we2_2";
    .port_info 59 /OUTPUT 1 "we3";
    .port_info 60 /OUTPUT 1 "we3_2";
    .port_info 61 /INPUT 1 "multen";
    .port_info 62 /INPUT 1 "multen2";
    .port_info 63 /INPUT 1 "multready";
    .port_info 64 /INPUT 1 "multready2";
    .port_info 65 /OUTPUT 1 "swstalle";
    .port_info 66 /OUTPUT 1 "lwstalle";
    .port_info 67 /OUTPUT 1 "branchstalld";
o0000021d36646f98 .functor BUFZ 1, C4<z>; HiZ drive
v0000021d36645e30_0 .net "branchd", 0 0, o0000021d36646f98;  0 drivers
o0000021d36646fc8 .functor BUFZ 1, C4<z>; HiZ drive
v0000021d366451b0_0 .net "branchd2", 0 0, o0000021d36646fc8;  0 drivers
v0000021d36646010_0 .var "branchstalld", 0 0;
o0000021d36647028 .functor BUFZ 1, C4<z>; HiZ drive
v0000021d366468d0_0 .net "clk", 0 0, o0000021d36647028;  0 drivers
v0000021d366461f0_0 .var "count", 5 0;
o0000021d36647088 .functor BUFZ 1, C4<z>; HiZ drive
v0000021d366457f0_0 .net "dirty", 0 0, o0000021d36647088;  0 drivers
o0000021d366470b8 .functor BUFZ 1, C4<z>; HiZ drive
v0000021d366452f0_0 .net "dirty2", 0 0, o0000021d366470b8;  0 drivers
v0000021d36646290_0 .var "flushe", 0 0;
v0000021d36646dd0_0 .var "flushe2", 0 0;
v0000021d36645a70_0 .var "forwardad", 1 0;
v0000021d366456b0_0 .var "forwardad2", 1 0;
v0000021d366465b0_0 .var "forwardae", 2 0;
v0000021d36645070_0 .var "forwardae2", 2 0;
v0000021d36645110_0 .var "forwardbd", 1 0;
v0000021d36645b10_0 .var "forwardbd2", 1 0;
v0000021d36646a10_0 .var "forwardbe", 2 0;
v0000021d366463d0_0 .var "forwardbe2", 2 0;
o0000021d366472c8 .functor BUFZ 1, C4<z>; HiZ drive
v0000021d36645ed0_0 .net "hit", 0 0, o0000021d366472c8;  0 drivers
o0000021d366472f8 .functor BUFZ 1, C4<z>; HiZ drive
v0000021d36646e70_0 .net "hit2", 0 0, o0000021d366472f8;  0 drivers
v0000021d36646970_0 .var "lwstalld", 0 0;
v0000021d366466f0_0 .var "lwstalle", 0 0;
o0000021d36647388 .functor BUFZ 1, C4<z>; HiZ drive
v0000021d36646330_0 .net "memtorege", 0 0, o0000021d36647388;  0 drivers
o0000021d366473b8 .functor BUFZ 1, C4<z>; HiZ drive
v0000021d36645cf0_0 .net "memtorege2", 0 0, o0000021d366473b8;  0 drivers
o0000021d366473e8 .functor BUFZ 1, C4<z>; HiZ drive
v0000021d36645930_0 .net "memtoregm", 0 0, o0000021d366473e8;  0 drivers
o0000021d36647418 .functor BUFZ 1, C4<z>; HiZ drive
v0000021d366454d0_0 .net "memtoregm2", 0 0, o0000021d36647418;  0 drivers
o0000021d36647448 .functor BUFZ 1, C4<z>; HiZ drive
v0000021d36645c50_0 .net "memwritee", 0 0, o0000021d36647448;  0 drivers
o0000021d36647478 .functor BUFZ 1, C4<z>; HiZ drive
v0000021d36645d90_0 .net "memwritee2", 0 0, o0000021d36647478;  0 drivers
o0000021d366474a8 .functor BUFZ 1, C4<z>; HiZ drive
v0000021d36644fd0_0 .net "memwritem", 0 0, o0000021d366474a8;  0 drivers
o0000021d366474d8 .functor BUFZ 1, C4<z>; HiZ drive
v0000021d36646ab0_0 .net "memwritem2", 0 0, o0000021d366474d8;  0 drivers
o0000021d36647508 .functor BUFZ 1, C4<z>; HiZ drive
v0000021d36646830_0 .net "miss", 0 0, o0000021d36647508;  0 drivers
o0000021d36647538 .functor BUFZ 1, C4<z>; HiZ drive
v0000021d36645f70_0 .net "miss2", 0 0, o0000021d36647538;  0 drivers
o0000021d36647568 .functor BUFZ 1, C4<z>; HiZ drive
v0000021d36645750_0 .net "multen", 0 0, o0000021d36647568;  0 drivers
o0000021d36647598 .functor BUFZ 1, C4<z>; HiZ drive
v0000021d36646790_0 .net "multen2", 0 0, o0000021d36647598;  0 drivers
o0000021d366475c8 .functor BUFZ 1, C4<z>; HiZ drive
v0000021d36646b50_0 .net "multready", 0 0, o0000021d366475c8;  0 drivers
o0000021d366475f8 .functor BUFZ 1, C4<z>; HiZ drive
v0000021d366460b0_0 .net "multready2", 0 0, o0000021d366475f8;  0 drivers
o0000021d36647628 .functor BUFZ 1, C4<z>; HiZ drive
v0000021d36646bf0_0 .net "regwritee", 0 0, o0000021d36647628;  0 drivers
o0000021d36647658 .functor BUFZ 1, C4<z>; HiZ drive
v0000021d36645890_0 .net "regwritee2", 0 0, o0000021d36647658;  0 drivers
o0000021d36647688 .functor BUFZ 1, C4<z>; HiZ drive
v0000021d36646150_0 .net "regwritem", 0 0, o0000021d36647688;  0 drivers
o0000021d366476b8 .functor BUFZ 1, C4<z>; HiZ drive
v0000021d36646d30_0 .net "regwritem2", 0 0, o0000021d366476b8;  0 drivers
o0000021d366476e8 .functor BUFZ 1, C4<z>; HiZ drive
v0000021d36645570_0 .net "regwritew", 0 0, o0000021d366476e8;  0 drivers
o0000021d36647718 .functor BUFZ 1, C4<z>; HiZ drive
v0000021d36645430_0 .net "regwritew2", 0 0, o0000021d36647718;  0 drivers
o0000021d36647748 .functor BUFZ 5, C4<zzzzz>; HiZ drive
v0000021d36646470_0 .net "rsd", 4 0, o0000021d36647748;  0 drivers
o0000021d36647778 .functor BUFZ 5, C4<zzzzz>; HiZ drive
v0000021d36646510_0 .net "rsd2", 4 0, o0000021d36647778;  0 drivers
o0000021d366477a8 .functor BUFZ 5, C4<zzzzz>; HiZ drive
v0000021d36645250_0 .net "rse", 4 0, o0000021d366477a8;  0 drivers
o0000021d366477d8 .functor BUFZ 5, C4<zzzzz>; HiZ drive
v0000021d36645390_0 .net "rse2", 4 0, o0000021d366477d8;  0 drivers
o0000021d36647808 .functor BUFZ 5, C4<zzzzz>; HiZ drive
v0000021d36645610_0 .net "rtd", 4 0, o0000021d36647808;  0 drivers
o0000021d36647838 .functor BUFZ 5, C4<zzzzz>; HiZ drive
v0000021d36612830_0 .net "rtd2", 4 0, o0000021d36647838;  0 drivers
o0000021d36647868 .functor BUFZ 5, C4<zzzzz>; HiZ drive
v0000021d36612bf0_0 .net "rte", 4 0, o0000021d36647868;  0 drivers
o0000021d36647898 .functor BUFZ 5, C4<zzzzz>; HiZ drive
v0000021d366a0530_0 .net "rte2", 4 0, o0000021d36647898;  0 drivers
v0000021d366a0850_0 .var "stalld", 0 0;
v0000021d3669f450_0 .var "stalld2", 0 0;
v0000021d3669fbd0_0 .var "stalle", 0 0;
v0000021d3669ed70_0 .var "stalle2", 0 0;
v0000021d3669f590_0 .var "stallf", 0 0;
v0000021d3669f310_0 .var "stallf2", 0 0;
v0000021d3669fdb0_0 .var "stallm", 0 0;
v0000021d3669ef50_0 .var "stallm2", 0 0;
v0000021d366a08f0_0 .var "stallw", 0 0;
v0000021d3669f9f0_0 .var "stallw2", 0 0;
v0000021d366a02b0_0 .var "swstalle", 0 0;
v0000021d3669ee10_0 .var "we2", 0 0;
v0000021d3669ff90_0 .var "we2_2", 0 0;
v0000021d366a0030_0 .var "we3", 0 0;
v0000021d3669f630_0 .var "we3_2", 0 0;
o0000021d36647b98 .functor BUFZ 5, C4<zzzzz>; HiZ drive
v0000021d3669eeb0_0 .net "writerege", 4 0, o0000021d36647b98;  0 drivers
o0000021d36647bc8 .functor BUFZ 5, C4<zzzzz>; HiZ drive
v0000021d366a00d0_0 .net "writerege2", 4 0, o0000021d36647bc8;  0 drivers
o0000021d36647bf8 .functor BUFZ 5, C4<zzzzz>; HiZ drive
v0000021d3669f270_0 .net "writeregm", 4 0, o0000021d36647bf8;  0 drivers
o0000021d36647c28 .functor BUFZ 5, C4<zzzzz>; HiZ drive
v0000021d3669f3b0_0 .net "writeregm2", 4 0, o0000021d36647c28;  0 drivers
o0000021d36647c58 .functor BUFZ 5, C4<zzzzz>; HiZ drive
v0000021d3669fc70_0 .net "writeregw", 4 0, o0000021d36647c58;  0 drivers
o0000021d36647c88 .functor BUFZ 5, C4<zzzzz>; HiZ drive
v0000021d3669fa90_0 .net "writeregw2", 4 0, o0000021d36647c88;  0 drivers
E_0000021d36640700/0 .event anyedge, v0000021d3669ef50_0, v0000021d3669f3b0_0, v0000021d366454d0_0, v0000021d36646510_0;
E_0000021d36640700/1 .event anyedge, v0000021d366a00d0_0, v0000021d36645890_0, v0000021d366451b0_0, v0000021d36612830_0;
E_0000021d36640700/2 .event anyedge, v0000021d366a0530_0, v0000021d36645390_0, v0000021d36645d90_0, v0000021d36645cf0_0;
E_0000021d36640700/3 .event anyedge, v0000021d3669fdb0_0, v0000021d3669f270_0, v0000021d36645930_0, v0000021d36646470_0;
E_0000021d36640700/4 .event anyedge, v0000021d3669eeb0_0, v0000021d36646bf0_0, v0000021d36645e30_0, v0000021d36645610_0;
E_0000021d36640700/5 .event anyedge, v0000021d36612bf0_0, v0000021d36645250_0, v0000021d36645c50_0, v0000021d36646330_0;
E_0000021d36640700 .event/or E_0000021d36640700/0, E_0000021d36640700/1, E_0000021d36640700/2, E_0000021d36640700/3, E_0000021d36640700/4, E_0000021d36640700/5;
E_0000021d36640040/0 .event anyedge, v0000021d36644fd0_0, v0000021d36645930_0;
E_0000021d36640040/1 .event posedge, v0000021d366468d0_0;
E_0000021d36640040 .event/or E_0000021d36640040/0, E_0000021d36640040/1;
E_0000021d36640cc0/0 .event anyedge, v0000021d36646bf0_0, v0000021d36645570_0, v0000021d3669fc70_0, v0000021d36646150_0;
E_0000021d36640cc0/1 .event anyedge, v0000021d3669f270_0, v0000021d366a0530_0, v0000021d36612bf0_0, v0000021d36645390_0;
E_0000021d36640cc0/2 .event anyedge, v0000021d36645250_0;
E_0000021d36640cc0 .event/or E_0000021d36640cc0/0, E_0000021d36640cc0/1, E_0000021d36640cc0/2;
E_0000021d36640740/0 .event anyedge, v0000021d36646d30_0, v0000021d3669f3b0_0, v0000021d36646150_0, v0000021d3669f270_0;
E_0000021d36640740/1 .event anyedge, v0000021d36612830_0, v0000021d36645610_0, v0000021d36646510_0, v0000021d36646470_0;
E_0000021d36640740 .event/or E_0000021d36640740/0, E_0000021d36640740/1;
    .scope S_0000021d365e29c0;
T_0 ;
    %pushi/vec4 20, 0, 6;
    %store/vec4 v0000021d366461f0_0, 0, 6;
    %end;
    .thread T_0;
    .scope S_0000021d365e29c0;
T_1 ;
    %pushi/vec4 20, 0, 6;
    %assign/vec4 v0000021d366461f0_0, 0;
    %pushi/vec4 0, 0, 1;
    %assign/vec4 v0000021d36646970_0, 0;
    %pushi/vec4 0, 0, 1;
    %assign/vec4 v0000021d36646010_0, 0;
    %pushi/vec4 0, 0, 1;
    %assign/vec4 v0000021d36646290_0, 0;
    %pushi/vec4 0, 0, 1;
    %assign/vec4 v0000021d366a0850_0, 0;
    %pushi/vec4 0, 0, 1;
    %assign/vec4 v0000021d3669f590_0, 0;
    %pushi/vec4 0, 0, 1;
    %assign/vec4 v0000021d3669fbd0_0, 0;
    %pushi/vec4 0, 0, 1;
    %assign/vec4 v0000021d3669fdb0_0, 0;
    %pushi/vec4 0, 0, 1;
    %assign/vec4 v0000021d366a08f0_0, 0;
    %pushi/vec4 0, 0, 1;
    %assign/vec4 v0000021d366466f0_0, 0;
    %pushi/vec4 0, 0, 1;
    %assign/vec4 v0000021d366a02b0_0, 0;
    %pushi/vec4 0, 0, 1;
    %assign/vec4 v0000021d3669ee10_0, 0;
    %pushi/vec4 0, 0, 1;
    %assign/vec4 v0000021d366a0030_0, 0;
    %pushi/vec4 0, 0, 2;
    %assign/vec4 v0000021d36645a70_0, 0;
    %pushi/vec4 0, 0, 2;
    %assign/vec4 v0000021d36645110_0, 0;
    %pushi/vec4 0, 0, 3;
    %assign/vec4 v0000021d366465b0_0, 0;
    %pushi/vec4 0, 0, 3;
    %assign/vec4 v0000021d36646a10_0, 0;
    %pushi/vec4 0, 0, 1;
    %assign/vec4 v0000021d36646dd0_0, 0;
    %pushi/vec4 0, 0, 1;
    %assign/vec4 v0000021d3669f450_0, 0;
    %pushi/vec4 0, 0, 1;
    %assign/vec4 v0000021d3669f310_0, 0;
    %pushi/vec4 0, 0, 1;
    %assign/vec4 v0000021d3669ed70_0, 0;
    %pushi/vec4 0, 0, 1;
    %assign/vec4 v0000021d3669ef50_0, 0;
    %pushi/vec4 0, 0, 1;
    %assign/vec4 v0000021d3669f9f0_0, 0;
    %pushi/vec4 0, 0, 1;
    %assign/vec4 v0000021d3669ff90_0, 0;
    %pushi/vec4 0, 0, 1;
    %assign/vec4 v0000021d3669f630_0, 0;
    %pushi/vec4 0, 0, 2;
    %assign/vec4 v0000021d366456b0_0, 0;
    %pushi/vec4 0, 0, 2;
    %assign/vec4 v0000021d36645b10_0, 0;
    %pushi/vec4 0, 0, 3;
    %assign/vec4 v0000021d36645070_0, 0;
    %pushi/vec4 0, 0, 3;
    %assign/vec4 v0000021d366463d0_0, 0;
    %end;
    .thread T_1;
    .scope S_0000021d365e29c0;
T_2 ;
    %wait E_0000021d36640740;
    %pushi/vec4 0, 0, 2;
    %assign/vec4 v0000021d36645a70_0, 0;
    %pushi/vec4 0, 0, 2;
    %assign/vec4 v0000021d36645110_0, 0;
    %pushi/vec4 0, 0, 2;
    %assign/vec4 v0000021d366456b0_0, 0;
    %pushi/vec4 0, 0, 2;
    %assign/vec4 v0000021d36645b10_0, 0;
    %load/vec4 v0000021d36646470_0;
    %pad/u 32;
    %pushi/vec4 0, 0, 32;
    %cmp/ne;
    %flag_get/vec4 4;
    %load/vec4 v0000021d36646470_0;
    %load/vec4 v0000021d3669f270_0;
    %cmp/e;
    %flag_get/vec4 4;
    %and;
    %load/vec4 v0000021d36646150_0;
    %and;
    %flag_set/vec4 8;
    %jmp/0xz  T_2.0, 8;
    %pushi/vec4 1, 0, 2;
    %assign/vec4 v0000021d36645a70_0, 0;
    %jmp T_2.1;
T_2.0 ;
    %load/vec4 v0000021d36645610_0;
    %pad/u 32;
    %pushi/vec4 0, 0, 32;
    %cmp/ne;
    %flag_get/vec4 4;
    %load/vec4 v0000021d36645610_0;
    %load/vec4 v0000021d3669f270_0;
    %cmp/e;
    %flag_get/vec4 4;
    %and;
    %load/vec4 v0000021d36646150_0;
    %and;
    %flag_set/vec4 8;
    %jmp/0xz  T_2.2, 8;
    %pushi/vec4 1, 0, 2;
    %assign/vec4 v0000021d36645110_0, 0;
T_2.2 ;
T_2.1 ;
    %load/vec4 v0000021d36646470_0;
    %pad/u 32;
    %pushi/vec4 0, 0, 32;
    %cmp/ne;
    %flag_get/vec4 4;
    %load/vec4 v0000021d36646470_0;
    %load/vec4 v0000021d3669f3b0_0;
    %cmp/e;
    %flag_get/vec4 4;
    %and;
    %load/vec4 v0000021d36646d30_0;
    %and;
    %flag_set/vec4 8;
    %jmp/0xz  T_2.4, 8;
    %pushi/vec4 2, 0, 2;
    %assign/vec4 v0000021d36645a70_0, 0;
    %jmp T_2.5;
T_2.4 ;
    %load/vec4 v0000021d36645610_0;
    %pad/u 32;
    %pushi/vec4 0, 0, 32;
    %cmp/ne;
    %flag_get/vec4 4;
    %load/vec4 v0000021d36645610_0;
    %load/vec4 v0000021d3669f3b0_0;
    %cmp/e;
    %flag_get/vec4 4;
    %and;
    %load/vec4 v0000021d36646d30_0;
    %and;
    %flag_set/vec4 8;
    %jmp/0xz  T_2.6, 8;
    %pushi/vec4 2, 0, 2;
    %assign/vec4 v0000021d36645110_0, 0;
T_2.6 ;
T_2.5 ;
    %load/vec4 v0000021d36646510_0;
    %pad/u 32;
    %pushi/vec4 0, 0, 32;
    %cmp/ne;
    %flag_get/vec4 4;
    %load/vec4 v0000021d36646510_0;
    %load/vec4 v0000021d3669f270_0;
    %cmp/e;
    %flag_get/vec4 4;
    %and;
    %load/vec4 v0000021d36646150_0;
    %and;
    %flag_set/vec4 8;
    %jmp/0xz  T_2.8, 8;
    %pushi/vec4 2, 0, 2;
    %assign/vec4 v0000021d366456b0_0, 0;
    %jmp T_2.9;
T_2.8 ;
    %load/vec4 v0000021d36612830_0;
    %pad/u 32;
    %pushi/vec4 0, 0, 32;
    %cmp/ne;
    %flag_get/vec4 4;
    %load/vec4 v0000021d36612830_0;
    %load/vec4 v0000021d3669f270_0;
    %cmp/e;
    %flag_get/vec4 4;
    %and;
    %load/vec4 v0000021d36646150_0;
    %and;
    %flag_set/vec4 8;
    %jmp/0xz  T_2.10, 8;
    %pushi/vec4 2, 0, 2;
    %assign/vec4 v0000021d36645b10_0, 0;
T_2.10 ;
T_2.9 ;
    %load/vec4 v0000021d36646510_0;
    %pad/u 32;
    %pushi/vec4 0, 0, 32;
    %cmp/ne;
    %flag_get/vec4 4;
    %load/vec4 v0000021d36646510_0;
    %load/vec4 v0000021d3669f3b0_0;
    %cmp/e;
    %flag_get/vec4 4;
    %and;
    %load/vec4 v0000021d36646d30_0;
    %and;
    %flag_set/vec4 8;
    %jmp/0xz  T_2.12, 8;
    %pushi/vec4 1, 0, 2;
    %assign/vec4 v0000021d366456b0_0, 0;
    %jmp T_2.13;
T_2.12 ;
    %load/vec4 v0000021d36612830_0;
    %pad/u 32;
    %pushi/vec4 0, 0, 32;
    %cmp/ne;
    %flag_get/vec4 4;
    %load/vec4 v0000021d36612830_0;
    %load/vec4 v0000021d3669f3b0_0;
    %cmp/e;
    %flag_get/vec4 4;
    %and;
    %load/vec4 v0000021d36646d30_0;
    %and;
    %flag_set/vec4 8;
    %jmp/0xz  T_2.14, 8;
    %pushi/vec4 1, 0, 2;
    %assign/vec4 v0000021d36645b10_0, 0;
T_2.14 ;
T_2.13 ;
    %jmp T_2;
    .thread T_2, $push;
    .scope S_0000021d365e29c0;
T_3 ;
    %wait E_0000021d36640cc0;
    %pushi/vec4 0, 0, 3;
    %assign/vec4 v0000021d366465b0_0, 0;
    %pushi/vec4 0, 0, 3;
    %assign/vec4 v0000021d36646a10_0, 0;
    %pushi/vec4 0, 0, 3;
    %assign/vec4 v0000021d36645070_0, 0;
    %pushi/vec4 0, 0, 3;
    %assign/vec4 v0000021d366463d0_0, 0;
    %load/vec4 v0000021d36645250_0;
    %load/vec4 v0000021d3669f3b0_0;
    %cmp/e;
    %flag_get/vec4 4;
    %load/vec4 v0000021d36646d30_0;
    %and;
    %flag_set/vec4 8;
    %jmp/0xz  T_3.0, 8;
    %pushi/vec4 3, 0, 3;
    %assign/vec4 v0000021d366465b0_0, 0;
    %jmp T_3.1;
T_3.0 ;
    %load/vec4 v0000021d36645250_0;
    %load/vec4 v0000021d3669f270_0;
    %cmp/e;
    %flag_get/vec4 4;
    %load/vec4 v0000021d36646150_0;
    %and;
    %flag_set/vec4 8;
    %jmp/0xz  T_3.2, 8;
    %pushi/vec4 2, 0, 3;
    %assign/vec4 v0000021d366465b0_0, 0;
    %jmp T_3.3;
T_3.2 ;
    %load/vec4 v0000021d36645250_0;
    %load/vec4 v0000021d3669fa90_0;
    %cmp/e;
    %flag_get/vec4 4;
    %load/vec4 v0000021d36645430_0;
    %and;
    %flag_set/vec4 8;
    %jmp/0xz  T_3.4, 8;
    %pushi/vec4 4, 0, 3;
    %assign/vec4 v0000021d366465b0_0, 0;
    %jmp T_3.5;
T_3.4 ;
    %load/vec4 v0000021d36645250_0;
    %load/vec4 v0000021d3669fc70_0;
    %cmp/e;
    %flag_get/vec4 4;
    %load/vec4 v0000021d36645570_0;
    %and;
    %flag_set/vec4 8;
    %jmp/0xz  T_3.6, 8;
    %pushi/vec4 1, 0, 3;
    %assign/vec4 v0000021d366465b0_0, 0;
T_3.6 ;
T_3.5 ;
T_3.3 ;
T_3.1 ;
    %load/vec4 v0000021d36645390_0;
    %load/vec4 v0000021d3669eeb0_0;
    %cmp/e;
    %flag_get/vec4 4;
    %load/vec4 v0000021d36646bf0_0;
    %and;
    %flag_set/vec4 8;
    %jmp/0xz  T_3.8, 8;
    %pushi/vec4 3, 0, 3;
    %assign/vec4 v0000021d36645070_0, 0;
    %jmp T_3.9;
T_3.8 ;
    %load/vec4 v0000021d36645390_0;
    %load/vec4 v0000021d3669f3b0_0;
    %cmp/e;
    %flag_get/vec4 4;
    %load/vec4 v0000021d36646d30_0;
    %and;
    %flag_set/vec4 8;
    %jmp/0xz  T_3.10, 8;
    %pushi/vec4 2, 0, 3;
    %assign/vec4 v0000021d36645070_0, 0;
    %jmp T_3.11;
T_3.10 ;
    %load/vec4 v0000021d36645390_0;
    %load/vec4 v0000021d3669f270_0;
    %cmp/e;
    %flag_get/vec4 4;
    %load/vec4 v0000021d36646150_0;
    %and;
    %flag_set/vec4 8;
    %jmp/0xz  T_3.12, 8;
    %pushi/vec4 4, 0, 3;
    %assign/vec4 v0000021d36645070_0, 0;
    %jmp T_3.13;
T_3.12 ;
    %load/vec4 v0000021d36645390_0;
    %load/vec4 v0000021d3669fa90_0;
    %cmp/e;
    %flag_get/vec4 4;
    %load/vec4 v0000021d36645430_0;
    %and;
    %flag_set/vec4 8;
    %jmp/0xz  T_3.14, 8;
    %pushi/vec4 1, 0, 3;
    %assign/vec4 v0000021d36645070_0, 0;
    %jmp T_3.15;
T_3.14 ;
    %load/vec4 v0000021d36645390_0;
    %load/vec4 v0000021d3669fc70_0;
    %cmp/e;
    %flag_get/vec4 4;
    %load/vec4 v0000021d36645570_0;
    %and;
    %flag_set/vec4 8;
    %jmp/0xz  T_3.16, 8;
    %pushi/vec4 5, 0, 3;
    %assign/vec4 v0000021d36645070_0, 0;
T_3.16 ;
T_3.15 ;
T_3.13 ;
T_3.11 ;
T_3.9 ;
    %load/vec4 v0000021d36612bf0_0;
    %load/vec4 v0000021d3669f3b0_0;
    %cmp/e;
    %flag_get/vec4 4;
    %load/vec4 v0000021d36646d30_0;
    %and;
    %flag_set/vec4 8;
    %jmp/0xz  T_3.18, 8;
    %pushi/vec4 3, 0, 3;
    %assign/vec4 v0000021d36646a10_0, 0;
    %jmp T_3.19;
T_3.18 ;
    %load/vec4 v0000021d36612bf0_0;
    %load/vec4 v0000021d3669f270_0;
    %cmp/e;
    %flag_get/vec4 4;
    %load/vec4 v0000021d36646150_0;
    %and;
    %flag_set/vec4 8;
    %jmp/0xz  T_3.20, 8;
    %pushi/vec4 2, 0, 3;
    %assign/vec4 v0000021d36646a10_0, 0;
    %jmp T_3.21;
T_3.20 ;
    %load/vec4 v0000021d36612bf0_0;
    %load/vec4 v0000021d3669fa90_0;
    %cmp/e;
    %flag_get/vec4 4;
    %load/vec4 v0000021d36645430_0;
    %and;
    %flag_set/vec4 8;
    %jmp/0xz  T_3.22, 8;
    %pushi/vec4 4, 0, 3;
    %assign/vec4 v0000021d36646a10_0, 0;
    %jmp T_3.23;
T_3.22 ;
    %load/vec4 v0000021d36612bf0_0;
    %load/vec4 v0000021d3669fc70_0;
    %cmp/e;
    %flag_get/vec4 4;
    %load/vec4 v0000021d36645570_0;
    %and;
    %flag_set/vec4 8;
    %jmp/0xz  T_3.24, 8;
    %pushi/vec4 1, 0, 3;
    %assign/vec4 v0000021d36646a10_0, 0;
T_3.24 ;
T_3.23 ;
T_3.21 ;
T_3.19 ;
    %load/vec4 v0000021d366a0530_0;
    %load/vec4 v0000021d3669eeb0_0;
    %cmp/e;
    %flag_get/vec4 4;
    %load/vec4 v0000021d36646bf0_0;
    %and;
    %flag_set/vec4 8;
    %jmp/0xz  T_3.26, 8;
    %pushi/vec4 3, 0, 3;
    %assign/vec4 v0000021d366463d0_0, 0;
    %jmp T_3.27;
T_3.26 ;
    %load/vec4 v0000021d366a0530_0;
    %load/vec4 v0000021d3669f3b0_0;
    %cmp/e;
    %flag_get/vec4 4;
    %load/vec4 v0000021d36646d30_0;
    %and;
    %flag_set/vec4 8;
    %jmp/0xz  T_3.28, 8;
    %pushi/vec4 2, 0, 3;
    %assign/vec4 v0000021d366463d0_0, 0;
    %jmp T_3.29;
T_3.28 ;
    %load/vec4 v0000021d366a0530_0;
    %load/vec4 v0000021d3669f270_0;
    %cmp/e;
    %flag_get/vec4 4;
    %load/vec4 v0000021d36646150_0;
    %and;
    %flag_set/vec4 8;
    %jmp/0xz  T_3.30, 8;
    %pushi/vec4 4, 0, 3;
    %assign/vec4 v0000021d366463d0_0, 0;
    %jmp T_3.31;
T_3.30 ;
    %load/vec4 v0000021d366a0530_0;
    %load/vec4 v0000021d3669fa90_0;
    %cmp/e;
    %flag_get/vec4 4;
    %load/vec4 v0000021d36645430_0;
    %and;
    %flag_set/vec4 8;
    %jmp/0xz  T_3.32, 8;
    %pushi/vec4 1, 0, 3;
    %assign/vec4 v0000021d366463d0_0, 0;
    %jmp T_3.33;
T_3.32 ;
    %load/vec4 v0000021d366a0530_0;
    %load/vec4 v0000021d3669fc70_0;
    %cmp/e;
    %flag_get/vec4 4;
    %load/vec4 v0000021d36645570_0;
    %and;
    %flag_set/vec4 8;
    %jmp/0xz  T_3.34, 8;
    %pushi/vec4 5, 0, 3;
    %assign/vec4 v0000021d366463d0_0, 0;
T_3.34 ;
T_3.33 ;
T_3.31 ;
T_3.29 ;
T_3.27 ;
    %jmp T_3;
    .thread T_3, $push;
    .scope S_0000021d365e29c0;
T_4 ;
    %wait E_0000021d36640040;
    %load/vec4 v0000021d36645930_0;
    %flag_set/vec4 9;
    %jmp/1 T_4.3, 9;
    %load/vec4 v0000021d36644fd0_0;
    %flag_set/vec4 10;
    %flag_or 9, 10;
T_4.3;
    %flag_get/vec4 9;
    %jmp/0 T_4.2, 9;
    %pushi/vec4 19, 0, 6;
    %load/vec4 v0000021d366461f0_0;
    %cmp/u;
    %flag_get/vec4 5;
    %and;
T_4.2;
    %flag_set/vec4 8;
    %jmp/0xz  T_4.0, 8;
    %pushi/vec4 1, 0, 1;
    %store/vec4 v0000021d3669fdb0_0, 0, 1;
    %load/vec4 v0000021d366461f0_0;
    %subi 1, 0, 6;
    %store/vec4 v0000021d366461f0_0, 0, 6;
    %jmp T_4.1;
T_4.0 ;
    %load/vec4 v0000021d36645930_0;
    %flag_set/vec4 9;
    %jmp/1 T_4.7, 9;
    %load/vec4 v0000021d36644fd0_0;
    %flag_set/vec4 10;
    %flag_or 9, 10;
T_4.7;
    %flag_get/vec4 9;
    %jmp/0 T_4.6, 9;
    %pushi/vec4 0, 0, 6;
    %load/vec4 v0000021d366461f0_0;
    %cmp/u;
    %flag_get/vec4 5;
    %and;
T_4.6;
    %flag_set/vec4 8;
    %jmp/0xz  T_4.4, 8;
    %load/vec4 v0000021d36646830_0;
    %flag_set/vec4 9;
    %jmp/1 T_4.13, 9;
    %load/vec4 v0000021d36645f70_0;
    %flag_set/vec4 10;
    %flag_or 9, 10;
T_4.13;
    %flag_get/vec4 9;
    %jmp/0 T_4.12, 9;
    %load/vec4 v0000021d366457f0_0;
    %and;
T_4.12;
    %flag_set/vec4 8;
    %jmp/1 T_4.11, 8;
    %load/vec4 v0000021d366461f0_0;
    %cmpi/u 18, 0, 6;
    %flag_or 5, 4; GT is !LE
    %flag_inv 5;
    %flag_or 8, 5;
T_4.11;
    %jmp/1 T_4.10, 8;
    %load/vec4 v0000021d36645ed0_0;
    %nor/r;
    %flag_set/vec4 11;
    %jmp/1 T_4.16, 11;
    %load/vec4 v0000021d36646e70_0;
    %nor/r;
    %flag_set/vec4 12;
    %flag_or 11, 12;
T_4.16;
    %flag_get/vec4 11;
    %jmp/0 T_4.15, 11;
    %load/vec4 v0000021d366457f0_0;
    %and;
T_4.15;
    %flag_set/vec4 10;
    %flag_get/vec4 10;
    %jmp/0 T_4.14, 10;
    %load/vec4 v0000021d36645930_0;
    %and;
T_4.14;
    %flag_set/vec4 9;
    %flag_or 8, 9;
T_4.10;
    %jmp/0xz  T_4.8, 8;
    %pushi/vec4 1, 0, 1;
    %store/vec4 v0000021d3669fdb0_0, 0, 1;
    %load/vec4 v0000021d366461f0_0;
    %subi 1, 0, 6;
    %store/vec4 v0000021d366461f0_0, 0, 6;
    %jmp T_4.9;
T_4.8 ;
    %load/vec4 v0000021d36646830_0;
    %flag_set/vec4 9;
    %jmp/1 T_4.20, 9;
    %load/vec4 v0000021d36645f70_0;
    %flag_set/vec4 10;
    %flag_or 9, 10;
T_4.20;
    %flag_get/vec4 9;
    %jmp/0 T_4.19, 9;
    %load/vec4 v0000021d366461f0_0;
    %pushi/vec4 1, 0, 6;
    %cmp/e;
    %flag_get/vec4 4;
    %and;
T_4.19;
    %flag_set/vec4 8;
    %jmp/0xz  T_4.17, 8;
    %pushi/vec4 1, 0, 1;
    %store/vec4 v0000021d3669ee10_0, 0, 1;
    %load/vec4 v0000021d366461f0_0;
    %subi 1, 0, 6;
    %store/vec4 v0000021d366461f0_0, 0, 6;
    %jmp T_4.18;
T_4.17 ;
    %load/vec4 v0000021d36645ed0_0;
    %nor/r;
    %flag_set/vec4 9;
    %jmp/1 T_4.24, 9;
    %load/vec4 v0000021d36646e70_0;
    %nor/r;
    %flag_set/vec4 10;
    %flag_or 9, 10;
T_4.24;
    %flag_get/vec4 9;
    %jmp/0 T_4.23, 9;
    %load/vec4 v0000021d366461f0_0;
    %pushi/vec4 1, 0, 6;
    %cmp/e;
    %flag_get/vec4 4;
    %and;
T_4.23;
    %flag_set/vec4 8;
    %jmp/0xz  T_4.21, 8;
    %pushi/vec4 1, 0, 1;
    %store/vec4 v0000021d366a0030_0, 0, 1;
    %load/vec4 v0000021d366461f0_0;
    %subi 1, 0, 6;
    %store/vec4 v0000021d366461f0_0, 0, 6;
    %jmp T_4.22;
T_4.21 ;
    %load/vec4 v0000021d36646830_0;
    %flag_set/vec4 8;
    %jmp/1 T_4.28, 8;
    %load/vec4 v0000021d36645f70_0;
    %flag_set/vec4 9;
    %flag_or 8, 9;
T_4.28;
    %jmp/1 T_4.27, 8;
    %load/vec4 v0000021d36645ed0_0;
    %nor/r;
    %flag_set/vec4 9;
    %jmp/1 T_4.29, 9;
    %load/vec4 v0000021d36646e70_0;
    %nor/r;
    %flag_set/vec4 10;
    %flag_or 9, 10;
T_4.29;
    %flag_or 8, 9;
T_4.27;
    %jmp/0xz  T_4.25, 8;
    %pushi/vec4 0, 0, 6;
    %store/vec4 v0000021d366461f0_0, 0, 6;
T_4.25 ;
T_4.22 ;
T_4.18 ;
T_4.9 ;
    %jmp T_4.5;
T_4.4 ;
    %pushi/vec4 0, 0, 1;
    %store/vec4 v0000021d3669ee10_0, 0, 1;
    %pushi/vec4 0, 0, 1;
    %store/vec4 v0000021d366a0030_0, 0, 1;
    %pushi/vec4 0, 0, 1;
    %store/vec4 v0000021d3669fdb0_0, 0, 1;
    %pushi/vec4 20, 0, 6;
    %store/vec4 v0000021d366461f0_0, 0, 6;
T_4.5 ;
T_4.1 ;
    %jmp T_4;
    .thread T_4;
    .scope S_0000021d365e29c0;
T_5 ;
    %wait E_0000021d36640700;
    %load/vec4 v0000021d36646330_0;
    %flag_set/vec4 9;
    %flag_get/vec4 9;
    %jmp/0 T_5.1, 9;
    %load/vec4 v0000021d36612bf0_0;
    %load/vec4 v0000021d36646470_0;
    %cmp/e;
    %flag_get/vec4 4;
    %jmp/1 T_5.2, 4;
    %load/vec4 v0000021d36612bf0_0;
    %load/vec4 v0000021d36645610_0;
    %cmp/e;
    %flag_get/vec4 4;
    %or;
T_5.2;
    %and;
T_5.1;
    %flag_set/vec4 8;
    %flag_get/vec4 8;
    %jmp/1 T_5.0, 8;
    %load/vec4 v0000021d36645cf0_0;
    %flag_set/vec4 8;
    %flag_get/vec4 8;
    %jmp/0 T_5.3, 8;
    %load/vec4 v0000021d366a0530_0;
    %load/vec4 v0000021d36646510_0;
    %cmp/e;
    %flag_get/vec4 4;
    %jmp/1 T_5.4, 4;
    %load/vec4 v0000021d366a0530_0;
    %load/vec4 v0000021d36612830_0;
    %cmp/e;
    %flag_get/vec4 4;
    %or;
T_5.4;
    %and;
T_5.3;
    %or;
T_5.0;
    %store/vec4 v0000021d36646970_0, 0, 1;
    %load/vec4 v0000021d36646330_0;
    %flag_set/vec4 9;
    %flag_get/vec4 9;
    %jmp/0 T_5.6, 9;
    %load/vec4 v0000021d36645cf0_0;
    %and;
T_5.6;
    %flag_set/vec4 8;
    %flag_get/vec4 8;
    %jmp/0 T_5.5, 8;
    %load/vec4 v0000021d36645930_0;
    %nor/r;
    %and;
T_5.5;
    %store/vec4 v0000021d366466f0_0, 0, 1;
    %load/vec4 v0000021d36645c50_0;
    %flag_set/vec4 9;
    %flag_get/vec4 9;
    %jmp/0 T_5.8, 9;
    %load/vec4 v0000021d36645d90_0;
    %and;
T_5.8;
    %flag_set/vec4 8;
    %flag_get/vec4 8;
    %jmp/0 T_5.7, 8;
    %load/vec4 v0000021d36644fd0_0;
    %nor/r;
    %and;
T_5.7;
    %store/vec4 v0000021d366a02b0_0, 0, 1;
    %load/vec4 v0000021d36645e30_0;
    %flag_set/vec4 9;
    %flag_get/vec4 9;
    %jmp/0 T_5.12, 9;
    %load/vec4 v0000021d36646bf0_0;
    %flag_set/vec4 9;
    %flag_get/vec4 9;
    %jmp/0 T_5.13, 9;
    %load/vec4 v0000021d3669eeb0_0;
    %load/vec4 v0000021d36646470_0;
    %cmp/e;
    %flag_get/vec4 4;
    %jmp/1 T_5.14, 4;
    %load/vec4 v0000021d3669eeb0_0;
    %load/vec4 v0000021d36645610_0;
    %cmp/e;
    %flag_get/vec4 4;
    %or;
T_5.14;
    %and;
T_5.13;
    %and;
T_5.12;
    %flag_set/vec4 8;
    %jmp/1 T_5.11, 8;
    %load/vec4 v0000021d36645e30_0;
    %flag_set/vec4 10;
    %flag_get/vec4 10;
    %jmp/0 T_5.15, 10;
    %load/vec4 v0000021d36645890_0;
    %flag_set/vec4 10;
    %flag_get/vec4 10;
    %jmp/0 T_5.16, 10;
    %load/vec4 v0000021d366a00d0_0;
    %load/vec4 v0000021d36646470_0;
    %cmp/e;
    %flag_get/vec4 4;
    %jmp/1 T_5.17, 4;
    %load/vec4 v0000021d366a00d0_0;
    %load/vec4 v0000021d36645610_0;
    %cmp/e;
    %flag_get/vec4 4;
    %or;
T_5.17;
    %and;
T_5.16;
    %and;
T_5.15;
    %flag_set/vec4 9;
    %flag_or 8, 9;
T_5.11;
    %jmp/1 T_5.10, 8;
    %load/vec4 v0000021d366451b0_0;
    %flag_set/vec4 10;
    %flag_get/vec4 10;
    %jmp/0 T_5.18, 10;
    %load/vec4 v0000021d36646bf0_0;
    %flag_set/vec4 10;
    %flag_get/vec4 10;
    %jmp/0 T_5.19, 10;
    %load/vec4 v0000021d3669eeb0_0;
    %load/vec4 v0000021d36646510_0;
    %cmp/e;
    %flag_get/vec4 4;
    %jmp/1 T_5.20, 4;
    %load/vec4 v0000021d3669eeb0_0;
    %load/vec4 v0000021d36612830_0;
    %cmp/e;
    %flag_get/vec4 4;
    %or;
T_5.20;
    %and;
T_5.19;
    %and;
T_5.18;
    %flag_set/vec4 9;
    %flag_or 8, 9;
T_5.10;
    %flag_get/vec4 8;
    %jmp/1 T_5.9, 8;
    %load/vec4 v0000021d366451b0_0;
    %flag_set/vec4 8;
    %flag_get/vec4 8;
    %jmp/0 T_5.21, 8;
    %load/vec4 v0000021d36645890_0;
    %flag_set/vec4 8;
    %flag_get/vec4 8;
    %jmp/0 T_5.22, 8;
    %load/vec4 v0000021d366a00d0_0;
    %load/vec4 v0000021d36646510_0;
    %cmp/e;
    %flag_get/vec4 4;
    %jmp/1 T_5.23, 4;
    %load/vec4 v0000021d366a00d0_0;
    %load/vec4 v0000021d36612830_0;
    %cmp/e;
    %flag_get/vec4 4;
    %or;
T_5.23;
    %and;
T_5.22;
    %and;
T_5.21;
    %or;
T_5.9;
    %store/vec4 v0000021d36646010_0, 0, 1;
    %load/vec4 v0000021d366466f0_0;
    %flag_set/vec4 8;
    %jmp/1 T_5.26, 8;
    %load/vec4 v0000021d366a02b0_0;
    %flag_set/vec4 9;
    %flag_or 8, 9;
T_5.26;
    %jmp/1 T_5.25, 8;
    %load/vec4 v0000021d3669fdb0_0;
    %flag_set/vec4 9;
    %flag_or 8, 9;
T_5.25;
    %flag_get/vec4 8;
    %jmp/1 T_5.24, 8;
    %load/vec4 v0000021d36645750_0;
    %flag_set/vec4 8;
    %flag_get/vec4 8;
    %jmp/0 T_5.27, 8;
    %load/vec4 v0000021d36646b50_0;
    %nor/r;
    %and;
T_5.27;
    %or;
T_5.24;
    %store/vec4 v0000021d3669fbd0_0, 0, 1;
    %load/vec4 v0000021d3669fdb0_0;
    %store/vec4 v0000021d366a08f0_0, 0, 1;
    %load/vec4 v0000021d36646970_0;
    %flag_set/vec4 8;
    %jmp/1 T_5.29, 8;
    %load/vec4 v0000021d36646010_0;
    %flag_set/vec4 9;
    %flag_or 8, 9;
T_5.29;
    %flag_get/vec4 8;
    %jmp/1 T_5.28, 8;
    %load/vec4 v0000021d3669fbd0_0;
    %or;
T_5.28;
    %store/vec4 v0000021d366a0850_0, 0, 1;
    %load/vec4 v0000021d366a0850_0;
    %store/vec4 v0000021d3669f590_0, 0, 1;
    %load/vec4 v0000021d36646010_0;
    %store/vec4 v0000021d36646290_0, 0, 1;
    %jmp T_5;
    .thread T_5, $push;
# The file index is used to find the file name in the following table.
:file_names 3;
    "N/A";
    "<interactive>";
    "hazardcontroller.v";
