#! /c/Source/iverilog-install/bin/vvp
:ivl_version "12.0 (devel)" "(s20150603-1539-g2693dd32b)";
:ivl_delay_selection "TYPICAL";
:vpi_time_precision + 0;
:vpi_module "C:\iverilog\lib\ivl\system.vpi";
:vpi_module "C:\iverilog\lib\ivl\vhdl_sys.vpi";
:vpi_module "C:\iverilog\lib\ivl\vhdl_textio.vpi";
:vpi_module "C:\iverilog\lib\ivl\v2005_math.vpi";
:vpi_module "C:\iverilog\lib\ivl\va_math.vpi";
S_0000022e50f229c0 .scope module, "mux3" "mux3" 2 1;
 .timescale 0 0;
    .port_info 0 /INPUT 8 "d0";
    .port_info 1 /INPUT 8 "d1";
    .port_info 2 /INPUT 8 "d2";
    .port_info 3 /INPUT 2 "s";
    .port_info 4 /OUTPUT 8 "y";
P_0000022e50e98f20 .param/l "WIDTH" 0 2 1, +C4<00000000000000000000000000001000>;
v0000022e50f22b50_0 .net *"_ivl_1", 0 0, L_0000022e50e9e920;  1 drivers
v0000022e50f22bf0_0 .net *"_ivl_3", 0 0, L_0000022e50e9e9c0;  1 drivers
v0000022e50f22c90_0 .net *"_ivl_4", 7 0, L_0000022e50e9ea60;  1 drivers
o0000022e50f57048 .functor BUFZ 8, C4<zzzzzzzz>; HiZ drive
v0000022e50f22d30_0 .net "d0", 7 0, o0000022e50f57048;  0 drivers
o0000022e50f57078 .functor BUFZ 8, C4<zzzzzzzz>; HiZ drive
v0000022e50e9e6a0_0 .net "d1", 7 0, o0000022e50f57078;  0 drivers
o0000022e50f570a8 .functor BUFZ 8, C4<zzzzzzzz>; HiZ drive
v0000022e50e9e740_0 .net "d2", 7 0, o0000022e50f570a8;  0 drivers
o0000022e50f570d8 .functor BUFZ 2, C4<zz>; HiZ drive
v0000022e50e9e7e0_0 .net "s", 1 0, o0000022e50f570d8;  0 drivers
v0000022e50e9e880_0 .net "y", 7 0, L_0000022e50e9eb00;  1 drivers
L_0000022e50e9e920 .part o0000022e50f570d8, 1, 1;
L_0000022e50e9e9c0 .part o0000022e50f570d8, 0, 1;
L_0000022e50e9ea60 .functor MUXZ 8, o0000022e50f57048, o0000022e50f57078, L_0000022e50e9e9c0, C4<>;
L_0000022e50e9eb00 .functor MUXZ 8, L_0000022e50e9ea60, o0000022e50f570a8, L_0000022e50e9e920, C4<>;
# The file index is used to find the file name in the following table.
:file_names 3;
    "N/A";
    "<interactive>";
    "mux3.v";
