#! /c/Source/iverilog-install/bin/vvp
:ivl_version "12.0 (devel)" "(s20150603-1539-g2693dd32b)";
:ivl_delay_selection "TYPICAL";
:vpi_time_precision + 0;
:vpi_module "C:\iverilog\lib\ivl\system.vpi";
:vpi_module "C:\iverilog\lib\ivl\vhdl_sys.vpi";
:vpi_module "C:\iverilog\lib\ivl\vhdl_textio.vpi";
:vpi_module "C:\iverilog\lib\ivl\v2005_math.vpi";
:vpi_module "C:\iverilog\lib\ivl\va_math.vpi";
S_0000020efcfd2ad0 .scope module, "mux6" "mux6" 2 1;
 .timescale 0 0;
    .port_info 0 /INPUT 8 "d0";
    .port_info 1 /INPUT 8 "d1";
    .port_info 2 /INPUT 8 "d2";
    .port_info 3 /INPUT 8 "d3";
    .port_info 4 /INPUT 8 "d4";
    .port_info 5 /INPUT 8 "d5";
    .port_info 6 /INPUT 3 "s";
    .port_info 7 /OUTPUT 8 "y";
P_0000020efd0dc970 .param/l "WIDTH" 0 2 1, +C4<00000000000000000000000000001000>;
o0000020efd006f98 .functor BUFZ 8, C4<zzzzzzzz>; HiZ drive
v0000020efcfd2c60_0 .net "d0", 7 0, o0000020efd006f98;  0 drivers
o0000020efd006fc8 .functor BUFZ 8, C4<zzzzzzzz>; HiZ drive
v0000020efcfd2d00_0 .net "d1", 7 0, o0000020efd006fc8;  0 drivers
o0000020efd006ff8 .functor BUFZ 8, C4<zzzzzzzz>; HiZ drive
v0000020efcfd2da0_0 .net "d2", 7 0, o0000020efd006ff8;  0 drivers
o0000020efd007028 .functor BUFZ 8, C4<zzzzzzzz>; HiZ drive
v0000020efd002740_0 .net "d3", 7 0, o0000020efd007028;  0 drivers
o0000020efd007058 .functor BUFZ 8, C4<zzzzzzzz>; HiZ drive
v0000020efd0027e0_0 .net "d4", 7 0, o0000020efd007058;  0 drivers
o0000020efd007088 .functor BUFZ 8, C4<zzzzzzzz>; HiZ drive
v0000020efd002880_0 .net "d5", 7 0, o0000020efd007088;  0 drivers
o0000020efd0070b8 .functor BUFZ 3, C4<zzz>; HiZ drive
v0000020efd002920_0 .net "s", 2 0, o0000020efd0070b8;  0 drivers
v0000020efd0029c0_0 .var "y", 7 0;
E_0000020efd0dc070/0 .event anyedge, v0000020efd002920_0, v0000020efcfd2c60_0, v0000020efcfd2d00_0, v0000020efcfd2da0_0;
E_0000020efd0dc070/1 .event anyedge, v0000020efd002740_0, v0000020efd0027e0_0, v0000020efd002880_0;
E_0000020efd0dc070 .event/or E_0000020efd0dc070/0, E_0000020efd0dc070/1;
    .scope S_0000020efcfd2ad0;
T_0 ;
    %wait E_0000020efd0dc070;
    %load/vec4 v0000020efd002920_0;
    %dup/vec4;
    %pushi/vec4 0, 0, 3;
    %cmp/u;
    %jmp/1 T_0.0, 6;
    %dup/vec4;
    %pushi/vec4 1, 0, 3;
    %cmp/u;
    %jmp/1 T_0.1, 6;
    %dup/vec4;
    %pushi/vec4 2, 0, 3;
    %cmp/u;
    %jmp/1 T_0.2, 6;
    %dup/vec4;
    %pushi/vec4 3, 0, 3;
    %cmp/u;
    %jmp/1 T_0.3, 6;
    %dup/vec4;
    %pushi/vec4 4, 0, 3;
    %cmp/u;
    %jmp/1 T_0.4, 6;
    %dup/vec4;
    %pushi/vec4 5, 0, 3;
    %cmp/u;
    %jmp/1 T_0.5, 6;
    %jmp T_0.6;
T_0.0 ;
    %load/vec4 v0000020efcfd2c60_0;
    %assign/vec4 v0000020efd0029c0_0, 0;
    %jmp T_0.6;
T_0.1 ;
    %load/vec4 v0000020efcfd2d00_0;
    %assign/vec4 v0000020efd0029c0_0, 0;
    %jmp T_0.6;
T_0.2 ;
    %load/vec4 v0000020efcfd2da0_0;
    %assign/vec4 v0000020efd0029c0_0, 0;
    %jmp T_0.6;
T_0.3 ;
    %load/vec4 v0000020efd002740_0;
    %assign/vec4 v0000020efd0029c0_0, 0;
    %jmp T_0.6;
T_0.4 ;
    %load/vec4 v0000020efd0027e0_0;
    %assign/vec4 v0000020efd0029c0_0, 0;
    %jmp T_0.6;
T_0.5 ;
    %load/vec4 v0000020efd002880_0;
    %assign/vec4 v0000020efd0029c0_0, 0;
    %jmp T_0.6;
T_0.6 ;
    %pop/vec4 1;
    %jmp T_0;
    .thread T_0, $push;
# The file index is used to find the file name in the following table.
:file_names 3;
    "N/A";
    "<interactive>";
    "mux6.v";
