#! /c/Source/iverilog-install/bin/vvp
:ivl_version "12.0 (devel)" "(s20150603-1539-g2693dd32b)";
:ivl_delay_selection "TYPICAL";
:vpi_time_precision + 0;
:vpi_module "C:\iverilog\lib\ivl\system.vpi";
:vpi_module "C:\iverilog\lib\ivl\vhdl_sys.vpi";
:vpi_module "C:\iverilog\lib\ivl\vhdl_textio.vpi";
:vpi_module "C:\iverilog\lib\ivl\v2005_math.vpi";
:vpi_module "C:\iverilog\lib\ivl\va_math.vpi";
S_00000217fde32ad0 .scope module, "pipefd" "pipefd" 2 1;
 .timescale 0 0;
    .port_info 0 /INPUT 1 "clk";
    .port_info 1 /INPUT 1 "clrbp";
    .port_info 2 /INPUT 1 "stalld";
    .port_info 3 /INPUT 1 "stalld2";
    .port_info 4 /INPUT 2 "pcsrcd";
    .port_info 5 /INPUT 2 "pcsrcd2";
    .port_info 6 /INPUT 32 "instrf";
    .port_info 7 /INPUT 32 "instrf2";
    .port_info 8 /INPUT 32 "pcplus4f";
    .port_info 9 /INPUT 32 "pcf";
    .port_info 10 /OUTPUT 32 "instrd";
    .port_info 11 /OUTPUT 32 "instrd2";
    .port_info 12 /OUTPUT 32 "pcplus4d";
    .port_info 13 /OUTPUT 32 "pcd";
L_00000217fde659c0 .functor OR 1, L_00000217fdeaf0c0, L_00000217fdeae8a0, C4<0>, C4<0>;
L_00000217fdeaf9f0 .functor OR 1, L_00000217fde659c0, L_00000217fdeaf160, C4<0>, C4<0>;
L_00000217fdeafa60 .functor OR 1, L_00000217fdeaf9f0, L_00000217fdeaf200, C4<0>, C4<0>;
o00000217fde6a188 .functor BUFZ 1, C4<z>; HiZ drive
L_00000217fdeafad0 .functor OR 1, L_00000217fdeafa60, o00000217fde6a188, C4<0>, C4<0>;
v00000217fde32d50_0 .net *"_ivl_1", 0 0, L_00000217fdeaf0c0;  1 drivers
v00000217fde642e0_0 .net *"_ivl_11", 0 0, L_00000217fdeaf200;  1 drivers
v00000217fde64380_0 .net *"_ivl_13", 0 0, L_00000217fdeafa60;  1 drivers
v00000217fde64420_0 .net *"_ivl_3", 0 0, L_00000217fdeae8a0;  1 drivers
v00000217fde644c0_0 .net *"_ivl_5", 0 0, L_00000217fde659c0;  1 drivers
v00000217fde64560_0 .net *"_ivl_7", 0 0, L_00000217fdeaf160;  1 drivers
v00000217fde64600_0 .net *"_ivl_9", 0 0, L_00000217fdeaf9f0;  1 drivers
o00000217fde6a128 .functor BUFZ 1, C4<z>; HiZ drive
v00000217fde646a0_0 .net "clk", 0 0, o00000217fde6a128;  0 drivers
v00000217fdeaebc0_0 .net "clr", 0 0, L_00000217fdeafad0;  1 drivers
v00000217fdeaeee0_0 .net "clrbp", 0 0, o00000217fde6a188;  0 drivers
v00000217fdeaf2a0_0 .var "instrd", 31 0;
v00000217fdeaef80_0 .var "instrd2", 31 0;
o00000217fde6a218 .functor BUFZ 32, C4<zzzzzzzzzzzzzzzzzzzzzzzzzzzzzzzz>; HiZ drive
v00000217fdeaec60_0 .net "instrf", 31 0, o00000217fde6a218;  0 drivers
o00000217fde6a248 .functor BUFZ 32, C4<zzzzzzzzzzzzzzzzzzzzzzzzzzzzzzzz>; HiZ drive
v00000217fdeaea80_0 .net "instrf2", 31 0, o00000217fde6a248;  0 drivers
v00000217fdeaf3e0_0 .var "pcd", 31 0;
o00000217fde6a2a8 .functor BUFZ 32, C4<zzzzzzzzzzzzzzzzzzzzzzzzzzzzzzzz>; HiZ drive
v00000217fdeaf020_0 .net "pcf", 31 0, o00000217fde6a2a8;  0 drivers
v00000217fdeaed00_0 .var "pcplus4d", 31 0;
o00000217fde6a308 .functor BUFZ 32, C4<zzzzzzzzzzzzzzzzzzzzzzzzzzzzzzzz>; HiZ drive
v00000217fdeaeda0_0 .net "pcplus4f", 31 0, o00000217fde6a308;  0 drivers
o00000217fde6a338 .functor BUFZ 2, C4<zz>; HiZ drive
v00000217fdeaf5c0_0 .net "pcsrcd", 1 0, o00000217fde6a338;  0 drivers
o00000217fde6a368 .functor BUFZ 2, C4<zz>; HiZ drive
v00000217fdeaee40_0 .net "pcsrcd2", 1 0, o00000217fde6a368;  0 drivers
o00000217fde6a398 .functor BUFZ 1, C4<z>; HiZ drive
v00000217fdeaf520_0 .net "stalld", 0 0, o00000217fde6a398;  0 drivers
o00000217fde6a3c8 .functor BUFZ 1, C4<z>; HiZ drive
v00000217fdeaf480_0 .net "stalld2", 0 0, o00000217fde6a3c8;  0 drivers
E_00000217fde55eb0 .event posedge, v00000217fde646a0_0;
L_00000217fdeaf0c0 .part o00000217fde6a368, 1, 1;
L_00000217fdeae8a0 .part o00000217fde6a368, 0, 1;
L_00000217fdeaf160 .part o00000217fde6a338, 1, 1;
L_00000217fdeaf200 .part o00000217fde6a338, 0, 1;
    .scope S_00000217fde32ad0;
T_0 ;
    %wait E_00000217fde55eb0;
    %load/vec4 v00000217fdeaebc0_0;
    %load/vec4 v00000217fdeaf520_0;
    %nor/r;
    %and;
    %flag_set/vec4 8;
    %jmp/0xz  T_0.0, 8;
    %pushi/vec4 0, 0, 32;
    %store/vec4 v00000217fdeaed00_0, 0, 32;
    %pushi/vec4 0, 0, 32;
    %store/vec4 v00000217fdeaf2a0_0, 0, 32;
    %pushi/vec4 0, 0, 32;
    %store/vec4 v00000217fdeaef80_0, 0, 32;
    %pushi/vec4 0, 0, 32;
    %store/vec4 v00000217fdeaf3e0_0, 0, 32;
    %jmp T_0.1;
T_0.0 ;
    %load/vec4 v00000217fdeaf520_0;
    %nor/r;
    %load/vec4 v00000217fdeaebc0_0;
    %nor/r;
    %and;
    %flag_set/vec4 8;
    %jmp/0xz  T_0.2, 8;
    %load/vec4 v00000217fdeaeda0_0;
    %store/vec4 v00000217fdeaed00_0, 0, 32;
    %load/vec4 v00000217fdeaec60_0;
    %store/vec4 v00000217fdeaf2a0_0, 0, 32;
    %load/vec4 v00000217fdeaea80_0;
    %store/vec4 v00000217fdeaef80_0, 0, 32;
    %load/vec4 v00000217fdeaf020_0;
    %store/vec4 v00000217fdeaf3e0_0, 0, 32;
T_0.2 ;
T_0.1 ;
    %jmp T_0;
    .thread T_0;
# The file index is used to find the file name in the following table.
:file_names 3;
    "N/A";
    "<interactive>";
    "pipefd.v";
