#! /c/Source/iverilog-install/bin/vvp
:ivl_version "12.0 (devel)" "(s20150603-1539-g2693dd32b)";
:ivl_delay_selection "TYPICAL";
:vpi_time_precision + 0;
:vpi_module "C:\iverilog\lib\ivl\system.vpi";
:vpi_module "C:\iverilog\lib\ivl\vhdl_sys.vpi";
:vpi_module "C:\iverilog\lib\ivl\vhdl_textio.vpi";
:vpi_module "C:\iverilog\lib\ivl\v2005_math.vpi";
:vpi_module "C:\iverilog\lib\ivl\va_math.vpi";
S_00000225a3de2ad0 .scope module, "pipeem" "pipeem" 2 1;
 .timescale 0 0;
    .port_info 0 /INPUT 1 "clk";
    .port_info 1 /INPUT 5 "writerege";
    .port_info 2 /INPUT 5 "writerege2";
    .port_info 3 /INPUT 32 "aluoute";
    .port_info 4 /INPUT 32 "aluoute2";
    .port_info 5 /INPUT 32 "writedatae";
    .port_info 6 /INPUT 32 "writedatae2";
    .port_info 7 /INPUT 1 "memwritee";
    .port_info 8 /INPUT 1 "memwritee2";
    .port_info 9 /INPUT 1 "regwritee";
    .port_info 10 /INPUT 1 "regwritee2";
    .port_info 11 /INPUT 1 "memtorege";
    .port_info 12 /INPUT 1 "memtorege2";
    .port_info 13 /OUTPUT 1 "regwritem";
    .port_info 14 /OUTPUT 1 "regwritem2";
    .port_info 15 /OUTPUT 1 "memtoregm";
    .port_info 16 /OUTPUT 1 "memtoregm2";
    .port_info 17 /OUTPUT 1 "memwritem";
    .port_info 18 /OUTPUT 1 "memwritem2";
    .port_info 19 /OUTPUT 5 "writeregm";
    .port_info 20 /OUTPUT 5 "writeregm2";
    .port_info 21 /OUTPUT 32 "aluoutm";
    .port_info 22 /OUTPUT 32 "aluoutm2";
    .port_info 23 /OUTPUT 32 "writedatam";
    .port_info 24 /OUTPUT 32 "writedatam2";
    .port_info 25 /INPUT 1 "stallm";
    .port_info 26 /INPUT 1 "stallm2";
o00000225a3e1afb8 .functor BUFZ 32, C4<zzzzzzzzzzzzzzzzzzzzzzzzzzzzzzzz>; HiZ drive
v00000225a3e16850_0 .net "aluoute", 31 0, o00000225a3e1afb8;  0 drivers
o00000225a3e1afe8 .functor BUFZ 32, C4<zzzzzzzzzzzzzzzzzzzzzzzzzzzzzzzz>; HiZ drive
v00000225a3e14ba0_0 .net "aluoute2", 31 0, o00000225a3e1afe8;  0 drivers
v00000225a3e14c40_0 .var "aluoutm", 31 0;
v00000225a3e14ce0_0 .var "aluoutm2", 31 0;
o00000225a3e1b078 .functor BUFZ 1, C4<z>; HiZ drive
v00000225a3e14d80_0 .net "clk", 0 0, o00000225a3e1b078;  0 drivers
o00000225a3e1b0a8 .functor BUFZ 1, C4<z>; HiZ drive
v00000225a3e14e20_0 .net "memtorege", 0 0, o00000225a3e1b0a8;  0 drivers
o00000225a3e1b0d8 .functor BUFZ 1, C4<z>; HiZ drive
v00000225a3e63c20_0 .net "memtorege2", 0 0, o00000225a3e1b0d8;  0 drivers
v00000225a3e63cc0_0 .var "memtoregm", 0 0;
v00000225a3e63d60_0 .var "memtoregm2", 0 0;
o00000225a3e1b168 .functor BUFZ 1, C4<z>; HiZ drive
v00000225a3e63e90_0 .net "memwritee", 0 0, o00000225a3e1b168;  0 drivers
o00000225a3e1b198 .functor BUFZ 1, C4<z>; HiZ drive
v00000225a3e63f30_0 .net "memwritee2", 0 0, o00000225a3e1b198;  0 drivers
v00000225a3e63fd0_0 .var "memwritem", 0 0;
v00000225a3e64070_0 .var "memwritem2", 0 0;
o00000225a3e1b228 .functor BUFZ 1, C4<z>; HiZ drive
v00000225a3e64110_0 .net "regwritee", 0 0, o00000225a3e1b228;  0 drivers
o00000225a3e1b258 .functor BUFZ 1, C4<z>; HiZ drive
v00000225a3e641b0_0 .net "regwritee2", 0 0, o00000225a3e1b258;  0 drivers
v00000225a3e64250_0 .var "regwritem", 0 0;
v00000225a3e64340_0 .var "regwritem2", 0 0;
o00000225a3e1b2e8 .functor BUFZ 1, C4<z>; HiZ drive
v00000225a3e64fc0_0 .net "stallm", 0 0, o00000225a3e1b2e8;  0 drivers
o00000225a3e1b318 .functor BUFZ 1, C4<z>; HiZ drive
v00000225a3e65240_0 .net "stallm2", 0 0, o00000225a3e1b318;  0 drivers
o00000225a3e1b348 .functor BUFZ 32, C4<zzzzzzzzzzzzzzzzzzzzzzzzzzzzzzzz>; HiZ drive
v00000225a3e64660_0 .net "writedatae", 31 0, o00000225a3e1b348;  0 drivers
o00000225a3e1b378 .functor BUFZ 32, C4<zzzzzzzzzzzzzzzzzzzzzzzzzzzzzzzz>; HiZ drive
v00000225a3e64e80_0 .net "writedatae2", 31 0, o00000225a3e1b378;  0 drivers
v00000225a3e645c0_0 .var "writedatam", 31 0;
v00000225a3e64700_0 .var "writedatam2", 31 0;
o00000225a3e1b408 .functor BUFZ 5, C4<zzzzz>; HiZ drive
v00000225a3e647a0_0 .net "writerege", 4 0, o00000225a3e1b408;  0 drivers
o00000225a3e1b438 .functor BUFZ 5, C4<zzzzz>; HiZ drive
v00000225a3e64f20_0 .net "writerege2", 4 0, o00000225a3e1b438;  0 drivers
v00000225a3e64ac0_0 .var "writeregm", 4 0;
v00000225a3e64c00_0 .var "writeregm2", 4 0;
E_00000225a3e19c20 .event posedge, v00000225a3e14d80_0;
    .scope S_00000225a3de2ad0;
T_0 ;
    %wait E_00000225a3e19c20;
    %load/vec4 v00000225a3e64fc0_0;
    %nor/r;
    %flag_set/vec4 8;
    %jmp/0xz  T_0.0, 8;
    %load/vec4 v00000225a3e64110_0;
    %assign/vec4 v00000225a3e64250_0, 0;
    %load/vec4 v00000225a3e14e20_0;
    %assign/vec4 v00000225a3e63cc0_0, 0;
    %load/vec4 v00000225a3e63e90_0;
    %assign/vec4 v00000225a3e63fd0_0, 0;
    %load/vec4 v00000225a3e16850_0;
    %assign/vec4 v00000225a3e14c40_0, 0;
    %load/vec4 v00000225a3e64660_0;
    %assign/vec4 v00000225a3e645c0_0, 0;
    %load/vec4 v00000225a3e647a0_0;
    %assign/vec4 v00000225a3e64ac0_0, 0;
    %load/vec4 v00000225a3e641b0_0;
    %assign/vec4 v00000225a3e64340_0, 0;
    %load/vec4 v00000225a3e63c20_0;
    %assign/vec4 v00000225a3e63d60_0, 0;
    %load/vec4 v00000225a3e63f30_0;
    %assign/vec4 v00000225a3e64070_0, 0;
    %load/vec4 v00000225a3e14ba0_0;
    %assign/vec4 v00000225a3e14ce0_0, 0;
    %load/vec4 v00000225a3e64e80_0;
    %assign/vec4 v00000225a3e64700_0, 0;
    %load/vec4 v00000225a3e64f20_0;
    %assign/vec4 v00000225a3e64c00_0, 0;
T_0.0 ;
    %jmp T_0;
    .thread T_0;
# The file index is used to find the file name in the following table.
:file_names 3;
    "N/A";
    "<interactive>";
    "pipeem.v";
