#! /c/Source/iverilog-install/bin/vvp
:ivl_version "12.0 (devel)" "(s20150603-1539-g2693dd32b)";
:ivl_delay_selection "TYPICAL";
:vpi_time_precision + 0;
:vpi_module "C:\iverilog\lib\ivl\system.vpi";
:vpi_module "C:\iverilog\lib\ivl\vhdl_sys.vpi";
:vpi_module "C:\iverilog\lib\ivl\vhdl_textio.vpi";
:vpi_module "C:\iverilog\lib\ivl\v2005_math.vpi";
:vpi_module "C:\iverilog\lib\ivl\va_math.vpi";
S_000001c86f522ad0 .scope module, "regfile" "regfile" 2 1;
 .timescale 0 0;
    .port_info 0 /INPUT 1 "clk";
    .port_info 1 /INPUT 1 "we3";
    .port_info 2 /INPUT 1 "we3_2";
    .port_info 3 /INPUT 5 "ra1";
    .port_info 4 /INPUT 5 "ra1_2";
    .port_info 5 /INPUT 5 "ra2";
    .port_info 6 /INPUT 5 "ra2_2";
    .port_info 7 /INPUT 5 "wa3";
    .port_info 8 /INPUT 5 "wa3_2";
    .port_info 9 /INPUT 32 "wd3";
    .port_info 10 /INPUT 32 "wd3_2";
    .port_info 11 /OUTPUT 32 "rd1";
    .port_info 12 /OUTPUT 32 "rd1_2";
    .port_info 13 /OUTPUT 32 "rd2";
    .port_info 14 /OUTPUT 32 "rd2_2";
v000001c86f548490_0 .net *"_ivl_0", 31 0, L_000001c86f5a9cf0;  1 drivers
v000001c86f548c10_0 .net *"_ivl_10", 6 0, L_000001c86f5aa830;  1 drivers
L_000001c86f5b2d18 .functor BUFT 1, C4<00>, C4<0>, C4<0>, C4<0>;
v000001c86f548cb0_0 .net *"_ivl_13", 1 0, L_000001c86f5b2d18;  1 drivers
L_000001c86f5b2d60 .functor BUFT 1, C4<00000000000000000000000000000000>, C4<0>, C4<0>, C4<0>;
v000001c86f5487b0_0 .net/2u *"_ivl_14", 31 0, L_000001c86f5b2d60;  1 drivers
v000001c86f547ef0_0 .net *"_ivl_18", 31 0, L_000001c86f5a9430;  1 drivers
L_000001c86f5b2da8 .functor BUFT 1, C4<000000000000000000000000000>, C4<0>, C4<0>, C4<0>;
v000001c86f548350_0 .net *"_ivl_21", 26 0, L_000001c86f5b2da8;  1 drivers
L_000001c86f5b2df0 .functor BUFT 1, C4<00000000000000000000000000000000>, C4<0>, C4<0>, C4<0>;
v000001c86f548d50_0 .net/2u *"_ivl_22", 31 0, L_000001c86f5b2df0;  1 drivers
v000001c86f547f90_0 .net *"_ivl_24", 0 0, L_000001c86f5a9e30;  1 drivers
v000001c86f548df0_0 .net *"_ivl_26", 31 0, L_000001c86f5aa470;  1 drivers
v000001c86f548850_0 .net *"_ivl_28", 6 0, L_000001c86f5a8fd0;  1 drivers
L_000001c86f5b2c88 .functor BUFT 1, C4<000000000000000000000000000>, C4<0>, C4<0>, C4<0>;
v000001c86f5483f0_0 .net *"_ivl_3", 26 0, L_000001c86f5b2c88;  1 drivers
L_000001c86f5b2e38 .functor BUFT 1, C4<00>, C4<0>, C4<0>, C4<0>;
v000001c86f5488f0_0 .net *"_ivl_31", 1 0, L_000001c86f5b2e38;  1 drivers
L_000001c86f5b2e80 .functor BUFT 1, C4<00000000000000000000000000000000>, C4<0>, C4<0>, C4<0>;
v000001c86f5480d0_0 .net/2u *"_ivl_32", 31 0, L_000001c86f5b2e80;  1 drivers
v000001c86f548170_0 .net *"_ivl_36", 31 0, L_000001c86f5aa8d0;  1 drivers
L_000001c86f5b2ec8 .functor BUFT 1, C4<000000000000000000000000000>, C4<0>, C4<0>, C4<0>;
v000001c86f548990_0 .net *"_ivl_39", 26 0, L_000001c86f5b2ec8;  1 drivers
L_000001c86f5b2cd0 .functor BUFT 1, C4<00000000000000000000000000000000>, C4<0>, C4<0>, C4<0>;
v000001c86f548210_0 .net/2u *"_ivl_4", 31 0, L_000001c86f5b2cd0;  1 drivers
L_000001c86f5b2f10 .functor BUFT 1, C4<00000000000000000000000000000000>, C4<0>, C4<0>, C4<0>;
v000001c86f5482b0_0 .net/2u *"_ivl_40", 31 0, L_000001c86f5b2f10;  1 drivers
v000001c86f5a9b10_0 .net *"_ivl_42", 0 0, L_000001c86f5a8cb0;  1 drivers
v000001c86f5aa290_0 .net *"_ivl_44", 31 0, L_000001c86f5a8df0;  1 drivers
v000001c86f5a99d0_0 .net *"_ivl_46", 6 0, L_000001c86f5a8e90;  1 drivers
L_000001c86f5b2f58 .functor BUFT 1, C4<00>, C4<0>, C4<0>, C4<0>;
v000001c86f5a9bb0_0 .net *"_ivl_49", 1 0, L_000001c86f5b2f58;  1 drivers
L_000001c86f5b2fa0 .functor BUFT 1, C4<00000000000000000000000000000000>, C4<0>, C4<0>, C4<0>;
v000001c86f5a9930_0 .net/2u *"_ivl_50", 31 0, L_000001c86f5b2fa0;  1 drivers
v000001c86f5a97f0_0 .net *"_ivl_54", 31 0, L_000001c86f5a92f0;  1 drivers
L_000001c86f5b2fe8 .functor BUFT 1, C4<000000000000000000000000000>, C4<0>, C4<0>, C4<0>;
v000001c86f5aa0b0_0 .net *"_ivl_57", 26 0, L_000001c86f5b2fe8;  1 drivers
L_000001c86f5b3030 .functor BUFT 1, C4<00000000000000000000000000000000>, C4<0>, C4<0>, C4<0>;
v000001c86f5aa150_0 .net/2u *"_ivl_58", 31 0, L_000001c86f5b3030;  1 drivers
v000001c86f5a96b0_0 .net *"_ivl_6", 0 0, L_000001c86f5aa3d0;  1 drivers
v000001c86f5aa5b0_0 .net *"_ivl_60", 0 0, L_000001c86f5a9610;  1 drivers
v000001c86f5aa970_0 .net *"_ivl_62", 31 0, L_000001c86f5fc220;  1 drivers
v000001c86f5aab50_0 .net *"_ivl_64", 6 0, L_000001c86f5fb320;  1 drivers
L_000001c86f5b3078 .functor BUFT 1, C4<00>, C4<0>, C4<0>, C4<0>;
v000001c86f5a9250_0 .net *"_ivl_67", 1 0, L_000001c86f5b3078;  1 drivers
L_000001c86f5b30c0 .functor BUFT 1, C4<00000000000000000000000000000000>, C4<0>, C4<0>, C4<0>;
v000001c86f5aa650_0 .net/2u *"_ivl_68", 31 0, L_000001c86f5b30c0;  1 drivers
v000001c86f5a9f70_0 .net *"_ivl_74", 0 0, L_000001c86f5fbfa0;  1 drivers
v000001c86f5aa510_0 .net *"_ivl_8", 31 0, L_000001c86f5aaab0;  1 drivers
o000001c86f55c608 .functor BUFZ 1, C4<z>; HiZ drive
v000001c86f5a9750_0 .net "clk", 0 0, o000001c86f55c608;  0 drivers
v000001c86f5a9890_0 .var/i "i", 31 0;
o000001c86f55c668 .functor BUFZ 5, C4<zzzzz>; HiZ drive
v000001c86f5a9570_0 .net "ra1", 4 0, o000001c86f55c668;  0 drivers
o000001c86f55c698 .functor BUFZ 5, C4<zzzzz>; HiZ drive
v000001c86f5aaa10_0 .net "ra1_2", 4 0, o000001c86f55c698;  0 drivers
o000001c86f55c6c8 .functor BUFZ 5, C4<zzzzz>; HiZ drive
v000001c86f5a91b0_0 .net "ra2", 4 0, o000001c86f55c6c8;  0 drivers
o000001c86f55c6f8 .functor BUFZ 5, C4<zzzzz>; HiZ drive
v000001c86f5a9390_0 .net "ra2_2", 4 0, o000001c86f55c6f8;  0 drivers
v000001c86f5a9110_0 .net "rd1", 31 0, L_000001c86f5a9d90;  1 drivers
v000001c86f5aa6f0_0 .net "rd1_2", 31 0, L_000001c86f5a8f30;  1 drivers
v000001c86f5a8d50_0 .net "rd2", 31 0, L_000001c86f5a9070;  1 drivers
v000001c86f5a9ed0_0 .net "rd2_2", 31 0, L_000001c86f5fbd20;  1 drivers
v000001c86f5aa010 .array "rf", 0 31, 31 0;
o000001c86f55c7e8 .functor BUFZ 5, C4<zzzzz>; HiZ drive
v000001c86f5a94d0_0 .net "wa3", 4 0, o000001c86f55c7e8;  0 drivers
o000001c86f55c818 .functor BUFZ 5, C4<zzzzz>; HiZ drive
v000001c86f5a9a70_0 .net "wa3_2", 4 0, o000001c86f55c818;  0 drivers
o000001c86f55c848 .functor BUFZ 32, C4<zzzzzzzzzzzzzzzzzzzzzzzzzzzzzzzz>; HiZ drive
v000001c86f5aa790_0 .net "wd3", 31 0, o000001c86f55c848;  0 drivers
o000001c86f55c878 .functor BUFZ 32, C4<zzzzzzzzzzzzzzzzzzzzzzzzzzzzzzzz>; HiZ drive
v000001c86f5aa1f0_0 .net "wd3_2", 31 0, o000001c86f55c878;  0 drivers
o000001c86f55c8a8 .functor BUFZ 1, C4<z>; HiZ drive
v000001c86f5aa330_0 .net "we3", 0 0, o000001c86f55c8a8;  0 drivers
o000001c86f55c8d8 .functor BUFZ 1, C4<z>; HiZ drive
v000001c86f5a9c50_0 .net "we3_2", 0 0, o000001c86f55c8d8;  0 drivers
E_000001c86f54a910 .event anyedge, L_000001c86f5fbfa0;
L_000001c86f5a9cf0 .concat [ 5 27 0 0], o000001c86f55c668, L_000001c86f5b2c88;
L_000001c86f5aa3d0 .cmp/ne 32, L_000001c86f5a9cf0, L_000001c86f5b2cd0;
L_000001c86f5aaab0 .array/port v000001c86f5aa010, L_000001c86f5aa830;
L_000001c86f5aa830 .concat [ 5 2 0 0], o000001c86f55c668, L_000001c86f5b2d18;
L_000001c86f5a9d90 .functor MUXZ 32, L_000001c86f5b2d60, L_000001c86f5aaab0, L_000001c86f5aa3d0, C4<>;
L_000001c86f5a9430 .concat [ 5 27 0 0], o000001c86f55c6c8, L_000001c86f5b2da8;
L_000001c86f5a9e30 .cmp/ne 32, L_000001c86f5a9430, L_000001c86f5b2df0;
L_000001c86f5aa470 .array/port v000001c86f5aa010, L_000001c86f5a8fd0;
L_000001c86f5a8fd0 .concat [ 5 2 0 0], o000001c86f55c6c8, L_000001c86f5b2e38;
L_000001c86f5a9070 .functor MUXZ 32, L_000001c86f5b2e80, L_000001c86f5aa470, L_000001c86f5a9e30, C4<>;
L_000001c86f5aa8d0 .concat [ 5 27 0 0], o000001c86f55c698, L_000001c86f5b2ec8;
L_000001c86f5a8cb0 .cmp/ne 32, L_000001c86f5aa8d0, L_000001c86f5b2f10;
L_000001c86f5a8df0 .array/port v000001c86f5aa010, L_000001c86f5a8e90;
L_000001c86f5a8e90 .concat [ 5 2 0 0], o000001c86f55c698, L_000001c86f5b2f58;
L_000001c86f5a8f30 .functor MUXZ 32, L_000001c86f5b2fa0, L_000001c86f5a8df0, L_000001c86f5a8cb0, C4<>;
L_000001c86f5a92f0 .concat [ 5 27 0 0], o000001c86f55c6f8, L_000001c86f5b2fe8;
L_000001c86f5a9610 .cmp/ne 32, L_000001c86f5a92f0, L_000001c86f5b3030;
L_000001c86f5fc220 .array/port v000001c86f5aa010, L_000001c86f5fb320;
L_000001c86f5fb320 .concat [ 5 2 0 0], o000001c86f55c6f8, L_000001c86f5b3078;
L_000001c86f5fbd20 .functor MUXZ 32, L_000001c86f5b30c0, L_000001c86f5fc220, L_000001c86f5a9610, C4<>;
L_000001c86f5fbfa0 .reduce/nor o000001c86f55c608;
    .scope S_000001c86f522ad0;
T_0 ;
    %pushi/vec4 0, 0, 32;
    %store/vec4 v000001c86f5a9890_0, 0, 32;
T_0.0 ;
    %load/vec4 v000001c86f5a9890_0;
    %cmpi/s 32, 0, 32;
    %jmp/0xz T_0.1, 5;
    %pushi/vec4 0, 0, 32;
    %ix/getv/s 3, v000001c86f5a9890_0;
    %ix/load 4, 0, 0; Constant delay
    %assign/vec4/a/d v000001c86f5aa010, 0, 4;
    %load/vec4 v000001c86f5a9890_0;
    %addi 1, 0, 32;
    %store/vec4 v000001c86f5a9890_0, 0, 32;
    %jmp T_0.0;
T_0.1 ;
    %end;
    .thread T_0;
    .scope S_000001c86f522ad0;
T_1 ;
    %wait E_000001c86f54a910;
    %load/vec4 v000001c86f5aa330_0;
    %flag_set/vec4 8;
    %jmp/0xz  T_1.0, 8;
    %load/vec4 v000001c86f5aa790_0;
    %load/vec4 v000001c86f5a94d0_0;
    %pad/u 7;
    %ix/vec4 3;
    %ix/load 4, 0, 0; Constant delay
    %assign/vec4/a/d v000001c86f5aa010, 0, 4;
T_1.0 ;
    %load/vec4 v000001c86f5a9c50_0;
    %flag_set/vec4 8;
    %jmp/0xz  T_1.2, 8;
    %load/vec4 v000001c86f5aa1f0_0;
    %load/vec4 v000001c86f5a9a70_0;
    %pad/u 7;
    %ix/vec4 3;
    %ix/load 4, 0, 0; Constant delay
    %assign/vec4/a/d v000001c86f5aa010, 0, 4;
T_1.2 ;
    %jmp T_1;
    .thread T_1, $push;
# The file index is used to find the file name in the following table.
:file_names 3;
    "N/A";
    "<interactive>";
    "regfile.v";
