#! /c/Source/iverilog-install/bin/vvp
:ivl_version "12.0 (devel)" "(s20150603-1539-g2693dd32b)";
:ivl_delay_selection "TYPICAL";
:vpi_time_precision + 0;
:vpi_module "C:\iverilog\lib\ivl\system.vpi";
:vpi_module "C:\iverilog\lib\ivl\vhdl_sys.vpi";
:vpi_module "C:\iverilog\lib\ivl\vhdl_textio.vpi";
:vpi_module "C:\iverilog\lib\ivl\v2005_math.vpi";
:vpi_module "C:\iverilog\lib\ivl\va_math.vpi";
S_00000215745729c0 .scope module, "sl2" "sl2" 2 1;
 .timescale 0 0;
    .port_info 0 /INPUT 32 "a";
    .port_info 1 /OUTPUT 32 "y";
v0000021574572b50_0 .net *"_ivl_1", 29 0, L_00000215746bdc60;  1 drivers
L_00000215745ebf88 .functor BUFT 1, C4<00>, C4<0>, C4<0>, C4<0>;
v0000021574572bf0_0 .net/2u *"_ivl_2", 1 0, L_00000215745ebf88;  1 drivers
o00000215745a6b78 .functor BUFZ 32, C4<zzzzzzzzzzzzzzzzzzzzzzzzzzzzzzzz>; HiZ drive
v0000021574572c90_0 .net "a", 31 0, o00000215745a6b78;  0 drivers
v0000021574572d30_0 .net "y", 31 0, L_00000215746bdd00;  1 drivers
L_00000215746bdc60 .part o00000215745a6b78, 0, 30;
L_00000215746bdd00 .concat [ 2 30 0 0], L_00000215745ebf88, L_00000215746bdc60;
# The file index is used to find the file name in the following table.
:file_names 3;
    "N/A";
    "<interactive>";
    "sl2.v";
