#! /c/Source/iverilog-install/bin/vvp
:ivl_version "12.0 (devel)" "(s20150603-1539-g2693dd32b)";
:ivl_delay_selection "TYPICAL";
:vpi_time_precision + 0;
:vpi_module "C:\iverilog\lib\ivl\system.vpi";
:vpi_module "C:\iverilog\lib\ivl\vhdl_sys.vpi";
:vpi_module "C:\iverilog\lib\ivl\vhdl_textio.vpi";
:vpi_module "C:\iverilog\lib\ivl\v2005_math.vpi";
:vpi_module "C:\iverilog\lib\ivl\va_math.vpi";
S_0000014e0bb66170 .scope module, "write" "write" 2 3;
 .timescale 0 0;
    .port_info 0 /INPUT 1 "memtoregw";
    .port_info 1 /INPUT 1 "memtoregw2";
    .port_info 2 /INPUT 32 "readdataw";
    .port_info 3 /INPUT 32 "readdataw2";
    .port_info 4 /INPUT 32 "aluoutw";
    .port_info 5 /INPUT 32 "aluoutw2";
    .port_info 6 /OUTPUT 32 "resultw";
    .port_info 7 /OUTPUT 32 "resultw2";
o0000014e0bb66fd8 .functor BUFZ 32, C4<zzzzzzzzzzzzzzzzzzzzzzzzzzzzzzzz>; HiZ drive
v0000014e0bb64c30_0 .net "aluoutw", 31 0, o0000014e0bb66fd8;  0 drivers
o0000014e0bb67158 .functor BUFZ 32, C4<zzzzzzzzzzzzzzzzzzzzzzzzzzzzzzzz>; HiZ drive
v0000014e0bb64cd0_0 .net "aluoutw2", 31 0, o0000014e0bb67158;  0 drivers
o0000014e0bb67038 .functor BUFZ 1, C4<z>; HiZ drive
v0000014e0bb64d70_0 .net "memtoregw", 0 0, o0000014e0bb67038;  0 drivers
o0000014e0bb671b8 .functor BUFZ 1, C4<z>; HiZ drive
v0000014e0bb64e10_0 .net "memtoregw2", 0 0, o0000014e0bb671b8;  0 drivers
o0000014e0bb67008 .functor BUFZ 32, C4<zzzzzzzzzzzzzzzzzzzzzzzzzzzzzzzz>; HiZ drive
v0000014e0bbb0850_0 .net "readdataw", 31 0, o0000014e0bb67008;  0 drivers
o0000014e0bb67188 .functor BUFZ 32, C4<zzzzzzzzzzzzzzzzzzzzzzzzzzzzzzzz>; HiZ drive
v0000014e0bbb08f0_0 .net "readdataw2", 31 0, o0000014e0bb67188;  0 drivers
v0000014e0bbb0990_0 .net "resultw", 31 0, L_0000014e0bbb1840;  1 drivers
v0000014e0bbb0f80_0 .net "resultw2", 31 0, L_0000014e0bbb1980;  1 drivers
S_0000014e0bb66390 .scope module, "muxwrite" "mux2" 2 8, 3 1 0, S_0000014e0bb66170;
 .timescale 0 0;
    .port_info 0 /INPUT 32 "d0";
    .port_info 1 /INPUT 32 "d1";
    .port_info 2 /INPUT 1 "s";
    .port_info 3 /OUTPUT 32 "y";
P_0000014e0bc5cc00 .param/l "WIDTH" 0 3 1, +C4<00000000000000000000000000100000>;
v0000014e0bb66520_0 .net "d0", 31 0, o0000014e0bb66fd8;  alias, 0 drivers
v0000014e0bb32dc0_0 .net "d1", 31 0, o0000014e0bb67008;  alias, 0 drivers
v0000014e0bc5bab0_0 .net "s", 0 0, o0000014e0bb67038;  alias, 0 drivers
v0000014e0bc5bb50_0 .net "y", 31 0, L_0000014e0bbb1840;  alias, 1 drivers
L_0000014e0bbb1840 .functor MUXZ 32, o0000014e0bb66fd8, o0000014e0bb67008, o0000014e0bb67038, C4<>;
S_0000014e0bc5bbf0 .scope module, "muxwrite2" "mux2" 2 9, 3 1 0, S_0000014e0bb66170;
 .timescale 0 0;
    .port_info 0 /INPUT 32 "d0";
    .port_info 1 /INPUT 32 "d1";
    .port_info 2 /INPUT 1 "s";
    .port_info 3 /OUTPUT 32 "y";
P_0000014e0bc5cfc0 .param/l "WIDTH" 0 3 1, +C4<00000000000000000000000000100000>;
v0000014e0bc5bd80_0 .net "d0", 31 0, o0000014e0bb67158;  alias, 0 drivers
v0000014e0bc5be20_0 .net "d1", 31 0, o0000014e0bb67188;  alias, 0 drivers
v0000014e0bc5bec0_0 .net "s", 0 0, o0000014e0bb671b8;  alias, 0 drivers
v0000014e0bb64b90_0 .net "y", 31 0, L_0000014e0bbb1980;  alias, 1 drivers
L_0000014e0bbb1980 .functor MUXZ 32, o0000014e0bb67158, o0000014e0bb67188, o0000014e0bb671b8, C4<>;
# The file index is used to find the file name in the following table.
:file_names 4;
    "N/A";
    "<interactive>";
    "write.v";
    "./mux2.v";
