#! /c/Source/iverilog-install/bin/vvp
:ivl_version "12.0 (devel)" "(s20150603-1539-g2693dd32b)";
:ivl_delay_selection "TYPICAL";
:vpi_time_precision + 0;
:vpi_module "C:\iverilog\lib\ivl\system.vpi";
:vpi_module "C:\iverilog\lib\ivl\vhdl_sys.vpi";
:vpi_module "C:\iverilog\lib\ivl\vhdl_textio.vpi";
:vpi_module "C:\iverilog\lib\ivl\v2005_math.vpi";
:vpi_module "C:\iverilog\lib\ivl\va_math.vpi";
S_0000022d453a2ad0 .scope module, "adder" "adder" 2 1;
 .timescale 0 0;
    .port_info 0 /INPUT 32 "a";
    .port_info 1 /INPUT 32 "b";
    .port_info 2 /OUTPUT 32 "cout";
o0000022d453d6fa8 .functor BUFZ 32, C4<zzzzzzzzzzzzzzzzzzzzzzzzzzzzzzzz>; HiZ drive
v0000022d453a2c60_0 .net "a", 31 0, o0000022d453d6fa8;  0 drivers
o0000022d453d6fd8 .functor BUFZ 32, C4<zzzzzzzzzzzzzzzzzzzzzzzzzzzzzzzz>; HiZ drive
v0000022d453a2d00_0 .net "b", 31 0, o0000022d453d6fd8;  0 drivers
v0000022d453a2da0_0 .var "cout", 31 0;
E_0000022d453d52f0 .event anyedge, v0000022d453a2c60_0, v0000022d453a2d00_0;
    .scope S_0000022d453a2ad0;
T_0 ;
    %wait E_0000022d453d52f0;
    %load/vec4 v0000022d453a2c60_0;
    %load/vec4 v0000022d453a2d00_0;
    %add;
    %cmpi/u 4294967295, 0, 32;
    %flag_or 5, 4; GT is !LE
    %flag_inv 5;
    %jmp/0xz  T_0.0, 5;
    %pushi/vec4 0, 0, 32;
    %assign/vec4 v0000022d453a2da0_0, 0;
    %jmp T_0.1;
T_0.0 ;
    %load/vec4 v0000022d453a2c60_0;
    %load/vec4 v0000022d453a2d00_0;
    %add;
    %assign/vec4 v0000022d453a2da0_0, 0;
T_0.1 ;
    %jmp T_0;
    .thread T_0, $push;
# The file index is used to find the file name in the following table.
:file_names 3;
    "N/A";
    "<interactive>";
    "adder.v";
