#! /c/Source/iverilog-install/bin/vvp
:ivl_version "12.0 (devel)" "(s20150603-1539-g2693dd32b)";
:ivl_delay_selection "TYPICAL";
:vpi_time_precision + 0;
:vpi_module "C:\iverilog\lib\ivl\system.vpi";
:vpi_module "C:\iverilog\lib\ivl\vhdl_sys.vpi";
:vpi_module "C:\iverilog\lib\ivl\vhdl_textio.vpi";
:vpi_module "C:\iverilog\lib\ivl\v2005_math.vpi";
:vpi_module "C:\iverilog\lib\ivl\va_math.vpi";
S_000001a7dee129c0 .scope module, "alu" "alu" 2 1;
 .timescale 0 0;
    .port_info 0 /INPUT 32 "a";
    .port_info 1 /INPUT 32 "b";
    .port_info 2 /INPUT 1 "sign";
    .port_info 3 /INPUT 3 "f";
    .port_info 4 /OUTPUT 32 "y";
    .port_info 5 /OUTPUT 1 "zero";
o000001a7dee4cf88 .functor BUFZ 32, C4<zzzzzzzzzzzzzzzzzzzzzzzzzzzzzzzz>; HiZ drive
v000001a7dedfbf20_0 .net "a", 31 0, o000001a7dee4cf88;  0 drivers
o000001a7dee4cfb8 .functor BUFZ 32, C4<zzzzzzzzzzzzzzzzzzzzzzzzzzzzzzzz>; HiZ drive
v000001a7dee12b50_0 .net "b", 31 0, o000001a7dee4cfb8;  0 drivers
o000001a7dee4cfe8 .functor BUFZ 3, C4<zzz>; HiZ drive
v000001a7dee12bf0_0 .net "f", 2 0, o000001a7dee4cfe8;  0 drivers
o000001a7dee4d018 .functor BUFZ 1, C4<z>; HiZ drive
v000001a7dee12c90_0 .net "sign", 0 0, o000001a7dee4d018;  0 drivers
v000001a7dee12d30_0 .var "y", 31 0;
v000001a7dee44b80_0 .var "zero", 0 0;
E_000001a7dedf80a0/0 .event anyedge, v000001a7dee12c90_0, v000001a7dee12bf0_0, v000001a7dedfbf20_0, v000001a7dee12b50_0;
E_000001a7dedf80a0/1 .event anyedge, v000001a7dee12d30_0;
E_000001a7dedf80a0 .event/or E_000001a7dedf80a0/0, E_000001a7dedf80a0/1;
    .scope S_000001a7dee129c0;
T_0 ;
    %wait E_000001a7dedf80a0;
    %load/vec4 v000001a7dee12c90_0;
    %flag_set/vec4 8;
    %jmp/0xz  T_0.0, 8;
    %load/vec4 v000001a7dee12bf0_0;
    %dup/vec4;
    %pushi/vec4 0, 0, 3;
    %cmp/u;
    %jmp/1 T_0.2, 6;
    %dup/vec4;
    %pushi/vec4 1, 0, 3;
    %cmp/u;
    %jmp/1 T_0.3, 6;
    %dup/vec4;
    %pushi/vec4 2, 0, 3;
    %cmp/u;
    %jmp/1 T_0.4, 6;
    %dup/vec4;
    %pushi/vec4 3, 0, 3;
    %cmp/u;
    %jmp/1 T_0.5, 6;
    %dup/vec4;
    %pushi/vec4 4, 0, 3;
    %cmp/u;
    %jmp/1 T_0.6, 6;
    %dup/vec4;
    %pushi/vec4 5, 0, 3;
    %cmp/u;
    %jmp/1 T_0.7, 6;
    %dup/vec4;
    %pushi/vec4 6, 0, 3;
    %cmp/u;
    %jmp/1 T_0.8, 6;
    %dup/vec4;
    %pushi/vec4 7, 0, 3;
    %cmp/u;
    %jmp/1 T_0.9, 6;
    %pushi/vec4 0, 0, 32;
    %assign/vec4 v000001a7dee12d30_0, 0;
    %jmp T_0.11;
T_0.2 ;
    %load/vec4 v000001a7dedfbf20_0;
    %load/vec4 v000001a7dee12b50_0;
    %and;
    %assign/vec4 v000001a7dee12d30_0, 0;
    %jmp T_0.11;
T_0.3 ;
    %load/vec4 v000001a7dedfbf20_0;
    %load/vec4 v000001a7dee12b50_0;
    %or;
    %assign/vec4 v000001a7dee12d30_0, 0;
    %jmp T_0.11;
T_0.4 ;
    %load/vec4 v000001a7dedfbf20_0;
    %load/vec4 v000001a7dee12b50_0;
    %add;
    %assign/vec4 v000001a7dee12d30_0, 0;
    %jmp T_0.11;
T_0.5 ;
    %load/vec4 v000001a7dedfbf20_0;
    %load/vec4 v000001a7dee12b50_0;
    %xor;
    %assign/vec4 v000001a7dee12d30_0, 0;
    %jmp T_0.11;
T_0.6 ;
    %load/vec4 v000001a7dedfbf20_0;
    %load/vec4 v000001a7dee12b50_0;
    %inv;
    %and;
    %assign/vec4 v000001a7dee12d30_0, 0;
    %jmp T_0.11;
T_0.7 ;
    %load/vec4 v000001a7dedfbf20_0;
    %load/vec4 v000001a7dee12b50_0;
    %inv;
    %or;
    %assign/vec4 v000001a7dee12d30_0, 0;
    %jmp T_0.11;
T_0.8 ;
    %load/vec4 v000001a7dedfbf20_0;
    %load/vec4 v000001a7dee12b50_0;
    %inv;
    %add;
    %addi 1, 0, 32;
    %assign/vec4 v000001a7dee12d30_0, 0;
    %jmp T_0.11;
T_0.9 ;
    %load/vec4 v000001a7dedfbf20_0;
    %load/vec4 v000001a7dee12b50_0;
    %cmp/s;
    %flag_mov 8, 5;
    %jmp/0 T_0.12, 8;
    %pushi/vec4 1, 0, 32;
    %jmp/1 T_0.13, 8;
T_0.12 ; End of true expr.
    %pushi/vec4 0, 0, 32;
    %jmp/0 T_0.13, 8;
 ; End of false expr.
    %blend;
T_0.13;
    %assign/vec4 v000001a7dee12d30_0, 0;
    %jmp T_0.11;
T_0.11 ;
    %pop/vec4 1;
    %jmp T_0.1;
T_0.0 ;
    %load/vec4 v000001a7dee12bf0_0;
    %dup/vec4;
    %pushi/vec4 0, 0, 3;
    %cmp/u;
    %jmp/1 T_0.14, 6;
    %dup/vec4;
    %pushi/vec4 1, 0, 3;
    %cmp/u;
    %jmp/1 T_0.15, 6;
    %dup/vec4;
    %pushi/vec4 2, 0, 3;
    %cmp/u;
    %jmp/1 T_0.16, 6;
    %dup/vec4;
    %pushi/vec4 3, 0, 3;
    %cmp/u;
    %jmp/1 T_0.17, 6;
    %dup/vec4;
    %pushi/vec4 4, 0, 3;
    %cmp/u;
    %jmp/1 T_0.18, 6;
    %dup/vec4;
    %pushi/vec4 5, 0, 3;
    %cmp/u;
    %jmp/1 T_0.19, 6;
    %dup/vec4;
    %pushi/vec4 6, 0, 3;
    %cmp/u;
    %jmp/1 T_0.20, 6;
    %dup/vec4;
    %pushi/vec4 7, 0, 3;
    %cmp/u;
    %jmp/1 T_0.21, 6;
    %pushi/vec4 0, 0, 32;
    %assign/vec4 v000001a7dee12d30_0, 0;
    %jmp T_0.23;
T_0.14 ;
    %load/vec4 v000001a7dedfbf20_0;
    %load/vec4 v000001a7dee12b50_0;
    %and;
    %assign/vec4 v000001a7dee12d30_0, 0;
    %jmp T_0.23;
T_0.15 ;
    %load/vec4 v000001a7dedfbf20_0;
    %load/vec4 v000001a7dee12b50_0;
    %or;
    %assign/vec4 v000001a7dee12d30_0, 0;
    %jmp T_0.23;
T_0.16 ;
    %load/vec4 v000001a7dedfbf20_0;
    %load/vec4 v000001a7dee12b50_0;
    %add;
    %assign/vec4 v000001a7dee12d30_0, 0;
    %jmp T_0.23;
T_0.17 ;
    %load/vec4 v000001a7dedfbf20_0;
    %load/vec4 v000001a7dee12b50_0;
    %xor;
    %assign/vec4 v000001a7dee12d30_0, 0;
    %jmp T_0.23;
T_0.18 ;
    %load/vec4 v000001a7dedfbf20_0;
    %load/vec4 v000001a7dee12b50_0;
    %inv;
    %and;
    %assign/vec4 v000001a7dee12d30_0, 0;
    %jmp T_0.23;
T_0.19 ;
    %load/vec4 v000001a7dedfbf20_0;
    %load/vec4 v000001a7dee12b50_0;
    %inv;
    %or;
    %assign/vec4 v000001a7dee12d30_0, 0;
    %jmp T_0.23;
T_0.20 ;
    %load/vec4 v000001a7dedfbf20_0;
    %load/vec4 v000001a7dee12b50_0;
    %inv;
    %add;
    %addi 1, 0, 32;
    %assign/vec4 v000001a7dee12d30_0, 0;
    %jmp T_0.23;
T_0.21 ;
    %load/vec4 v000001a7dedfbf20_0;
    %load/vec4 v000001a7dee12b50_0;
    %cmp/u;
    %flag_mov 8, 5;
    %jmp/0 T_0.24, 8;
    %pushi/vec4 1, 0, 32;
    %jmp/1 T_0.25, 8;
T_0.24 ; End of true expr.
    %pushi/vec4 0, 0, 32;
    %jmp/0 T_0.25, 8;
 ; End of false expr.
    %blend;
T_0.25;
    %assign/vec4 v000001a7dee12d30_0, 0;
    %jmp T_0.23;
T_0.23 ;
    %pop/vec4 1;
T_0.1 ;
    %load/vec4 v000001a7dee12d30_0;
    %cmpi/e 0, 0, 32;
    %flag_mov 8, 4;
    %jmp/0 T_0.26, 8;
    %pushi/vec4 1, 0, 2;
    %jmp/1 T_0.27, 8;
T_0.26 ; End of true expr.
    %pushi/vec4 0, 0, 2;
    %jmp/0 T_0.27, 8;
 ; End of false expr.
    %blend;
T_0.27;
    %pad/s 1;
    %assign/vec4 v000001a7dee44b80_0, 0;
    %jmp T_0;
    .thread T_0, $push;
# The file index is used to find the file name in the following table.
:file_names 3;
    "N/A";
    "<interactive>";
    "alu.v";
