#! /c/Source/iverilog-install/bin/vvp
:ivl_version "12.0 (devel)" "(s20150603-1539-g2693dd32b)";
:ivl_delay_selection "TYPICAL";
:vpi_time_precision + 0;
:vpi_module "C:\iverilog\lib\ivl\system.vpi";
:vpi_module "C:\iverilog\lib\ivl\vhdl_sys.vpi";
:vpi_module "C:\iverilog\lib\ivl\vhdl_textio.vpi";
:vpi_module "C:\iverilog\lib\ivl\v2005_math.vpi";
:vpi_module "C:\iverilog\lib\ivl\va_math.vpi";
S_000001c5675f2ad0 .scope module, "aludec" "aludec" 2 1;
 .timescale 0 0;
    .port_info 0 /INPUT 6 "funct";
    .port_info 1 /INPUT 4 "aluop";
    .port_info 2 /OUTPUT 3 "alucontrol";
    .port_info 3 /OUTPUT 1 "signd";
    .port_info 4 /OUTPUT 1 "multseld";
v000001c5675f2c60_0 .var "alucontrol", 2 0;
o000001c567632fc8 .functor BUFZ 4, C4<zzzz>; HiZ drive
v000001c5675f2d00_0 .net "aluop", 3 0, o000001c567632fc8;  0 drivers
o000001c567632ff8 .functor BUFZ 6, C4<zzzzzz>; HiZ drive
v000001c5675f2da0_0 .net "funct", 5 0, o000001c567632ff8;  0 drivers
v000001c567621390_0 .var "multseld", 0 0;
v000001c567621430_0 .var "signd", 0 0;
E_000001c567615500 .event anyedge, v000001c5675f2d00_0, v000001c5675f2da0_0;
    .scope S_000001c5675f2ad0;
T_0 ;
    %wait E_000001c567615500;
    %load/vec4 v000001c5675f2d00_0;
    %dup/vec4;
    %pushi/vec4 0, 0, 4;
    %cmp/u;
    %jmp/1 T_0.0, 6;
    %dup/vec4;
    %pushi/vec4 2, 0, 4;
    %cmp/u;
    %jmp/1 T_0.1, 6;
    %dup/vec4;
    %pushi/vec4 1, 0, 4;
    %cmp/u;
    %jmp/1 T_0.2, 6;
    %dup/vec4;
    %pushi/vec4 3, 0, 4;
    %cmp/u;
    %jmp/1 T_0.3, 6;
    %dup/vec4;
    %pushi/vec4 4, 0, 4;
    %cmp/u;
    %jmp/1 T_0.4, 6;
    %dup/vec4;
    %pushi/vec4 5, 0, 4;
    %cmp/u;
    %jmp/1 T_0.5, 6;
    %dup/vec4;
    %pushi/vec4 6, 0, 4;
    %cmp/u;
    %jmp/1 T_0.6, 6;
    %dup/vec4;
    %pushi/vec4 7, 0, 4;
    %cmp/u;
    %jmp/1 T_0.7, 6;
    %dup/vec4;
    %pushi/vec4 8, 0, 4;
    %cmp/u;
    %jmp/1 T_0.8, 6;
    %pushi/vec4 7, 7, 3;
    %assign/vec4 v000001c5675f2c60_0, 0;
    %pushi/vec4 0, 0, 1;
    %assign/vec4 v000001c567621430_0, 0;
    %pushi/vec4 0, 0, 1;
    %assign/vec4 v000001c567621390_0, 0;
    %jmp T_0.10;
T_0.0 ;
    %pushi/vec4 2, 0, 3;
    %assign/vec4 v000001c5675f2c60_0, 0;
    %pushi/vec4 1, 0, 1;
    %assign/vec4 v000001c567621430_0, 0;
    %pushi/vec4 0, 0, 1;
    %assign/vec4 v000001c567621390_0, 0;
    %jmp T_0.10;
T_0.1 ;
    %load/vec4 v000001c5675f2da0_0;
    %dup/vec4;
    %pushi/vec4 32, 0, 6;
    %cmp/u;
    %jmp/1 T_0.11, 6;
    %dup/vec4;
    %pushi/vec4 33, 0, 6;
    %cmp/u;
    %jmp/1 T_0.12, 6;
    %dup/vec4;
    %pushi/vec4 34, 0, 6;
    %cmp/u;
    %jmp/1 T_0.13, 6;
    %dup/vec4;
    %pushi/vec4 35, 0, 6;
    %cmp/u;
    %jmp/1 T_0.14, 6;
    %dup/vec4;
    %pushi/vec4 36, 0, 6;
    %cmp/u;
    %jmp/1 T_0.15, 6;
    %dup/vec4;
    %pushi/vec4 37, 0, 6;
    %cmp/u;
    %jmp/1 T_0.16, 6;
    %dup/vec4;
    %pushi/vec4 42, 0, 6;
    %cmp/u;
    %jmp/1 T_0.17, 6;
    %dup/vec4;
    %pushi/vec4 43, 0, 6;
    %cmp/u;
    %jmp/1 T_0.18, 6;
    %dup/vec4;
    %pushi/vec4 38, 0, 6;
    %cmp/u;
    %jmp/1 T_0.19, 6;
    %dup/vec4;
    %pushi/vec4 24, 0, 6;
    %cmp/u;
    %jmp/1 T_0.20, 6;
    %dup/vec4;
    %pushi/vec4 25, 0, 6;
    %cmp/u;
    %jmp/1 T_0.21, 6;
    %pushi/vec4 7, 7, 3;
    %assign/vec4 v000001c5675f2c60_0, 0;
    %pushi/vec4 0, 0, 1;
    %assign/vec4 v000001c567621430_0, 0;
    %pushi/vec4 0, 0, 1;
    %assign/vec4 v000001c567621390_0, 0;
    %jmp T_0.23;
T_0.11 ;
    %pushi/vec4 2, 0, 3;
    %assign/vec4 v000001c5675f2c60_0, 0;
    %pushi/vec4 1, 0, 1;
    %assign/vec4 v000001c567621430_0, 0;
    %pushi/vec4 0, 0, 1;
    %assign/vec4 v000001c567621390_0, 0;
    %jmp T_0.23;
T_0.12 ;
    %pushi/vec4 2, 0, 3;
    %assign/vec4 v000001c5675f2c60_0, 0;
    %pushi/vec4 0, 0, 1;
    %assign/vec4 v000001c567621430_0, 0;
    %pushi/vec4 0, 0, 1;
    %assign/vec4 v000001c567621390_0, 0;
    %jmp T_0.23;
T_0.13 ;
    %pushi/vec4 6, 0, 3;
    %assign/vec4 v000001c5675f2c60_0, 0;
    %pushi/vec4 1, 0, 1;
    %assign/vec4 v000001c567621430_0, 0;
    %pushi/vec4 0, 0, 1;
    %assign/vec4 v000001c567621390_0, 0;
    %jmp T_0.23;
T_0.14 ;
    %pushi/vec4 6, 0, 3;
    %assign/vec4 v000001c5675f2c60_0, 0;
    %pushi/vec4 0, 0, 1;
    %assign/vec4 v000001c567621430_0, 0;
    %pushi/vec4 0, 0, 1;
    %assign/vec4 v000001c567621390_0, 0;
    %jmp T_0.23;
T_0.15 ;
    %pushi/vec4 0, 0, 3;
    %assign/vec4 v000001c5675f2c60_0, 0;
    %pushi/vec4 1, 0, 1;
    %assign/vec4 v000001c567621430_0, 0;
    %pushi/vec4 0, 0, 1;
    %assign/vec4 v000001c567621390_0, 0;
    %jmp T_0.23;
T_0.16 ;
    %pushi/vec4 1, 0, 3;
    %assign/vec4 v000001c5675f2c60_0, 0;
    %pushi/vec4 1, 0, 1;
    %assign/vec4 v000001c567621430_0, 0;
    %pushi/vec4 0, 0, 1;
    %assign/vec4 v000001c567621390_0, 0;
    %jmp T_0.23;
T_0.17 ;
    %pushi/vec4 7, 0, 3;
    %assign/vec4 v000001c5675f2c60_0, 0;
    %pushi/vec4 1, 0, 1;
    %assign/vec4 v000001c567621430_0, 0;
    %pushi/vec4 0, 0, 1;
    %assign/vec4 v000001c567621390_0, 0;
    %jmp T_0.23;
T_0.18 ;
    %pushi/vec4 7, 0, 3;
    %assign/vec4 v000001c5675f2c60_0, 0;
    %pushi/vec4 0, 0, 1;
    %assign/vec4 v000001c567621430_0, 0;
    %pushi/vec4 0, 0, 1;
    %assign/vec4 v000001c567621390_0, 0;
    %jmp T_0.23;
T_0.19 ;
    %pushi/vec4 3, 0, 3;
    %assign/vec4 v000001c5675f2c60_0, 0;
    %pushi/vec4 1, 0, 1;
    %assign/vec4 v000001c567621430_0, 0;
    %pushi/vec4 0, 0, 1;
    %assign/vec4 v000001c567621390_0, 0;
    %jmp T_0.23;
T_0.20 ;
    %pushi/vec4 7, 7, 3;
    %assign/vec4 v000001c5675f2c60_0, 0;
    %pushi/vec4 1, 0, 1;
    %assign/vec4 v000001c567621430_0, 0;
    %pushi/vec4 1, 0, 1;
    %assign/vec4 v000001c567621390_0, 0;
    %jmp T_0.23;
T_0.21 ;
    %pushi/vec4 7, 7, 3;
    %assign/vec4 v000001c5675f2c60_0, 0;
    %pushi/vec4 0, 0, 1;
    %assign/vec4 v000001c567621430_0, 0;
    %pushi/vec4 1, 0, 1;
    %assign/vec4 v000001c567621390_0, 0;
    %jmp T_0.23;
T_0.23 ;
    %pop/vec4 1;
    %jmp T_0.10;
T_0.2 ;
    %pushi/vec4 6, 0, 3;
    %assign/vec4 v000001c5675f2c60_0, 0;
    %pushi/vec4 1, 0, 1;
    %assign/vec4 v000001c567621430_0, 0;
    %pushi/vec4 0, 0, 1;
    %assign/vec4 v000001c567621390_0, 0;
    %jmp T_0.10;
T_0.3 ;
    %pushi/vec4 1, 0, 3;
    %assign/vec4 v000001c5675f2c60_0, 0;
    %pushi/vec4 1, 0, 1;
    %assign/vec4 v000001c567621430_0, 0;
    %pushi/vec4 0, 0, 1;
    %assign/vec4 v000001c567621390_0, 0;
    %jmp T_0.10;
T_0.4 ;
    %pushi/vec4 0, 0, 3;
    %assign/vec4 v000001c5675f2c60_0, 0;
    %pushi/vec4 1, 0, 1;
    %assign/vec4 v000001c567621430_0, 0;
    %pushi/vec4 0, 0, 1;
    %assign/vec4 v000001c567621390_0, 0;
    %jmp T_0.10;
T_0.5 ;
    %pushi/vec4 3, 0, 3;
    %assign/vec4 v000001c5675f2c60_0, 0;
    %pushi/vec4 1, 0, 1;
    %assign/vec4 v000001c567621430_0, 0;
    %pushi/vec4 0, 0, 1;
    %assign/vec4 v000001c567621390_0, 0;
    %jmp T_0.10;
T_0.6 ;
    %pushi/vec4 7, 0, 3;
    %assign/vec4 v000001c5675f2c60_0, 0;
    %pushi/vec4 1, 0, 1;
    %assign/vec4 v000001c567621430_0, 0;
    %pushi/vec4 0, 0, 1;
    %assign/vec4 v000001c567621390_0, 0;
    %jmp T_0.10;
T_0.7 ;
    %pushi/vec4 3, 0, 3;
    %assign/vec4 v000001c5675f2c60_0, 0;
    %pushi/vec4 0, 0, 1;
    %assign/vec4 v000001c567621430_0, 0;
    %pushi/vec4 0, 0, 1;
    %assign/vec4 v000001c567621390_0, 0;
    %jmp T_0.10;
T_0.8 ;
    %pushi/vec4 7, 0, 3;
    %assign/vec4 v000001c5675f2c60_0, 0;
    %pushi/vec4 0, 0, 1;
    %assign/vec4 v000001c567621430_0, 0;
    %pushi/vec4 0, 0, 1;
    %assign/vec4 v000001c567621390_0, 0;
    %jmp T_0.10;
T_0.10 ;
    %pop/vec4 1;
    %jmp T_0;
    .thread T_0, $push;
# The file index is used to find the file name in the following table.
:file_names 3;
    "N/A";
    "<interactive>";
    "aludec.v";
