#! /c/Source/iverilog-install/bin/vvp
:ivl_version "12.0 (devel)" "(s20150603-1539-g2693dd32b)";
:ivl_delay_selection "TYPICAL";
:vpi_time_precision + 0;
:vpi_module "C:\iverilog\lib\ivl\system.vpi";
:vpi_module "C:\iverilog\lib\ivl\vhdl_sys.vpi";
:vpi_module "C:\iverilog\lib\ivl\vhdl_textio.vpi";
:vpi_module "C:\iverilog\lib\ivl\v2005_math.vpi";
:vpi_module "C:\iverilog\lib\ivl\va_math.vpi";
S_0000016036263fe0 .scope module, "branch_predictor" "branch_predictor" 2 1;
 .timescale 0 0;
    .port_info 0 /INPUT 1 "clk";
    .port_info 1 /INPUT 1 "reset";
    .port_info 2 /INPUT 32 "pc";
    .port_info 3 /INPUT 1 "branch_taken";
    .port_info 4 /INPUT 32 "instruction";
    .port_info 5 /OUTPUT 1 "predict";
v0000016036223000_0 .net *"_ivl_1", 8 0, L_00000160362b2f70;  1 drivers
v0000016036264170_0 .net *"_ivl_2", 15 0, L_00000160362b3290;  1 drivers
v000001603620bea0 .array "bimodal_bht", 511 0, 1 0;
v000001603620bf40_0 .net "bimodal_index", 8 0, L_00000160362b30b0;  1 drivers
o0000016036266068 .functor BUFZ 1, C4<z>; HiZ drive
v0000016036248320_0 .net "branch_taken", 0 0, o0000016036266068;  0 drivers
o0000016036266098 .functor BUFZ 1, C4<z>; HiZ drive
v00000160362483c0_0 .net "clk", 0 0, o0000016036266098;  0 drivers
v0000016036253e40 .array "counts", 511 0, 1 0;
v0000016036253ee0_0 .var "gbhr", 6 0;
v0000016036253f80 .array "gshare_bht", 511 0, 1 0;
v0000016036254020_0 .net "gshare_index", 8 0, L_00000160362b2e30;  1 drivers
v00000160362540c0_0 .var/i "i", 31 0;
o0000016036266158 .functor BUFZ 32, C4<zzzzzzzzzzzzzzzzzzzzzzzzzzzzzzzz>; HiZ drive
v0000016036254160_0 .net "instruction", 31 0, o0000016036266158;  0 drivers
o0000016036266188 .functor BUFZ 32, C4<zzzzzzzzzzzzzzzzzzzzzzzzzzzzzzzz>; HiZ drive
v00000160362b33d0_0 .net "pc", 31 0, o0000016036266188;  0 drivers
v00000160362b2d90_0 .var "predict", 0 0;
v00000160362b3510_0 .var "prediction_mode", 1 0;
o0000016036266218 .functor BUFZ 1, C4<z>; HiZ drive
v00000160362b3010_0 .net "reset", 0 0, o0000016036266218;  0 drivers
E_0000016036247be0 .event posedge, v00000160362b3010_0, v00000160362483c0_0;
L_00000160362b2f70 .part o0000016036266188, 0, 9;
L_00000160362b3290 .concat [ 7 9 0 0], v0000016036253ee0_0, L_00000160362b2f70;
L_00000160362b2e30 .part L_00000160362b3290, 0, 9;
L_00000160362b30b0 .part o0000016036266188, 0, 9;
    .scope S_0000016036263fe0;
T_0 ;
    %wait E_0000016036247be0;
    %load/vec4 v00000160362b3010_0;
    %flag_set/vec4 8;
    %jmp/0xz  T_0.0, 8;
    %pushi/vec4 0, 0, 7;
    %assign/vec4 v0000016036253ee0_0, 0;
    %jmp T_0.1;
T_0.0 ;
    %load/vec4 v0000016036248320_0;
    %flag_set/vec4 8;
    %jmp/0xz  T_0.2, 8;
    %load/vec4 v0000016036253ee0_0;
    %parti/s 6, 0, 2;
    %concati/vec4 1, 0, 1;
    %assign/vec4 v0000016036253ee0_0, 0;
    %jmp T_0.3;
T_0.2 ;
    %load/vec4 v0000016036253ee0_0;
    %parti/s 6, 0, 2;
    %concati/vec4 0, 0, 1;
    %assign/vec4 v0000016036253ee0_0, 0;
T_0.3 ;
T_0.1 ;
    %jmp T_0;
    .thread T_0;
    .scope S_0000016036263fe0;
T_1 ;
    %wait E_0000016036247be0;
    %load/vec4 v00000160362b3010_0;
    %flag_set/vec4 8;
    %jmp/0xz  T_1.0, 8;
    %pushi/vec4 0, 0, 1;
    %assign/vec4 v00000160362b2d90_0, 0;
    %jmp T_1.1;
T_1.0 ;
    %load/vec4 v00000160362b3510_0;
    %dup/vec4;
    %pushi/vec4 0, 0, 2;
    %cmp/u;
    %jmp/1 T_1.2, 6;
    %dup/vec4;
    %pushi/vec4 1, 0, 2;
    %cmp/u;
    %jmp/1 T_1.3, 6;
    %dup/vec4;
    %pushi/vec4 2, 0, 2;
    %cmp/u;
    %jmp/1 T_1.4, 6;
    %dup/vec4;
    %pushi/vec4 3, 0, 2;
    %cmp/u;
    %jmp/1 T_1.5, 6;
    %jmp T_1.6;
T_1.2 ;
    %pushi/vec4 2, 0, 2;
    %load/vec4 v0000016036254020_0;
    %pad/u 11;
    %ix/vec4 4;
    %load/vec4a v0000016036253f80, 4;
    %cmp/u;
    %flag_get/vec4 4;
    %flag_get/vec4 5;
    %or;
    %assign/vec4 v00000160362b2d90_0, 0;
    %jmp T_1.6;
T_1.3 ;
    %pushi/vec4 2, 0, 2;
    %load/vec4 v000001603620bf40_0;
    %pad/u 11;
    %ix/vec4 4;
    %load/vec4a v000001603620bea0, 4;
    %cmp/u;
    %flag_get/vec4 4;
    %flag_get/vec4 5;
    %or;
    %assign/vec4 v00000160362b2d90_0, 0;
    %jmp T_1.6;
T_1.4 ;
    %pushi/vec4 1, 0, 1;
    %assign/vec4 v00000160362b2d90_0, 0;
    %jmp T_1.6;
T_1.5 ;
    %pushi/vec4 0, 0, 1;
    %assign/vec4 v00000160362b2d90_0, 0;
    %jmp T_1.6;
T_1.6 ;
    %pop/vec4 1;
T_1.1 ;
    %jmp T_1;
    .thread T_1;
    .scope S_0000016036263fe0;
T_2 ;
    %wait E_0000016036247be0;
    %load/vec4 v00000160362b3010_0;
    %flag_set/vec4 8;
    %jmp/0xz  T_2.0, 8;
    %pushi/vec4 0, 0, 32;
    %store/vec4 v00000160362540c0_0, 0, 32;
T_2.2 ;
    %load/vec4 v00000160362540c0_0;
    %cmpi/s 512, 0, 32;
    %jmp/0xz T_2.3, 5;
    %pushi/vec4 1, 0, 2;
    %ix/getv/s 3, v00000160362540c0_0;
    %ix/load 4, 0, 0; Constant delay
    %assign/vec4/a/d v0000016036253f80, 0, 4;
    %pushi/vec4 1, 0, 2;
    %ix/getv/s 3, v00000160362540c0_0;
    %ix/load 4, 0, 0; Constant delay
    %assign/vec4/a/d v000001603620bea0, 0, 4;
    %pushi/vec4 0, 0, 2;
    %ix/getv/s 3, v00000160362540c0_0;
    %ix/load 4, 0, 0; Constant delay
    %assign/vec4/a/d v0000016036253e40, 0, 4;
    %load/vec4 v00000160362540c0_0;
    %addi 1, 0, 32;
    %store/vec4 v00000160362540c0_0, 0, 32;
    %jmp T_2.2;
T_2.3 ;
    %jmp T_2.1;
T_2.0 ;
    %load/vec4 v0000016036248320_0;
    %flag_set/vec4 8;
    %jmp/0xz  T_2.4, 8;
    %load/vec4 v0000016036254020_0;
    %pad/u 11;
    %ix/vec4 4;
    %load/vec4a v0000016036253f80, 4;
    %cmpi/u 3, 0, 2;
    %jmp/0xz  T_2.6, 5;
    %load/vec4 v0000016036254020_0;
    %pad/u 11;
    %ix/vec4 4;
    %load/vec4a v0000016036253f80, 4;
    %addi 1, 0, 2;
    %load/vec4 v0000016036254020_0;
    %pad/u 11;
    %ix/vec4 3;
    %ix/load 4, 0, 0; Constant delay
    %assign/vec4/a/d v0000016036253f80, 0, 4;
T_2.6 ;
    %load/vec4 v000001603620bf40_0;
    %pad/u 11;
    %ix/vec4 4;
    %load/vec4a v000001603620bea0, 4;
    %cmpi/u 3, 0, 2;
    %jmp/0xz  T_2.8, 5;
    %load/vec4 v000001603620bf40_0;
    %pad/u 11;
    %ix/vec4 4;
    %load/vec4a v000001603620bea0, 4;
    %addi 1, 0, 2;
    %load/vec4 v000001603620bf40_0;
    %pad/u 11;
    %ix/vec4 3;
    %ix/load 4, 0, 0; Constant delay
    %assign/vec4/a/d v000001603620bea0, 0, 4;
T_2.8 ;
    %jmp T_2.5;
T_2.4 ;
    %load/vec4 v0000016036254020_0;
    %pad/u 11;
    %ix/vec4 4;
    %load/vec4a v0000016036253f80, 4;
    %cmpi/u 0, 0, 2;
    %flag_or 5, 4; GT is !LE
    %flag_inv 5;
    %jmp/0xz  T_2.10, 5;
    %load/vec4 v0000016036254020_0;
    %pad/u 11;
    %ix/vec4 4;
    %load/vec4a v0000016036253f80, 4;
    %subi 1, 0, 2;
    %load/vec4 v0000016036254020_0;
    %pad/u 11;
    %ix/vec4 3;
    %ix/load 4, 0, 0; Constant delay
    %assign/vec4/a/d v0000016036253f80, 0, 4;
T_2.10 ;
    %load/vec4 v000001603620bf40_0;
    %pad/u 11;
    %ix/vec4 4;
    %load/vec4a v000001603620bea0, 4;
    %cmpi/u 0, 0, 2;
    %flag_or 5, 4; GT is !LE
    %flag_inv 5;
    %jmp/0xz  T_2.12, 5;
    %load/vec4 v000001603620bf40_0;
    %pad/u 11;
    %ix/vec4 4;
    %load/vec4a v000001603620bea0, 4;
    %subi 1, 0, 2;
    %load/vec4 v000001603620bf40_0;
    %pad/u 11;
    %ix/vec4 3;
    %ix/load 4, 0, 0; Constant delay
    %assign/vec4/a/d v000001603620bea0, 0, 4;
T_2.12 ;
T_2.5 ;
    %load/vec4 v0000016036254020_0;
    %pad/u 11;
    %ix/vec4 4;
    %load/vec4a v0000016036253e40, 4;
    %cmpi/e 0, 0, 2;
    %jmp/1 T_2.16, 4;
    %flag_mov 8, 4;
    %load/vec4 v0000016036254020_0;
    %pad/u 11;
    %ix/vec4 4;
    %load/vec4a v0000016036253e40, 4;
    %cmpi/e 1, 0, 2;
    %flag_or 4, 8;
T_2.16;
    %jmp/0xz  T_2.14, 4;
    %load/vec4 v0000016036254020_0;
    %pad/u 11;
    %ix/vec4 4;
    %load/vec4a v0000016036253e40, 4;
    %addi 1, 0, 2;
    %load/vec4 v0000016036254020_0;
    %pad/u 11;
    %ix/vec4 3;
    %ix/load 4, 0, 0; Constant delay
    %assign/vec4/a/d v0000016036253e40, 0, 4;
    %jmp T_2.15;
T_2.14 ;
    %load/vec4 v0000016036254020_0;
    %pad/u 11;
    %ix/vec4 4;
    %load/vec4a v0000016036253e40, 4;
    %cmpi/e 2, 0, 2;
    %jmp/1 T_2.19, 4;
    %flag_mov 8, 4;
    %load/vec4 v0000016036254020_0;
    %pad/u 11;
    %ix/vec4 4;
    %load/vec4a v0000016036253e40, 4;
    %cmpi/e 3, 0, 2;
    %flag_or 4, 8;
T_2.19;
    %jmp/0xz  T_2.17, 4;
    %load/vec4 v0000016036254020_0;
    %pad/u 11;
    %ix/vec4 4;
    %load/vec4a v0000016036253e40, 4;
    %subi 1, 0, 2;
    %load/vec4 v0000016036254020_0;
    %pad/u 11;
    %ix/vec4 3;
    %ix/load 4, 0, 0; Constant delay
    %assign/vec4/a/d v0000016036253e40, 0, 4;
T_2.17 ;
T_2.15 ;
T_2.1 ;
    %jmp T_2;
    .thread T_2;
    .scope S_0000016036263fe0;
T_3 ;
    %wait E_0000016036247be0;
    %load/vec4 v00000160362b3010_0;
    %flag_set/vec4 8;
    %jmp/0xz  T_3.0, 8;
    %pushi/vec4 0, 0, 2;
    %assign/vec4 v00000160362b3510_0, 0;
T_3.0 ;
    %jmp T_3;
    .thread T_3;
# The file index is used to find the file name in the following table.
:file_names 3;
    "N/A";
    "<interactive>";
    "branch_predictor.v";
