#! /c/Source/iverilog-install/bin/vvp
:ivl_version "12.0 (devel)" "(s20150603-1539-g2693dd32b)";
:ivl_delay_selection "TYPICAL";
:vpi_time_precision + 0;
:vpi_module "C:\iverilog\lib\ivl\system.vpi";
:vpi_module "C:\iverilog\lib\ivl\vhdl_sys.vpi";
:vpi_module "C:\iverilog\lib\ivl\vhdl_textio.vpi";
:vpi_module "C:\iverilog\lib\ivl\v2005_math.vpi";
:vpi_module "C:\iverilog\lib\ivl\va_math.vpi";
S_000001efddd1bd50 .scope module, "branchhistorytable" "branchhistorytable" 2 1;
 .timescale 0 0;
    .port_info 0 /INPUT 1 "clk";
    .port_info 1 /INPUT 2 "pcsrcd";
    .port_info 2 /INPUT 32 "pcd";
    .port_info 3 /INPUT 32 "pcbranchd";
    .port_info 4 /INPUT 32 "originalpc";
    .port_info 5 /OUTPUT 32 "pcnext";
    .port_info 6 /OUTPUT 1 "clrbp";
v000001efdddd4e20 .array "branchtargetbuffer", 0 127, 65 0;
o000001efddde27d8 .functor BUFZ 1, C4<z>; HiZ drive
v000001efdddd17f0_0 .net "clk", 0 0, o000001efddde27d8;  0 drivers
v000001efdddd1890_0 .var "clrbp", 0 0;
v000001efdddd1930_0 .var/i "count", 31 0;
v000001efdddd19d0_0 .var "foundflag", 0 0;
v000001efdddd1a70_0 .var/i "i", 31 0;
v000001efdddd1b10_0 .var/i "j", 31 0;
o000001efddde28f8 .functor BUFZ 32, C4<zzzzzzzzzzzzzzzzzzzzzzzzzzzzzzzz>; HiZ drive
v000001efdddcebc0_0 .net "originalpc", 31 0, o000001efddde28f8;  0 drivers
o000001efddde2928 .functor BUFZ 32, C4<zzzzzzzzzzzzzzzzzzzzzzzzzzzzzzzz>; HiZ drive
v000001efdddcec60_0 .net "pcbranchd", 31 0, o000001efddde2928;  0 drivers
o000001efddde2958 .functor BUFZ 32, C4<zzzzzzzzzzzzzzzzzzzzzzzzzzzzzzzz>; HiZ drive
v000001efdddced00_0 .net "pcd", 31 0, o000001efddde2958;  0 drivers
v000001efdddceda0_0 .var "pcnext", 31 0;
o000001efddde29b8 .functor BUFZ 2, C4<zz>; HiZ drive
v000001efdddcee40_0 .net "pcsrcd", 1 0, o000001efddde29b8;  0 drivers
v000001efdddceee0_0 .var "pcstorage", 31 0;
v000001efdddcef80_0 .var/i "recorder", 31 0;
v000001efdddd4e20_0 .array/port v000001efdddd4e20, 0;
v000001efdddd4e20_1 .array/port v000001efdddd4e20, 1;
v000001efdddd4e20_2 .array/port v000001efdddd4e20, 2;
E_000001efddd1b0c0/0 .event anyedge, v000001efdddcebc0_0, v000001efdddd4e20_0, v000001efdddd4e20_1, v000001efdddd4e20_2;
v000001efdddd4e20_3 .array/port v000001efdddd4e20, 3;
v000001efdddd4e20_4 .array/port v000001efdddd4e20, 4;
v000001efdddd4e20_5 .array/port v000001efdddd4e20, 5;
v000001efdddd4e20_6 .array/port v000001efdddd4e20, 6;
E_000001efddd1b0c0/1 .event anyedge, v000001efdddd4e20_3, v000001efdddd4e20_4, v000001efdddd4e20_5, v000001efdddd4e20_6;
v000001efdddd4e20_7 .array/port v000001efdddd4e20, 7;
v000001efdddd4e20_8 .array/port v000001efdddd4e20, 8;
v000001efdddd4e20_9 .array/port v000001efdddd4e20, 9;
v000001efdddd4e20_10 .array/port v000001efdddd4e20, 10;
E_000001efddd1b0c0/2 .event anyedge, v000001efdddd4e20_7, v000001efdddd4e20_8, v000001efdddd4e20_9, v000001efdddd4e20_10;
v000001efdddd4e20_11 .array/port v000001efdddd4e20, 11;
v000001efdddd4e20_12 .array/port v000001efdddd4e20, 12;
v000001efdddd4e20_13 .array/port v000001efdddd4e20, 13;
v000001efdddd4e20_14 .array/port v000001efdddd4e20, 14;
E_000001efddd1b0c0/3 .event anyedge, v000001efdddd4e20_11, v000001efdddd4e20_12, v000001efdddd4e20_13, v000001efdddd4e20_14;
v000001efdddd4e20_15 .array/port v000001efdddd4e20, 15;
v000001efdddd4e20_16 .array/port v000001efdddd4e20, 16;
v000001efdddd4e20_17 .array/port v000001efdddd4e20, 17;
v000001efdddd4e20_18 .array/port v000001efdddd4e20, 18;
E_000001efddd1b0c0/4 .event anyedge, v000001efdddd4e20_15, v000001efdddd4e20_16, v000001efdddd4e20_17, v000001efdddd4e20_18;
v000001efdddd4e20_19 .array/port v000001efdddd4e20, 19;
v000001efdddd4e20_20 .array/port v000001efdddd4e20, 20;
v000001efdddd4e20_21 .array/port v000001efdddd4e20, 21;
v000001efdddd4e20_22 .array/port v000001efdddd4e20, 22;
E_000001efddd1b0c0/5 .event anyedge, v000001efdddd4e20_19, v000001efdddd4e20_20, v000001efdddd4e20_21, v000001efdddd4e20_22;
v000001efdddd4e20_23 .array/port v000001efdddd4e20, 23;
v000001efdddd4e20_24 .array/port v000001efdddd4e20, 24;
v000001efdddd4e20_25 .array/port v000001efdddd4e20, 25;
v000001efdddd4e20_26 .array/port v000001efdddd4e20, 26;
E_000001efddd1b0c0/6 .event anyedge, v000001efdddd4e20_23, v000001efdddd4e20_24, v000001efdddd4e20_25, v000001efdddd4e20_26;
v000001efdddd4e20_27 .array/port v000001efdddd4e20, 27;
v000001efdddd4e20_28 .array/port v000001efdddd4e20, 28;
v000001efdddd4e20_29 .array/port v000001efdddd4e20, 29;
v000001efdddd4e20_30 .array/port v000001efdddd4e20, 30;
E_000001efddd1b0c0/7 .event anyedge, v000001efdddd4e20_27, v000001efdddd4e20_28, v000001efdddd4e20_29, v000001efdddd4e20_30;
v000001efdddd4e20_31 .array/port v000001efdddd4e20, 31;
v000001efdddd4e20_32 .array/port v000001efdddd4e20, 32;
v000001efdddd4e20_33 .array/port v000001efdddd4e20, 33;
v000001efdddd4e20_34 .array/port v000001efdddd4e20, 34;
E_000001efddd1b0c0/8 .event anyedge, v000001efdddd4e20_31, v000001efdddd4e20_32, v000001efdddd4e20_33, v000001efdddd4e20_34;
v000001efdddd4e20_35 .array/port v000001efdddd4e20, 35;
v000001efdddd4e20_36 .array/port v000001efdddd4e20, 36;
v000001efdddd4e20_37 .array/port v000001efdddd4e20, 37;
v000001efdddd4e20_38 .array/port v000001efdddd4e20, 38;
E_000001efddd1b0c0/9 .event anyedge, v000001efdddd4e20_35, v000001efdddd4e20_36, v000001efdddd4e20_37, v000001efdddd4e20_38;
v000001efdddd4e20_39 .array/port v000001efdddd4e20, 39;
v000001efdddd4e20_40 .array/port v000001efdddd4e20, 40;
v000001efdddd4e20_41 .array/port v000001efdddd4e20, 41;
v000001efdddd4e20_42 .array/port v000001efdddd4e20, 42;
E_000001efddd1b0c0/10 .event anyedge, v000001efdddd4e20_39, v000001efdddd4e20_40, v000001efdddd4e20_41, v000001efdddd4e20_42;
v000001efdddd4e20_43 .array/port v000001efdddd4e20, 43;
v000001efdddd4e20_44 .array/port v000001efdddd4e20, 44;
v000001efdddd4e20_45 .array/port v000001efdddd4e20, 45;
v000001efdddd4e20_46 .array/port v000001efdddd4e20, 46;
E_000001efddd1b0c0/11 .event anyedge, v000001efdddd4e20_43, v000001efdddd4e20_44, v000001efdddd4e20_45, v000001efdddd4e20_46;
v000001efdddd4e20_47 .array/port v000001efdddd4e20, 47;
v000001efdddd4e20_48 .array/port v000001efdddd4e20, 48;
v000001efdddd4e20_49 .array/port v000001efdddd4e20, 49;
v000001efdddd4e20_50 .array/port v000001efdddd4e20, 50;
E_000001efddd1b0c0/12 .event anyedge, v000001efdddd4e20_47, v000001efdddd4e20_48, v000001efdddd4e20_49, v000001efdddd4e20_50;
v000001efdddd4e20_51 .array/port v000001efdddd4e20, 51;
v000001efdddd4e20_52 .array/port v000001efdddd4e20, 52;
v000001efdddd4e20_53 .array/port v000001efdddd4e20, 53;
v000001efdddd4e20_54 .array/port v000001efdddd4e20, 54;
E_000001efddd1b0c0/13 .event anyedge, v000001efdddd4e20_51, v000001efdddd4e20_52, v000001efdddd4e20_53, v000001efdddd4e20_54;
v000001efdddd4e20_55 .array/port v000001efdddd4e20, 55;
v000001efdddd4e20_56 .array/port v000001efdddd4e20, 56;
v000001efdddd4e20_57 .array/port v000001efdddd4e20, 57;
v000001efdddd4e20_58 .array/port v000001efdddd4e20, 58;
E_000001efddd1b0c0/14 .event anyedge, v000001efdddd4e20_55, v000001efdddd4e20_56, v000001efdddd4e20_57, v000001efdddd4e20_58;
v000001efdddd4e20_59 .array/port v000001efdddd4e20, 59;
v000001efdddd4e20_60 .array/port v000001efdddd4e20, 60;
v000001efdddd4e20_61 .array/port v000001efdddd4e20, 61;
v000001efdddd4e20_62 .array/port v000001efdddd4e20, 62;
E_000001efddd1b0c0/15 .event anyedge, v000001efdddd4e20_59, v000001efdddd4e20_60, v000001efdddd4e20_61, v000001efdddd4e20_62;
v000001efdddd4e20_63 .array/port v000001efdddd4e20, 63;
v000001efdddd4e20_64 .array/port v000001efdddd4e20, 64;
v000001efdddd4e20_65 .array/port v000001efdddd4e20, 65;
v000001efdddd4e20_66 .array/port v000001efdddd4e20, 66;
E_000001efddd1b0c0/16 .event anyedge, v000001efdddd4e20_63, v000001efdddd4e20_64, v000001efdddd4e20_65, v000001efdddd4e20_66;
v000001efdddd4e20_67 .array/port v000001efdddd4e20, 67;
v000001efdddd4e20_68 .array/port v000001efdddd4e20, 68;
v000001efdddd4e20_69 .array/port v000001efdddd4e20, 69;
v000001efdddd4e20_70 .array/port v000001efdddd4e20, 70;
E_000001efddd1b0c0/17 .event anyedge, v000001efdddd4e20_67, v000001efdddd4e20_68, v000001efdddd4e20_69, v000001efdddd4e20_70;
v000001efdddd4e20_71 .array/port v000001efdddd4e20, 71;
v000001efdddd4e20_72 .array/port v000001efdddd4e20, 72;
v000001efdddd4e20_73 .array/port v000001efdddd4e20, 73;
v000001efdddd4e20_74 .array/port v000001efdddd4e20, 74;
E_000001efddd1b0c0/18 .event anyedge, v000001efdddd4e20_71, v000001efdddd4e20_72, v000001efdddd4e20_73, v000001efdddd4e20_74;
v000001efdddd4e20_75 .array/port v000001efdddd4e20, 75;
v000001efdddd4e20_76 .array/port v000001efdddd4e20, 76;
v000001efdddd4e20_77 .array/port v000001efdddd4e20, 77;
v000001efdddd4e20_78 .array/port v000001efdddd4e20, 78;
E_000001efddd1b0c0/19 .event anyedge, v000001efdddd4e20_75, v000001efdddd4e20_76, v000001efdddd4e20_77, v000001efdddd4e20_78;
v000001efdddd4e20_79 .array/port v000001efdddd4e20, 79;
v000001efdddd4e20_80 .array/port v000001efdddd4e20, 80;
v000001efdddd4e20_81 .array/port v000001efdddd4e20, 81;
v000001efdddd4e20_82 .array/port v000001efdddd4e20, 82;
E_000001efddd1b0c0/20 .event anyedge, v000001efdddd4e20_79, v000001efdddd4e20_80, v000001efdddd4e20_81, v000001efdddd4e20_82;
v000001efdddd4e20_83 .array/port v000001efdddd4e20, 83;
v000001efdddd4e20_84 .array/port v000001efdddd4e20, 84;
v000001efdddd4e20_85 .array/port v000001efdddd4e20, 85;
v000001efdddd4e20_86 .array/port v000001efdddd4e20, 86;
E_000001efddd1b0c0/21 .event anyedge, v000001efdddd4e20_83, v000001efdddd4e20_84, v000001efdddd4e20_85, v000001efdddd4e20_86;
v000001efdddd4e20_87 .array/port v000001efdddd4e20, 87;
v000001efdddd4e20_88 .array/port v000001efdddd4e20, 88;
v000001efdddd4e20_89 .array/port v000001efdddd4e20, 89;
v000001efdddd4e20_90 .array/port v000001efdddd4e20, 90;
E_000001efddd1b0c0/22 .event anyedge, v000001efdddd4e20_87, v000001efdddd4e20_88, v000001efdddd4e20_89, v000001efdddd4e20_90;
v000001efdddd4e20_91 .array/port v000001efdddd4e20, 91;
v000001efdddd4e20_92 .array/port v000001efdddd4e20, 92;
v000001efdddd4e20_93 .array/port v000001efdddd4e20, 93;
v000001efdddd4e20_94 .array/port v000001efdddd4e20, 94;
E_000001efddd1b0c0/23 .event anyedge, v000001efdddd4e20_91, v000001efdddd4e20_92, v000001efdddd4e20_93, v000001efdddd4e20_94;
v000001efdddd4e20_95 .array/port v000001efdddd4e20, 95;
v000001efdddd4e20_96 .array/port v000001efdddd4e20, 96;
v000001efdddd4e20_97 .array/port v000001efdddd4e20, 97;
v000001efdddd4e20_98 .array/port v000001efdddd4e20, 98;
E_000001efddd1b0c0/24 .event anyedge, v000001efdddd4e20_95, v000001efdddd4e20_96, v000001efdddd4e20_97, v000001efdddd4e20_98;
v000001efdddd4e20_99 .array/port v000001efdddd4e20, 99;
v000001efdddd4e20_100 .array/port v000001efdddd4e20, 100;
v000001efdddd4e20_101 .array/port v000001efdddd4e20, 101;
v000001efdddd4e20_102 .array/port v000001efdddd4e20, 102;
E_000001efddd1b0c0/25 .event anyedge, v000001efdddd4e20_99, v000001efdddd4e20_100, v000001efdddd4e20_101, v000001efdddd4e20_102;
v000001efdddd4e20_103 .array/port v000001efdddd4e20, 103;
v000001efdddd4e20_104 .array/port v000001efdddd4e20, 104;
v000001efdddd4e20_105 .array/port v000001efdddd4e20, 105;
v000001efdddd4e20_106 .array/port v000001efdddd4e20, 106;
E_000001efddd1b0c0/26 .event anyedge, v000001efdddd4e20_103, v000001efdddd4e20_104, v000001efdddd4e20_105, v000001efdddd4e20_106;
v000001efdddd4e20_107 .array/port v000001efdddd4e20, 107;
v000001efdddd4e20_108 .array/port v000001efdddd4e20, 108;
v000001efdddd4e20_109 .array/port v000001efdddd4e20, 109;
v000001efdddd4e20_110 .array/port v000001efdddd4e20, 110;
E_000001efddd1b0c0/27 .event anyedge, v000001efdddd4e20_107, v000001efdddd4e20_108, v000001efdddd4e20_109, v000001efdddd4e20_110;
v000001efdddd4e20_111 .array/port v000001efdddd4e20, 111;
v000001efdddd4e20_112 .array/port v000001efdddd4e20, 112;
v000001efdddd4e20_113 .array/port v000001efdddd4e20, 113;
v000001efdddd4e20_114 .array/port v000001efdddd4e20, 114;
E_000001efddd1b0c0/28 .event anyedge, v000001efdddd4e20_111, v000001efdddd4e20_112, v000001efdddd4e20_113, v000001efdddd4e20_114;
v000001efdddd4e20_115 .array/port v000001efdddd4e20, 115;
v000001efdddd4e20_116 .array/port v000001efdddd4e20, 116;
v000001efdddd4e20_117 .array/port v000001efdddd4e20, 117;
v000001efdddd4e20_118 .array/port v000001efdddd4e20, 118;
E_000001efddd1b0c0/29 .event anyedge, v000001efdddd4e20_115, v000001efdddd4e20_116, v000001efdddd4e20_117, v000001efdddd4e20_118;
v000001efdddd4e20_119 .array/port v000001efdddd4e20, 119;
v000001efdddd4e20_120 .array/port v000001efdddd4e20, 120;
v000001efdddd4e20_121 .array/port v000001efdddd4e20, 121;
v000001efdddd4e20_122 .array/port v000001efdddd4e20, 122;
E_000001efddd1b0c0/30 .event anyedge, v000001efdddd4e20_119, v000001efdddd4e20_120, v000001efdddd4e20_121, v000001efdddd4e20_122;
v000001efdddd4e20_123 .array/port v000001efdddd4e20, 123;
v000001efdddd4e20_124 .array/port v000001efdddd4e20, 124;
v000001efdddd4e20_125 .array/port v000001efdddd4e20, 125;
v000001efdddd4e20_126 .array/port v000001efdddd4e20, 126;
E_000001efddd1b0c0/31 .event anyedge, v000001efdddd4e20_123, v000001efdddd4e20_124, v000001efdddd4e20_125, v000001efdddd4e20_126;
v000001efdddd4e20_127 .array/port v000001efdddd4e20, 127;
E_000001efddd1b0c0/32 .event anyedge, v000001efdddd4e20_127, v000001efdddd19d0_0, v000001efdddcee40_0, v000001efdddcef80_0;
E_000001efddd1b0c0/33 .event anyedge, v000001efdddceee0_0, v000001efdddd1930_0, v000001efdddcec60_0, v000001efdddced00_0;
E_000001efddd1b0c0 .event/or E_000001efddd1b0c0/0, E_000001efddd1b0c0/1, E_000001efddd1b0c0/2, E_000001efddd1b0c0/3, E_000001efddd1b0c0/4, E_000001efddd1b0c0/5, E_000001efddd1b0c0/6, E_000001efddd1b0c0/7, E_000001efddd1b0c0/8, E_000001efddd1b0c0/9, E_000001efddd1b0c0/10, E_000001efddd1b0c0/11, E_000001efddd1b0c0/12, E_000001efddd1b0c0/13, E_000001efddd1b0c0/14, E_000001efddd1b0c0/15, E_000001efddd1b0c0/16, E_000001efddd1b0c0/17, E_000001efddd1b0c0/18, E_000001efddd1b0c0/19, E_000001efddd1b0c0/20, E_000001efddd1b0c0/21, E_000001efddd1b0c0/22, E_000001efddd1b0c0/23, E_000001efddd1b0c0/24, E_000001efddd1b0c0/25, E_000001efddd1b0c0/26, E_000001efddd1b0c0/27, E_000001efddd1b0c0/28, E_000001efddd1b0c0/29, E_000001efddd1b0c0/30, E_000001efddd1b0c0/31, E_000001efddd1b0c0/32, E_000001efddd1b0c0/33;
    .scope S_000001efddd1bd50;
T_0 ;
    %pushi/vec4 0, 0, 32;
    %store/vec4 v000001efdddd1b10_0, 0, 32;
    %pushi/vec4 0, 0, 32;
    %store/vec4 v000001efdddd1930_0, 0, 32;
    %end;
    .thread T_0;
    .scope S_000001efddd1bd50;
T_1 ;
    %pushi/vec4 0, 0, 32;
    %store/vec4 v000001efdddd1a70_0, 0, 32;
T_1.0 ;
    %load/vec4 v000001efdddd1a70_0;
    %cmpi/s 128, 0, 32;
    %jmp/0xz T_1.1, 5;
    %pushi/vec4 0, 0, 66;
    %ix/getv/s 4, v000001efdddd1a70_0;
    %store/vec4a v000001efdddd4e20, 4, 0;
    %load/vec4 v000001efdddd1a70_0;
    %addi 1, 0, 32;
    %store/vec4 v000001efdddd1a70_0, 0, 32;
    %jmp T_1.0;
T_1.1 ;
    %end;
    .thread T_1;
    .scope S_000001efddd1bd50;
T_2 ;
    %wait E_000001efddd1b0c0;
    %pushi/vec4 0, 0, 1;
    %store/vec4 v000001efdddd19d0_0, 0, 1;
    %pushi/vec4 0, 0, 32;
    %store/vec4 v000001efdddd1a70_0, 0, 32;
T_2.0 ;
    %load/vec4 v000001efdddd1a70_0;
    %cmpi/s 128, 0, 32;
    %jmp/0xz T_2.1, 5;
    %load/vec4 v000001efdddcebc0_0;
    %ix/getv/s 4, v000001efdddd1a70_0;
    %load/vec4a v000001efdddd4e20, 4;
    %parti/s 32, 34, 7;
    %cmp/e;
    %jmp/0xz  T_2.2, 4;
    %ix/getv/s 4, v000001efdddd1a70_0;
    %load/vec4a v000001efdddd4e20, 4;
    %parti/s 1, 1, 2;
    %nor/r;
    %flag_set/vec4 8;
    %jmp/0xz  T_2.4, 8;
    %load/vec4 v000001efdddcebc0_0;
    %store/vec4 v000001efdddceee0_0, 0, 32;
    %ix/getv/s 4, v000001efdddd1a70_0;
    %load/vec4a v000001efdddd4e20, 4;
    %parti/s 32, 2, 3;
    %store/vec4 v000001efdddceda0_0, 0, 32;
T_2.4 ;
    %pushi/vec4 1, 0, 1;
    %store/vec4 v000001efdddd19d0_0, 0, 1;
    %load/vec4 v000001efdddd1a70_0;
    %store/vec4 v000001efdddcef80_0, 0, 32;
T_2.2 ;
    %load/vec4 v000001efdddd1a70_0;
    %addi 1, 0, 32;
    %store/vec4 v000001efdddd1a70_0, 0, 32;
    %jmp T_2.0;
T_2.1 ;
    %load/vec4 v000001efdddd19d0_0;
    %flag_set/vec4 8;
    %jmp/0xz  T_2.6, 8;
    %load/vec4 v000001efdddcee40_0;
    %parti/s 1, 0, 2;
    %flag_set/vec4 8;
    %jmp/0xz  T_2.8, 8;
    %pushi/vec4 0, 0, 1;
    %store/vec4 v000001efdddd1890_0, 0, 1;
    %ix/getv/s 4, v000001efdddcef80_0;
    %load/vec4a v000001efdddd4e20, 4;
    %parti/s 2, 0, 2;
    %dup/vec4;
    %pushi/vec4 0, 0, 2;
    %cmp/u;
    %jmp/1 T_2.10, 6;
    %dup/vec4;
    %pushi/vec4 1, 0, 2;
    %cmp/u;
    %jmp/1 T_2.11, 6;
    %dup/vec4;
    %pushi/vec4 2, 0, 2;
    %cmp/u;
    %jmp/1 T_2.12, 6;
    %dup/vec4;
    %pushi/vec4 3, 0, 2;
    %cmp/u;
    %jmp/1 T_2.13, 6;
    %jmp T_2.14;
T_2.10 ;
    %pushi/vec4 0, 0, 2;
    %ix/getv/s 4, v000001efdddcef80_0;
    %flag_mov 8, 4;
    %ix/load 5, 0, 0;
    %flag_set/imm 4, 0;
    %flag_or 4, 8;
    %store/vec4a v000001efdddd4e20, 4, 5;
    %jmp T_2.14;
T_2.11 ;
    %pushi/vec4 0, 0, 2;
    %ix/getv/s 4, v000001efdddcef80_0;
    %flag_mov 8, 4;
    %ix/load 5, 0, 0;
    %flag_set/imm 4, 0;
    %flag_or 4, 8;
    %store/vec4a v000001efdddd4e20, 4, 5;
    %jmp T_2.14;
T_2.12 ;
    %pushi/vec4 1, 0, 2;
    %ix/getv/s 4, v000001efdddcef80_0;
    %flag_mov 8, 4;
    %ix/load 5, 0, 0;
    %flag_set/imm 4, 0;
    %flag_or 4, 8;
    %store/vec4a v000001efdddd4e20, 4, 5;
    %jmp T_2.14;
T_2.13 ;
    %pushi/vec4 2, 0, 2;
    %ix/getv/s 4, v000001efdddcef80_0;
    %flag_mov 8, 4;
    %ix/load 5, 0, 0;
    %flag_set/imm 4, 0;
    %flag_or 4, 8;
    %store/vec4a v000001efdddd4e20, 4, 5;
    %jmp T_2.14;
T_2.14 ;
    %pop/vec4 1;
    %jmp T_2.9;
T_2.8 ;
    %pushi/vec4 1, 0, 1;
    %store/vec4 v000001efdddd1890_0, 0, 1;
    %load/vec4 v000001efdddceee0_0;
    %store/vec4 v000001efdddceda0_0, 0, 32;
    %ix/getv/s 4, v000001efdddcef80_0;
    %load/vec4a v000001efdddd4e20, 4;
    %parti/s 2, 0, 2;
    %dup/vec4;
    %pushi/vec4 0, 0, 2;
    %cmp/u;
    %jmp/1 T_2.15, 6;
    %dup/vec4;
    %pushi/vec4 1, 0, 2;
    %cmp/u;
    %jmp/1 T_2.16, 6;
    %dup/vec4;
    %pushi/vec4 2, 0, 2;
    %cmp/u;
    %jmp/1 T_2.17, 6;
    %dup/vec4;
    %pushi/vec4 3, 0, 2;
    %cmp/u;
    %jmp/1 T_2.18, 6;
    %jmp T_2.19;
T_2.15 ;
    %pushi/vec4 1, 0, 2;
    %ix/getv/s 4, v000001efdddcef80_0;
    %flag_mov 8, 4;
    %ix/load 5, 0, 0;
    %flag_set/imm 4, 0;
    %flag_or 4, 8;
    %store/vec4a v000001efdddd4e20, 4, 5;
    %jmp T_2.19;
T_2.16 ;
    %pushi/vec4 2, 0, 2;
    %ix/getv/s 4, v000001efdddcef80_0;
    %flag_mov 8, 4;
    %ix/load 5, 0, 0;
    %flag_set/imm 4, 0;
    %flag_or 4, 8;
    %store/vec4a v000001efdddd4e20, 4, 5;
    %jmp T_2.19;
T_2.17 ;
    %pushi/vec4 3, 0, 2;
    %ix/getv/s 4, v000001efdddcef80_0;
    %flag_mov 8, 4;
    %ix/load 5, 0, 0;
    %flag_set/imm 4, 0;
    %flag_or 4, 8;
    %store/vec4a v000001efdddd4e20, 4, 5;
    %jmp T_2.19;
T_2.18 ;
    %pushi/vec4 3, 0, 2;
    %ix/getv/s 4, v000001efdddcef80_0;
    %flag_mov 8, 4;
    %ix/load 5, 0, 0;
    %flag_set/imm 4, 0;
    %flag_or 4, 8;
    %store/vec4a v000001efdddd4e20, 4, 5;
    %jmp T_2.19;
T_2.19 ;
    %pop/vec4 1;
T_2.9 ;
    %jmp T_2.7;
T_2.6 ;
    %load/vec4 v000001efdddcee40_0;
    %parti/s 1, 0, 2;
    %flag_set/vec4 8;
    %jmp/0xz  T_2.20, 8;
    %pushi/vec4 0, 0, 2;
    %ix/getv/s 4, v000001efdddd1930_0;
    %flag_mov 8, 4;
    %ix/load 5, 0, 0;
    %flag_set/imm 4, 0;
    %flag_or 4, 8;
    %store/vec4a v000001efdddd4e20, 4, 5;
    %load/vec4 v000001efdddcec60_0;
    %ix/getv/s 4, v000001efdddd1930_0;
    %flag_mov 8, 4;
    %ix/load 5, 2, 0;
    %flag_set/imm 4, 0;
    %flag_or 4, 8;
    %store/vec4a v000001efdddd4e20, 4, 5;
    %load/vec4 v000001efdddced00_0;
    %ix/getv/s 4, v000001efdddd1930_0;
    %flag_mov 8, 4;
    %ix/load 5, 34, 0;
    %flag_set/imm 4, 0;
    %flag_or 4, 8;
    %store/vec4a v000001efdddd4e20, 4, 5;
    %load/vec4 v000001efdddcec60_0;
    %store/vec4 v000001efdddceda0_0, 0, 32;
    %pushi/vec4 0, 0, 1;
    %store/vec4 v000001efdddd1890_0, 0, 1;
    %load/vec4 v000001efdddd1930_0;
    %addi 1, 0, 32;
    %store/vec4 v000001efdddd1930_0, 0, 32;
    %load/vec4 v000001efdddd1930_0;
    %cmpi/s 127, 0, 32;
    %flag_or 5, 4; GT is !LE
    %flag_inv 5;
    %jmp/0xz  T_2.22, 5;
    %pushi/vec4 0, 0, 32;
    %store/vec4 v000001efdddd1930_0, 0, 32;
T_2.22 ;
    %jmp T_2.21;
T_2.20 ;
    %pushi/vec4 0, 0, 1;
    %store/vec4 v000001efdddd1890_0, 0, 1;
    %load/vec4 v000001efdddcebc0_0;
    %store/vec4 v000001efdddceda0_0, 0, 32;
T_2.21 ;
T_2.7 ;
    %jmp T_2;
    .thread T_2, $push;
# The file index is used to find the file name in the following table.
:file_names 3;
    "N/A";
    "<interactive>";
    "branchhistorytable.v";
