#! /c/Source/iverilog-install/bin/vvp
:ivl_version "12.0 (devel)" "(s20150603-1539-g2693dd32b)";
:ivl_delay_selection "TYPICAL";
:vpi_time_precision + 0;
:vpi_module "C:\iverilog\lib\ivl\system.vpi";
:vpi_module "C:\iverilog\lib\ivl\vhdl_sys.vpi";
:vpi_module "C:\iverilog\lib\ivl\vhdl_textio.vpi";
:vpi_module "C:\iverilog\lib\ivl\v2005_math.vpi";
:vpi_module "C:\iverilog\lib\ivl\va_math.vpi";
S_0000019b1e9ac380 .scope module, "decode" "decode" 2 7;
 .timescale 0 0;
    .port_info 0 /INPUT 1 "clk";
    .port_info 1 /INPUT 1 "regwritew";
    .port_info 2 /INPUT 1 "regwritew2";
    .port_info 3 /INPUT 2 "forwardad";
    .port_info 4 /INPUT 2 "forwardad2";
    .port_info 5 /INPUT 2 "forwardbd";
    .port_info 6 /INPUT 2 "forwardbd2";
    .port_info 7 /INPUT 32 "instrd";
    .port_info 8 /INPUT 32 "instrd2";
    .port_info 9 /INPUT 32 "resultw";
    .port_info 10 /INPUT 32 "resultw2";
    .port_info 11 /INPUT 5 "writeregw";
    .port_info 12 /INPUT 5 "writeregw2";
    .port_info 13 /INPUT 32 "aluoutm";
    .port_info 14 /INPUT 32 "aluoutm2";
    .port_info 15 /INPUT 32 "pcplus4d";
    .port_info 16 /INPUT 32 "pcplus4d2";
    .port_info 17 /OUTPUT 32 "pcbranchd";
    .port_info 18 /OUTPUT 32 "pcbranchd2";
    .port_info 19 /OUTPUT 1 "equald";
    .port_info 20 /OUTPUT 1 "equald2";
    .port_info 21 /OUTPUT 32 "mux1out";
    .port_info 22 /OUTPUT 32 "mux1out2";
    .port_info 23 /OUTPUT 32 "mux2out";
    .port_info 24 /OUTPUT 32 "mux2out2";
    .port_info 25 /OUTPUT 5 "rsd";
    .port_info 26 /OUTPUT 5 "rsd2";
    .port_info 27 /OUTPUT 5 "rtd";
    .port_info 28 /OUTPUT 5 "rtd2";
    .port_info 29 /OUTPUT 5 "rdd";
    .port_info 30 /OUTPUT 5 "rdd2";
    .port_info 31 /OUTPUT 32 "signimmd";
    .port_info 32 /OUTPUT 32 "signimmd2";
    .port_info 33 /OUTPUT 32 "signextd";
    .port_info 34 /OUTPUT 32 "signextd2";
v0000019b1ea3a040_0 .net *"_ivl_1", 5 0, L_0000019b1ea3d7c0;  1 drivers
L_0000019b1ea60598 .functor BUFT 1, C4<00000000000000000000000000000100>, C4<0>, C4<0>, C4<0>;
v0000019b1ea3a680_0 .net/2u *"_ivl_20", 31 0, L_0000019b1ea60598;  1 drivers
L_0000019b1ea60670 .functor BUFT 1, C4<00000000000000000000000000000100>, C4<0>, C4<0>, C4<0>;
v0000019b1ea3b080_0 .net/2u *"_ivl_28", 31 0, L_0000019b1ea60670;  1 drivers
v0000019b1ea3a860_0 .net *"_ivl_5", 5 0, L_0000019b1ea3cd20;  1 drivers
o0000019b1e9dd6c8 .functor BUFZ 32, C4<zzzzzzzzzzzzzzzzzzzzzzzzzzzzzzzz>; HiZ drive
v0000019b1ea3b1c0_0 .net "aluoutm", 31 0, o0000019b1e9dd6c8;  0 drivers
o0000019b1e9dd6f8 .functor BUFZ 32, C4<zzzzzzzzzzzzzzzzzzzzzzzzzzzzzzzz>; HiZ drive
v0000019b1ea39aa0_0 .net "aluoutm2", 31 0, o0000019b1e9dd6f8;  0 drivers
o0000019b1e9de4d8 .functor BUFZ 1, C4<z>; HiZ drive
v0000019b1ea3b440_0 .net "clk", 0 0, o0000019b1e9de4d8;  0 drivers
v0000019b1ea3b620_0 .var "equald", 0 0;
v0000019b1ea3b6c0_0 .var "equald2", 0 0;
o0000019b1e9dd728 .functor BUFZ 2, C4<zz>; HiZ drive
v0000019b1ea3b760_0 .net "forwardad", 1 0, o0000019b1e9dd728;  0 drivers
o0000019b1e9dd938 .functor BUFZ 2, C4<zz>; HiZ drive
v0000019b1ea3a220_0 .net "forwardad2", 1 0, o0000019b1e9dd938;  0 drivers
o0000019b1e9ddb48 .functor BUFZ 2, C4<zz>; HiZ drive
v0000019b1ea398c0_0 .net "forwardbd", 1 0, o0000019b1e9ddb48;  0 drivers
o0000019b1e9ddd58 .functor BUFZ 2, C4<zz>; HiZ drive
v0000019b1ea39960_0 .net "forwardbd2", 1 0, o0000019b1e9ddd58;  0 drivers
o0000019b1e9df108 .functor BUFZ 32, C4<zzzzzzzzzzzzzzzzzzzzzzzzzzzzzzzz>; HiZ drive
v0000019b1ea39b40_0 .net "instrd", 31 0, o0000019b1e9df108;  0 drivers
o0000019b1e9df138 .functor BUFZ 32, C4<zzzzzzzzzzzzzzzzzzzzzzzzzzzzzzzz>; HiZ drive
v0000019b1ea3d040_0 .net "instrd2", 31 0, o0000019b1e9df138;  0 drivers
v0000019b1ea3d5e0_0 .net "mux1out", 31 0, L_0000019b1ea4dd30;  1 drivers
v0000019b1ea3cfa0_0 .net "mux1out2", 31 0, L_0000019b1ea4e410;  1 drivers
v0000019b1ea3caa0_0 .net "mux2out", 31 0, L_0000019b1ea4f630;  1 drivers
v0000019b1ea3c640_0 .net "mux2out2", 31 0, L_0000019b1ea4e7d0;  1 drivers
v0000019b1ea3c1e0_0 .net "pcbranchd", 31 0, v0000019b1e9d3f50_0;  1 drivers
v0000019b1ea3bb00_0 .net "pcbranchd2", 31 0, v0000019b1e9d4b30_0;  1 drivers
o0000019b1e9df168 .functor BUFZ 32, C4<zzzzzzzzzzzzzzzzzzzzzzzzzzzzzzzz>; HiZ drive
v0000019b1ea3ce60_0 .net "pcplus4d", 31 0, o0000019b1e9df168;  0 drivers
o0000019b1e9df198 .functor BUFZ 32, C4<zzzzzzzzzzzzzzzzzzzzzzzzzzzzzzzz>; HiZ drive
v0000019b1ea3d680_0 .net "pcplus4d2", 31 0, o0000019b1e9df198;  0 drivers
v0000019b1ea3bba0_0 .net "rd1", 31 0, L_0000019b1ea3d540;  1 drivers
v0000019b1ea3c280_0 .net "rd1_2", 31 0, L_0000019b1ea4ee10;  1 drivers
v0000019b1ea3cbe0_0 .net "rd2", 31 0, L_0000019b1ea3bec0;  1 drivers
v0000019b1ea3c8c0_0 .net "rd2_2", 31 0, L_0000019b1ea4f770;  1 drivers
v0000019b1ea3d4a0_0 .var "rdd", 4 0;
v0000019b1ea3d180_0 .var "rdd2", 4 0;
o0000019b1e9de6b8 .functor BUFZ 1, C4<z>; HiZ drive
v0000019b1ea3d860_0 .net "regwritew", 0 0, o0000019b1e9de6b8;  0 drivers
o0000019b1e9de6e8 .functor BUFZ 1, C4<z>; HiZ drive
v0000019b1ea3d0e0_0 .net "regwritew2", 0 0, o0000019b1e9de6e8;  0 drivers
o0000019b1e9de658 .functor BUFZ 32, C4<zzzzzzzzzzzzzzzzzzzzzzzzzzzzzzzz>; HiZ drive
v0000019b1ea3c320_0 .net "resultw", 31 0, o0000019b1e9de658;  0 drivers
o0000019b1e9de688 .functor BUFZ 32, C4<zzzzzzzzzzzzzzzzzzzzzzzzzzzzzzzz>; HiZ drive
v0000019b1ea3c0a0_0 .net "resultw2", 31 0, o0000019b1e9de688;  0 drivers
v0000019b1ea3c500_0 .var "rsd", 4 0;
v0000019b1ea3c6e0_0 .var "rsd2", 4 0;
v0000019b1ea3d220_0 .var "rtd", 4 0;
v0000019b1ea3d2c0_0 .var "rtd2", 4 0;
v0000019b1ea3c820_0 .net "signextd", 31 0, L_0000019b1ea3d900;  1 drivers
v0000019b1ea3c780_0 .net "signextd2", 31 0, L_0000019b1ea3ba60;  1 drivers
v0000019b1ea3cc80_0 .net "signimmd", 31 0, L_0000019b1ea4f950;  1 drivers
v0000019b1ea3d720_0 .net "signimmd2", 31 0, L_0000019b1ea4fb30;  1 drivers
v0000019b1ea3cdc0_0 .net "signimmsll2", 31 0, L_0000019b1ea4f9f0;  1 drivers
v0000019b1ea3c960_0 .net "signimmsll2_2", 31 0, L_0000019b1ea4ed70;  1 drivers
v0000019b1ea3ca00_0 .net "signssl", 25 0, L_0000019b1ea4e0f0;  1 drivers
v0000019b1ea3cb40_0 .net "signssl2", 25 0, L_0000019b1ea4e910;  1 drivers
o0000019b1e9de5f8 .functor BUFZ 5, C4<zzzzz>; HiZ drive
v0000019b1ea3d360_0 .net "writeregw", 4 0, o0000019b1e9de5f8;  0 drivers
o0000019b1e9de628 .functor BUFZ 5, C4<zzzzz>; HiZ drive
v0000019b1ea3d400_0 .net "writeregw2", 4 0, o0000019b1e9de628;  0 drivers
E_0000019b1e9c9d60/0 .event anyedge, v0000019b1e9d4090_0, v0000019b1ea36630_0, v0000019b1ea39b40_0, v0000019b1e9d3c30_0;
E_0000019b1e9c9d60/1 .event anyedge, v0000019b1ea36d10_0, v0000019b1ea3d040_0;
E_0000019b1e9c9d60 .event/or E_0000019b1e9c9d60/0, E_0000019b1e9c9d60/1;
L_0000019b1ea3d7c0 .part o0000019b1e9df168, 26, 6;
L_0000019b1ea3d900 .concat [ 26 6 0 0], L_0000019b1ea4e0f0, L_0000019b1ea3d7c0;
L_0000019b1ea3cd20 .part o0000019b1e9df168, 26, 6;
L_0000019b1ea3ba60 .concat [ 26 6 0 0], L_0000019b1ea4e910, L_0000019b1ea3cd20;
L_0000019b1ea4eff0 .part o0000019b1e9df108, 21, 5;
L_0000019b1ea4f8b0 .part o0000019b1e9df138, 21, 5;
L_0000019b1ea4ef50 .part o0000019b1e9df108, 16, 5;
L_0000019b1ea4ecd0 .part o0000019b1e9df138, 16, 5;
L_0000019b1ea4f270 .part o0000019b1e9df108, 0, 16;
L_0000019b1ea4f1d0 .part o0000019b1e9df108, 0, 26;
L_0000019b1ea4e690 .arith/sub 32, o0000019b1e9df168, L_0000019b1ea60598;
L_0000019b1ea4f310 .part o0000019b1e9df138, 0, 16;
L_0000019b1ea4e370 .part o0000019b1e9df138, 0, 26;
L_0000019b1ea4e9b0 .arith/sub 32, o0000019b1e9df168, L_0000019b1ea60670;
S_0000019b1e9abde0 .scope module, "addersl2pcplus4" "adder" 2 40, 3 1 0, S_0000019b1e9ac380;
 .timescale 0 0;
    .port_info 0 /INPUT 32 "a";
    .port_info 1 /INPUT 32 "b";
    .port_info 2 /OUTPUT 32 "cout";
v0000019b1e9d3a50_0 .net "a", 31 0, L_0000019b1ea4f9f0;  alias, 1 drivers
v0000019b1e9d37d0_0 .net "b", 31 0, L_0000019b1ea4e690;  1 drivers
v0000019b1e9d3f50_0 .var "cout", 31 0;
E_0000019b1e9ca220 .event anyedge, v0000019b1e9d3a50_0, v0000019b1e9d37d0_0;
S_0000019b1e9abf70 .scope module, "addersl2pcplus4_2" "adder" 2 44, 3 1 0, S_0000019b1e9ac380;
 .timescale 0 0;
    .port_info 0 /INPUT 32 "a";
    .port_info 1 /INPUT 32 "b";
    .port_info 2 /OUTPUT 32 "cout";
v0000019b1e9d3870_0 .net "a", 31 0, L_0000019b1ea4ed70;  alias, 1 drivers
v0000019b1e9d4950_0 .net "b", 31 0, L_0000019b1ea4e9b0;  1 drivers
v0000019b1e9d4b30_0 .var "cout", 31 0;
E_0000019b1e9c9960 .event anyedge, v0000019b1e9d3870_0, v0000019b1e9d4950_0;
S_0000019b1e9aa2e0 .scope module, "muxrd1" "mux3" 2 46, 4 1 0, S_0000019b1e9ac380;
 .timescale 0 0;
    .port_info 0 /INPUT 32 "d0";
    .port_info 1 /INPUT 32 "d1";
    .port_info 2 /INPUT 32 "d2";
    .port_info 3 /INPUT 2 "s";
    .port_info 4 /OUTPUT 32 "y";
P_0000019b1e9ca360 .param/l "WIDTH" 0 4 1, +C4<00000000000000000000000000100000>;
v0000019b1e9d3690_0 .net *"_ivl_1", 0 0, L_0000019b1ea4fa90;  1 drivers
v0000019b1e9d3230_0 .net *"_ivl_3", 0 0, L_0000019b1ea4dc90;  1 drivers
v0000019b1e9d4a90_0 .net *"_ivl_4", 31 0, L_0000019b1ea4df10;  1 drivers
v0000019b1e9d4db0_0 .net "d0", 31 0, L_0000019b1ea3d540;  alias, 1 drivers
v0000019b1e9d43b0_0 .net "d1", 31 0, o0000019b1e9dd6c8;  alias, 0 drivers
v0000019b1e9d2fb0_0 .net "d2", 31 0, o0000019b1e9dd6f8;  alias, 0 drivers
v0000019b1e9d30f0_0 .net "s", 1 0, o0000019b1e9dd728;  alias, 0 drivers
v0000019b1e9d4090_0 .net "y", 31 0, L_0000019b1ea4dd30;  alias, 1 drivers
L_0000019b1ea4fa90 .part o0000019b1e9dd728, 1, 1;
L_0000019b1ea4dc90 .part o0000019b1e9dd728, 0, 1;
L_0000019b1ea4df10 .functor MUXZ 32, L_0000019b1ea3d540, o0000019b1e9dd6c8, L_0000019b1ea4dc90, C4<>;
L_0000019b1ea4dd30 .functor MUXZ 32, L_0000019b1ea4df10, o0000019b1e9dd6f8, L_0000019b1ea4fa90, C4<>;
S_0000019b1e9aa470 .scope module, "muxrd1_2" "mux3" 2 48, 4 1 0, S_0000019b1e9ac380;
 .timescale 0 0;
    .port_info 0 /INPUT 32 "d0";
    .port_info 1 /INPUT 32 "d1";
    .port_info 2 /INPUT 32 "d2";
    .port_info 3 /INPUT 2 "s";
    .port_info 4 /OUTPUT 32 "y";
P_0000019b1e9c9de0 .param/l "WIDTH" 0 4 1, +C4<00000000000000000000000000100000>;
v0000019b1e9d3190_0 .net *"_ivl_1", 0 0, L_0000019b1ea4ddd0;  1 drivers
v0000019b1e9d4310_0 .net *"_ivl_3", 0 0, L_0000019b1ea4dfb0;  1 drivers
v0000019b1e9d3cd0_0 .net *"_ivl_4", 31 0, L_0000019b1ea4e050;  1 drivers
v0000019b1e9d3730_0 .net "d0", 31 0, L_0000019b1ea4ee10;  alias, 1 drivers
v0000019b1e9d3910_0 .net "d1", 31 0, o0000019b1e9dd6f8;  alias, 0 drivers
v0000019b1e9d3af0_0 .net "d2", 31 0, o0000019b1e9dd6c8;  alias, 0 drivers
v0000019b1e9d3b90_0 .net "s", 1 0, o0000019b1e9dd938;  alias, 0 drivers
v0000019b1e9d3c30_0 .net "y", 31 0, L_0000019b1ea4e410;  alias, 1 drivers
L_0000019b1ea4ddd0 .part o0000019b1e9dd938, 1, 1;
L_0000019b1ea4dfb0 .part o0000019b1e9dd938, 0, 1;
L_0000019b1ea4e050 .functor MUXZ 32, L_0000019b1ea4ee10, o0000019b1e9dd6f8, L_0000019b1ea4dfb0, C4<>;
L_0000019b1ea4e410 .functor MUXZ 32, L_0000019b1ea4e050, o0000019b1e9dd6c8, L_0000019b1ea4ddd0, C4<>;
S_0000019b1e972a00 .scope module, "muxrd2" "mux3" 2 47, 4 1 0, S_0000019b1e9ac380;
 .timescale 0 0;
    .port_info 0 /INPUT 32 "d0";
    .port_info 1 /INPUT 32 "d1";
    .port_info 2 /INPUT 32 "d2";
    .port_info 3 /INPUT 2 "s";
    .port_info 4 /OUTPUT 32 "y";
P_0000019b1e9c99e0 .param/l "WIDTH" 0 4 1, +C4<00000000000000000000000000100000>;
v0000019b1e9d41d0_0 .net *"_ivl_1", 0 0, L_0000019b1ea4ea50;  1 drivers
v0000019b1e9d3d70_0 .net *"_ivl_3", 0 0, L_0000019b1ea4e4b0;  1 drivers
v0000019b1e9d4270_0 .net *"_ivl_4", 31 0, L_0000019b1ea4e550;  1 drivers
v0000019b1e9d4450_0 .net "d0", 31 0, L_0000019b1ea3bec0;  alias, 1 drivers
v0000019b1ea370d0_0 .net "d1", 31 0, o0000019b1e9dd6c8;  alias, 0 drivers
v0000019b1ea37030_0 .net "d2", 31 0, o0000019b1e9dd6f8;  alias, 0 drivers
v0000019b1ea36a90_0 .net "s", 1 0, o0000019b1e9ddb48;  alias, 0 drivers
v0000019b1ea36630_0 .net "y", 31 0, L_0000019b1ea4f630;  alias, 1 drivers
L_0000019b1ea4ea50 .part o0000019b1e9ddb48, 1, 1;
L_0000019b1ea4e4b0 .part o0000019b1e9ddb48, 0, 1;
L_0000019b1ea4e550 .functor MUXZ 32, L_0000019b1ea3bec0, o0000019b1e9dd6c8, L_0000019b1ea4e4b0, C4<>;
L_0000019b1ea4f630 .functor MUXZ 32, L_0000019b1ea4e550, o0000019b1e9dd6f8, L_0000019b1ea4ea50, C4<>;
S_0000019b1e972b90 .scope module, "muxrd2_2" "mux3" 2 49, 4 1 0, S_0000019b1e9ac380;
 .timescale 0 0;
    .port_info 0 /INPUT 32 "d0";
    .port_info 1 /INPUT 32 "d1";
    .port_info 2 /INPUT 32 "d2";
    .port_info 3 /INPUT 2 "s";
    .port_info 4 /OUTPUT 32 "y";
P_0000019b1e9c9ae0 .param/l "WIDTH" 0 4 1, +C4<00000000000000000000000000100000>;
v0000019b1ea37d50_0 .net *"_ivl_1", 0 0, L_0000019b1ea4e5f0;  1 drivers
v0000019b1ea361d0_0 .net *"_ivl_3", 0 0, L_0000019b1ea4e730;  1 drivers
v0000019b1ea37350_0 .net *"_ivl_4", 31 0, L_0000019b1ea4eaf0;  1 drivers
v0000019b1ea37710_0 .net "d0", 31 0, L_0000019b1ea4f770;  alias, 1 drivers
v0000019b1ea37990_0 .net "d1", 31 0, o0000019b1e9dd6f8;  alias, 0 drivers
v0000019b1ea373f0_0 .net "d2", 31 0, o0000019b1e9dd6c8;  alias, 0 drivers
v0000019b1ea36db0_0 .net "s", 1 0, o0000019b1e9ddd58;  alias, 0 drivers
v0000019b1ea36d10_0 .net "y", 31 0, L_0000019b1ea4e7d0;  alias, 1 drivers
L_0000019b1ea4e5f0 .part o0000019b1e9ddd58, 1, 1;
L_0000019b1ea4e730 .part o0000019b1e9ddd58, 0, 1;
L_0000019b1ea4eaf0 .functor MUXZ 32, L_0000019b1ea4f770, o0000019b1e9dd6f8, L_0000019b1ea4e730, C4<>;
L_0000019b1ea4e7d0 .functor MUXZ 32, L_0000019b1ea4eaf0, o0000019b1e9dd6c8, L_0000019b1ea4e5f0, C4<>;
S_0000019b1e9b23d0 .scope module, "rf" "regfile" 2 35, 5 1 0, S_0000019b1e9ac380;
 .timescale 0 0;
    .port_info 0 /INPUT 1 "clk";
    .port_info 1 /INPUT 1 "we3";
    .port_info 2 /INPUT 1 "we3_2";
    .port_info 3 /INPUT 5 "ra1";
    .port_info 4 /INPUT 5 "ra1_2";
    .port_info 5 /INPUT 5 "ra2";
    .port_info 6 /INPUT 5 "ra2_2";
    .port_info 7 /INPUT 5 "wa3";
    .port_info 8 /INPUT 5 "wa3_2";
    .port_info 9 /INPUT 32 "wd3";
    .port_info 10 /INPUT 32 "wd3_2";
    .port_info 11 /OUTPUT 32 "rd1";
    .port_info 12 /OUTPUT 32 "rd1_2";
    .port_info 13 /OUTPUT 32 "rd2";
    .port_info 14 /OUTPUT 32 "rd2_2";
v0000019b1ea377b0_0 .net *"_ivl_0", 31 0, L_0000019b1ea3cf00;  1 drivers
v0000019b1ea36ef0_0 .net *"_ivl_10", 6 0, L_0000019b1ea3c3c0;  1 drivers
L_0000019b1ea60118 .functor BUFT 1, C4<00>, C4<0>, C4<0>, C4<0>;
v0000019b1ea37850_0 .net *"_ivl_13", 1 0, L_0000019b1ea60118;  1 drivers
L_0000019b1ea60160 .functor BUFT 1, C4<00000000000000000000000000000000>, C4<0>, C4<0>, C4<0>;
v0000019b1ea36590_0 .net/2u *"_ivl_14", 31 0, L_0000019b1ea60160;  1 drivers
v0000019b1ea37170_0 .net *"_ivl_18", 31 0, L_0000019b1ea3bce0;  1 drivers
L_0000019b1ea601a8 .functor BUFT 1, C4<000000000000000000000000000>, C4<0>, C4<0>, C4<0>;
v0000019b1ea37f30_0 .net *"_ivl_21", 26 0, L_0000019b1ea601a8;  1 drivers
L_0000019b1ea601f0 .functor BUFT 1, C4<00000000000000000000000000000000>, C4<0>, C4<0>, C4<0>;
v0000019b1ea37490_0 .net/2u *"_ivl_22", 31 0, L_0000019b1ea601f0;  1 drivers
v0000019b1ea36b30_0 .net *"_ivl_24", 0 0, L_0000019b1ea3c460;  1 drivers
v0000019b1ea378f0_0 .net *"_ivl_26", 31 0, L_0000019b1ea3bd80;  1 drivers
v0000019b1ea37210_0 .net *"_ivl_28", 6 0, L_0000019b1ea3be20;  1 drivers
L_0000019b1ea60088 .functor BUFT 1, C4<000000000000000000000000000>, C4<0>, C4<0>, C4<0>;
v0000019b1ea36f90_0 .net *"_ivl_3", 26 0, L_0000019b1ea60088;  1 drivers
L_0000019b1ea60238 .functor BUFT 1, C4<00>, C4<0>, C4<0>, C4<0>;
v0000019b1ea37530_0 .net *"_ivl_31", 1 0, L_0000019b1ea60238;  1 drivers
L_0000019b1ea60280 .functor BUFT 1, C4<00000000000000000000000000000000>, C4<0>, C4<0>, C4<0>;
v0000019b1ea36310_0 .net/2u *"_ivl_32", 31 0, L_0000019b1ea60280;  1 drivers
v0000019b1ea366d0_0 .net *"_ivl_36", 31 0, L_0000019b1ea3bf60;  1 drivers
L_0000019b1ea602c8 .functor BUFT 1, C4<000000000000000000000000000>, C4<0>, C4<0>, C4<0>;
v0000019b1ea364f0_0 .net *"_ivl_39", 26 0, L_0000019b1ea602c8;  1 drivers
L_0000019b1ea600d0 .functor BUFT 1, C4<00000000000000000000000000000000>, C4<0>, C4<0>, C4<0>;
v0000019b1ea36270_0 .net/2u *"_ivl_4", 31 0, L_0000019b1ea600d0;  1 drivers
L_0000019b1ea60310 .functor BUFT 1, C4<00000000000000000000000000000000>, C4<0>, C4<0>, C4<0>;
v0000019b1ea36e50_0 .net/2u *"_ivl_40", 31 0, L_0000019b1ea60310;  1 drivers
v0000019b1ea37df0_0 .net *"_ivl_42", 0 0, L_0000019b1ea3c000;  1 drivers
v0000019b1ea36770_0 .net *"_ivl_44", 31 0, L_0000019b1ea3c5a0;  1 drivers
v0000019b1ea37ad0_0 .net *"_ivl_46", 6 0, L_0000019b1ea4de70;  1 drivers
L_0000019b1ea60358 .functor BUFT 1, C4<00>, C4<0>, C4<0>, C4<0>;
v0000019b1ea36810_0 .net *"_ivl_49", 1 0, L_0000019b1ea60358;  1 drivers
L_0000019b1ea603a0 .functor BUFT 1, C4<00000000000000000000000000000000>, C4<0>, C4<0>, C4<0>;
v0000019b1ea36bd0_0 .net/2u *"_ivl_50", 31 0, L_0000019b1ea603a0;  1 drivers
v0000019b1ea375d0_0 .net *"_ivl_54", 31 0, L_0000019b1ea4e230;  1 drivers
L_0000019b1ea603e8 .functor BUFT 1, C4<000000000000000000000000000>, C4<0>, C4<0>, C4<0>;
v0000019b1ea37a30_0 .net *"_ivl_57", 26 0, L_0000019b1ea603e8;  1 drivers
L_0000019b1ea60430 .functor BUFT 1, C4<00000000000000000000000000000000>, C4<0>, C4<0>, C4<0>;
v0000019b1ea372b0_0 .net/2u *"_ivl_58", 31 0, L_0000019b1ea60430;  1 drivers
v0000019b1ea368b0_0 .net *"_ivl_6", 0 0, L_0000019b1ea3bc40;  1 drivers
v0000019b1ea36950_0 .net *"_ivl_60", 0 0, L_0000019b1ea4f4f0;  1 drivers
v0000019b1ea37b70_0 .net *"_ivl_62", 31 0, L_0000019b1ea4e2d0;  1 drivers
v0000019b1ea37c10_0 .net *"_ivl_64", 6 0, L_0000019b1ea4f6d0;  1 drivers
L_0000019b1ea60478 .functor BUFT 1, C4<00>, C4<0>, C4<0>, C4<0>;
v0000019b1ea37cb0_0 .net *"_ivl_67", 1 0, L_0000019b1ea60478;  1 drivers
L_0000019b1ea604c0 .functor BUFT 1, C4<00000000000000000000000000000000>, C4<0>, C4<0>, C4<0>;
v0000019b1ea369f0_0 .net/2u *"_ivl_68", 31 0, L_0000019b1ea604c0;  1 drivers
v0000019b1ea36c70_0 .net *"_ivl_74", 0 0, L_0000019b1ea4eeb0;  1 drivers
v0000019b1ea37670_0 .net *"_ivl_8", 31 0, L_0000019b1ea3c140;  1 drivers
v0000019b1ea37e90_0 .net "clk", 0 0, o0000019b1e9de4d8;  alias, 0 drivers
v0000019b1ea36090_0 .var/i "i", 31 0;
v0000019b1ea36130_0 .net "ra1", 4 0, L_0000019b1ea4eff0;  1 drivers
v0000019b1ea363b0_0 .net "ra1_2", 4 0, L_0000019b1ea4f8b0;  1 drivers
v0000019b1ea36450_0 .net "ra2", 4 0, L_0000019b1ea4ef50;  1 drivers
v0000019b1ea3b260_0 .net "ra2_2", 4 0, L_0000019b1ea4ecd0;  1 drivers
v0000019b1ea3a0e0_0 .net "rd1", 31 0, L_0000019b1ea3d540;  alias, 1 drivers
v0000019b1ea3a900_0 .net "rd1_2", 31 0, L_0000019b1ea4ee10;  alias, 1 drivers
v0000019b1ea3acc0_0 .net "rd2", 31 0, L_0000019b1ea3bec0;  alias, 1 drivers
v0000019b1ea3ae00_0 .net "rd2_2", 31 0, L_0000019b1ea4f770;  alias, 1 drivers
v0000019b1ea39e60 .array "rf", 0 31, 31 0;
v0000019b1ea3b300_0 .net "wa3", 4 0, o0000019b1e9de5f8;  alias, 0 drivers
v0000019b1ea3a180_0 .net "wa3_2", 4 0, o0000019b1e9de628;  alias, 0 drivers
v0000019b1ea3aa40_0 .net "wd3", 31 0, o0000019b1e9de658;  alias, 0 drivers
v0000019b1ea3a2c0_0 .net "wd3_2", 31 0, o0000019b1e9de688;  alias, 0 drivers
v0000019b1ea3b120_0 .net "we3", 0 0, o0000019b1e9de6b8;  alias, 0 drivers
v0000019b1ea39a00_0 .net "we3_2", 0 0, o0000019b1e9de6e8;  alias, 0 drivers
E_0000019b1e9c9b20 .event anyedge, L_0000019b1ea4eeb0;
L_0000019b1ea3cf00 .concat [ 5 27 0 0], L_0000019b1ea4eff0, L_0000019b1ea60088;
L_0000019b1ea3bc40 .cmp/ne 32, L_0000019b1ea3cf00, L_0000019b1ea600d0;
L_0000019b1ea3c140 .array/port v0000019b1ea39e60, L_0000019b1ea3c3c0;
L_0000019b1ea3c3c0 .concat [ 5 2 0 0], L_0000019b1ea4eff0, L_0000019b1ea60118;
L_0000019b1ea3d540 .functor MUXZ 32, L_0000019b1ea60160, L_0000019b1ea3c140, L_0000019b1ea3bc40, C4<>;
L_0000019b1ea3bce0 .concat [ 5 27 0 0], L_0000019b1ea4ef50, L_0000019b1ea601a8;
L_0000019b1ea3c460 .cmp/ne 32, L_0000019b1ea3bce0, L_0000019b1ea601f0;
L_0000019b1ea3bd80 .array/port v0000019b1ea39e60, L_0000019b1ea3be20;
L_0000019b1ea3be20 .concat [ 5 2 0 0], L_0000019b1ea4ef50, L_0000019b1ea60238;
L_0000019b1ea3bec0 .functor MUXZ 32, L_0000019b1ea60280, L_0000019b1ea3bd80, L_0000019b1ea3c460, C4<>;
L_0000019b1ea3bf60 .concat [ 5 27 0 0], L_0000019b1ea4f8b0, L_0000019b1ea602c8;
L_0000019b1ea3c000 .cmp/ne 32, L_0000019b1ea3bf60, L_0000019b1ea60310;
L_0000019b1ea3c5a0 .array/port v0000019b1ea39e60, L_0000019b1ea4de70;
L_0000019b1ea4de70 .concat [ 5 2 0 0], L_0000019b1ea4f8b0, L_0000019b1ea60358;
L_0000019b1ea4ee10 .functor MUXZ 32, L_0000019b1ea603a0, L_0000019b1ea3c5a0, L_0000019b1ea3c000, C4<>;
L_0000019b1ea4e230 .concat [ 5 27 0 0], L_0000019b1ea4ecd0, L_0000019b1ea603e8;
L_0000019b1ea4f4f0 .cmp/ne 32, L_0000019b1ea4e230, L_0000019b1ea60430;
L_0000019b1ea4e2d0 .array/port v0000019b1ea39e60, L_0000019b1ea4f6d0;
L_0000019b1ea4f6d0 .concat [ 5 2 0 0], L_0000019b1ea4ecd0, L_0000019b1ea60478;
L_0000019b1ea4f770 .functor MUXZ 32, L_0000019b1ea604c0, L_0000019b1ea4e2d0, L_0000019b1ea4f4f0, C4<>;
L_0000019b1ea4eeb0 .reduce/nor o0000019b1e9de4d8;
S_0000019b1e9ac920 .scope module, "se" "signext" 2 37, 6 1 0, S_0000019b1e9ac380;
 .timescale 0 0;
    .port_info 0 /INPUT 16 "in";
    .port_info 1 /OUTPUT 32 "out";
v0000019b1ea3a400_0 .net *"_ivl_1", 0 0, L_0000019b1ea4f810;  1 drivers
v0000019b1ea39be0_0 .net *"_ivl_2", 15 0, L_0000019b1ea4f130;  1 drivers
v0000019b1ea3ad60_0 .net "in", 15 0, L_0000019b1ea4f270;  1 drivers
v0000019b1ea39f00_0 .net "out", 31 0, L_0000019b1ea4f950;  alias, 1 drivers
L_0000019b1ea4f810 .part L_0000019b1ea4f270, 15, 1;
LS_0000019b1ea4f130_0_0 .concat [ 1 1 1 1], L_0000019b1ea4f810, L_0000019b1ea4f810, L_0000019b1ea4f810, L_0000019b1ea4f810;
LS_0000019b1ea4f130_0_4 .concat [ 1 1 1 1], L_0000019b1ea4f810, L_0000019b1ea4f810, L_0000019b1ea4f810, L_0000019b1ea4f810;
LS_0000019b1ea4f130_0_8 .concat [ 1 1 1 1], L_0000019b1ea4f810, L_0000019b1ea4f810, L_0000019b1ea4f810, L_0000019b1ea4f810;
LS_0000019b1ea4f130_0_12 .concat [ 1 1 1 1], L_0000019b1ea4f810, L_0000019b1ea4f810, L_0000019b1ea4f810, L_0000019b1ea4f810;
L_0000019b1ea4f130 .concat [ 4 4 4 4], LS_0000019b1ea4f130_0_0, LS_0000019b1ea4f130_0_4, LS_0000019b1ea4f130_0_8, LS_0000019b1ea4f130_0_12;
L_0000019b1ea4f950 .concat [ 16 16 0 0], L_0000019b1ea4f270, L_0000019b1ea4f130;
S_0000019b1e9acab0 .scope module, "se2" "signext" 2 41, 6 1 0, S_0000019b1e9ac380;
 .timescale 0 0;
    .port_info 0 /INPUT 16 "in";
    .port_info 1 /OUTPUT 32 "out";
v0000019b1ea3a5e0_0 .net *"_ivl_1", 0 0, L_0000019b1ea4f3b0;  1 drivers
v0000019b1ea3aae0_0 .net *"_ivl_2", 15 0, L_0000019b1ea4e190;  1 drivers
v0000019b1ea3ab80_0 .net "in", 15 0, L_0000019b1ea4f310;  1 drivers
v0000019b1ea3a720_0 .net "out", 31 0, L_0000019b1ea4fb30;  alias, 1 drivers
L_0000019b1ea4f3b0 .part L_0000019b1ea4f310, 15, 1;
LS_0000019b1ea4e190_0_0 .concat [ 1 1 1 1], L_0000019b1ea4f3b0, L_0000019b1ea4f3b0, L_0000019b1ea4f3b0, L_0000019b1ea4f3b0;
LS_0000019b1ea4e190_0_4 .concat [ 1 1 1 1], L_0000019b1ea4f3b0, L_0000019b1ea4f3b0, L_0000019b1ea4f3b0, L_0000019b1ea4f3b0;
LS_0000019b1ea4e190_0_8 .concat [ 1 1 1 1], L_0000019b1ea4f3b0, L_0000019b1ea4f3b0, L_0000019b1ea4f3b0, L_0000019b1ea4f3b0;
LS_0000019b1ea4e190_0_12 .concat [ 1 1 1 1], L_0000019b1ea4f3b0, L_0000019b1ea4f3b0, L_0000019b1ea4f3b0, L_0000019b1ea4f3b0;
L_0000019b1ea4e190 .concat [ 4 4 4 4], LS_0000019b1ea4e190_0_0, LS_0000019b1ea4e190_0_4, LS_0000019b1ea4e190_0_8, LS_0000019b1ea4e190_0_12;
L_0000019b1ea4fb30 .concat [ 16 16 0 0], L_0000019b1ea4f310, L_0000019b1ea4e190;
S_0000019b1e9aedf0 .scope module, "sel2" "sl226" 2 39, 7 1 0, S_0000019b1e9ac380;
 .timescale 0 0;
    .port_info 0 /INPUT 26 "a";
    .port_info 1 /OUTPUT 26 "y";
v0000019b1ea3a7c0_0 .net *"_ivl_1", 23 0, L_0000019b1ea4e870;  1 drivers
L_0000019b1ea60550 .functor BUFT 1, C4<00>, C4<0>, C4<0>, C4<0>;
v0000019b1ea3b580_0 .net/2u *"_ivl_2", 1 0, L_0000019b1ea60550;  1 drivers
v0000019b1ea3a360_0 .net "a", 25 0, L_0000019b1ea4f1d0;  1 drivers
v0000019b1ea3aea0_0 .net "y", 25 0, L_0000019b1ea4e0f0;  alias, 1 drivers
L_0000019b1ea4e870 .part L_0000019b1ea4f1d0, 0, 24;
L_0000019b1ea4e0f0 .concat [ 2 24 0 0], L_0000019b1ea60550, L_0000019b1ea4e870;
S_0000019b1e9aef80 .scope module, "sel2_2" "sl226" 2 43, 7 1 0, S_0000019b1e9ac380;
 .timescale 0 0;
    .port_info 0 /INPUT 26 "a";
    .port_info 1 /OUTPUT 26 "y";
v0000019b1ea3a540_0 .net *"_ivl_1", 23 0, L_0000019b1ea4f590;  1 drivers
L_0000019b1ea60628 .functor BUFT 1, C4<00>, C4<0>, C4<0>, C4<0>;
v0000019b1ea39d20_0 .net/2u *"_ivl_2", 1 0, L_0000019b1ea60628;  1 drivers
v0000019b1ea39c80_0 .net "a", 25 0, L_0000019b1ea4e370;  1 drivers
v0000019b1ea3b3a0_0 .net "y", 25 0, L_0000019b1ea4e910;  alias, 1 drivers
L_0000019b1ea4f590 .part L_0000019b1ea4e370, 0, 24;
L_0000019b1ea4e910 .concat [ 2 24 0 0], L_0000019b1ea60628, L_0000019b1ea4f590;
S_0000019b1e9af110 .scope module, "sll2" "sl2" 2 38, 8 1 0, S_0000019b1e9ac380;
 .timescale 0 0;
    .port_info 0 /INPUT 32 "a";
    .port_info 1 /OUTPUT 32 "y";
v0000019b1ea3afe0_0 .net *"_ivl_1", 29 0, L_0000019b1ea4f090;  1 drivers
L_0000019b1ea60508 .functor BUFT 1, C4<00>, C4<0>, C4<0>, C4<0>;
v0000019b1ea39dc0_0 .net/2u *"_ivl_2", 1 0, L_0000019b1ea60508;  1 drivers
v0000019b1ea3ac20_0 .net "a", 31 0, L_0000019b1ea4f950;  alias, 1 drivers
v0000019b1ea3a4a0_0 .net "y", 31 0, L_0000019b1ea4f9f0;  alias, 1 drivers
L_0000019b1ea4f090 .part L_0000019b1ea4f950, 0, 30;
L_0000019b1ea4f9f0 .concat [ 2 30 0 0], L_0000019b1ea60508, L_0000019b1ea4f090;
S_0000019b1ea3b880 .scope module, "sll2_2" "sl2" 2 42, 8 1 0, S_0000019b1e9ac380;
 .timescale 0 0;
    .port_info 0 /INPUT 32 "a";
    .port_info 1 /OUTPUT 32 "y";
v0000019b1ea3a9a0_0 .net *"_ivl_1", 29 0, L_0000019b1ea4f450;  1 drivers
L_0000019b1ea605e0 .functor BUFT 1, C4<00>, C4<0>, C4<0>, C4<0>;
v0000019b1ea39fa0_0 .net/2u *"_ivl_2", 1 0, L_0000019b1ea605e0;  1 drivers
v0000019b1ea3af40_0 .net "a", 31 0, L_0000019b1ea4fb30;  alias, 1 drivers
v0000019b1ea3b4e0_0 .net "y", 31 0, L_0000019b1ea4ed70;  alias, 1 drivers
L_0000019b1ea4f450 .part L_0000019b1ea4fb30, 0, 30;
L_0000019b1ea4ed70 .concat [ 2 30 0 0], L_0000019b1ea605e0, L_0000019b1ea4f450;
    .scope S_0000019b1e9b23d0;
T_0 ;
    %pushi/vec4 0, 0, 32;
    %store/vec4 v0000019b1ea36090_0, 0, 32;
T_0.0 ;
    %load/vec4 v0000019b1ea36090_0;
    %cmpi/s 32, 0, 32;
    %jmp/0xz T_0.1, 5;
    %pushi/vec4 0, 0, 32;
    %ix/getv/s 3, v0000019b1ea36090_0;
    %ix/load 4, 0, 0; Constant delay
    %assign/vec4/a/d v0000019b1ea39e60, 0, 4;
    %load/vec4 v0000019b1ea36090_0;
    %addi 1, 0, 32;
    %store/vec4 v0000019b1ea36090_0, 0, 32;
    %jmp T_0.0;
T_0.1 ;
    %end;
    .thread T_0;
    .scope S_0000019b1e9b23d0;
T_1 ;
    %wait E_0000019b1e9c9b20;
    %load/vec4 v0000019b1ea3b120_0;
    %flag_set/vec4 8;
    %jmp/0xz  T_1.0, 8;
    %load/vec4 v0000019b1ea3aa40_0;
    %load/vec4 v0000019b1ea3b300_0;
    %pad/u 7;
    %ix/vec4 3;
    %ix/load 4, 0, 0; Constant delay
    %assign/vec4/a/d v0000019b1ea39e60, 0, 4;
T_1.0 ;
    %load/vec4 v0000019b1ea39a00_0;
    %flag_set/vec4 8;
    %jmp/0xz  T_1.2, 8;
    %load/vec4 v0000019b1ea3a2c0_0;
    %load/vec4 v0000019b1ea3a180_0;
    %pad/u 7;
    %ix/vec4 3;
    %ix/load 4, 0, 0; Constant delay
    %assign/vec4/a/d v0000019b1ea39e60, 0, 4;
T_1.2 ;
    %jmp T_1;
    .thread T_1, $push;
    .scope S_0000019b1e9abde0;
T_2 ;
    %wait E_0000019b1e9ca220;
    %load/vec4 v0000019b1e9d3a50_0;
    %load/vec4 v0000019b1e9d37d0_0;
    %add;
    %cmpi/u 4294967295, 0, 32;
    %flag_or 5, 4; GT is !LE
    %flag_inv 5;
    %jmp/0xz  T_2.0, 5;
    %pushi/vec4 0, 0, 32;
    %assign/vec4 v0000019b1e9d3f50_0, 0;
    %jmp T_2.1;
T_2.0 ;
    %load/vec4 v0000019b1e9d3a50_0;
    %load/vec4 v0000019b1e9d37d0_0;
    %add;
    %assign/vec4 v0000019b1e9d3f50_0, 0;
T_2.1 ;
    %jmp T_2;
    .thread T_2, $push;
    .scope S_0000019b1e9abf70;
T_3 ;
    %wait E_0000019b1e9c9960;
    %load/vec4 v0000019b1e9d3870_0;
    %load/vec4 v0000019b1e9d4950_0;
    %add;
    %cmpi/u 4294967295, 0, 32;
    %flag_or 5, 4; GT is !LE
    %flag_inv 5;
    %jmp/0xz  T_3.0, 5;
    %pushi/vec4 0, 0, 32;
    %assign/vec4 v0000019b1e9d4b30_0, 0;
    %jmp T_3.1;
T_3.0 ;
    %load/vec4 v0000019b1e9d3870_0;
    %load/vec4 v0000019b1e9d4950_0;
    %add;
    %assign/vec4 v0000019b1e9d4b30_0, 0;
T_3.1 ;
    %jmp T_3;
    .thread T_3, $push;
    .scope S_0000019b1e9ac380;
T_4 ;
    %pushi/vec4 0, 0, 1;
    %assign/vec4 v0000019b1ea3b620_0, 0;
    %pushi/vec4 0, 0, 5;
    %assign/vec4 v0000019b1ea3c500_0, 0;
    %pushi/vec4 0, 0, 5;
    %assign/vec4 v0000019b1ea3d220_0, 0;
    %pushi/vec4 0, 0, 5;
    %assign/vec4 v0000019b1ea3d4a0_0, 0;
    %end;
    .thread T_4;
    .scope S_0000019b1e9ac380;
T_5 ;
    %wait E_0000019b1e9c9d60;
    %load/vec4 v0000019b1ea3d5e0_0;
    %load/vec4 v0000019b1ea3caa0_0;
    %cmp/e;
    %flag_mov 8, 4;
    %jmp/0 T_5.0, 8;
    %pushi/vec4 1, 0, 2;
    %jmp/1 T_5.1, 8;
T_5.0 ; End of true expr.
    %pushi/vec4 0, 0, 2;
    %jmp/0 T_5.1, 8;
 ; End of false expr.
    %blend;
T_5.1;
    %pad/s 1;
    %store/vec4 v0000019b1ea3b620_0, 0, 1;
    %load/vec4 v0000019b1ea39b40_0;
    %parti/s 5, 21, 6;
    %store/vec4 v0000019b1ea3c500_0, 0, 5;
    %load/vec4 v0000019b1ea39b40_0;
    %parti/s 5, 16, 6;
    %store/vec4 v0000019b1ea3d220_0, 0, 5;
    %load/vec4 v0000019b1ea39b40_0;
    %parti/s 5, 11, 5;
    %store/vec4 v0000019b1ea3d4a0_0, 0, 5;
    %load/vec4 v0000019b1ea3cfa0_0;
    %load/vec4 v0000019b1ea3c640_0;
    %cmp/e;
    %flag_mov 8, 4;
    %jmp/0 T_5.2, 8;
    %pushi/vec4 1, 0, 2;
    %jmp/1 T_5.3, 8;
T_5.2 ; End of true expr.
    %pushi/vec4 0, 0, 2;
    %jmp/0 T_5.3, 8;
 ; End of false expr.
    %blend;
T_5.3;
    %pad/s 1;
    %store/vec4 v0000019b1ea3b6c0_0, 0, 1;
    %load/vec4 v0000019b1ea3d040_0;
    %parti/s 5, 21, 6;
    %store/vec4 v0000019b1ea3c6e0_0, 0, 5;
    %load/vec4 v0000019b1ea3d040_0;
    %parti/s 5, 16, 6;
    %store/vec4 v0000019b1ea3d2c0_0, 0, 5;
    %load/vec4 v0000019b1ea3d040_0;
    %parti/s 5, 11, 5;
    %store/vec4 v0000019b1ea3d180_0, 0, 5;
    %jmp T_5;
    .thread T_5, $push;
# The file index is used to find the file name in the following table.
:file_names 9;
    "N/A";
    "<interactive>";
    "decode.v";
    "./adder.v";
    "./mux3.v";
    "./regfile.v";
    "./signext.v";
    "./sl226.v";
    "./sl2.v";
