#! /c/Source/iverilog-install/bin/vvp
:ivl_version "12.0 (devel)" "(s20150603-1539-g2693dd32b)";
:ivl_delay_selection "TYPICAL";
:vpi_time_precision + 0;
:vpi_module "C:\iverilog\lib\ivl\system.vpi";
:vpi_module "C:\iverilog\lib\ivl\vhdl_sys.vpi";
:vpi_module "C:\iverilog\lib\ivl\vhdl_textio.vpi";
:vpi_module "C:\iverilog\lib\ivl\v2005_math.vpi";
:vpi_module "C:\iverilog\lib\ivl\va_math.vpi";
S_0000026cabf3b900 .scope module, "execute" "execute" 2 7;
 .timescale 0 0;
    .port_info 0 /INPUT 1 "clk";
    .port_info 1 /INPUT 1 "signe";
    .port_info 2 /INPUT 1 "signe2";
    .port_info 3 /INPUT 5 "rse";
    .port_info 4 /INPUT 5 "rse2";
    .port_info 5 /INPUT 5 "rte";
    .port_info 6 /INPUT 5 "rte2";
    .port_info 7 /INPUT 5 "rde";
    .port_info 8 /INPUT 5 "rde2";
    .port_info 9 /INPUT 32 "signimme";
    .port_info 10 /INPUT 32 "signimme2";
    .port_info 11 /INPUT 32 "mux1after";
    .port_info 12 /INPUT 32 "mux1after2";
    .port_info 13 /INPUT 32 "mux2after";
    .port_info 14 /INPUT 32 "mux2after2";
    .port_info 15 /INPUT 32 "resultw";
    .port_info 16 /INPUT 32 "resultw2";
    .port_info 17 /INPUT 32 "aluoutm";
    .port_info 18 /INPUT 32 "aluoutm2";
    .port_info 19 /INPUT 3 "alucontrole";
    .port_info 20 /INPUT 3 "alucontrole2";
    .port_info 21 /INPUT 1 "alusrce";
    .port_info 22 /INPUT 1 "alusrce2";
    .port_info 23 /INPUT 1 "multsele";
    .port_info 24 /INPUT 1 "multsele2";
    .port_info 25 /INPUT 1 "regdste";
    .port_info 26 /INPUT 1 "regdste2";
    .port_info 27 /INPUT 3 "forwardae";
    .port_info 28 /INPUT 3 "forwardae2";
    .port_info 29 /INPUT 3 "forwardbe";
    .port_info 30 /INPUT 3 "forwardbe2";
    .port_info 31 /OUTPUT 5 "writerege";
    .port_info 32 /OUTPUT 5 "writerege2";
    .port_info 33 /OUTPUT 32 "solutione";
    .port_info 34 /OUTPUT 32 "solutione2";
    .port_info 35 /OUTPUT 32 "writedatae";
    .port_info 36 /OUTPUT 32 "writedatae2";
    .port_info 37 /OUTPUT 1 "multready";
    .port_info 38 /OUTPUT 1 "multready2";
v0000026cabfc9c10_0 .net "LSB", 31 0, L_0000026cabfcefc0;  1 drivers
v0000026cabfc9ad0_0 .net "LSB2", 31 0, L_0000026cabfce160;  1 drivers
o0000026cabf6e4d8 .functor BUFZ 3, C4<zzz>; HiZ drive
v0000026cabfca9d0_0 .net "alucontrole", 2 0, o0000026cabf6e4d8;  0 drivers
o0000026cabf6e718 .functor BUFZ 3, C4<zzz>; HiZ drive
v0000026cabfc97b0_0 .net "alucontrole2", 2 0, o0000026cabf6e718;  0 drivers
v0000026cabfc9cb0_0 .net "aluoute", 31 0, v0000026cabf685b0_0;  1 drivers
v0000026cabfca070_0 .net "aluoute2", 31 0, v0000026cabf68e70_0;  1 drivers
o0000026cabf6f708 .functor BUFZ 32, C4<zzzzzzzzzzzzzzzzzzzzzzzzzzzzzzzz>; HiZ drive
v0000026cabfc9f30_0 .net "aluoutm", 31 0, o0000026cabf6f708;  0 drivers
o0000026cabf6f738 .functor BUFZ 32, C4<zzzzzzzzzzzzzzzzzzzzzzzzzzzzzzzz>; HiZ drive
v0000026cabfcaa70_0 .net "aluoutm2", 31 0, o0000026cabf6f738;  0 drivers
o0000026cabf6f168 .functor BUFZ 1, C4<z>; HiZ drive
v0000026cabfc90d0_0 .net "alusrce", 0 0, o0000026cabf6f168;  0 drivers
o0000026cabf6f2b8 .functor BUFZ 1, C4<z>; HiZ drive
v0000026cabfc9a30_0 .net "alusrce2", 0 0, o0000026cabf6f2b8;  0 drivers
o0000026cabf6e8f8 .functor BUFZ 1, C4<z>; HiZ drive
v0000026cabfcab10_0 .net "clk", 0 0, o0000026cabf6e8f8;  0 drivers
o0000026cabf6f798 .functor BUFZ 3, C4<zzz>; HiZ drive
v0000026cabfca6b0_0 .net "forwardae", 2 0, o0000026cabf6f798;  0 drivers
o0000026cabf6f948 .functor BUFZ 3, C4<zzz>; HiZ drive
v0000026cabfc9170_0 .net "forwardae2", 2 0, o0000026cabf6f948;  0 drivers
o0000026cabf6fb28 .functor BUFZ 3, C4<zzz>; HiZ drive
v0000026cabfc93f0_0 .net "forwardbe", 2 0, o0000026cabf6fb28;  0 drivers
o0000026cabf6fcd8 .functor BUFZ 3, C4<zzz>; HiZ drive
v0000026cabfc9fd0_0 .net "forwardbe2", 2 0, o0000026cabf6fcd8;  0 drivers
v0000026cabfcad90_0 .net "multready", 0 0, L_0000026cabfcf240;  1 drivers
v0000026cabfc9d50_0 .net "multready2", 0 0, L_0000026cabfcdd00;  1 drivers
o0000026cabf6e928 .functor BUFZ 1, C4<z>; HiZ drive
v0000026cabfc92b0_0 .net "multsele", 0 0, o0000026cabf6e928;  0 drivers
o0000026cabf6ebf8 .functor BUFZ 1, C4<z>; HiZ drive
v0000026cabfca110_0 .net "multsele2", 0 0, o0000026cabf6ebf8;  0 drivers
o0000026cabf6f6a8 .functor BUFZ 32, C4<zzzzzzzzzzzzzzzzzzzzzzzzzzzzzzzz>; HiZ drive
v0000026cabfc9df0_0 .net "mux1after", 31 0, o0000026cabf6f6a8;  0 drivers
o0000026cabf6f918 .functor BUFZ 32, C4<zzzzzzzzzzzzzzzzzzzzzzzzzzzzzzzz>; HiZ drive
v0000026cabfc9850_0 .net "mux1after2", 31 0, o0000026cabf6f918;  0 drivers
o0000026cabf6faf8 .functor BUFZ 32, C4<zzzzzzzzzzzzzzzzzzzzzzzzzzzzzzzz>; HiZ drive
v0000026cabfc8ef0_0 .net "mux2after", 31 0, o0000026cabf6faf8;  0 drivers
o0000026cabf6fca8 .functor BUFZ 32, C4<zzzzzzzzzzzzzzzzzzzzzzzzzzzzzzzz>; HiZ drive
v0000026cabfca250_0 .net "mux2after2", 31 0, o0000026cabf6fca8;  0 drivers
v0000026cabfc9350_0 .net "product", 63 0, v0000026cabf686f0_0;  1 drivers
v0000026cabfca430_0 .net "product2", 63 0, v0000026cabfc5160_0;  1 drivers
o0000026cabf6f3d8 .functor BUFZ 5, C4<zzzzz>; HiZ drive
v0000026cabfc9710_0 .net "rde", 4 0, o0000026cabf6f3d8;  0 drivers
o0000026cabf6f558 .functor BUFZ 5, C4<zzzzz>; HiZ drive
v0000026cabfc9490_0 .net "rde2", 4 0, o0000026cabf6f558;  0 drivers
o0000026cabf6f408 .functor BUFZ 1, C4<z>; HiZ drive
v0000026cabfca4d0_0 .net "regdste", 0 0, o0000026cabf6f408;  0 drivers
o0000026cabf6f588 .functor BUFZ 1, C4<z>; HiZ drive
v0000026cabfca570_0 .net "regdste2", 0 0, o0000026cabf6f588;  0 drivers
o0000026cabf6f6d8 .functor BUFZ 32, C4<zzzzzzzzzzzzzzzzzzzzzzzzzzzzzzzz>; HiZ drive
v0000026cabfc9530_0 .net "resultw", 31 0, o0000026cabf6f6d8;  0 drivers
o0000026cabf6f768 .functor BUFZ 32, C4<zzzzzzzzzzzzzzzzzzzzzzzzzzzzzzzz>; HiZ drive
v0000026cabfc95d0_0 .net "resultw2", 31 0, o0000026cabf6f768;  0 drivers
o0000026cabf6fe88 .functor BUFZ 5, C4<zzzzz>; HiZ drive
v0000026cabfca610_0 .net "rse", 4 0, o0000026cabf6fe88;  0 drivers
o0000026cabf6feb8 .functor BUFZ 5, C4<zzzzz>; HiZ drive
v0000026cabfc9670_0 .net "rse2", 4 0, o0000026cabf6feb8;  0 drivers
o0000026cabf6f3a8 .functor BUFZ 5, C4<zzzzz>; HiZ drive
v0000026cabfcd620_0 .net "rte", 4 0, o0000026cabf6f3a8;  0 drivers
o0000026cabf6f528 .functor BUFZ 5, C4<zzzzz>; HiZ drive
v0000026cabfcf100_0 .net "rte2", 4 0, o0000026cabf6f528;  0 drivers
o0000026cabf6e508 .functor BUFZ 1, C4<z>; HiZ drive
v0000026cabfce3e0_0 .net "signe", 0 0, o0000026cabf6e508;  0 drivers
o0000026cabf6e748 .functor BUFZ 1, C4<z>; HiZ drive
v0000026cabfcee80_0 .net "signe2", 0 0, o0000026cabf6e748;  0 drivers
o0000026cabf6f138 .functor BUFZ 32, C4<zzzzzzzzzzzzzzzzzzzzzzzzzzzzzzzz>; HiZ drive
v0000026cabfcd440_0 .net "signimme", 31 0, o0000026cabf6f138;  0 drivers
o0000026cabf6f288 .functor BUFZ 32, C4<zzzzzzzzzzzzzzzzzzzzzzzzzzzzzzzz>; HiZ drive
v0000026cabfcf2e0_0 .net "signimme2", 31 0, o0000026cabf6f288;  0 drivers
v0000026cabfce0c0_0 .net "solutione", 31 0, L_0000026cabfce480;  1 drivers
v0000026cabfcdc60_0 .net "solutione2", 31 0, L_0000026cabfce5c0;  1 drivers
v0000026cabfcef20_0 .net "srcae", 31 0, v0000026cabfc5020_0;  1 drivers
v0000026cabfce520_0 .net "srcae2", 31 0, v0000026cabfca390_0;  1 drivers
v0000026cabfce340_0 .net "srcbe", 31 0, L_0000026cabfcf1a0;  1 drivers
v0000026cabfcdee0_0 .net "srcbe2", 31 0, L_0000026cabfce200;  1 drivers
v0000026cabfcdda0_0 .net "writedatae", 31 0, v0000026cabfc9210_0;  1 drivers
v0000026cabfcda80_0 .net "writedatae2", 31 0, v0000026cabfca2f0_0;  1 drivers
v0000026cabfcde40_0 .net "writerege", 4 0, L_0000026cabfcf060;  1 drivers
v0000026cabfcdb20_0 .net "writerege2", 4 0, L_0000026cabfcdbc0;  1 drivers
v0000026cabfcd940_0 .net "zero", 0 0, v0000026cabf68a10_0;  1 drivers
v0000026cabfce8e0_0 .net "zero2", 0 0, v0000026cabf68ab0_0;  1 drivers
L_0000026cabfcefc0 .part v0000026cabf686f0_0, 0, 32;
L_0000026cabfce160 .part v0000026cabfc5160_0, 0, 32;
S_0000026cabf260e0 .scope module, "alu" "alu" 2 30, 3 1 0, S_0000026cabf3b900;
 .timescale 0 0;
    .port_info 0 /INPUT 32 "a";
    .port_info 1 /INPUT 32 "b";
    .port_info 2 /INPUT 1 "sign";
    .port_info 3 /INPUT 3 "f";
    .port_info 4 /OUTPUT 32 "y";
    .port_info 5 /OUTPUT 1 "zero";
v0000026cabf68b50_0 .net "a", 31 0, v0000026cabfc5020_0;  alias, 1 drivers
v0000026cabf68970_0 .net "b", 31 0, L_0000026cabfcf1a0;  alias, 1 drivers
v0000026cabf68d30_0 .net "f", 2 0, o0000026cabf6e4d8;  alias, 0 drivers
v0000026cabf68510_0 .net "sign", 0 0, o0000026cabf6e508;  alias, 0 drivers
v0000026cabf685b0_0 .var "y", 31 0;
v0000026cabf68a10_0 .var "zero", 0 0;
E_0000026cabf62e20/0 .event anyedge, v0000026cabf68510_0, v0000026cabf68d30_0, v0000026cabf68b50_0, v0000026cabf68970_0;
E_0000026cabf62e20/1 .event anyedge, v0000026cabf685b0_0;
E_0000026cabf62e20 .event/or E_0000026cabf62e20/0, E_0000026cabf62e20/1;
S_0000026cabf26270 .scope module, "alu2" "alu" 2 38, 3 1 0, S_0000026cabf3b900;
 .timescale 0 0;
    .port_info 0 /INPUT 32 "a";
    .port_info 1 /INPUT 32 "b";
    .port_info 2 /INPUT 1 "sign";
    .port_info 3 /INPUT 3 "f";
    .port_info 4 /OUTPUT 32 "y";
    .port_info 5 /OUTPUT 1 "zero";
v0000026cabf68dd0_0 .net "a", 31 0, v0000026cabfca390_0;  alias, 1 drivers
v0000026cabf68bf0_0 .net "b", 31 0, L_0000026cabfce200;  alias, 1 drivers
v0000026cabf69190_0 .net "f", 2 0, o0000026cabf6e718;  alias, 0 drivers
v0000026cabf68470_0 .net "sign", 0 0, o0000026cabf6e748;  alias, 0 drivers
v0000026cabf68e70_0 .var "y", 31 0;
v0000026cabf68ab0_0 .var "zero", 0 0;
E_0000026cabf63f60/0 .event anyedge, v0000026cabf68470_0, v0000026cabf69190_0, v0000026cabf68dd0_0, v0000026cabf68bf0_0;
E_0000026cabf63f60/1 .event anyedge, v0000026cabf68e70_0;
E_0000026cabf63f60 .event/or E_0000026cabf63f60/0, E_0000026cabf63f60/1;
S_0000026cabf32390 .scope module, "mult" "multiplier" 2 31, 4 1 0, S_0000026cabf3b900;
 .timescale 0 0;
    .port_info 0 /INPUT 1 "clk";
    .port_info 1 /INPUT 1 "sign";
    .port_info 2 /INPUT 1 "enable";
    .port_info 3 /INPUT 32 "multi_1";
    .port_info 4 /INPUT 32 "multi_2";
    .port_info 5 /OUTPUT 64 "product";
    .port_info 6 /OUTPUT 1 "multready";
v0000026cabf68c90_0 .net "clk", 0 0, o0000026cabf6e8f8;  alias, 0 drivers
v0000026cabf68f10_0 .net "enable", 0 0, o0000026cabf6e928;  alias, 0 drivers
v0000026cabf69230_0 .var "i", 6 0;
v0000026cabf68830_0 .net "multi_1", 31 0, v0000026cabfc5020_0;  alias, 1 drivers
v0000026cabf68fb0_0 .var "multi_1_copy", 31 0;
v0000026cabf69050_0 .net "multi_2", 31 0, L_0000026cabfcf1a0;  alias, 1 drivers
v0000026cabf692d0_0 .var "multi_2_copy", 63 0;
v0000026cabf683d0_0 .net "multready", 0 0, L_0000026cabfcf240;  alias, 1 drivers
v0000026cabf68650_0 .var "neg_output", 0 0;
v0000026cabf686f0_0 .var "product", 63 0;
v0000026cabf68790_0 .var "product_temp", 63 0;
v0000026cabfc4940_0 .net "sign", 0 0, o0000026cabf6e508;  alias, 0 drivers
E_0000026cabf635e0 .event posedge, v0000026cabf68c90_0;
L_0000026cabfcf240 .reduce/nor v0000026cabf69230_0;
S_0000026cabf32520 .scope module, "mult2" "multiplier" 2 39, 4 1 0, S_0000026cabf3b900;
 .timescale 0 0;
    .port_info 0 /INPUT 1 "clk";
    .port_info 1 /INPUT 1 "sign";
    .port_info 2 /INPUT 1 "enable";
    .port_info 3 /INPUT 32 "multi_1";
    .port_info 4 /INPUT 32 "multi_2";
    .port_info 5 /OUTPUT 64 "product";
    .port_info 6 /OUTPUT 1 "multready";
v0000026cabfc5660_0 .net "clk", 0 0, o0000026cabf6e8f8;  alias, 0 drivers
v0000026cabfc4760_0 .net "enable", 0 0, o0000026cabf6ebf8;  alias, 0 drivers
v0000026cabfc4ee0_0 .var "i", 6 0;
v0000026cabfc58e0_0 .net "multi_1", 31 0, v0000026cabfca390_0;  alias, 1 drivers
v0000026cabfc5b60_0 .var "multi_1_copy", 31 0;
v0000026cabfc5ac0_0 .net "multi_2", 31 0, L_0000026cabfce200;  alias, 1 drivers
v0000026cabfc5de0_0 .var "multi_2_copy", 63 0;
v0000026cabfc4120_0 .net "multready", 0 0, L_0000026cabfcdd00;  alias, 1 drivers
v0000026cabfc4e40_0 .var "neg_output", 0 0;
v0000026cabfc5160_0 .var "product", 63 0;
v0000026cabfc46c0_0 .var "product_temp", 63 0;
v0000026cabfc5c00_0 .net "sign", 0 0, o0000026cabf6e748;  alias, 0 drivers
L_0000026cabfcdd00 .reduce/nor v0000026cabfc4ee0_0;
S_0000026cabf40640 .scope module, "multalu" "mux2" 2 32, 5 1 0, S_0000026cabf3b900;
 .timescale 0 0;
    .port_info 0 /INPUT 32 "d0";
    .port_info 1 /INPUT 32 "d1";
    .port_info 2 /INPUT 1 "s";
    .port_info 3 /OUTPUT 32 "y";
P_0000026cabf62ba0 .param/l "WIDTH" 0 5 1, +C4<00000000000000000000000000100000>;
v0000026cabfc41c0_0 .net "d0", 31 0, v0000026cabf685b0_0;  alias, 1 drivers
v0000026cabfc5480_0 .net "d1", 31 0, L_0000026cabfcefc0;  alias, 1 drivers
v0000026cabfc55c0_0 .net "s", 0 0, o0000026cabf6e928;  alias, 0 drivers
v0000026cabfc5340_0 .net "y", 31 0, L_0000026cabfce480;  alias, 1 drivers
L_0000026cabfce480 .functor MUXZ 32, v0000026cabf685b0_0, L_0000026cabfcefc0, o0000026cabf6e928, C4<>;
S_0000026cabf407d0 .scope module, "multalu2" "mux2" 2 40, 5 1 0, S_0000026cabf3b900;
 .timescale 0 0;
    .port_info 0 /INPUT 32 "d0";
    .port_info 1 /INPUT 32 "d1";
    .port_info 2 /INPUT 1 "s";
    .port_info 3 /OUTPUT 32 "y";
P_0000026cabf63920 .param/l "WIDTH" 0 5 1, +C4<00000000000000000000000000100000>;
v0000026cabfc5a20_0 .net "d0", 31 0, v0000026cabf68e70_0;  alias, 1 drivers
v0000026cabfc4b20_0 .net "d1", 31 0, L_0000026cabfce160;  alias, 1 drivers
v0000026cabfc57a0_0 .net "s", 0 0, o0000026cabf6ebf8;  alias, 0 drivers
v0000026cabfc5520_0 .net "y", 31 0, L_0000026cabfce5c0;  alias, 1 drivers
L_0000026cabfce5c0 .functor MUXZ 32, v0000026cabf68e70_0, L_0000026cabfce160, o0000026cabf6ebf8, C4<>;
S_0000026cabede340 .scope module, "mux2alu" "mux2" 2 29, 5 1 0, S_0000026cabf3b900;
 .timescale 0 0;
    .port_info 0 /INPUT 32 "d0";
    .port_info 1 /INPUT 32 "d1";
    .port_info 2 /INPUT 1 "s";
    .port_info 3 /OUTPUT 32 "y";
P_0000026cabf63960 .param/l "WIDTH" 0 5 1, +C4<00000000000000000000000000100000>;
v0000026cabfc52a0_0 .net "d0", 31 0, v0000026cabfc9210_0;  alias, 1 drivers
v0000026cabfc5700_0 .net "d1", 31 0, o0000026cabf6f138;  alias, 0 drivers
v0000026cabfc4d00_0 .net "s", 0 0, o0000026cabf6f168;  alias, 0 drivers
v0000026cabfc4bc0_0 .net "y", 31 0, L_0000026cabfcf1a0;  alias, 1 drivers
L_0000026cabfcf1a0 .functor MUXZ 32, v0000026cabfc9210_0, o0000026cabf6f138, o0000026cabf6f168, C4<>;
S_0000026cabede4d0 .scope module, "mux2alu2" "mux2" 2 37, 5 1 0, S_0000026cabf3b900;
 .timescale 0 0;
    .port_info 0 /INPUT 32 "d0";
    .port_info 1 /INPUT 32 "d1";
    .port_info 2 /INPUT 1 "s";
    .port_info 3 /OUTPUT 32 "y";
P_0000026cabf63aa0 .param/l "WIDTH" 0 5 1, +C4<00000000000000000000000000100000>;
v0000026cabfc4da0_0 .net "d0", 31 0, v0000026cabfca2f0_0;  alias, 1 drivers
v0000026cabfc5840_0 .net "d1", 31 0, o0000026cabf6f288;  alias, 0 drivers
v0000026cabfc5980_0 .net "s", 0 0, o0000026cabf6f2b8;  alias, 0 drivers
v0000026cabfc5ca0_0 .net "y", 31 0, L_0000026cabfce200;  alias, 1 drivers
L_0000026cabfce200 .functor MUXZ 32, v0000026cabfca2f0_0, o0000026cabf6f288, o0000026cabf6f2b8, C4<>;
S_0000026cabfc6850 .scope module, "mux2execute" "mux2" 2 26, 5 1 0, S_0000026cabf3b900;
 .timescale 0 0;
    .port_info 0 /INPUT 5 "d0";
    .port_info 1 /INPUT 5 "d1";
    .port_info 2 /INPUT 1 "s";
    .port_info 3 /OUTPUT 5 "y";
P_0000026cabf63ae0 .param/l "WIDTH" 0 5 1, +C4<00000000000000000000000000000101>;
v0000026cabfc49e0_0 .net "d0", 4 0, o0000026cabf6f3a8;  alias, 0 drivers
v0000026cabfc4580_0 .net "d1", 4 0, o0000026cabf6f3d8;  alias, 0 drivers
v0000026cabfc4300_0 .net "s", 0 0, o0000026cabf6f408;  alias, 0 drivers
v0000026cabfc5f20_0 .net "y", 4 0, L_0000026cabfcf060;  alias, 1 drivers
L_0000026cabfcf060 .functor MUXZ 5, o0000026cabf6f3a8, o0000026cabf6f3d8, o0000026cabf6f408, C4<>;
S_0000026cabfc69e0 .scope module, "mux2execute2" "mux2" 2 34, 5 1 0, S_0000026cabf3b900;
 .timescale 0 0;
    .port_info 0 /INPUT 5 "d0";
    .port_info 1 /INPUT 5 "d1";
    .port_info 2 /INPUT 1 "s";
    .port_info 3 /OUTPUT 5 "y";
P_0000026cabf63ba0 .param/l "WIDTH" 0 5 1, +C4<00000000000000000000000000000101>;
v0000026cabfc5d40_0 .net "d0", 4 0, o0000026cabf6f528;  alias, 0 drivers
v0000026cabfc5e80_0 .net "d1", 4 0, o0000026cabf6f558;  alias, 0 drivers
v0000026cabfc4f80_0 .net "s", 0 0, o0000026cabf6f588;  alias, 0 drivers
v0000026cabfc43a0_0 .net "y", 4 0, L_0000026cabfcdbc0;  alias, 1 drivers
L_0000026cabfcdbc0 .functor MUXZ 5, o0000026cabf6f528, o0000026cabf6f558, o0000026cabf6f588, C4<>;
S_0000026cabfc8b80 .scope module, "mux3alu1" "mux5" 2 27, 6 1 0, S_0000026cabf3b900;
 .timescale 0 0;
    .port_info 0 /INPUT 32 "d0";
    .port_info 1 /INPUT 32 "d1";
    .port_info 2 /INPUT 32 "d2";
    .port_info 3 /INPUT 32 "d3";
    .port_info 4 /INPUT 32 "d4";
    .port_info 5 /INPUT 3 "s";
    .port_info 6 /OUTPUT 32 "y";
P_0000026cabf63e20 .param/l "WIDTH" 0 6 1, +C4<00000000000000000000000000100000>;
v0000026cabfc44e0_0 .net "d0", 31 0, o0000026cabf6f6a8;  alias, 0 drivers
v0000026cabfc4080_0 .net "d1", 31 0, o0000026cabf6f6d8;  alias, 0 drivers
v0000026cabfc4260_0 .net "d2", 31 0, o0000026cabf6f708;  alias, 0 drivers
v0000026cabfc4440_0 .net "d3", 31 0, o0000026cabf6f738;  alias, 0 drivers
v0000026cabfc4620_0 .net "d4", 31 0, o0000026cabf6f768;  alias, 0 drivers
v0000026cabfc4800_0 .net "s", 2 0, o0000026cabf6f798;  alias, 0 drivers
v0000026cabfc5020_0 .var "y", 31 0;
E_0000026cabf649e0/0 .event anyedge, v0000026cabfc4800_0, v0000026cabfc44e0_0, v0000026cabfc4080_0, v0000026cabfc4260_0;
E_0000026cabf649e0/1 .event anyedge, v0000026cabfc4440_0, v0000026cabfc4620_0;
E_0000026cabf649e0 .event/or E_0000026cabf649e0/0, E_0000026cabf649e0/1;
S_0000026cabfc8d10 .scope module, "mux3alu1_2" "mux6" 2 35, 7 1 0, S_0000026cabf3b900;
 .timescale 0 0;
    .port_info 0 /INPUT 32 "d0";
    .port_info 1 /INPUT 32 "d1";
    .port_info 2 /INPUT 32 "d2";
    .port_info 3 /INPUT 32 "d3";
    .port_info 4 /INPUT 32 "d4";
    .port_info 5 /INPUT 32 "d5";
    .port_info 6 /INPUT 3 "s";
    .port_info 7 /OUTPUT 32 "y";
P_0000026cabf644e0 .param/l "WIDTH" 0 7 1, +C4<00000000000000000000000000100000>;
v0000026cabfc48a0_0 .net "d0", 31 0, o0000026cabf6f918;  alias, 0 drivers
v0000026cabfc4a80_0 .net "d1", 31 0, o0000026cabf6f768;  alias, 0 drivers
v0000026cabfc4c60_0 .net "d2", 31 0, o0000026cabf6f738;  alias, 0 drivers
v0000026cabfc50c0_0 .net "d3", 31 0, L_0000026cabfce480;  alias, 1 drivers
v0000026cabfc5200_0 .net "d4", 31 0, o0000026cabf6f708;  alias, 0 drivers
v0000026cabfc53e0_0 .net "d5", 31 0, o0000026cabf6f6d8;  alias, 0 drivers
v0000026cabfca7f0_0 .net "s", 2 0, o0000026cabf6f948;  alias, 0 drivers
v0000026cabfca390_0 .var "y", 31 0;
E_0000026cabf64560/0 .event anyedge, v0000026cabfca7f0_0, v0000026cabfc48a0_0, v0000026cabfc4620_0, v0000026cabfc4440_0;
E_0000026cabf64560/1 .event anyedge, v0000026cabfc5340_0, v0000026cabfc4260_0, v0000026cabfc4080_0;
E_0000026cabf64560 .event/or E_0000026cabf64560/0, E_0000026cabf64560/1;
S_0000026cabfcaeb0 .scope module, "mux3alu2" "mux5" 2 28, 6 1 0, S_0000026cabf3b900;
 .timescale 0 0;
    .port_info 0 /INPUT 32 "d0";
    .port_info 1 /INPUT 32 "d1";
    .port_info 2 /INPUT 32 "d2";
    .port_info 3 /INPUT 32 "d3";
    .port_info 4 /INPUT 32 "d4";
    .port_info 5 /INPUT 3 "s";
    .port_info 6 /OUTPUT 32 "y";
P_0000026cabf65260 .param/l "WIDTH" 0 6 1, +C4<00000000000000000000000000100000>;
v0000026cabfc9b70_0 .net "d0", 31 0, o0000026cabf6faf8;  alias, 0 drivers
v0000026cabfca890_0 .net "d1", 31 0, o0000026cabf6f6d8;  alias, 0 drivers
v0000026cabfc8f90_0 .net "d2", 31 0, o0000026cabf6f708;  alias, 0 drivers
v0000026cabfcacf0_0 .net "d3", 31 0, o0000026cabf6f738;  alias, 0 drivers
v0000026cabfca750_0 .net "d4", 31 0, o0000026cabf6f768;  alias, 0 drivers
v0000026cabfca1b0_0 .net "s", 2 0, o0000026cabf6fb28;  alias, 0 drivers
v0000026cabfc9210_0 .var "y", 31 0;
E_0000026cabf650e0/0 .event anyedge, v0000026cabfca1b0_0, v0000026cabfc9b70_0, v0000026cabfc4080_0, v0000026cabfc4260_0;
E_0000026cabf650e0/1 .event anyedge, v0000026cabfc4440_0, v0000026cabfc4620_0;
E_0000026cabf650e0 .event/or E_0000026cabf650e0/0, E_0000026cabf650e0/1;
S_0000026cabfcd050 .scope module, "mux3alu2_2" "mux6" 2 36, 7 1 0, S_0000026cabf3b900;
 .timescale 0 0;
    .port_info 0 /INPUT 32 "d0";
    .port_info 1 /INPUT 32 "d1";
    .port_info 2 /INPUT 32 "d2";
    .port_info 3 /INPUT 32 "d3";
    .port_info 4 /INPUT 32 "d4";
    .port_info 5 /INPUT 32 "d5";
    .port_info 6 /INPUT 3 "s";
    .port_info 7 /OUTPUT 32 "y";
P_0000026cabf649a0 .param/l "WIDTH" 0 7 1, +C4<00000000000000000000000000100000>;
v0000026cabfc98f0_0 .net "d0", 31 0, o0000026cabf6fca8;  alias, 0 drivers
v0000026cabfcac50_0 .net "d1", 31 0, o0000026cabf6f768;  alias, 0 drivers
v0000026cabfcabb0_0 .net "d2", 31 0, o0000026cabf6f738;  alias, 0 drivers
v0000026cabfca930_0 .net "d3", 31 0, L_0000026cabfce480;  alias, 1 drivers
v0000026cabfc9990_0 .net "d4", 31 0, o0000026cabf6f708;  alias, 0 drivers
v0000026cabfc9030_0 .net "d5", 31 0, o0000026cabf6f6d8;  alias, 0 drivers
v0000026cabfc9e90_0 .net "s", 2 0, o0000026cabf6fcd8;  alias, 0 drivers
v0000026cabfca2f0_0 .var "y", 31 0;
E_0000026cabf64520/0 .event anyedge, v0000026cabfc9e90_0, v0000026cabfc98f0_0, v0000026cabfc4620_0, v0000026cabfc4440_0;
E_0000026cabf64520/1 .event anyedge, v0000026cabfc5340_0, v0000026cabfc4260_0, v0000026cabfc4080_0;
E_0000026cabf64520 .event/or E_0000026cabf64520/0, E_0000026cabf64520/1;
    .scope S_0000026cabfc8b80;
T_0 ;
    %wait E_0000026cabf649e0;
    %load/vec4 v0000026cabfc4800_0;
    %dup/vec4;
    %pushi/vec4 0, 0, 3;
    %cmp/u;
    %jmp/1 T_0.0, 6;
    %dup/vec4;
    %pushi/vec4 1, 0, 3;
    %cmp/u;
    %jmp/1 T_0.1, 6;
    %dup/vec4;
    %pushi/vec4 2, 0, 3;
    %cmp/u;
    %jmp/1 T_0.2, 6;
    %dup/vec4;
    %pushi/vec4 3, 0, 3;
    %cmp/u;
    %jmp/1 T_0.3, 6;
    %dup/vec4;
    %pushi/vec4 4, 0, 3;
    %cmp/u;
    %jmp/1 T_0.4, 6;
    %jmp T_0.5;
T_0.0 ;
    %load/vec4 v0000026cabfc44e0_0;
    %assign/vec4 v0000026cabfc5020_0, 0;
    %jmp T_0.5;
T_0.1 ;
    %load/vec4 v0000026cabfc4080_0;
    %assign/vec4 v0000026cabfc5020_0, 0;
    %jmp T_0.5;
T_0.2 ;
    %load/vec4 v0000026cabfc4260_0;
    %assign/vec4 v0000026cabfc5020_0, 0;
    %jmp T_0.5;
T_0.3 ;
    %load/vec4 v0000026cabfc4440_0;
    %assign/vec4 v0000026cabfc5020_0, 0;
    %jmp T_0.5;
T_0.4 ;
    %load/vec4 v0000026cabfc4620_0;
    %assign/vec4 v0000026cabfc5020_0, 0;
    %jmp T_0.5;
T_0.5 ;
    %pop/vec4 1;
    %jmp T_0;
    .thread T_0, $push;
    .scope S_0000026cabfcaeb0;
T_1 ;
    %wait E_0000026cabf650e0;
    %load/vec4 v0000026cabfca1b0_0;
    %dup/vec4;
    %pushi/vec4 0, 0, 3;
    %cmp/u;
    %jmp/1 T_1.0, 6;
    %dup/vec4;
    %pushi/vec4 1, 0, 3;
    %cmp/u;
    %jmp/1 T_1.1, 6;
    %dup/vec4;
    %pushi/vec4 2, 0, 3;
    %cmp/u;
    %jmp/1 T_1.2, 6;
    %dup/vec4;
    %pushi/vec4 3, 0, 3;
    %cmp/u;
    %jmp/1 T_1.3, 6;
    %dup/vec4;
    %pushi/vec4 4, 0, 3;
    %cmp/u;
    %jmp/1 T_1.4, 6;
    %jmp T_1.5;
T_1.0 ;
    %load/vec4 v0000026cabfc9b70_0;
    %assign/vec4 v0000026cabfc9210_0, 0;
    %jmp T_1.5;
T_1.1 ;
    %load/vec4 v0000026cabfca890_0;
    %assign/vec4 v0000026cabfc9210_0, 0;
    %jmp T_1.5;
T_1.2 ;
    %load/vec4 v0000026cabfc8f90_0;
    %assign/vec4 v0000026cabfc9210_0, 0;
    %jmp T_1.5;
T_1.3 ;
    %load/vec4 v0000026cabfcacf0_0;
    %assign/vec4 v0000026cabfc9210_0, 0;
    %jmp T_1.5;
T_1.4 ;
    %load/vec4 v0000026cabfca750_0;
    %assign/vec4 v0000026cabfc9210_0, 0;
    %jmp T_1.5;
T_1.5 ;
    %pop/vec4 1;
    %jmp T_1;
    .thread T_1, $push;
    .scope S_0000026cabf260e0;
T_2 ;
    %wait E_0000026cabf62e20;
    %load/vec4 v0000026cabf68510_0;
    %flag_set/vec4 8;
    %jmp/0xz  T_2.0, 8;
    %load/vec4 v0000026cabf68d30_0;
    %dup/vec4;
    %pushi/vec4 0, 0, 3;
    %cmp/u;
    %jmp/1 T_2.2, 6;
    %dup/vec4;
    %pushi/vec4 1, 0, 3;
    %cmp/u;
    %jmp/1 T_2.3, 6;
    %dup/vec4;
    %pushi/vec4 2, 0, 3;
    %cmp/u;
    %jmp/1 T_2.4, 6;
    %dup/vec4;
    %pushi/vec4 3, 0, 3;
    %cmp/u;
    %jmp/1 T_2.5, 6;
    %dup/vec4;
    %pushi/vec4 4, 0, 3;
    %cmp/u;
    %jmp/1 T_2.6, 6;
    %dup/vec4;
    %pushi/vec4 5, 0, 3;
    %cmp/u;
    %jmp/1 T_2.7, 6;
    %dup/vec4;
    %pushi/vec4 6, 0, 3;
    %cmp/u;
    %jmp/1 T_2.8, 6;
    %dup/vec4;
    %pushi/vec4 7, 0, 3;
    %cmp/u;
    %jmp/1 T_2.9, 6;
    %pushi/vec4 0, 0, 32;
    %assign/vec4 v0000026cabf685b0_0, 0;
    %jmp T_2.11;
T_2.2 ;
    %load/vec4 v0000026cabf68b50_0;
    %load/vec4 v0000026cabf68970_0;
    %and;
    %assign/vec4 v0000026cabf685b0_0, 0;
    %jmp T_2.11;
T_2.3 ;
    %load/vec4 v0000026cabf68b50_0;
    %load/vec4 v0000026cabf68970_0;
    %or;
    %assign/vec4 v0000026cabf685b0_0, 0;
    %jmp T_2.11;
T_2.4 ;
    %load/vec4 v0000026cabf68b50_0;
    %load/vec4 v0000026cabf68970_0;
    %add;
    %assign/vec4 v0000026cabf685b0_0, 0;
    %jmp T_2.11;
T_2.5 ;
    %load/vec4 v0000026cabf68b50_0;
    %load/vec4 v0000026cabf68970_0;
    %xor;
    %assign/vec4 v0000026cabf685b0_0, 0;
    %jmp T_2.11;
T_2.6 ;
    %load/vec4 v0000026cabf68b50_0;
    %load/vec4 v0000026cabf68970_0;
    %inv;
    %and;
    %assign/vec4 v0000026cabf685b0_0, 0;
    %jmp T_2.11;
T_2.7 ;
    %load/vec4 v0000026cabf68b50_0;
    %load/vec4 v0000026cabf68970_0;
    %inv;
    %or;
    %assign/vec4 v0000026cabf685b0_0, 0;
    %jmp T_2.11;
T_2.8 ;
    %load/vec4 v0000026cabf68b50_0;
    %load/vec4 v0000026cabf68970_0;
    %inv;
    %add;
    %addi 1, 0, 32;
    %assign/vec4 v0000026cabf685b0_0, 0;
    %jmp T_2.11;
T_2.9 ;
    %load/vec4 v0000026cabf68b50_0;
    %load/vec4 v0000026cabf68970_0;
    %cmp/s;
    %flag_mov 8, 5;
    %jmp/0 T_2.12, 8;
    %pushi/vec4 1, 0, 32;
    %jmp/1 T_2.13, 8;
T_2.12 ; End of true expr.
    %pushi/vec4 0, 0, 32;
    %jmp/0 T_2.13, 8;
 ; End of false expr.
    %blend;
T_2.13;
    %assign/vec4 v0000026cabf685b0_0, 0;
    %jmp T_2.11;
T_2.11 ;
    %pop/vec4 1;
    %jmp T_2.1;
T_2.0 ;
    %load/vec4 v0000026cabf68d30_0;
    %dup/vec4;
    %pushi/vec4 0, 0, 3;
    %cmp/u;
    %jmp/1 T_2.14, 6;
    %dup/vec4;
    %pushi/vec4 1, 0, 3;
    %cmp/u;
    %jmp/1 T_2.15, 6;
    %dup/vec4;
    %pushi/vec4 2, 0, 3;
    %cmp/u;
    %jmp/1 T_2.16, 6;
    %dup/vec4;
    %pushi/vec4 3, 0, 3;
    %cmp/u;
    %jmp/1 T_2.17, 6;
    %dup/vec4;
    %pushi/vec4 4, 0, 3;
    %cmp/u;
    %jmp/1 T_2.18, 6;
    %dup/vec4;
    %pushi/vec4 5, 0, 3;
    %cmp/u;
    %jmp/1 T_2.19, 6;
    %dup/vec4;
    %pushi/vec4 6, 0, 3;
    %cmp/u;
    %jmp/1 T_2.20, 6;
    %dup/vec4;
    %pushi/vec4 7, 0, 3;
    %cmp/u;
    %jmp/1 T_2.21, 6;
    %pushi/vec4 0, 0, 32;
    %assign/vec4 v0000026cabf685b0_0, 0;
    %jmp T_2.23;
T_2.14 ;
    %load/vec4 v0000026cabf68b50_0;
    %load/vec4 v0000026cabf68970_0;
    %and;
    %assign/vec4 v0000026cabf685b0_0, 0;
    %jmp T_2.23;
T_2.15 ;
    %load/vec4 v0000026cabf68b50_0;
    %load/vec4 v0000026cabf68970_0;
    %or;
    %assign/vec4 v0000026cabf685b0_0, 0;
    %jmp T_2.23;
T_2.16 ;
    %load/vec4 v0000026cabf68b50_0;
    %load/vec4 v0000026cabf68970_0;
    %add;
    %assign/vec4 v0000026cabf685b0_0, 0;
    %jmp T_2.23;
T_2.17 ;
    %load/vec4 v0000026cabf68b50_0;
    %load/vec4 v0000026cabf68970_0;
    %xor;
    %assign/vec4 v0000026cabf685b0_0, 0;
    %jmp T_2.23;
T_2.18 ;
    %load/vec4 v0000026cabf68b50_0;
    %load/vec4 v0000026cabf68970_0;
    %inv;
    %and;
    %assign/vec4 v0000026cabf685b0_0, 0;
    %jmp T_2.23;
T_2.19 ;
    %load/vec4 v0000026cabf68b50_0;
    %load/vec4 v0000026cabf68970_0;
    %inv;
    %or;
    %assign/vec4 v0000026cabf685b0_0, 0;
    %jmp T_2.23;
T_2.20 ;
    %load/vec4 v0000026cabf68b50_0;
    %load/vec4 v0000026cabf68970_0;
    %inv;
    %add;
    %addi 1, 0, 32;
    %assign/vec4 v0000026cabf685b0_0, 0;
    %jmp T_2.23;
T_2.21 ;
    %load/vec4 v0000026cabf68b50_0;
    %load/vec4 v0000026cabf68970_0;
    %cmp/u;
    %flag_mov 8, 5;
    %jmp/0 T_2.24, 8;
    %pushi/vec4 1, 0, 32;
    %jmp/1 T_2.25, 8;
T_2.24 ; End of true expr.
    %pushi/vec4 0, 0, 32;
    %jmp/0 T_2.25, 8;
 ; End of false expr.
    %blend;
T_2.25;
    %assign/vec4 v0000026cabf685b0_0, 0;
    %jmp T_2.23;
T_2.23 ;
    %pop/vec4 1;
T_2.1 ;
    %load/vec4 v0000026cabf685b0_0;
    %cmpi/e 0, 0, 32;
    %flag_mov 8, 4;
    %jmp/0 T_2.26, 8;
    %pushi/vec4 1, 0, 2;
    %jmp/1 T_2.27, 8;
T_2.26 ; End of true expr.
    %pushi/vec4 0, 0, 2;
    %jmp/0 T_2.27, 8;
 ; End of false expr.
    %blend;
T_2.27;
    %pad/s 1;
    %assign/vec4 v0000026cabf68a10_0, 0;
    %jmp T_2;
    .thread T_2, $push;
    .scope S_0000026cabf32390;
T_3 ;
    %pushi/vec4 0, 0, 64;
    %store/vec4 v0000026cabf686f0_0, 0, 64;
    %pushi/vec4 0, 0, 64;
    %store/vec4 v0000026cabf68790_0, 0, 64;
    %pushi/vec4 0, 0, 32;
    %store/vec4 v0000026cabf68fb0_0, 0, 32;
    %pushi/vec4 0, 0, 64;
    %store/vec4 v0000026cabf692d0_0, 0, 64;
    %pushi/vec4 0, 0, 1;
    %store/vec4 v0000026cabf68650_0, 0, 1;
    %pushi/vec4 32, 0, 7;
    %store/vec4 v0000026cabf69230_0, 0, 7;
    %end;
    .thread T_3;
    .scope S_0000026cabf32390;
T_4 ;
    %wait E_0000026cabf635e0;
    %load/vec4 v0000026cabf68f10_0;
    %load/vec4 v0000026cabf69230_0;
    %pushi/vec4 32, 0, 7;
    %cmp/e;
    %flag_get/vec4 4;
    %and;
    %flag_set/vec4 8;
    %jmp/0xz  T_4.0, 8;
    %load/vec4 v0000026cabfc4940_0;
    %flag_set/vec4 9;
    %flag_get/vec4 9;
    %jmp/0 T_4.4, 9;
    %load/vec4 v0000026cabf69050_0;
    %parti/s 1, 31, 6;
    %and;
T_4.4;
    %flag_set/vec4 8;
    %jmp/0 T_4.2, 8;
    %pushi/vec4 0, 0, 32;
    %load/vec4 v0000026cabf69050_0;
    %inv;
    %addi 1, 0, 32;
    %concat/vec4; draw_concat_vec4
    %jmp/1 T_4.3, 8;
T_4.2 ; End of true expr.
    %pushi/vec4 0, 0, 32;
    %load/vec4 v0000026cabf69050_0;
    %concat/vec4; draw_concat_vec4
    %jmp/0 T_4.3, 8;
 ; End of false expr.
    %blend;
T_4.3;
    %assign/vec4 v0000026cabf692d0_0, 0;
    %load/vec4 v0000026cabfc4940_0;
    %flag_set/vec4 9;
    %flag_get/vec4 9;
    %jmp/0 T_4.7, 9;
    %load/vec4 v0000026cabf68830_0;
    %parti/s 1, 31, 6;
    %and;
T_4.7;
    %flag_set/vec4 8;
    %jmp/0 T_4.5, 8;
    %load/vec4 v0000026cabf68830_0;
    %inv;
    %addi 1, 0, 32;
    %jmp/1 T_4.6, 8;
T_4.5 ; End of true expr.
    %load/vec4 v0000026cabf68830_0;
    %jmp/0 T_4.6, 8;
 ; End of false expr.
    %blend;
T_4.6;
    %assign/vec4 v0000026cabf68fb0_0, 0;
    %load/vec4 v0000026cabfc4940_0;
    %flag_set/vec4 8;
    %flag_get/vec4 8;
    %jmp/0 T_4.8, 8;
    %load/vec4 v0000026cabf68830_0;
    %parti/s 1, 31, 6;
    %flag_set/vec4 9;
    %flag_get/vec4 9;
    %jmp/0 T_4.10, 9;
    %load/vec4 v0000026cabf69050_0;
    %parti/s 1, 31, 6;
    %inv;
    %and;
T_4.10;
    %flag_set/vec4 8;
    %flag_get/vec4 8;
    %jmp/1 T_4.9, 8;
    %load/vec4 v0000026cabf68830_0;
    %parti/s 1, 31, 6;
    %inv;
    %flag_set/vec4 8;
    %flag_get/vec4 8;
    %jmp/0 T_4.11, 8;
    %load/vec4 v0000026cabf69050_0;
    %parti/s 1, 31, 6;
    %and;
T_4.11;
    %or;
T_4.9;
    %and;
T_4.8;
    %assign/vec4 v0000026cabf68650_0, 0;
    %load/vec4 v0000026cabf69230_0;
    %subi 1, 0, 7;
    %assign/vec4 v0000026cabf69230_0, 0;
    %jmp T_4.1;
T_4.0 ;
    %load/vec4 v0000026cabf68f10_0;
    %pushi/vec4 0, 0, 32;
    %load/vec4 v0000026cabf69230_0;
    %pad/u 32;
    %cmp/u;
    %flag_get/vec4 5;
    %and;
    %flag_set/vec4 8;
    %jmp/0xz  T_4.12, 8;
    %load/vec4 v0000026cabf68fb0_0;
    %parti/s 1, 0, 2;
    %cmpi/e 1, 0, 1;
    %jmp/0xz  T_4.14, 4;
    %load/vec4 v0000026cabf68790_0;
    %load/vec4 v0000026cabf692d0_0;
    %add;
    %assign/vec4 v0000026cabf68790_0, 0;
T_4.14 ;
    %load/vec4 v0000026cabf68fb0_0;
    %ix/load 4, 1, 0;
    %flag_set/imm 4, 0;
    %shiftr 4;
    %assign/vec4 v0000026cabf68fb0_0, 0;
    %load/vec4 v0000026cabf692d0_0;
    %ix/load 4, 1, 0;
    %flag_set/imm 4, 0;
    %shiftl 4;
    %assign/vec4 v0000026cabf692d0_0, 0;
    %load/vec4 v0000026cabf68650_0;
    %flag_set/vec4 8;
    %jmp/0 T_4.16, 8;
    %load/vec4 v0000026cabf68790_0;
    %inv;
    %addi 1, 0, 64;
    %jmp/1 T_4.17, 8;
T_4.16 ; End of true expr.
    %load/vec4 v0000026cabf68790_0;
    %jmp/0 T_4.17, 8;
 ; End of false expr.
    %blend;
T_4.17;
    %assign/vec4 v0000026cabf686f0_0, 0;
    %load/vec4 v0000026cabf69230_0;
    %subi 1, 0, 7;
    %assign/vec4 v0000026cabf69230_0, 0;
    %jmp T_4.13;
T_4.12 ;
    %pushi/vec4 0, 0, 64;
    %assign/vec4 v0000026cabf686f0_0, 0;
    %pushi/vec4 0, 0, 64;
    %assign/vec4 v0000026cabf68790_0, 0;
    %pushi/vec4 0, 0, 32;
    %assign/vec4 v0000026cabf68fb0_0, 0;
    %pushi/vec4 0, 0, 64;
    %assign/vec4 v0000026cabf692d0_0, 0;
    %pushi/vec4 0, 0, 1;
    %assign/vec4 v0000026cabf68650_0, 0;
    %pushi/vec4 32, 0, 7;
    %assign/vec4 v0000026cabf69230_0, 0;
T_4.13 ;
T_4.1 ;
    %jmp T_4;
    .thread T_4;
    .scope S_0000026cabfc8d10;
T_5 ;
    %wait E_0000026cabf64560;
    %load/vec4 v0000026cabfca7f0_0;
    %dup/vec4;
    %pushi/vec4 0, 0, 3;
    %cmp/u;
    %jmp/1 T_5.0, 6;
    %dup/vec4;
    %pushi/vec4 1, 0, 3;
    %cmp/u;
    %jmp/1 T_5.1, 6;
    %dup/vec4;
    %pushi/vec4 2, 0, 3;
    %cmp/u;
    %jmp/1 T_5.2, 6;
    %dup/vec4;
    %pushi/vec4 3, 0, 3;
    %cmp/u;
    %jmp/1 T_5.3, 6;
    %dup/vec4;
    %pushi/vec4 4, 0, 3;
    %cmp/u;
    %jmp/1 T_5.4, 6;
    %dup/vec4;
    %pushi/vec4 5, 0, 3;
    %cmp/u;
    %jmp/1 T_5.5, 6;
    %jmp T_5.6;
T_5.0 ;
    %load/vec4 v0000026cabfc48a0_0;
    %assign/vec4 v0000026cabfca390_0, 0;
    %jmp T_5.6;
T_5.1 ;
    %load/vec4 v0000026cabfc4a80_0;
    %assign/vec4 v0000026cabfca390_0, 0;
    %jmp T_5.6;
T_5.2 ;
    %load/vec4 v0000026cabfc4c60_0;
    %assign/vec4 v0000026cabfca390_0, 0;
    %jmp T_5.6;
T_5.3 ;
    %load/vec4 v0000026cabfc50c0_0;
    %assign/vec4 v0000026cabfca390_0, 0;
    %jmp T_5.6;
T_5.4 ;
    %load/vec4 v0000026cabfc5200_0;
    %assign/vec4 v0000026cabfca390_0, 0;
    %jmp T_5.6;
T_5.5 ;
    %load/vec4 v0000026cabfc53e0_0;
    %assign/vec4 v0000026cabfca390_0, 0;
    %jmp T_5.6;
T_5.6 ;
    %pop/vec4 1;
    %jmp T_5;
    .thread T_5, $push;
    .scope S_0000026cabfcd050;
T_6 ;
    %wait E_0000026cabf64520;
    %load/vec4 v0000026cabfc9e90_0;
    %dup/vec4;
    %pushi/vec4 0, 0, 3;
    %cmp/u;
    %jmp/1 T_6.0, 6;
    %dup/vec4;
    %pushi/vec4 1, 0, 3;
    %cmp/u;
    %jmp/1 T_6.1, 6;
    %dup/vec4;
    %pushi/vec4 2, 0, 3;
    %cmp/u;
    %jmp/1 T_6.2, 6;
    %dup/vec4;
    %pushi/vec4 3, 0, 3;
    %cmp/u;
    %jmp/1 T_6.3, 6;
    %dup/vec4;
    %pushi/vec4 4, 0, 3;
    %cmp/u;
    %jmp/1 T_6.4, 6;
    %dup/vec4;
    %pushi/vec4 5, 0, 3;
    %cmp/u;
    %jmp/1 T_6.5, 6;
    %jmp T_6.6;
T_6.0 ;
    %load/vec4 v0000026cabfc98f0_0;
    %assign/vec4 v0000026cabfca2f0_0, 0;
    %jmp T_6.6;
T_6.1 ;
    %load/vec4 v0000026cabfcac50_0;
    %assign/vec4 v0000026cabfca2f0_0, 0;
    %jmp T_6.6;
T_6.2 ;
    %load/vec4 v0000026cabfcabb0_0;
    %assign/vec4 v0000026cabfca2f0_0, 0;
    %jmp T_6.6;
T_6.3 ;
    %load/vec4 v0000026cabfca930_0;
    %assign/vec4 v0000026cabfca2f0_0, 0;
    %jmp T_6.6;
T_6.4 ;
    %load/vec4 v0000026cabfc9990_0;
    %assign/vec4 v0000026cabfca2f0_0, 0;
    %jmp T_6.6;
T_6.5 ;
    %load/vec4 v0000026cabfc9030_0;
    %assign/vec4 v0000026cabfca2f0_0, 0;
    %jmp T_6.6;
T_6.6 ;
    %pop/vec4 1;
    %jmp T_6;
    .thread T_6, $push;
    .scope S_0000026cabf26270;
T_7 ;
    %wait E_0000026cabf63f60;
    %load/vec4 v0000026cabf68470_0;
    %flag_set/vec4 8;
    %jmp/0xz  T_7.0, 8;
    %load/vec4 v0000026cabf69190_0;
    %dup/vec4;
    %pushi/vec4 0, 0, 3;
    %cmp/u;
    %jmp/1 T_7.2, 6;
    %dup/vec4;
    %pushi/vec4 1, 0, 3;
    %cmp/u;
    %jmp/1 T_7.3, 6;
    %dup/vec4;
    %pushi/vec4 2, 0, 3;
    %cmp/u;
    %jmp/1 T_7.4, 6;
    %dup/vec4;
    %pushi/vec4 3, 0, 3;
    %cmp/u;
    %jmp/1 T_7.5, 6;
    %dup/vec4;
    %pushi/vec4 4, 0, 3;
    %cmp/u;
    %jmp/1 T_7.6, 6;
    %dup/vec4;
    %pushi/vec4 5, 0, 3;
    %cmp/u;
    %jmp/1 T_7.7, 6;
    %dup/vec4;
    %pushi/vec4 6, 0, 3;
    %cmp/u;
    %jmp/1 T_7.8, 6;
    %dup/vec4;
    %pushi/vec4 7, 0, 3;
    %cmp/u;
    %jmp/1 T_7.9, 6;
    %pushi/vec4 0, 0, 32;
    %assign/vec4 v0000026cabf68e70_0, 0;
    %jmp T_7.11;
T_7.2 ;
    %load/vec4 v0000026cabf68dd0_0;
    %load/vec4 v0000026cabf68bf0_0;
    %and;
    %assign/vec4 v0000026cabf68e70_0, 0;
    %jmp T_7.11;
T_7.3 ;
    %load/vec4 v0000026cabf68dd0_0;
    %load/vec4 v0000026cabf68bf0_0;
    %or;
    %assign/vec4 v0000026cabf68e70_0, 0;
    %jmp T_7.11;
T_7.4 ;
    %load/vec4 v0000026cabf68dd0_0;
    %load/vec4 v0000026cabf68bf0_0;
    %add;
    %assign/vec4 v0000026cabf68e70_0, 0;
    %jmp T_7.11;
T_7.5 ;
    %load/vec4 v0000026cabf68dd0_0;
    %load/vec4 v0000026cabf68bf0_0;
    %xor;
    %assign/vec4 v0000026cabf68e70_0, 0;
    %jmp T_7.11;
T_7.6 ;
    %load/vec4 v0000026cabf68dd0_0;
    %load/vec4 v0000026cabf68bf0_0;
    %inv;
    %and;
    %assign/vec4 v0000026cabf68e70_0, 0;
    %jmp T_7.11;
T_7.7 ;
    %load/vec4 v0000026cabf68dd0_0;
    %load/vec4 v0000026cabf68bf0_0;
    %inv;
    %or;
    %assign/vec4 v0000026cabf68e70_0, 0;
    %jmp T_7.11;
T_7.8 ;
    %load/vec4 v0000026cabf68dd0_0;
    %load/vec4 v0000026cabf68bf0_0;
    %inv;
    %add;
    %addi 1, 0, 32;
    %assign/vec4 v0000026cabf68e70_0, 0;
    %jmp T_7.11;
T_7.9 ;
    %load/vec4 v0000026cabf68dd0_0;
    %load/vec4 v0000026cabf68bf0_0;
    %cmp/s;
    %flag_mov 8, 5;
    %jmp/0 T_7.12, 8;
    %pushi/vec4 1, 0, 32;
    %jmp/1 T_7.13, 8;
T_7.12 ; End of true expr.
    %pushi/vec4 0, 0, 32;
    %jmp/0 T_7.13, 8;
 ; End of false expr.
    %blend;
T_7.13;
    %assign/vec4 v0000026cabf68e70_0, 0;
    %jmp T_7.11;
T_7.11 ;
    %pop/vec4 1;
    %jmp T_7.1;
T_7.0 ;
    %load/vec4 v0000026cabf69190_0;
    %dup/vec4;
    %pushi/vec4 0, 0, 3;
    %cmp/u;
    %jmp/1 T_7.14, 6;
    %dup/vec4;
    %pushi/vec4 1, 0, 3;
    %cmp/u;
    %jmp/1 T_7.15, 6;
    %dup/vec4;
    %pushi/vec4 2, 0, 3;
    %cmp/u;
    %jmp/1 T_7.16, 6;
    %dup/vec4;
    %pushi/vec4 3, 0, 3;
    %cmp/u;
    %jmp/1 T_7.17, 6;
    %dup/vec4;
    %pushi/vec4 4, 0, 3;
    %cmp/u;
    %jmp/1 T_7.18, 6;
    %dup/vec4;
    %pushi/vec4 5, 0, 3;
    %cmp/u;
    %jmp/1 T_7.19, 6;
    %dup/vec4;
    %pushi/vec4 6, 0, 3;
    %cmp/u;
    %jmp/1 T_7.20, 6;
    %dup/vec4;
    %pushi/vec4 7, 0, 3;
    %cmp/u;
    %jmp/1 T_7.21, 6;
    %pushi/vec4 0, 0, 32;
    %assign/vec4 v0000026cabf68e70_0, 0;
    %jmp T_7.23;
T_7.14 ;
    %load/vec4 v0000026cabf68dd0_0;
    %load/vec4 v0000026cabf68bf0_0;
    %and;
    %assign/vec4 v0000026cabf68e70_0, 0;
    %jmp T_7.23;
T_7.15 ;
    %load/vec4 v0000026cabf68dd0_0;
    %load/vec4 v0000026cabf68bf0_0;
    %or;
    %assign/vec4 v0000026cabf68e70_0, 0;
    %jmp T_7.23;
T_7.16 ;
    %load/vec4 v0000026cabf68dd0_0;
    %load/vec4 v0000026cabf68bf0_0;
    %add;
    %assign/vec4 v0000026cabf68e70_0, 0;
    %jmp T_7.23;
T_7.17 ;
    %load/vec4 v0000026cabf68dd0_0;
    %load/vec4 v0000026cabf68bf0_0;
    %xor;
    %assign/vec4 v0000026cabf68e70_0, 0;
    %jmp T_7.23;
T_7.18 ;
    %load/vec4 v0000026cabf68dd0_0;
    %load/vec4 v0000026cabf68bf0_0;
    %inv;
    %and;
    %assign/vec4 v0000026cabf68e70_0, 0;
    %jmp T_7.23;
T_7.19 ;
    %load/vec4 v0000026cabf68dd0_0;
    %load/vec4 v0000026cabf68bf0_0;
    %inv;
    %or;
    %assign/vec4 v0000026cabf68e70_0, 0;
    %jmp T_7.23;
T_7.20 ;
    %load/vec4 v0000026cabf68dd0_0;
    %load/vec4 v0000026cabf68bf0_0;
    %inv;
    %add;
    %addi 1, 0, 32;
    %assign/vec4 v0000026cabf68e70_0, 0;
    %jmp T_7.23;
T_7.21 ;
    %load/vec4 v0000026cabf68dd0_0;
    %load/vec4 v0000026cabf68bf0_0;
    %cmp/u;
    %flag_mov 8, 5;
    %jmp/0 T_7.24, 8;
    %pushi/vec4 1, 0, 32;
    %jmp/1 T_7.25, 8;
T_7.24 ; End of true expr.
    %pushi/vec4 0, 0, 32;
    %jmp/0 T_7.25, 8;
 ; End of false expr.
    %blend;
T_7.25;
    %assign/vec4 v0000026cabf68e70_0, 0;
    %jmp T_7.23;
T_7.23 ;
    %pop/vec4 1;
T_7.1 ;
    %load/vec4 v0000026cabf68e70_0;
    %cmpi/e 0, 0, 32;
    %flag_mov 8, 4;
    %jmp/0 T_7.26, 8;
    %pushi/vec4 1, 0, 2;
    %jmp/1 T_7.27, 8;
T_7.26 ; End of true expr.
    %pushi/vec4 0, 0, 2;
    %jmp/0 T_7.27, 8;
 ; End of false expr.
    %blend;
T_7.27;
    %pad/s 1;
    %assign/vec4 v0000026cabf68ab0_0, 0;
    %jmp T_7;
    .thread T_7, $push;
    .scope S_0000026cabf32520;
T_8 ;
    %pushi/vec4 0, 0, 64;
    %store/vec4 v0000026cabfc5160_0, 0, 64;
    %pushi/vec4 0, 0, 64;
    %store/vec4 v0000026cabfc46c0_0, 0, 64;
    %pushi/vec4 0, 0, 32;
    %store/vec4 v0000026cabfc5b60_0, 0, 32;
    %pushi/vec4 0, 0, 64;
    %store/vec4 v0000026cabfc5de0_0, 0, 64;
    %pushi/vec4 0, 0, 1;
    %store/vec4 v0000026cabfc4e40_0, 0, 1;
    %pushi/vec4 32, 0, 7;
    %store/vec4 v0000026cabfc4ee0_0, 0, 7;
    %end;
    .thread T_8;
    .scope S_0000026cabf32520;
T_9 ;
    %wait E_0000026cabf635e0;
    %load/vec4 v0000026cabfc4760_0;
    %load/vec4 v0000026cabfc4ee0_0;
    %pushi/vec4 32, 0, 7;
    %cmp/e;
    %flag_get/vec4 4;
    %and;
    %flag_set/vec4 8;
    %jmp/0xz  T_9.0, 8;
    %load/vec4 v0000026cabfc5c00_0;
    %flag_set/vec4 9;
    %flag_get/vec4 9;
    %jmp/0 T_9.4, 9;
    %load/vec4 v0000026cabfc5ac0_0;
    %parti/s 1, 31, 6;
    %and;
T_9.4;
    %flag_set/vec4 8;
    %jmp/0 T_9.2, 8;
    %pushi/vec4 0, 0, 32;
    %load/vec4 v0000026cabfc5ac0_0;
    %inv;
    %addi 1, 0, 32;
    %concat/vec4; draw_concat_vec4
    %jmp/1 T_9.3, 8;
T_9.2 ; End of true expr.
    %pushi/vec4 0, 0, 32;
    %load/vec4 v0000026cabfc5ac0_0;
    %concat/vec4; draw_concat_vec4
    %jmp/0 T_9.3, 8;
 ; End of false expr.
    %blend;
T_9.3;
    %assign/vec4 v0000026cabfc5de0_0, 0;
    %load/vec4 v0000026cabfc5c00_0;
    %flag_set/vec4 9;
    %flag_get/vec4 9;
    %jmp/0 T_9.7, 9;
    %load/vec4 v0000026cabfc58e0_0;
    %parti/s 1, 31, 6;
    %and;
T_9.7;
    %flag_set/vec4 8;
    %jmp/0 T_9.5, 8;
    %load/vec4 v0000026cabfc58e0_0;
    %inv;
    %addi 1, 0, 32;
    %jmp/1 T_9.6, 8;
T_9.5 ; End of true expr.
    %load/vec4 v0000026cabfc58e0_0;
    %jmp/0 T_9.6, 8;
 ; End of false expr.
    %blend;
T_9.6;
    %assign/vec4 v0000026cabfc5b60_0, 0;
    %load/vec4 v0000026cabfc5c00_0;
    %flag_set/vec4 8;
    %flag_get/vec4 8;
    %jmp/0 T_9.8, 8;
    %load/vec4 v0000026cabfc58e0_0;
    %parti/s 1, 31, 6;
    %flag_set/vec4 9;
    %flag_get/vec4 9;
    %jmp/0 T_9.10, 9;
    %load/vec4 v0000026cabfc5ac0_0;
    %parti/s 1, 31, 6;
    %inv;
    %and;
T_9.10;
    %flag_set/vec4 8;
    %flag_get/vec4 8;
    %jmp/1 T_9.9, 8;
    %load/vec4 v0000026cabfc58e0_0;
    %parti/s 1, 31, 6;
    %inv;
    %flag_set/vec4 8;
    %flag_get/vec4 8;
    %jmp/0 T_9.11, 8;
    %load/vec4 v0000026cabfc5ac0_0;
    %parti/s 1, 31, 6;
    %and;
T_9.11;
    %or;
T_9.9;
    %and;
T_9.8;
    %assign/vec4 v0000026cabfc4e40_0, 0;
    %load/vec4 v0000026cabfc4ee0_0;
    %subi 1, 0, 7;
    %assign/vec4 v0000026cabfc4ee0_0, 0;
    %jmp T_9.1;
T_9.0 ;
    %load/vec4 v0000026cabfc4760_0;
    %pushi/vec4 0, 0, 32;
    %load/vec4 v0000026cabfc4ee0_0;
    %pad/u 32;
    %cmp/u;
    %flag_get/vec4 5;
    %and;
    %flag_set/vec4 8;
    %jmp/0xz  T_9.12, 8;
    %load/vec4 v0000026cabfc5b60_0;
    %parti/s 1, 0, 2;
    %cmpi/e 1, 0, 1;
    %jmp/0xz  T_9.14, 4;
    %load/vec4 v0000026cabfc46c0_0;
    %load/vec4 v0000026cabfc5de0_0;
    %add;
    %assign/vec4 v0000026cabfc46c0_0, 0;
T_9.14 ;
    %load/vec4 v0000026cabfc5b60_0;
    %ix/load 4, 1, 0;
    %flag_set/imm 4, 0;
    %shiftr 4;
    %assign/vec4 v0000026cabfc5b60_0, 0;
    %load/vec4 v0000026cabfc5de0_0;
    %ix/load 4, 1, 0;
    %flag_set/imm 4, 0;
    %shiftl 4;
    %assign/vec4 v0000026cabfc5de0_0, 0;
    %load/vec4 v0000026cabfc4e40_0;
    %flag_set/vec4 8;
    %jmp/0 T_9.16, 8;
    %load/vec4 v0000026cabfc46c0_0;
    %inv;
    %addi 1, 0, 64;
    %jmp/1 T_9.17, 8;
T_9.16 ; End of true expr.
    %load/vec4 v0000026cabfc46c0_0;
    %jmp/0 T_9.17, 8;
 ; End of false expr.
    %blend;
T_9.17;
    %assign/vec4 v0000026cabfc5160_0, 0;
    %load/vec4 v0000026cabfc4ee0_0;
    %subi 1, 0, 7;
    %assign/vec4 v0000026cabfc4ee0_0, 0;
    %jmp T_9.13;
T_9.12 ;
    %pushi/vec4 0, 0, 64;
    %assign/vec4 v0000026cabfc5160_0, 0;
    %pushi/vec4 0, 0, 64;
    %assign/vec4 v0000026cabfc46c0_0, 0;
    %pushi/vec4 0, 0, 32;
    %assign/vec4 v0000026cabfc5b60_0, 0;
    %pushi/vec4 0, 0, 64;
    %assign/vec4 v0000026cabfc5de0_0, 0;
    %pushi/vec4 0, 0, 1;
    %assign/vec4 v0000026cabfc4e40_0, 0;
    %pushi/vec4 32, 0, 7;
    %assign/vec4 v0000026cabfc4ee0_0, 0;
T_9.13 ;
T_9.1 ;
    %jmp T_9;
    .thread T_9;
# The file index is used to find the file name in the following table.
:file_names 8;
    "N/A";
    "<interactive>";
    "execute.v";
    "./alu.v";
    "./multiplier.v";
    "./mux2.v";
    "./mux5.v";
    "./mux6.v";
