#! /c/Source/iverilog-install/bin/vvp
:ivl_version "12.0 (devel)" "(s20150603-1539-g2693dd32b)";
:ivl_delay_selection "TYPICAL";
:vpi_time_precision + 0;
:vpi_module "C:\iverilog\lib\ivl\system.vpi";
:vpi_module "C:\iverilog\lib\ivl\vhdl_sys.vpi";
:vpi_module "C:\iverilog\lib\ivl\vhdl_textio.vpi";
:vpi_module "C:\iverilog\lib\ivl\v2005_math.vpi";
:vpi_module "C:\iverilog\lib\ivl\va_math.vpi";
S_0000029a9e672ad0 .scope module, "flop" "flop" 2 1;
 .timescale 0 0;
    .port_info 0 /INPUT 1 "clk";
    .port_info 1 /INPUT 8 "d";
    .port_info 2 /OUTPUT 8 "q";
P_0000029a9e6a5510 .param/l "WIDTH" 0 2 1, +C4<00000000000000000000000000001000>;
o0000029a9e6a6fb8 .functor BUFZ 1, C4<z>; HiZ drive
v0000029a9e672c60_0 .net "clk", 0 0, o0000029a9e6a6fb8;  0 drivers
o0000029a9e6a6fe8 .functor BUFZ 8, C4<zzzzzzzz>; HiZ drive
v0000029a9e672d00_0 .net "d", 7 0, o0000029a9e6a6fe8;  0 drivers
v0000029a9e672da0_0 .var "q", 7 0;
E_0000029a9e6a5350 .event posedge, v0000029a9e672c60_0;
    .scope S_0000029a9e672ad0;
T_0 ;
    %wait E_0000029a9e6a5350;
    %load/vec4 v0000029a9e672d00_0;
    %assign/vec4 v0000029a9e672da0_0, 0;
    %jmp T_0;
    .thread T_0;
# The file index is used to find the file name in the following table.
:file_names 3;
    "N/A";
    "<interactive>";
    "flop.v";
