#! /c/Source/iverilog-install/bin/vvp
:ivl_version "12.0 (devel)" "(s20150603-1539-g2693dd32b)";
:ivl_delay_selection "TYPICAL";
:vpi_time_precision + 0;
:vpi_module "C:\iverilog\lib\ivl\system.vpi";
:vpi_module "C:\iverilog\lib\ivl\vhdl_sys.vpi";
:vpi_module "C:\iverilog\lib\ivl\vhdl_textio.vpi";
:vpi_module "C:\iverilog\lib\ivl\v2005_math.vpi";
:vpi_module "C:\iverilog\lib\ivl\va_math.vpi";
S_0000020e95142ad0 .scope module, "flopenr" "flopenr" 2 1;
 .timescale 0 0;
    .port_info 0 /INPUT 1 "clk";
    .port_info 1 /INPUT 1 "reset";
    .port_info 2 /INPUT 1 "en";
    .port_info 3 /INPUT 8 "d";
    .port_info 4 /OUTPUT 8 "q";
P_0000020e951285e0 .param/l "WIDTH" 0 2 1, +C4<00000000000000000000000000001000>;
o0000020e95176fd8 .functor BUFZ 1, C4<z>; HiZ drive
v0000020e95142c60_0 .net "clk", 0 0, o0000020e95176fd8;  0 drivers
o0000020e95177008 .functor BUFZ 8, C4<zzzzzzzz>; HiZ drive
v0000020e95142d00_0 .net "d", 7 0, o0000020e95177008;  0 drivers
o0000020e95177038 .functor BUFZ 1, C4<z>; HiZ drive
v0000020e95142da0_0 .net "en", 0 0, o0000020e95177038;  0 drivers
v0000020e9512e0c0_0 .var "q", 7 0;
o0000020e95177098 .functor BUFZ 1, C4<z>; HiZ drive
v0000020e9512e160_0 .net "reset", 0 0, o0000020e95177098;  0 drivers
E_0000020e95128ca0 .event posedge, v0000020e9512e160_0, v0000020e95142c60_0;
    .scope S_0000020e95142ad0;
T_0 ;
    %wait E_0000020e95128ca0;
    %load/vec4 v0000020e9512e160_0;
    %flag_set/vec4 8;
    %jmp/0xz  T_0.0, 8;
    %pushi/vec4 0, 0, 8;
    %assign/vec4 v0000020e9512e0c0_0, 0;
    %jmp T_0.1;
T_0.0 ;
    %load/vec4 v0000020e95142da0_0;
    %nor/r;
    %flag_set/vec4 8;
    %jmp/0xz  T_0.2, 8;
    %load/vec4 v0000020e95142d00_0;
    %assign/vec4 v0000020e9512e0c0_0, 0;
T_0.2 ;
T_0.1 ;
    %jmp T_0;
    .thread T_0;
# The file index is used to find the file name in the following table.
:file_names 3;
    "N/A";
    "<interactive>";
    "flopenr.v";
