#! /c/Source/iverilog-install/bin/vvp
:ivl_version "12.0 (devel)" "(s20150603-1539-g2693dd32b)";
:ivl_delay_selection "TYPICAL";
:vpi_time_precision + 0;
:vpi_module "C:\iverilog\lib\ivl\system.vpi";
:vpi_module "C:\iverilog\lib\ivl\vhdl_sys.vpi";
:vpi_module "C:\iverilog\lib\ivl\vhdl_textio.vpi";
:vpi_module "C:\iverilog\lib\ivl\v2005_math.vpi";
:vpi_module "C:\iverilog\lib\ivl\va_math.vpi";
S_000002c3877829c0 .scope module, "globalbranchpredictor" "globalbranchpredictor" 2 1;
 .timescale 0 0;
    .port_info 0 /INPUT 1 "clk";
    .port_info 1 /INPUT 2 "pcsrcd";
    .port_info 2 /INPUT 2 "pcsrcd2";
    .port_info 3 /INPUT 32 "pcd";
    .port_info 4 /INPUT 32 "pcbranchd";
    .port_info 5 /INPUT 32 "pcbranchd2";
    .port_info 6 /INPUT 64 "originalpc";
    .port_info 7 /OUTPUT 32 "pcnext";
    .port_info 8 /OUTPUT 1 "clrbp";
v000002c3878fbe60 .array "branchtargetbuffer", 0 127, 71 0;
o000002c3877e2fb8 .functor BUFZ 1, C4<z>; HiZ drive
v000002c3878fbf00_0 .net "clk", 0 0, o000002c3877e2fb8;  0 drivers
v000002c387782b50_0 .var "clrbp", 0 0;
v000002c387782bf0_0 .var/i "count", 31 0;
v000002c387782c90_0 .var "foundflag", 0 0;
v000002c387782d30_0 .var "global", 1 0;
v000002c3877b37b0_0 .var/i "i", 31 0;
v000002c3877b3850_0 .var/i "j", 31 0;
o000002c3877e3108 .functor BUFZ 64, C4<zzzzzzzzzzzzzzzzzzzzzzzzzzzzzzzzzzzzzzzzzzzzzzzzzzzzzzzzzzzzzzzz>; HiZ drive
v000002c3877b38f0_0 .net "originalpc", 63 0, o000002c3877e3108;  0 drivers
o000002c3877e3138 .functor BUFZ 32, C4<zzzzzzzzzzzzzzzzzzzzzzzzzzzzzzzz>; HiZ drive
v000002c3877b3990_0 .net "pcbranchd", 31 0, o000002c3877e3138;  0 drivers
o000002c3877e3168 .functor BUFZ 32, C4<zzzzzzzzzzzzzzzzzzzzzzzzzzzzzzzz>; HiZ drive
v000002c3877b3a30_0 .net "pcbranchd2", 31 0, o000002c3877e3168;  0 drivers
o000002c3877e3198 .functor BUFZ 32, C4<zzzzzzzzzzzzzzzzzzzzzzzzzzzzzzzz>; HiZ drive
v000002c3877b3ad0_0 .net "pcd", 31 0, o000002c3877e3198;  0 drivers
v000002c3877b3b70_0 .var "pcdfoundflag", 0 0;
v000002c3877b3c10_0 .var "pcnext", 31 0;
o000002c3877e3228 .functor BUFZ 2, C4<zz>; HiZ drive
v000002c3877b4a20_0 .net "pcsrcd", 1 0, o000002c3877e3228;  0 drivers
o000002c3877e3258 .functor BUFZ 2, C4<zz>; HiZ drive
v000002c3877b47a0_0 .net "pcsrcd2", 1 0, o000002c3877e3258;  0 drivers
v000002c3877b4840_0 .var "pcstorage", 31 0;
v000002c3877b40c0_0 .var/i "recorder", 31 0;
E_000002c3877ac2a0 .event negedge, v000002c3878fbf00_0;
    .scope S_000002c3877829c0;
T_0 ;
    %pushi/vec4 0, 0, 32;
    %store/vec4 v000002c3877b3850_0, 0, 32;
    %pushi/vec4 0, 0, 32;
    %store/vec4 v000002c387782bf0_0, 0, 32;
    %end;
    .thread T_0;
    .scope S_000002c3877829c0;
T_1 ;
    %pushi/vec4 0, 0, 2;
    %store/vec4 v000002c387782d30_0, 0, 2;
    %pushi/vec4 0, 0, 32;
    %store/vec4 v000002c3877b37b0_0, 0, 32;
T_1.0 ;
    %load/vec4 v000002c3877b37b0_0;
    %cmpi/s 128, 0, 32;
    %jmp/0xz T_1.1, 5;
    %pushi/vec4 4294967295, 4294967295, 32;
    %concati/vec4 4294967295, 4294967295, 32;
    %concati/vec4 255, 255, 8;
    %ix/getv/s 4, v000002c3877b37b0_0;
    %store/vec4a v000002c3878fbe60, 4, 0;
    %load/vec4 v000002c3877b37b0_0;
    %addi 1, 0, 32;
    %store/vec4 v000002c3877b37b0_0, 0, 32;
    %jmp T_1.0;
T_1.1 ;
    %end;
    .thread T_1;
    .scope S_000002c3877829c0;
T_2 ;
    %wait E_000002c3877ac2a0;
    %pushi/vec4 0, 0, 1;
    %store/vec4 v000002c387782c90_0, 0, 1;
    %pushi/vec4 0, 0, 1;
    %store/vec4 v000002c3877b3b70_0, 0, 1;
    %pushi/vec4 0, 0, 32;
    %store/vec4 v000002c3877b37b0_0, 0, 32;
T_2.0 ;
    %load/vec4 v000002c3877b37b0_0;
    %cmpi/s 128, 0, 32;
    %jmp/0xz T_2.1, 5;
    %load/vec4 v000002c3877b3ad0_0;
    %ix/getv/s 4, v000002c3877b37b0_0;
    %load/vec4a v000002c3878fbe60, 4;
    %parti/s 32, 40, 7;
    %cmp/e;
    %jmp/0xz  T_2.2, 4;
    %pushi/vec4 1, 0, 1;
    %store/vec4 v000002c3877b3b70_0, 0, 1;
    %load/vec4 v000002c3877b37b0_0;
    %store/vec4 v000002c3877b40c0_0, 0, 32;
T_2.2 ;
    %load/vec4 v000002c3877b38f0_0;
    %parti/s 32, 32, 7;
    %ix/getv/s 4, v000002c3877b37b0_0;
    %load/vec4a v000002c3878fbe60, 4;
    %parti/s 32, 40, 7;
    %cmp/e;
    %jmp/0xz  T_2.4, 4;
    %load/vec4 v000002c387782d30_0;
    %dup/vec4;
    %pushi/vec4 0, 0, 2;
    %cmp/u;
    %jmp/1 T_2.6, 6;
    %dup/vec4;
    %pushi/vec4 1, 0, 2;
    %cmp/u;
    %jmp/1 T_2.7, 6;
    %dup/vec4;
    %pushi/vec4 2, 0, 2;
    %cmp/u;
    %jmp/1 T_2.8, 6;
    %dup/vec4;
    %pushi/vec4 3, 0, 2;
    %cmp/u;
    %jmp/1 T_2.9, 6;
    %jmp T_2.10;
T_2.6 ;
    %ix/getv/s 4, v000002c3877b37b0_0;
    %load/vec4a v000002c3878fbe60, 4;
    %parti/s 1, 7, 4;
    %nor/r;
    %flag_set/vec4 8;
    %jmp/0xz  T_2.11, 8;
    %load/vec4 v000002c3877b38f0_0;
    %parti/s 32, 32, 7;
    %store/vec4 v000002c3877b4840_0, 0, 32;
    %ix/getv/s 4, v000002c3877b37b0_0;
    %load/vec4a v000002c3878fbe60, 4;
    %parti/s 32, 8, 5;
    %store/vec4 v000002c3877b3c10_0, 0, 32;
T_2.11 ;
    %jmp T_2.10;
T_2.7 ;
    %ix/getv/s 4, v000002c3877b37b0_0;
    %load/vec4a v000002c3878fbe60, 4;
    %parti/s 1, 5, 4;
    %nor/r;
    %flag_set/vec4 8;
    %jmp/0xz  T_2.13, 8;
    %load/vec4 v000002c3877b38f0_0;
    %parti/s 32, 32, 7;
    %store/vec4 v000002c3877b4840_0, 0, 32;
    %ix/getv/s 4, v000002c3877b37b0_0;
    %load/vec4a v000002c3878fbe60, 4;
    %parti/s 32, 8, 5;
    %store/vec4 v000002c3877b3c10_0, 0, 32;
T_2.13 ;
    %jmp T_2.10;
T_2.8 ;
    %ix/getv/s 4, v000002c3877b37b0_0;
    %load/vec4a v000002c3878fbe60, 4;
    %parti/s 1, 3, 3;
    %nor/r;
    %flag_set/vec4 8;
    %jmp/0xz  T_2.15, 8;
    %load/vec4 v000002c3877b38f0_0;
    %parti/s 32, 32, 7;
    %store/vec4 v000002c3877b4840_0, 0, 32;
    %ix/getv/s 4, v000002c3877b37b0_0;
    %load/vec4a v000002c3878fbe60, 4;
    %parti/s 32, 8, 5;
    %store/vec4 v000002c3877b3c10_0, 0, 32;
T_2.15 ;
    %jmp T_2.10;
T_2.9 ;
    %ix/getv/s 4, v000002c3877b37b0_0;
    %load/vec4a v000002c3878fbe60, 4;
    %parti/s 1, 1, 2;
    %nor/r;
    %flag_set/vec4 8;
    %jmp/0xz  T_2.17, 8;
    %load/vec4 v000002c3877b38f0_0;
    %parti/s 32, 32, 7;
    %store/vec4 v000002c3877b4840_0, 0, 32;
    %ix/getv/s 4, v000002c3877b37b0_0;
    %load/vec4a v000002c3878fbe60, 4;
    %parti/s 32, 8, 5;
    %store/vec4 v000002c3877b3c10_0, 0, 32;
T_2.17 ;
    %jmp T_2.10;
T_2.10 ;
    %pop/vec4 1;
    %pushi/vec4 1, 0, 1;
    %store/vec4 v000002c387782c90_0, 0, 1;
    %load/vec4 v000002c3877b37b0_0;
    %store/vec4 v000002c3877b40c0_0, 0, 32;
    %jmp T_2.5;
T_2.4 ;
    %load/vec4 v000002c3877b38f0_0;
    %parti/s 32, 0, 2;
    %ix/getv/s 4, v000002c3877b37b0_0;
    %load/vec4a v000002c3878fbe60, 4;
    %parti/s 32, 40, 7;
    %cmp/e;
    %jmp/0xz  T_2.19, 4;
    %load/vec4 v000002c387782d30_0;
    %dup/vec4;
    %pushi/vec4 0, 0, 2;
    %cmp/u;
    %jmp/1 T_2.21, 6;
    %dup/vec4;
    %pushi/vec4 1, 0, 2;
    %cmp/u;
    %jmp/1 T_2.22, 6;
    %dup/vec4;
    %pushi/vec4 2, 0, 2;
    %cmp/u;
    %jmp/1 T_2.23, 6;
    %dup/vec4;
    %pushi/vec4 3, 0, 2;
    %cmp/u;
    %jmp/1 T_2.24, 6;
    %jmp T_2.25;
T_2.21 ;
    %ix/getv/s 4, v000002c3877b37b0_0;
    %load/vec4a v000002c3878fbe60, 4;
    %parti/s 1, 7, 4;
    %nor/r;
    %flag_set/vec4 8;
    %jmp/0xz  T_2.26, 8;
    %load/vec4 v000002c3877b38f0_0;
    %parti/s 32, 0, 2;
    %store/vec4 v000002c3877b4840_0, 0, 32;
    %ix/getv/s 4, v000002c3877b37b0_0;
    %load/vec4a v000002c3878fbe60, 4;
    %parti/s 32, 8, 5;
    %store/vec4 v000002c3877b3c10_0, 0, 32;
T_2.26 ;
    %jmp T_2.25;
T_2.22 ;
    %ix/getv/s 4, v000002c3877b37b0_0;
    %load/vec4a v000002c3878fbe60, 4;
    %parti/s 1, 5, 4;
    %nor/r;
    %flag_set/vec4 8;
    %jmp/0xz  T_2.28, 8;
    %load/vec4 v000002c3877b38f0_0;
    %parti/s 32, 0, 2;
    %store/vec4 v000002c3877b4840_0, 0, 32;
    %ix/getv/s 4, v000002c3877b37b0_0;
    %load/vec4a v000002c3878fbe60, 4;
    %parti/s 32, 8, 5;
    %store/vec4 v000002c3877b3c10_0, 0, 32;
T_2.28 ;
    %jmp T_2.25;
T_2.23 ;
    %ix/getv/s 4, v000002c3877b37b0_0;
    %load/vec4a v000002c3878fbe60, 4;
    %parti/s 1, 3, 3;
    %nor/r;
    %flag_set/vec4 8;
    %jmp/0xz  T_2.30, 8;
    %load/vec4 v000002c3877b38f0_0;
    %parti/s 32, 0, 2;
    %store/vec4 v000002c3877b4840_0, 0, 32;
    %ix/getv/s 4, v000002c3877b37b0_0;
    %load/vec4a v000002c3878fbe60, 4;
    %parti/s 32, 8, 5;
    %store/vec4 v000002c3877b3c10_0, 0, 32;
T_2.30 ;
    %jmp T_2.25;
T_2.24 ;
    %ix/getv/s 4, v000002c3877b37b0_0;
    %load/vec4a v000002c3878fbe60, 4;
    %parti/s 1, 1, 2;
    %nor/r;
    %flag_set/vec4 8;
    %jmp/0xz  T_2.32, 8;
    %load/vec4 v000002c3877b38f0_0;
    %parti/s 32, 0, 2;
    %store/vec4 v000002c3877b4840_0, 0, 32;
    %ix/getv/s 4, v000002c3877b37b0_0;
    %load/vec4a v000002c3878fbe60, 4;
    %parti/s 32, 8, 5;
    %store/vec4 v000002c3877b3c10_0, 0, 32;
T_2.32 ;
    %jmp T_2.25;
T_2.25 ;
    %pop/vec4 1;
    %pushi/vec4 1, 0, 1;
    %store/vec4 v000002c387782c90_0, 0, 1;
    %load/vec4 v000002c3877b37b0_0;
    %store/vec4 v000002c3877b40c0_0, 0, 32;
T_2.19 ;
T_2.5 ;
    %load/vec4 v000002c3877b37b0_0;
    %addi 1, 0, 32;
    %store/vec4 v000002c3877b37b0_0, 0, 32;
    %jmp T_2.0;
T_2.1 ;
    %load/vec4 v000002c387782c90_0;
    %flag_set/vec4 8;
    %jmp/0xz  T_2.34, 8;
    %pushi/vec4 0, 0, 1;
    %store/vec4 v000002c387782b50_0, 0, 1;
    %load/vec4 v000002c387782d30_0;
    %dup/vec4;
    %pushi/vec4 0, 0, 2;
    %cmp/u;
    %jmp/1 T_2.36, 6;
    %dup/vec4;
    %pushi/vec4 1, 0, 2;
    %cmp/u;
    %jmp/1 T_2.37, 6;
    %dup/vec4;
    %pushi/vec4 2, 0, 2;
    %cmp/u;
    %jmp/1 T_2.38, 6;
    %dup/vec4;
    %pushi/vec4 3, 0, 2;
    %cmp/u;
    %jmp/1 T_2.39, 6;
    %jmp T_2.40;
T_2.36 ;
    %pushi/vec4 0, 0, 2;
    %store/vec4 v000002c387782d30_0, 0, 2;
    %ix/getv/s 4, v000002c3877b40c0_0;
    %load/vec4a v000002c3878fbe60, 4;
    %parti/s 2, 6, 4;
    %dup/vec4;
    %pushi/vec4 0, 0, 2;
    %cmp/u;
    %jmp/1 T_2.41, 6;
    %dup/vec4;
    %pushi/vec4 1, 0, 2;
    %cmp/u;
    %jmp/1 T_2.42, 6;
    %dup/vec4;
    %pushi/vec4 2, 0, 2;
    %cmp/u;
    %jmp/1 T_2.43, 6;
    %dup/vec4;
    %pushi/vec4 3, 0, 2;
    %cmp/u;
    %jmp/1 T_2.44, 6;
    %jmp T_2.45;
T_2.41 ;
    %pushi/vec4 0, 0, 2;
    %ix/getv/s 4, v000002c3877b40c0_0;
    %flag_mov 8, 4;
    %ix/load 5, 6, 0;
    %flag_set/imm 4, 0;
    %flag_or 4, 8;
    %store/vec4a v000002c3878fbe60, 4, 5;
    %jmp T_2.45;
T_2.42 ;
    %pushi/vec4 0, 0, 2;
    %ix/getv/s 4, v000002c3877b40c0_0;
    %flag_mov 8, 4;
    %ix/load 5, 6, 0;
    %flag_set/imm 4, 0;
    %flag_or 4, 8;
    %store/vec4a v000002c3878fbe60, 4, 5;
    %jmp T_2.45;
T_2.43 ;
    %pushi/vec4 1, 0, 2;
    %ix/getv/s 4, v000002c3877b40c0_0;
    %flag_mov 8, 4;
    %ix/load 5, 6, 0;
    %flag_set/imm 4, 0;
    %flag_or 4, 8;
    %store/vec4a v000002c3878fbe60, 4, 5;
    %jmp T_2.45;
T_2.44 ;
    %pushi/vec4 2, 0, 2;
    %ix/getv/s 4, v000002c3877b40c0_0;
    %flag_mov 8, 4;
    %ix/load 5, 6, 0;
    %flag_set/imm 4, 0;
    %flag_or 4, 8;
    %store/vec4a v000002c3878fbe60, 4, 5;
    %jmp T_2.45;
T_2.45 ;
    %pop/vec4 1;
    %jmp T_2.40;
T_2.37 ;
    %pushi/vec4 0, 0, 2;
    %store/vec4 v000002c387782d30_0, 0, 2;
    %ix/getv/s 4, v000002c3877b40c0_0;
    %load/vec4a v000002c3878fbe60, 4;
    %parti/s 2, 4, 4;
    %dup/vec4;
    %pushi/vec4 0, 0, 2;
    %cmp/u;
    %jmp/1 T_2.46, 6;
    %dup/vec4;
    %pushi/vec4 1, 0, 2;
    %cmp/u;
    %jmp/1 T_2.47, 6;
    %dup/vec4;
    %pushi/vec4 2, 0, 2;
    %cmp/u;
    %jmp/1 T_2.48, 6;
    %dup/vec4;
    %pushi/vec4 3, 0, 2;
    %cmp/u;
    %jmp/1 T_2.49, 6;
    %jmp T_2.50;
T_2.46 ;
    %pushi/vec4 0, 0, 2;
    %ix/getv/s 4, v000002c3877b40c0_0;
    %flag_mov 8, 4;
    %ix/load 5, 4, 0;
    %flag_set/imm 4, 0;
    %flag_or 4, 8;
    %store/vec4a v000002c3878fbe60, 4, 5;
    %jmp T_2.50;
T_2.47 ;
    %pushi/vec4 0, 0, 2;
    %ix/getv/s 4, v000002c3877b40c0_0;
    %flag_mov 8, 4;
    %ix/load 5, 4, 0;
    %flag_set/imm 4, 0;
    %flag_or 4, 8;
    %store/vec4a v000002c3878fbe60, 4, 5;
    %jmp T_2.50;
T_2.48 ;
    %pushi/vec4 1, 0, 2;
    %ix/getv/s 4, v000002c3877b40c0_0;
    %flag_mov 8, 4;
    %ix/load 5, 4, 0;
    %flag_set/imm 4, 0;
    %flag_or 4, 8;
    %store/vec4a v000002c3878fbe60, 4, 5;
    %jmp T_2.50;
T_2.49 ;
    %pushi/vec4 2, 0, 2;
    %ix/getv/s 4, v000002c3877b40c0_0;
    %flag_mov 8, 4;
    %ix/load 5, 4, 0;
    %flag_set/imm 4, 0;
    %flag_or 4, 8;
    %store/vec4a v000002c3878fbe60, 4, 5;
    %jmp T_2.50;
T_2.50 ;
    %pop/vec4 1;
    %jmp T_2.40;
T_2.38 ;
    %pushi/vec4 1, 0, 2;
    %store/vec4 v000002c387782d30_0, 0, 2;
    %ix/getv/s 4, v000002c3877b40c0_0;
    %load/vec4a v000002c3878fbe60, 4;
    %parti/s 2, 2, 3;
    %dup/vec4;
    %pushi/vec4 0, 0, 2;
    %cmp/u;
    %jmp/1 T_2.51, 6;
    %dup/vec4;
    %pushi/vec4 1, 0, 2;
    %cmp/u;
    %jmp/1 T_2.52, 6;
    %dup/vec4;
    %pushi/vec4 2, 0, 2;
    %cmp/u;
    %jmp/1 T_2.53, 6;
    %dup/vec4;
    %pushi/vec4 3, 0, 2;
    %cmp/u;
    %jmp/1 T_2.54, 6;
    %jmp T_2.55;
T_2.51 ;
    %pushi/vec4 0, 0, 2;
    %ix/getv/s 4, v000002c3877b40c0_0;
    %flag_mov 8, 4;
    %ix/load 5, 2, 0;
    %flag_set/imm 4, 0;
    %flag_or 4, 8;
    %store/vec4a v000002c3878fbe60, 4, 5;
    %jmp T_2.55;
T_2.52 ;
    %pushi/vec4 0, 0, 2;
    %ix/getv/s 4, v000002c3877b40c0_0;
    %flag_mov 8, 4;
    %ix/load 5, 2, 0;
    %flag_set/imm 4, 0;
    %flag_or 4, 8;
    %store/vec4a v000002c3878fbe60, 4, 5;
    %jmp T_2.55;
T_2.53 ;
    %pushi/vec4 1, 0, 2;
    %ix/getv/s 4, v000002c3877b40c0_0;
    %flag_mov 8, 4;
    %ix/load 5, 2, 0;
    %flag_set/imm 4, 0;
    %flag_or 4, 8;
    %store/vec4a v000002c3878fbe60, 4, 5;
    %jmp T_2.55;
T_2.54 ;
    %pushi/vec4 2, 0, 2;
    %ix/getv/s 4, v000002c3877b40c0_0;
    %flag_mov 8, 4;
    %ix/load 5, 2, 0;
    %flag_set/imm 4, 0;
    %flag_or 4, 8;
    %store/vec4a v000002c3878fbe60, 4, 5;
    %jmp T_2.55;
T_2.55 ;
    %pop/vec4 1;
    %jmp T_2.40;
T_2.39 ;
    %pushi/vec4 2, 0, 2;
    %store/vec4 v000002c387782d30_0, 0, 2;
    %ix/getv/s 4, v000002c3877b40c0_0;
    %load/vec4a v000002c3878fbe60, 4;
    %parti/s 2, 0, 2;
    %dup/vec4;
    %pushi/vec4 0, 0, 2;
    %cmp/u;
    %jmp/1 T_2.56, 6;
    %dup/vec4;
    %pushi/vec4 1, 0, 2;
    %cmp/u;
    %jmp/1 T_2.57, 6;
    %dup/vec4;
    %pushi/vec4 2, 0, 2;
    %cmp/u;
    %jmp/1 T_2.58, 6;
    %dup/vec4;
    %pushi/vec4 3, 0, 2;
    %cmp/u;
    %jmp/1 T_2.59, 6;
    %jmp T_2.60;
T_2.56 ;
    %pushi/vec4 0, 0, 2;
    %ix/getv/s 4, v000002c3877b40c0_0;
    %flag_mov 8, 4;
    %ix/load 5, 0, 0;
    %flag_set/imm 4, 0;
    %flag_or 4, 8;
    %store/vec4a v000002c3878fbe60, 4, 5;
    %jmp T_2.60;
T_2.57 ;
    %pushi/vec4 0, 0, 2;
    %ix/getv/s 4, v000002c3877b40c0_0;
    %flag_mov 8, 4;
    %ix/load 5, 0, 0;
    %flag_set/imm 4, 0;
    %flag_or 4, 8;
    %store/vec4a v000002c3878fbe60, 4, 5;
    %jmp T_2.60;
T_2.58 ;
    %pushi/vec4 1, 0, 2;
    %ix/getv/s 4, v000002c3877b40c0_0;
    %flag_mov 8, 4;
    %ix/load 5, 0, 0;
    %flag_set/imm 4, 0;
    %flag_or 4, 8;
    %store/vec4a v000002c3878fbe60, 4, 5;
    %jmp T_2.60;
T_2.59 ;
    %pushi/vec4 2, 0, 2;
    %ix/getv/s 4, v000002c3877b40c0_0;
    %flag_mov 8, 4;
    %ix/load 5, 0, 0;
    %flag_set/imm 4, 0;
    %flag_or 4, 8;
    %store/vec4a v000002c3878fbe60, 4, 5;
    %jmp T_2.60;
T_2.60 ;
    %pop/vec4 1;
    %jmp T_2.40;
T_2.40 ;
    %pop/vec4 1;
    %jmp T_2.35;
T_2.34 ;
    %load/vec4 v000002c3877b4a20_0;
    %parti/s 1, 0, 2;
    %nor/r;
    %flag_set/vec4 9;
    %flag_get/vec4 9;
    %jmp/0 T_2.63, 9;
    %load/vec4 v000002c3877b3b70_0;
    %and;
T_2.63;
    %flag_set/vec4 8;
    %jmp/0xz  T_2.61, 8;
    %pushi/vec4 1, 0, 1;
    %store/vec4 v000002c387782b50_0, 0, 1;
    %load/vec4 v000002c3877b4840_0;
    %store/vec4 v000002c3877b3c10_0, 0, 32;
    %load/vec4 v000002c387782d30_0;
    %dup/vec4;
    %pushi/vec4 0, 0, 2;
    %cmp/u;
    %jmp/1 T_2.64, 6;
    %dup/vec4;
    %pushi/vec4 1, 0, 2;
    %cmp/u;
    %jmp/1 T_2.65, 6;
    %dup/vec4;
    %pushi/vec4 2, 0, 2;
    %cmp/u;
    %jmp/1 T_2.66, 6;
    %dup/vec4;
    %pushi/vec4 3, 0, 2;
    %cmp/u;
    %jmp/1 T_2.67, 6;
    %jmp T_2.68;
T_2.64 ;
    %pushi/vec4 1, 0, 2;
    %store/vec4 v000002c387782d30_0, 0, 2;
    %ix/getv/s 4, v000002c3877b40c0_0;
    %load/vec4a v000002c3878fbe60, 4;
    %parti/s 2, 6, 4;
    %dup/vec4;
    %pushi/vec4 0, 0, 2;
    %cmp/u;
    %jmp/1 T_2.69, 6;
    %dup/vec4;
    %pushi/vec4 1, 0, 2;
    %cmp/u;
    %jmp/1 T_2.70, 6;
    %dup/vec4;
    %pushi/vec4 2, 0, 2;
    %cmp/u;
    %jmp/1 T_2.71, 6;
    %dup/vec4;
    %pushi/vec4 3, 0, 2;
    %cmp/u;
    %jmp/1 T_2.72, 6;
    %jmp T_2.73;
T_2.69 ;
    %pushi/vec4 1, 0, 2;
    %ix/getv/s 4, v000002c3877b40c0_0;
    %flag_mov 8, 4;
    %ix/load 5, 6, 0;
    %flag_set/imm 4, 0;
    %flag_or 4, 8;
    %store/vec4a v000002c3878fbe60, 4, 5;
    %jmp T_2.73;
T_2.70 ;
    %pushi/vec4 2, 0, 2;
    %ix/getv/s 4, v000002c3877b40c0_0;
    %flag_mov 8, 4;
    %ix/load 5, 6, 0;
    %flag_set/imm 4, 0;
    %flag_or 4, 8;
    %store/vec4a v000002c3878fbe60, 4, 5;
    %jmp T_2.73;
T_2.71 ;
    %pushi/vec4 3, 0, 2;
    %ix/getv/s 4, v000002c3877b40c0_0;
    %flag_mov 8, 4;
    %ix/load 5, 6, 0;
    %flag_set/imm 4, 0;
    %flag_or 4, 8;
    %store/vec4a v000002c3878fbe60, 4, 5;
    %jmp T_2.73;
T_2.72 ;
    %pushi/vec4 3, 0, 2;
    %ix/getv/s 4, v000002c3877b40c0_0;
    %flag_mov 8, 4;
    %ix/load 5, 6, 0;
    %flag_set/imm 4, 0;
    %flag_or 4, 8;
    %store/vec4a v000002c3878fbe60, 4, 5;
    %jmp T_2.73;
T_2.73 ;
    %pop/vec4 1;
    %jmp T_2.68;
T_2.65 ;
    %pushi/vec4 3, 0, 2;
    %store/vec4 v000002c387782d30_0, 0, 2;
    %ix/getv/s 4, v000002c3877b40c0_0;
    %load/vec4a v000002c3878fbe60, 4;
    %parti/s 2, 4, 4;
    %dup/vec4;
    %pushi/vec4 0, 0, 2;
    %cmp/u;
    %jmp/1 T_2.74, 6;
    %dup/vec4;
    %pushi/vec4 1, 0, 2;
    %cmp/u;
    %jmp/1 T_2.75, 6;
    %dup/vec4;
    %pushi/vec4 2, 0, 2;
    %cmp/u;
    %jmp/1 T_2.76, 6;
    %dup/vec4;
    %pushi/vec4 3, 0, 2;
    %cmp/u;
    %jmp/1 T_2.77, 6;
    %jmp T_2.78;
T_2.74 ;
    %pushi/vec4 1, 0, 2;
    %ix/getv/s 4, v000002c3877b40c0_0;
    %flag_mov 8, 4;
    %ix/load 5, 4, 0;
    %flag_set/imm 4, 0;
    %flag_or 4, 8;
    %store/vec4a v000002c3878fbe60, 4, 5;
    %jmp T_2.78;
T_2.75 ;
    %pushi/vec4 2, 0, 2;
    %ix/getv/s 4, v000002c3877b40c0_0;
    %flag_mov 8, 4;
    %ix/load 5, 4, 0;
    %flag_set/imm 4, 0;
    %flag_or 4, 8;
    %store/vec4a v000002c3878fbe60, 4, 5;
    %jmp T_2.78;
T_2.76 ;
    %pushi/vec4 3, 0, 2;
    %ix/getv/s 4, v000002c3877b40c0_0;
    %flag_mov 8, 4;
    %ix/load 5, 4, 0;
    %flag_set/imm 4, 0;
    %flag_or 4, 8;
    %store/vec4a v000002c3878fbe60, 4, 5;
    %jmp T_2.78;
T_2.77 ;
    %pushi/vec4 3, 0, 2;
    %ix/getv/s 4, v000002c3877b40c0_0;
    %flag_mov 8, 4;
    %ix/load 5, 4, 0;
    %flag_set/imm 4, 0;
    %flag_or 4, 8;
    %store/vec4a v000002c3878fbe60, 4, 5;
    %jmp T_2.78;
T_2.78 ;
    %pop/vec4 1;
    %jmp T_2.68;
T_2.66 ;
    %pushi/vec4 1, 0, 2;
    %store/vec4 v000002c387782d30_0, 0, 2;
    %ix/getv/s 4, v000002c3877b40c0_0;
    %load/vec4a v000002c3878fbe60, 4;
    %parti/s 2, 2, 3;
    %dup/vec4;
    %pushi/vec4 0, 0, 2;
    %cmp/u;
    %jmp/1 T_2.79, 6;
    %dup/vec4;
    %pushi/vec4 1, 0, 2;
    %cmp/u;
    %jmp/1 T_2.80, 6;
    %dup/vec4;
    %pushi/vec4 2, 0, 2;
    %cmp/u;
    %jmp/1 T_2.81, 6;
    %dup/vec4;
    %pushi/vec4 3, 0, 2;
    %cmp/u;
    %jmp/1 T_2.82, 6;
    %jmp T_2.83;
T_2.79 ;
    %pushi/vec4 1, 0, 2;
    %ix/getv/s 4, v000002c3877b40c0_0;
    %flag_mov 8, 4;
    %ix/load 5, 2, 0;
    %flag_set/imm 4, 0;
    %flag_or 4, 8;
    %store/vec4a v000002c3878fbe60, 4, 5;
    %jmp T_2.83;
T_2.80 ;
    %pushi/vec4 2, 0, 2;
    %ix/getv/s 4, v000002c3877b40c0_0;
    %flag_mov 8, 4;
    %ix/load 5, 2, 0;
    %flag_set/imm 4, 0;
    %flag_or 4, 8;
    %store/vec4a v000002c3878fbe60, 4, 5;
    %jmp T_2.83;
T_2.81 ;
    %pushi/vec4 3, 0, 2;
    %ix/getv/s 4, v000002c3877b40c0_0;
    %flag_mov 8, 4;
    %ix/load 5, 2, 0;
    %flag_set/imm 4, 0;
    %flag_or 4, 8;
    %store/vec4a v000002c3878fbe60, 4, 5;
    %jmp T_2.83;
T_2.82 ;
    %pushi/vec4 3, 0, 2;
    %ix/getv/s 4, v000002c3877b40c0_0;
    %flag_mov 8, 4;
    %ix/load 5, 2, 0;
    %flag_set/imm 4, 0;
    %flag_or 4, 8;
    %store/vec4a v000002c3878fbe60, 4, 5;
    %jmp T_2.83;
T_2.83 ;
    %pop/vec4 1;
    %jmp T_2.68;
T_2.67 ;
    %pushi/vec4 3, 0, 2;
    %store/vec4 v000002c387782d30_0, 0, 2;
    %ix/getv/s 4, v000002c3877b40c0_0;
    %load/vec4a v000002c3878fbe60, 4;
    %parti/s 2, 0, 2;
    %dup/vec4;
    %pushi/vec4 0, 0, 2;
    %cmp/u;
    %jmp/1 T_2.84, 6;
    %dup/vec4;
    %pushi/vec4 1, 0, 2;
    %cmp/u;
    %jmp/1 T_2.85, 6;
    %dup/vec4;
    %pushi/vec4 2, 0, 2;
    %cmp/u;
    %jmp/1 T_2.86, 6;
    %dup/vec4;
    %pushi/vec4 3, 0, 2;
    %cmp/u;
    %jmp/1 T_2.87, 6;
    %jmp T_2.88;
T_2.84 ;
    %pushi/vec4 1, 0, 2;
    %ix/getv/s 4, v000002c3877b40c0_0;
    %flag_mov 8, 4;
    %ix/load 5, 0, 0;
    %flag_set/imm 4, 0;
    %flag_or 4, 8;
    %store/vec4a v000002c3878fbe60, 4, 5;
    %jmp T_2.88;
T_2.85 ;
    %pushi/vec4 2, 0, 2;
    %ix/getv/s 4, v000002c3877b40c0_0;
    %flag_mov 8, 4;
    %ix/load 5, 0, 0;
    %flag_set/imm 4, 0;
    %flag_or 4, 8;
    %store/vec4a v000002c3878fbe60, 4, 5;
    %jmp T_2.88;
T_2.86 ;
    %pushi/vec4 3, 0, 2;
    %ix/getv/s 4, v000002c3877b40c0_0;
    %flag_mov 8, 4;
    %ix/load 5, 0, 0;
    %flag_set/imm 4, 0;
    %flag_or 4, 8;
    %store/vec4a v000002c3878fbe60, 4, 5;
    %jmp T_2.88;
T_2.87 ;
    %pushi/vec4 3, 0, 2;
    %ix/getv/s 4, v000002c3877b40c0_0;
    %flag_mov 8, 4;
    %ix/load 5, 0, 0;
    %flag_set/imm 4, 0;
    %flag_or 4, 8;
    %store/vec4a v000002c3878fbe60, 4, 5;
    %jmp T_2.88;
T_2.88 ;
    %pop/vec4 1;
    %jmp T_2.68;
T_2.68 ;
    %pop/vec4 1;
    %jmp T_2.62;
T_2.61 ;
    %load/vec4 v000002c3877b4a20_0;
    %parti/s 1, 0, 2;
    %flag_set/vec4 8;
    %jmp/0xz  T_2.89, 8;
    %pushi/vec4 0, 0, 8;
    %ix/getv/s 4, v000002c387782bf0_0;
    %flag_mov 8, 4;
    %ix/load 5, 0, 0;
    %flag_set/imm 4, 0;
    %flag_or 4, 8;
    %store/vec4a v000002c3878fbe60, 4, 5;
    %load/vec4 v000002c3877b3990_0;
    %ix/getv/s 4, v000002c387782bf0_0;
    %flag_mov 8, 4;
    %ix/load 5, 8, 0;
    %flag_set/imm 4, 0;
    %flag_or 4, 8;
    %store/vec4a v000002c3878fbe60, 4, 5;
    %load/vec4 v000002c3877b3ad0_0;
    %ix/getv/s 4, v000002c387782bf0_0;
    %flag_mov 8, 4;
    %ix/load 5, 40, 0;
    %flag_set/imm 4, 0;
    %flag_or 4, 8;
    %store/vec4a v000002c3878fbe60, 4, 5;
    %load/vec4 v000002c3877b3990_0;
    %store/vec4 v000002c3877b3c10_0, 0, 32;
    %pushi/vec4 0, 0, 1;
    %store/vec4 v000002c387782b50_0, 0, 1;
    %load/vec4 v000002c387782bf0_0;
    %addi 1, 0, 32;
    %store/vec4 v000002c387782bf0_0, 0, 32;
    %load/vec4 v000002c387782bf0_0;
    %cmpi/s 127, 0, 32;
    %flag_or 5, 4; GT is !LE
    %flag_inv 5;
    %jmp/0xz  T_2.91, 5;
    %pushi/vec4 0, 0, 32;
    %store/vec4 v000002c387782bf0_0, 0, 32;
T_2.91 ;
    %load/vec4 v000002c387782d30_0;
    %dup/vec4;
    %pushi/vec4 0, 0, 2;
    %cmp/u;
    %jmp/1 T_2.93, 6;
    %dup/vec4;
    %pushi/vec4 1, 0, 2;
    %cmp/u;
    %jmp/1 T_2.94, 6;
    %dup/vec4;
    %pushi/vec4 2, 0, 2;
    %cmp/u;
    %jmp/1 T_2.95, 6;
    %dup/vec4;
    %pushi/vec4 3, 0, 2;
    %cmp/u;
    %jmp/1 T_2.96, 6;
    %jmp T_2.97;
T_2.93 ;
    %pushi/vec4 0, 0, 2;
    %store/vec4 v000002c387782d30_0, 0, 2;
    %jmp T_2.97;
T_2.94 ;
    %pushi/vec4 2, 0, 2;
    %store/vec4 v000002c387782d30_0, 0, 2;
    %jmp T_2.97;
T_2.95 ;
    %pushi/vec4 0, 0, 2;
    %store/vec4 v000002c387782d30_0, 0, 2;
    %jmp T_2.97;
T_2.96 ;
    %pushi/vec4 2, 0, 2;
    %store/vec4 v000002c387782d30_0, 0, 2;
    %jmp T_2.97;
T_2.97 ;
    %pop/vec4 1;
    %jmp T_2.90;
T_2.89 ;
    %load/vec4 v000002c3877b47a0_0;
    %parti/s 1, 0, 2;
    %flag_set/vec4 8;
    %jmp/0xz  T_2.98, 8;
    %pushi/vec4 0, 0, 8;
    %ix/getv/s 4, v000002c387782bf0_0;
    %flag_mov 8, 4;
    %ix/load 5, 0, 0;
    %flag_set/imm 4, 0;
    %flag_or 4, 8;
    %store/vec4a v000002c3878fbe60, 4, 5;
    %load/vec4 v000002c3877b3a30_0;
    %ix/getv/s 4, v000002c387782bf0_0;
    %flag_mov 8, 4;
    %ix/load 5, 8, 0;
    %flag_set/imm 4, 0;
    %flag_or 4, 8;
    %store/vec4a v000002c3878fbe60, 4, 5;
    %load/vec4 v000002c3877b3ad0_0;
    %ix/getv/s 4, v000002c387782bf0_0;
    %flag_mov 8, 4;
    %ix/load 5, 40, 0;
    %flag_set/imm 4, 0;
    %flag_or 4, 8;
    %store/vec4a v000002c3878fbe60, 4, 5;
    %load/vec4 v000002c3877b3a30_0;
    %store/vec4 v000002c3877b3c10_0, 0, 32;
    %pushi/vec4 0, 0, 1;
    %store/vec4 v000002c387782b50_0, 0, 1;
    %load/vec4 v000002c387782bf0_0;
    %addi 1, 0, 32;
    %store/vec4 v000002c387782bf0_0, 0, 32;
    %load/vec4 v000002c387782bf0_0;
    %cmpi/s 127, 0, 32;
    %flag_or 5, 4; GT is !LE
    %flag_inv 5;
    %jmp/0xz  T_2.100, 5;
    %pushi/vec4 0, 0, 32;
    %store/vec4 v000002c387782bf0_0, 0, 32;
T_2.100 ;
    %load/vec4 v000002c387782d30_0;
    %dup/vec4;
    %pushi/vec4 0, 0, 2;
    %cmp/u;
    %jmp/1 T_2.102, 6;
    %dup/vec4;
    %pushi/vec4 1, 0, 2;
    %cmp/u;
    %jmp/1 T_2.103, 6;
    %dup/vec4;
    %pushi/vec4 2, 0, 2;
    %cmp/u;
    %jmp/1 T_2.104, 6;
    %dup/vec4;
    %pushi/vec4 3, 0, 2;
    %cmp/u;
    %jmp/1 T_2.105, 6;
    %jmp T_2.106;
T_2.102 ;
    %pushi/vec4 0, 0, 2;
    %store/vec4 v000002c387782d30_0, 0, 2;
    %jmp T_2.106;
T_2.103 ;
    %pushi/vec4 2, 0, 2;
    %store/vec4 v000002c387782d30_0, 0, 2;
    %jmp T_2.106;
T_2.104 ;
    %pushi/vec4 0, 0, 2;
    %store/vec4 v000002c387782d30_0, 0, 2;
    %jmp T_2.106;
T_2.105 ;
    %pushi/vec4 2, 0, 2;
    %store/vec4 v000002c387782d30_0, 0, 2;
    %jmp T_2.106;
T_2.106 ;
    %pop/vec4 1;
    %jmp T_2.99;
T_2.98 ;
    %pushi/vec4 0, 0, 1;
    %store/vec4 v000002c387782b50_0, 0, 1;
    %load/vec4 v000002c3877b38f0_0;
    %parti/s 32, 32, 7;
    %store/vec4 v000002c3877b3c10_0, 0, 32;
    %load/vec4 v000002c387782d30_0;
    %dup/vec4;
    %pushi/vec4 0, 0, 2;
    %cmp/u;
    %jmp/1 T_2.107, 6;
    %dup/vec4;
    %pushi/vec4 1, 0, 2;
    %cmp/u;
    %jmp/1 T_2.108, 6;
    %dup/vec4;
    %pushi/vec4 2, 0, 2;
    %cmp/u;
    %jmp/1 T_2.109, 6;
    %dup/vec4;
    %pushi/vec4 3, 0, 2;
    %cmp/u;
    %jmp/1 T_2.110, 6;
    %jmp T_2.111;
T_2.107 ;
    %pushi/vec4 1, 0, 2;
    %store/vec4 v000002c387782d30_0, 0, 2;
    %jmp T_2.111;
T_2.108 ;
    %pushi/vec4 3, 0, 2;
    %store/vec4 v000002c387782d30_0, 0, 2;
    %jmp T_2.111;
T_2.109 ;
    %pushi/vec4 1, 0, 2;
    %store/vec4 v000002c387782d30_0, 0, 2;
    %jmp T_2.111;
T_2.110 ;
    %pushi/vec4 3, 0, 2;
    %store/vec4 v000002c387782d30_0, 0, 2;
    %jmp T_2.111;
T_2.111 ;
    %pop/vec4 1;
T_2.99 ;
T_2.90 ;
T_2.62 ;
T_2.35 ;
    %jmp T_2;
    .thread T_2;
# The file index is used to find the file name in the following table.
:file_names 3;
    "N/A";
    "<interactive>";
    "globalbranchpredictor.v";
