#! /c/Source/iverilog-install/bin/vvp
:ivl_version "12.0 (devel)" "(s20150603-1539-g2693dd32b)";
:ivl_delay_selection "TYPICAL";
:vpi_time_precision + 0;
:vpi_module "C:\iverilog\lib\ivl\system.vpi";
:vpi_module "C:\iverilog\lib\ivl\vhdl_sys.vpi";
:vpi_module "C:\iverilog\lib\ivl\vhdl_textio.vpi";
:vpi_module "C:\iverilog\lib\ivl\v2005_math.vpi";
:vpi_module "C:\iverilog\lib\ivl\va_math.vpi";
S_00000263bf8029c0 .scope module, "hazardcontroller" "hazardcontroller" 2 1;
 .timescale 0 0;
    .port_info 0 /INPUT 1 "clk";
    .port_info 1 /INPUT 5 "rsd";
    .port_info 2 /INPUT 5 "rsd2";
    .port_info 3 /INPUT 5 "rtd";
    .port_info 4 /INPUT 5 "rtd2";
    .port_info 5 /INPUT 5 "rse";
    .port_info 6 /INPUT 5 "rse2";
    .port_info 7 /INPUT 5 "rte";
    .port_info 8 /INPUT 5 "rte2";
    .port_info 9 /INPUT 1 "branchd";
    .port_info 10 /INPUT 1 "branchd2";
    .port_info 11 /INPUT 1 "regwritee";
    .port_info 12 /INPUT 1 "regwritee2";
    .port_info 13 /INPUT 1 "memtorege";
    .port_info 14 /INPUT 1 "memtorege2";
    .port_info 15 /INPUT 1 "regwritem";
    .port_info 16 /INPUT 1 "regwritem2";
    .port_info 17 /INPUT 1 "memtoregm";
    .port_info 18 /INPUT 1 "memtoregm2";
    .port_info 19 /INPUT 1 "regwritew";
    .port_info 20 /INPUT 1 "regwritew2";
    .port_info 21 /INPUT 5 "writerege";
    .port_info 22 /INPUT 5 "writerege2";
    .port_info 23 /INPUT 5 "writeregm";
    .port_info 24 /INPUT 5 "writeregm2";
    .port_info 25 /INPUT 5 "writeregw";
    .port_info 26 /INPUT 5 "writeregw2";
    .port_info 27 /OUTPUT 1 "stalld";
    .port_info 28 /OUTPUT 1 "stalld2";
    .port_info 29 /OUTPUT 1 "stallf";
    .port_info 30 /OUTPUT 1 "stallf2";
    .port_info 31 /OUTPUT 1 "stalle";
    .port_info 32 /OUTPUT 1 "stalle2";
    .port_info 33 /OUTPUT 1 "stallm";
    .port_info 34 /OUTPUT 1 "stallm2";
    .port_info 35 /OUTPUT 1 "stallw";
    .port_info 36 /OUTPUT 1 "stallw2";
    .port_info 37 /OUTPUT 1 "flushe";
    .port_info 38 /OUTPUT 1 "flushe2";
    .port_info 39 /OUTPUT 2 "forwardad";
    .port_info 40 /OUTPUT 2 "forwardad2";
    .port_info 41 /OUTPUT 2 "forwardbd";
    .port_info 42 /OUTPUT 2 "forwardbd2";
    .port_info 43 /OUTPUT 3 "forwardae";
    .port_info 44 /OUTPUT 3 "forwardae2";
    .port_info 45 /OUTPUT 3 "forwardbe";
    .port_info 46 /OUTPUT 3 "forwardbe2";
    .port_info 47 /INPUT 1 "memwritem";
    .port_info 48 /INPUT 1 "memwritem2";
    .port_info 49 /INPUT 1 "memwritee";
    .port_info 50 /INPUT 1 "memwritee2";
    .port_info 51 /INPUT 1 "hit";
    .port_info 52 /INPUT 1 "hit2";
    .port_info 53 /INPUT 1 "miss";
    .port_info 54 /INPUT 1 "miss2";
    .port_info 55 /INPUT 1 "dirty";
    .port_info 56 /INPUT 1 "dirty2";
    .port_info 57 /OUTPUT 1 "we2";
    .port_info 58 /OUTPUT 1 "we2_2";
    .port_info 59 /OUTPUT 1 "we3";
    .port_info 60 /OUTPUT 1 "we3_2";
    .port_info 61 /INPUT 1 "multen";
    .port_info 62 /INPUT 1 "multen2";
    .port_info 63 /INPUT 1 "multready";
    .port_info 64 /INPUT 1 "multready2";
    .port_info 65 /OUTPUT 1 "swstalle";
    .port_info 66 /OUTPUT 1 "lwstalle";
    .port_info 67 /OUTPUT 1 "branchstalld";
o00000263bf866fc8 .functor BUFZ 1, C4<z>; HiZ drive
v00000263bf8658c0_0 .net "branchd", 0 0, o00000263bf866fc8;  0 drivers
o00000263bf866ff8 .functor BUFZ 1, C4<z>; HiZ drive
v00000263bf865500_0 .net "branchd2", 0 0, o00000263bf866ff8;  0 drivers
v00000263bf865c80_0 .var "branchstalld", 0 0;
o00000263bf867058 .functor BUFZ 1, C4<z>; HiZ drive
v00000263bf865be0_0 .net "clk", 0 0, o00000263bf867058;  0 drivers
v00000263bf865640_0 .var "count", 5 0;
o00000263bf8670b8 .functor BUFZ 1, C4<z>; HiZ drive
v00000263bf865e60_0 .net "dirty", 0 0, o00000263bf8670b8;  0 drivers
o00000263bf8670e8 .functor BUFZ 1, C4<z>; HiZ drive
v00000263bf866b80_0 .net "dirty2", 0 0, o00000263bf8670e8;  0 drivers
v00000263bf865960_0 .var "flushe", 0 0;
v00000263bf865b40_0 .var "flushe2", 0 0;
v00000263bf8650a0_0 .var "forwardad", 1 0;
v00000263bf865f00_0 .var "forwardad2", 1 0;
v00000263bf8655a0_0 .var "forwardae", 2 0;
v00000263bf8656e0_0 .var "forwardae2", 2 0;
v00000263bf8653c0_0 .var "forwardbd", 1 0;
v00000263bf865d20_0 .var "forwardbd2", 1 0;
v00000263bf865fa0_0 .var "forwardbe", 2 0;
v00000263bf866a40_0 .var "forwardbe2", 2 0;
o00000263bf8672f8 .functor BUFZ 1, C4<z>; HiZ drive
v00000263bf865780_0 .net "hit", 0 0, o00000263bf8672f8;  0 drivers
o00000263bf867328 .functor BUFZ 1, C4<z>; HiZ drive
v00000263bf8662c0_0 .net "hit2", 0 0, o00000263bf867328;  0 drivers
v00000263bf866400_0 .var "lwstalld", 0 0;
v00000263bf866cc0_0 .var "lwstalle", 0 0;
o00000263bf8673b8 .functor BUFZ 1, C4<z>; HiZ drive
v00000263bf865820_0 .net "memtorege", 0 0, o00000263bf8673b8;  0 drivers
o00000263bf8673e8 .functor BUFZ 1, C4<z>; HiZ drive
v00000263bf8669a0_0 .net "memtorege2", 0 0, o00000263bf8673e8;  0 drivers
o00000263bf867418 .functor BUFZ 1, C4<z>; HiZ drive
v00000263bf8664a0_0 .net "memtoregm", 0 0, o00000263bf867418;  0 drivers
o00000263bf867448 .functor BUFZ 1, C4<z>; HiZ drive
v00000263bf865140_0 .net "memtoregm2", 0 0, o00000263bf867448;  0 drivers
o00000263bf867478 .functor BUFZ 1, C4<z>; HiZ drive
v00000263bf866540_0 .net "memwritee", 0 0, o00000263bf867478;  0 drivers
o00000263bf8674a8 .functor BUFZ 1, C4<z>; HiZ drive
v00000263bf866040_0 .net "memwritee2", 0 0, o00000263bf8674a8;  0 drivers
o00000263bf8674d8 .functor BUFZ 1, C4<z>; HiZ drive
v00000263bf865dc0_0 .net "memwritem", 0 0, o00000263bf8674d8;  0 drivers
o00000263bf867508 .functor BUFZ 1, C4<z>; HiZ drive
v00000263bf866c20_0 .net "memwritem2", 0 0, o00000263bf867508;  0 drivers
o00000263bf867538 .functor BUFZ 1, C4<z>; HiZ drive
v00000263bf865460_0 .net "miss", 0 0, o00000263bf867538;  0 drivers
o00000263bf867568 .functor BUFZ 1, C4<z>; HiZ drive
v00000263bf8665e0_0 .net "miss2", 0 0, o00000263bf867568;  0 drivers
o00000263bf867598 .functor BUFZ 1, C4<z>; HiZ drive
v00000263bf865280_0 .net "multen", 0 0, o00000263bf867598;  0 drivers
o00000263bf8675c8 .functor BUFZ 1, C4<z>; HiZ drive
v00000263bf866680_0 .net "multen2", 0 0, o00000263bf8675c8;  0 drivers
o00000263bf8675f8 .functor BUFZ 1, C4<z>; HiZ drive
v00000263bf8660e0_0 .net "multready", 0 0, o00000263bf8675f8;  0 drivers
o00000263bf867628 .functor BUFZ 1, C4<z>; HiZ drive
v00000263bf865a00_0 .net "multready2", 0 0, o00000263bf867628;  0 drivers
o00000263bf867658 .functor BUFZ 1, C4<z>; HiZ drive
v00000263bf866e00_0 .net "regwritee", 0 0, o00000263bf867658;  0 drivers
o00000263bf867688 .functor BUFZ 1, C4<z>; HiZ drive
v00000263bf866900_0 .net "regwritee2", 0 0, o00000263bf867688;  0 drivers
o00000263bf8676b8 .functor BUFZ 1, C4<z>; HiZ drive
v00000263bf866180_0 .net "regwritem", 0 0, o00000263bf8676b8;  0 drivers
o00000263bf8676e8 .functor BUFZ 1, C4<z>; HiZ drive
v00000263bf866ae0_0 .net "regwritem2", 0 0, o00000263bf8676e8;  0 drivers
o00000263bf867718 .functor BUFZ 1, C4<z>; HiZ drive
v00000263bf866220_0 .net "regwritew", 0 0, o00000263bf867718;  0 drivers
o00000263bf867748 .functor BUFZ 1, C4<z>; HiZ drive
v00000263bf866720_0 .net "regwritew2", 0 0, o00000263bf867748;  0 drivers
o00000263bf867778 .functor BUFZ 5, C4<zzzzz>; HiZ drive
v00000263bf8667c0_0 .net "rsd", 4 0, o00000263bf867778;  0 drivers
o00000263bf8677a8 .functor BUFZ 5, C4<zzzzz>; HiZ drive
v00000263bf865000_0 .net "rsd2", 4 0, o00000263bf8677a8;  0 drivers
o00000263bf8677d8 .functor BUFZ 5, C4<zzzzz>; HiZ drive
v00000263bf865aa0_0 .net "rse", 4 0, o00000263bf8677d8;  0 drivers
o00000263bf867808 .functor BUFZ 5, C4<zzzzz>; HiZ drive
v00000263bf8651e0_0 .net "rse2", 4 0, o00000263bf867808;  0 drivers
o00000263bf867838 .functor BUFZ 5, C4<zzzzz>; HiZ drive
v00000263bf866860_0 .net "rtd", 4 0, o00000263bf867838;  0 drivers
o00000263bf867868 .functor BUFZ 5, C4<zzzzz>; HiZ drive
v00000263bf832fb0_0 .net "rtd2", 4 0, o00000263bf867868;  0 drivers
o00000263bf867898 .functor BUFZ 5, C4<zzzzz>; HiZ drive
v00000263bf832bf0_0 .net "rte", 4 0, o00000263bf867898;  0 drivers
o00000263bf8678c8 .functor BUFZ 5, C4<zzzzz>; HiZ drive
v00000263bf8bf840_0 .net "rte2", 4 0, o00000263bf8678c8;  0 drivers
v00000263bf8bf520_0 .var "stalld", 0 0;
v00000263bf8bfe80_0 .var "stalld2", 0 0;
v00000263bf8bebc0_0 .var "stalle", 0 0;
v00000263bf8bfca0_0 .var "stalle2", 0 0;
v00000263bf8bf980_0 .var "stallf", 0 0;
v00000263bf8c0920_0 .var "stallf2", 0 0;
v00000263bf8c0060_0 .var "stallm", 0 0;
v00000263bf8bf660_0 .var "stallm2", 0 0;
v00000263bf8bfb60_0 .var "stallw", 0 0;
v00000263bf8bf700_0 .var "stallw2", 0 0;
v00000263bf8c0240_0 .var "swstalle", 0 0;
v00000263bf8c06a0_0 .var "we2", 0 0;
v00000263bf8bfde0_0 .var "we2_2", 0 0;
v00000263bf8bf7a0_0 .var "we3", 0 0;
v00000263bf8bfc00_0 .var "we3_2", 0 0;
o00000263bf867bc8 .functor BUFZ 5, C4<zzzzz>; HiZ drive
v00000263bf8bf8e0_0 .net "writerege", 4 0, o00000263bf867bc8;  0 drivers
o00000263bf867bf8 .functor BUFZ 5, C4<zzzzz>; HiZ drive
v00000263bf8bfa20_0 .net "writerege2", 4 0, o00000263bf867bf8;  0 drivers
o00000263bf867c28 .functor BUFZ 5, C4<zzzzz>; HiZ drive
v00000263bf8c0740_0 .net "writeregm", 4 0, o00000263bf867c28;  0 drivers
o00000263bf867c58 .functor BUFZ 5, C4<zzzzz>; HiZ drive
v00000263bf8bfac0_0 .net "writeregm2", 4 0, o00000263bf867c58;  0 drivers
o00000263bf867c88 .functor BUFZ 5, C4<zzzzz>; HiZ drive
v00000263bf8beda0_0 .net "writeregw", 4 0, o00000263bf867c88;  0 drivers
o00000263bf867cb8 .functor BUFZ 5, C4<zzzzz>; HiZ drive
v00000263bf8bfd40_0 .net "writeregw2", 4 0, o00000263bf867cb8;  0 drivers
E_00000263bf8609f0/0 .event anyedge, v00000263bf8bf660_0, v00000263bf8bfac0_0, v00000263bf865140_0, v00000263bf865000_0;
E_00000263bf8609f0/1 .event anyedge, v00000263bf8bfa20_0, v00000263bf866900_0, v00000263bf865500_0, v00000263bf832fb0_0;
E_00000263bf8609f0/2 .event anyedge, v00000263bf8bf840_0, v00000263bf8651e0_0, v00000263bf866040_0, v00000263bf8669a0_0;
E_00000263bf8609f0/3 .event anyedge, v00000263bf8c0060_0, v00000263bf8c0740_0, v00000263bf8664a0_0, v00000263bf8667c0_0;
E_00000263bf8609f0/4 .event anyedge, v00000263bf8bf8e0_0, v00000263bf866e00_0, v00000263bf8658c0_0, v00000263bf866860_0;
E_00000263bf8609f0/5 .event anyedge, v00000263bf832bf0_0, v00000263bf865aa0_0, v00000263bf866540_0, v00000263bf865820_0;
E_00000263bf8609f0 .event/or E_00000263bf8609f0/0, E_00000263bf8609f0/1, E_00000263bf8609f0/2, E_00000263bf8609f0/3, E_00000263bf8609f0/4, E_00000263bf8609f0/5;
E_00000263bf8605f0/0 .event anyedge, v00000263bf865dc0_0, v00000263bf8664a0_0;
E_00000263bf8605f0/1 .event posedge, v00000263bf865be0_0;
E_00000263bf8605f0 .event/or E_00000263bf8605f0/0, E_00000263bf8605f0/1;
E_00000263bf860270/0 .event anyedge, v00000263bf866e00_0, v00000263bf866220_0, v00000263bf8beda0_0, v00000263bf866180_0;
E_00000263bf860270/1 .event anyedge, v00000263bf8c0740_0, v00000263bf8bf840_0, v00000263bf832bf0_0, v00000263bf8651e0_0;
E_00000263bf860270/2 .event anyedge, v00000263bf865aa0_0;
E_00000263bf860270 .event/or E_00000263bf860270/0, E_00000263bf860270/1, E_00000263bf860270/2;
E_00000263bf860cf0/0 .event anyedge, v00000263bf866ae0_0, v00000263bf8bfac0_0, v00000263bf866180_0, v00000263bf8c0740_0;
E_00000263bf860cf0/1 .event anyedge, v00000263bf832fb0_0, v00000263bf866860_0, v00000263bf865000_0, v00000263bf8667c0_0;
E_00000263bf860cf0 .event/or E_00000263bf860cf0/0, E_00000263bf860cf0/1;
    .scope S_00000263bf8029c0;
T_0 ;
    %pushi/vec4 20, 0, 6;
    %store/vec4 v00000263bf865640_0, 0, 6;
    %end;
    .thread T_0;
    .scope S_00000263bf8029c0;
T_1 ;
    %pushi/vec4 20, 0, 6;
    %assign/vec4 v00000263bf865640_0, 0;
    %pushi/vec4 0, 0, 1;
    %assign/vec4 v00000263bf866400_0, 0;
    %pushi/vec4 0, 0, 1;
    %assign/vec4 v00000263bf865c80_0, 0;
    %pushi/vec4 0, 0, 1;
    %assign/vec4 v00000263bf865960_0, 0;
    %pushi/vec4 0, 0, 1;
    %assign/vec4 v00000263bf8bf520_0, 0;
    %pushi/vec4 0, 0, 1;
    %assign/vec4 v00000263bf8bf980_0, 0;
    %pushi/vec4 0, 0, 1;
    %assign/vec4 v00000263bf8bebc0_0, 0;
    %pushi/vec4 0, 0, 1;
    %assign/vec4 v00000263bf8c0060_0, 0;
    %pushi/vec4 0, 0, 1;
    %assign/vec4 v00000263bf8bfb60_0, 0;
    %pushi/vec4 0, 0, 1;
    %assign/vec4 v00000263bf866cc0_0, 0;
    %pushi/vec4 0, 0, 1;
    %assign/vec4 v00000263bf8c0240_0, 0;
    %pushi/vec4 0, 0, 1;
    %assign/vec4 v00000263bf8c06a0_0, 0;
    %pushi/vec4 0, 0, 1;
    %assign/vec4 v00000263bf8bf7a0_0, 0;
    %pushi/vec4 0, 0, 2;
    %assign/vec4 v00000263bf8650a0_0, 0;
    %pushi/vec4 0, 0, 2;
    %assign/vec4 v00000263bf8653c0_0, 0;
    %pushi/vec4 0, 0, 3;
    %assign/vec4 v00000263bf8655a0_0, 0;
    %pushi/vec4 0, 0, 3;
    %assign/vec4 v00000263bf865fa0_0, 0;
    %pushi/vec4 0, 0, 1;
    %assign/vec4 v00000263bf865b40_0, 0;
    %pushi/vec4 0, 0, 1;
    %assign/vec4 v00000263bf8bfe80_0, 0;
    %pushi/vec4 0, 0, 1;
    %assign/vec4 v00000263bf8c0920_0, 0;
    %pushi/vec4 0, 0, 1;
    %assign/vec4 v00000263bf8bfca0_0, 0;
    %pushi/vec4 0, 0, 1;
    %assign/vec4 v00000263bf8bf660_0, 0;
    %pushi/vec4 0, 0, 1;
    %assign/vec4 v00000263bf8bf700_0, 0;
    %pushi/vec4 0, 0, 1;
    %assign/vec4 v00000263bf8bfde0_0, 0;
    %pushi/vec4 0, 0, 1;
    %assign/vec4 v00000263bf8bfc00_0, 0;
    %pushi/vec4 0, 0, 2;
    %assign/vec4 v00000263bf865f00_0, 0;
    %pushi/vec4 0, 0, 2;
    %assign/vec4 v00000263bf865d20_0, 0;
    %pushi/vec4 0, 0, 3;
    %assign/vec4 v00000263bf8656e0_0, 0;
    %pushi/vec4 0, 0, 3;
    %assign/vec4 v00000263bf866a40_0, 0;
    %end;
    .thread T_1;
    .scope S_00000263bf8029c0;
T_2 ;
    %wait E_00000263bf860cf0;
    %pushi/vec4 0, 0, 2;
    %assign/vec4 v00000263bf8650a0_0, 0;
    %pushi/vec4 0, 0, 2;
    %assign/vec4 v00000263bf8653c0_0, 0;
    %pushi/vec4 0, 0, 2;
    %assign/vec4 v00000263bf865f00_0, 0;
    %pushi/vec4 0, 0, 2;
    %assign/vec4 v00000263bf865d20_0, 0;
    %load/vec4 v00000263bf8667c0_0;
    %pad/u 32;
    %pushi/vec4 0, 0, 32;
    %cmp/ne;
    %flag_get/vec4 4;
    %load/vec4 v00000263bf8667c0_0;
    %load/vec4 v00000263bf8c0740_0;
    %cmp/e;
    %flag_get/vec4 4;
    %and;
    %load/vec4 v00000263bf866180_0;
    %and;
    %flag_set/vec4 8;
    %jmp/0xz  T_2.0, 8;
    %pushi/vec4 1, 0, 2;
    %assign/vec4 v00000263bf8650a0_0, 0;
    %jmp T_2.1;
T_2.0 ;
    %load/vec4 v00000263bf866860_0;
    %pad/u 32;
    %pushi/vec4 0, 0, 32;
    %cmp/ne;
    %flag_get/vec4 4;
    %load/vec4 v00000263bf866860_0;
    %load/vec4 v00000263bf8c0740_0;
    %cmp/e;
    %flag_get/vec4 4;
    %and;
    %load/vec4 v00000263bf866180_0;
    %and;
    %flag_set/vec4 8;
    %jmp/0xz  T_2.2, 8;
    %pushi/vec4 1, 0, 2;
    %assign/vec4 v00000263bf8653c0_0, 0;
T_2.2 ;
T_2.1 ;
    %load/vec4 v00000263bf8667c0_0;
    %pad/u 32;
    %pushi/vec4 0, 0, 32;
    %cmp/ne;
    %flag_get/vec4 4;
    %load/vec4 v00000263bf8667c0_0;
    %load/vec4 v00000263bf8bfac0_0;
    %cmp/e;
    %flag_get/vec4 4;
    %and;
    %load/vec4 v00000263bf866ae0_0;
    %and;
    %flag_set/vec4 8;
    %jmp/0xz  T_2.4, 8;
    %pushi/vec4 2, 0, 2;
    %assign/vec4 v00000263bf8650a0_0, 0;
    %jmp T_2.5;
T_2.4 ;
    %load/vec4 v00000263bf866860_0;
    %pad/u 32;
    %pushi/vec4 0, 0, 32;
    %cmp/ne;
    %flag_get/vec4 4;
    %load/vec4 v00000263bf866860_0;
    %load/vec4 v00000263bf8bfac0_0;
    %cmp/e;
    %flag_get/vec4 4;
    %and;
    %load/vec4 v00000263bf866ae0_0;
    %and;
    %flag_set/vec4 8;
    %jmp/0xz  T_2.6, 8;
    %pushi/vec4 2, 0, 2;
    %assign/vec4 v00000263bf8653c0_0, 0;
T_2.6 ;
T_2.5 ;
    %load/vec4 v00000263bf865000_0;
    %pad/u 32;
    %pushi/vec4 0, 0, 32;
    %cmp/ne;
    %flag_get/vec4 4;
    %load/vec4 v00000263bf865000_0;
    %load/vec4 v00000263bf8c0740_0;
    %cmp/e;
    %flag_get/vec4 4;
    %and;
    %load/vec4 v00000263bf866180_0;
    %and;
    %flag_set/vec4 8;
    %jmp/0xz  T_2.8, 8;
    %pushi/vec4 2, 0, 2;
    %assign/vec4 v00000263bf865f00_0, 0;
    %jmp T_2.9;
T_2.8 ;
    %load/vec4 v00000263bf832fb0_0;
    %pad/u 32;
    %pushi/vec4 0, 0, 32;
    %cmp/ne;
    %flag_get/vec4 4;
    %load/vec4 v00000263bf832fb0_0;
    %load/vec4 v00000263bf8c0740_0;
    %cmp/e;
    %flag_get/vec4 4;
    %and;
    %load/vec4 v00000263bf866180_0;
    %and;
    %flag_set/vec4 8;
    %jmp/0xz  T_2.10, 8;
    %pushi/vec4 2, 0, 2;
    %assign/vec4 v00000263bf865d20_0, 0;
T_2.10 ;
T_2.9 ;
    %load/vec4 v00000263bf865000_0;
    %pad/u 32;
    %pushi/vec4 0, 0, 32;
    %cmp/ne;
    %flag_get/vec4 4;
    %load/vec4 v00000263bf865000_0;
    %load/vec4 v00000263bf8bfac0_0;
    %cmp/e;
    %flag_get/vec4 4;
    %and;
    %load/vec4 v00000263bf866ae0_0;
    %and;
    %flag_set/vec4 8;
    %jmp/0xz  T_2.12, 8;
    %pushi/vec4 1, 0, 2;
    %assign/vec4 v00000263bf865f00_0, 0;
    %jmp T_2.13;
T_2.12 ;
    %load/vec4 v00000263bf832fb0_0;
    %pad/u 32;
    %pushi/vec4 0, 0, 32;
    %cmp/ne;
    %flag_get/vec4 4;
    %load/vec4 v00000263bf832fb0_0;
    %load/vec4 v00000263bf8bfac0_0;
    %cmp/e;
    %flag_get/vec4 4;
    %and;
    %load/vec4 v00000263bf866ae0_0;
    %and;
    %flag_set/vec4 8;
    %jmp/0xz  T_2.14, 8;
    %pushi/vec4 1, 0, 2;
    %assign/vec4 v00000263bf865d20_0, 0;
T_2.14 ;
T_2.13 ;
    %jmp T_2;
    .thread T_2, $push;
    .scope S_00000263bf8029c0;
T_3 ;
    %wait E_00000263bf860270;
    %pushi/vec4 0, 0, 3;
    %assign/vec4 v00000263bf8655a0_0, 0;
    %pushi/vec4 0, 0, 3;
    %assign/vec4 v00000263bf865fa0_0, 0;
    %pushi/vec4 0, 0, 3;
    %assign/vec4 v00000263bf8656e0_0, 0;
    %pushi/vec4 0, 0, 3;
    %assign/vec4 v00000263bf866a40_0, 0;
    %load/vec4 v00000263bf865aa0_0;
    %load/vec4 v00000263bf8bfac0_0;
    %cmp/e;
    %flag_get/vec4 4;
    %load/vec4 v00000263bf866ae0_0;
    %and;
    %flag_set/vec4 8;
    %jmp/0xz  T_3.0, 8;
    %pushi/vec4 3, 0, 3;
    %assign/vec4 v00000263bf8655a0_0, 0;
    %jmp T_3.1;
T_3.0 ;
    %load/vec4 v00000263bf865aa0_0;
    %load/vec4 v00000263bf8c0740_0;
    %cmp/e;
    %flag_get/vec4 4;
    %load/vec4 v00000263bf866180_0;
    %and;
    %flag_set/vec4 8;
    %jmp/0xz  T_3.2, 8;
    %pushi/vec4 2, 0, 3;
    %assign/vec4 v00000263bf8655a0_0, 0;
    %jmp T_3.3;
T_3.2 ;
    %load/vec4 v00000263bf865aa0_0;
    %load/vec4 v00000263bf8bfd40_0;
    %cmp/e;
    %flag_get/vec4 4;
    %load/vec4 v00000263bf866720_0;
    %and;
    %flag_set/vec4 8;
    %jmp/0xz  T_3.4, 8;
    %pushi/vec4 4, 0, 3;
    %assign/vec4 v00000263bf8655a0_0, 0;
    %jmp T_3.5;
T_3.4 ;
    %load/vec4 v00000263bf865aa0_0;
    %load/vec4 v00000263bf8beda0_0;
    %cmp/e;
    %flag_get/vec4 4;
    %load/vec4 v00000263bf866220_0;
    %and;
    %flag_set/vec4 8;
    %jmp/0xz  T_3.6, 8;
    %pushi/vec4 1, 0, 3;
    %assign/vec4 v00000263bf8655a0_0, 0;
T_3.6 ;
T_3.5 ;
T_3.3 ;
T_3.1 ;
    %load/vec4 v00000263bf8651e0_0;
    %load/vec4 v00000263bf8bf8e0_0;
    %cmp/e;
    %flag_get/vec4 4;
    %load/vec4 v00000263bf866e00_0;
    %and;
    %flag_set/vec4 8;
    %jmp/0xz  T_3.8, 8;
    %pushi/vec4 3, 0, 3;
    %assign/vec4 v00000263bf8656e0_0, 0;
    %jmp T_3.9;
T_3.8 ;
    %load/vec4 v00000263bf8651e0_0;
    %load/vec4 v00000263bf8bfac0_0;
    %cmp/e;
    %flag_get/vec4 4;
    %load/vec4 v00000263bf866ae0_0;
    %and;
    %flag_set/vec4 8;
    %jmp/0xz  T_3.10, 8;
    %pushi/vec4 2, 0, 3;
    %assign/vec4 v00000263bf8656e0_0, 0;
    %jmp T_3.11;
T_3.10 ;
    %load/vec4 v00000263bf8651e0_0;
    %load/vec4 v00000263bf8c0740_0;
    %cmp/e;
    %flag_get/vec4 4;
    %load/vec4 v00000263bf866180_0;
    %and;
    %flag_set/vec4 8;
    %jmp/0xz  T_3.12, 8;
    %pushi/vec4 4, 0, 3;
    %assign/vec4 v00000263bf8656e0_0, 0;
    %jmp T_3.13;
T_3.12 ;
    %load/vec4 v00000263bf8651e0_0;
    %load/vec4 v00000263bf8bfd40_0;
    %cmp/e;
    %flag_get/vec4 4;
    %load/vec4 v00000263bf866720_0;
    %and;
    %flag_set/vec4 8;
    %jmp/0xz  T_3.14, 8;
    %pushi/vec4 1, 0, 3;
    %assign/vec4 v00000263bf8656e0_0, 0;
    %jmp T_3.15;
T_3.14 ;
    %load/vec4 v00000263bf8651e0_0;
    %load/vec4 v00000263bf8beda0_0;
    %cmp/e;
    %flag_get/vec4 4;
    %load/vec4 v00000263bf866220_0;
    %and;
    %flag_set/vec4 8;
    %jmp/0xz  T_3.16, 8;
    %pushi/vec4 5, 0, 3;
    %assign/vec4 v00000263bf8656e0_0, 0;
T_3.16 ;
T_3.15 ;
T_3.13 ;
T_3.11 ;
T_3.9 ;
    %load/vec4 v00000263bf832bf0_0;
    %load/vec4 v00000263bf8bfac0_0;
    %cmp/e;
    %flag_get/vec4 4;
    %load/vec4 v00000263bf866ae0_0;
    %and;
    %flag_set/vec4 8;
    %jmp/0xz  T_3.18, 8;
    %pushi/vec4 3, 0, 3;
    %assign/vec4 v00000263bf865fa0_0, 0;
    %jmp T_3.19;
T_3.18 ;
    %load/vec4 v00000263bf832bf0_0;
    %load/vec4 v00000263bf8c0740_0;
    %cmp/e;
    %flag_get/vec4 4;
    %load/vec4 v00000263bf866180_0;
    %and;
    %flag_set/vec4 8;
    %jmp/0xz  T_3.20, 8;
    %pushi/vec4 2, 0, 3;
    %assign/vec4 v00000263bf865fa0_0, 0;
    %jmp T_3.21;
T_3.20 ;
    %load/vec4 v00000263bf832bf0_0;
    %load/vec4 v00000263bf8bfd40_0;
    %cmp/e;
    %flag_get/vec4 4;
    %load/vec4 v00000263bf866720_0;
    %and;
    %flag_set/vec4 8;
    %jmp/0xz  T_3.22, 8;
    %pushi/vec4 4, 0, 3;
    %assign/vec4 v00000263bf865fa0_0, 0;
    %jmp T_3.23;
T_3.22 ;
    %load/vec4 v00000263bf832bf0_0;
    %load/vec4 v00000263bf8beda0_0;
    %cmp/e;
    %flag_get/vec4 4;
    %load/vec4 v00000263bf866220_0;
    %and;
    %flag_set/vec4 8;
    %jmp/0xz  T_3.24, 8;
    %pushi/vec4 1, 0, 3;
    %assign/vec4 v00000263bf865fa0_0, 0;
T_3.24 ;
T_3.23 ;
T_3.21 ;
T_3.19 ;
    %load/vec4 v00000263bf8bf840_0;
    %load/vec4 v00000263bf8bf8e0_0;
    %cmp/e;
    %flag_get/vec4 4;
    %load/vec4 v00000263bf866e00_0;
    %and;
    %flag_set/vec4 8;
    %jmp/0xz  T_3.26, 8;
    %pushi/vec4 3, 0, 3;
    %assign/vec4 v00000263bf866a40_0, 0;
    %jmp T_3.27;
T_3.26 ;
    %load/vec4 v00000263bf8bf840_0;
    %load/vec4 v00000263bf8bfac0_0;
    %cmp/e;
    %flag_get/vec4 4;
    %load/vec4 v00000263bf866ae0_0;
    %and;
    %flag_set/vec4 8;
    %jmp/0xz  T_3.28, 8;
    %pushi/vec4 2, 0, 3;
    %assign/vec4 v00000263bf866a40_0, 0;
    %jmp T_3.29;
T_3.28 ;
    %load/vec4 v00000263bf8bf840_0;
    %load/vec4 v00000263bf8c0740_0;
    %cmp/e;
    %flag_get/vec4 4;
    %load/vec4 v00000263bf866180_0;
    %and;
    %flag_set/vec4 8;
    %jmp/0xz  T_3.30, 8;
    %pushi/vec4 4, 0, 3;
    %assign/vec4 v00000263bf866a40_0, 0;
    %jmp T_3.31;
T_3.30 ;
    %load/vec4 v00000263bf8bf840_0;
    %load/vec4 v00000263bf8bfd40_0;
    %cmp/e;
    %flag_get/vec4 4;
    %load/vec4 v00000263bf866720_0;
    %and;
    %flag_set/vec4 8;
    %jmp/0xz  T_3.32, 8;
    %pushi/vec4 1, 0, 3;
    %assign/vec4 v00000263bf866a40_0, 0;
    %jmp T_3.33;
T_3.32 ;
    %load/vec4 v00000263bf8bf840_0;
    %load/vec4 v00000263bf8beda0_0;
    %cmp/e;
    %flag_get/vec4 4;
    %load/vec4 v00000263bf866220_0;
    %and;
    %flag_set/vec4 8;
    %jmp/0xz  T_3.34, 8;
    %pushi/vec4 5, 0, 3;
    %assign/vec4 v00000263bf866a40_0, 0;
T_3.34 ;
T_3.33 ;
T_3.31 ;
T_3.29 ;
T_3.27 ;
    %jmp T_3;
    .thread T_3, $push;
    .scope S_00000263bf8029c0;
T_4 ;
    %wait E_00000263bf8605f0;
    %load/vec4 v00000263bf8664a0_0;
    %flag_set/vec4 9;
    %jmp/1 T_4.3, 9;
    %load/vec4 v00000263bf865dc0_0;
    %flag_set/vec4 10;
    %flag_or 9, 10;
T_4.3;
    %flag_get/vec4 9;
    %jmp/0 T_4.2, 9;
    %pushi/vec4 19, 0, 6;
    %load/vec4 v00000263bf865640_0;
    %cmp/u;
    %flag_get/vec4 5;
    %and;
T_4.2;
    %flag_set/vec4 8;
    %jmp/0xz  T_4.0, 8;
    %pushi/vec4 1, 0, 1;
    %store/vec4 v00000263bf8c0060_0, 0, 1;
    %load/vec4 v00000263bf865640_0;
    %subi 1, 0, 6;
    %store/vec4 v00000263bf865640_0, 0, 6;
    %jmp T_4.1;
T_4.0 ;
    %load/vec4 v00000263bf8664a0_0;
    %flag_set/vec4 9;
    %jmp/1 T_4.7, 9;
    %load/vec4 v00000263bf865dc0_0;
    %flag_set/vec4 10;
    %flag_or 9, 10;
T_4.7;
    %flag_get/vec4 9;
    %jmp/0 T_4.6, 9;
    %pushi/vec4 0, 0, 6;
    %load/vec4 v00000263bf865640_0;
    %cmp/u;
    %flag_get/vec4 5;
    %and;
T_4.6;
    %flag_set/vec4 8;
    %jmp/0xz  T_4.4, 8;
    %load/vec4 v00000263bf865460_0;
    %flag_set/vec4 9;
    %jmp/1 T_4.13, 9;
    %load/vec4 v00000263bf8665e0_0;
    %flag_set/vec4 10;
    %flag_or 9, 10;
T_4.13;
    %flag_get/vec4 9;
    %jmp/0 T_4.12, 9;
    %load/vec4 v00000263bf865e60_0;
    %and;
T_4.12;
    %flag_set/vec4 8;
    %jmp/1 T_4.11, 8;
    %load/vec4 v00000263bf865640_0;
    %cmpi/u 18, 0, 6;
    %flag_or 5, 4; GT is !LE
    %flag_inv 5;
    %flag_or 8, 5;
T_4.11;
    %jmp/1 T_4.10, 8;
    %load/vec4 v00000263bf865780_0;
    %nor/r;
    %flag_set/vec4 11;
    %jmp/1 T_4.16, 11;
    %load/vec4 v00000263bf8662c0_0;
    %nor/r;
    %flag_set/vec4 12;
    %flag_or 11, 12;
T_4.16;
    %flag_get/vec4 11;
    %jmp/0 T_4.15, 11;
    %load/vec4 v00000263bf865e60_0;
    %and;
T_4.15;
    %flag_set/vec4 10;
    %flag_get/vec4 10;
    %jmp/0 T_4.14, 10;
    %load/vec4 v00000263bf8664a0_0;
    %and;
T_4.14;
    %flag_set/vec4 9;
    %flag_or 8, 9;
T_4.10;
    %jmp/0xz  T_4.8, 8;
    %pushi/vec4 1, 0, 1;
    %store/vec4 v00000263bf8c0060_0, 0, 1;
    %load/vec4 v00000263bf865640_0;
    %subi 1, 0, 6;
    %store/vec4 v00000263bf865640_0, 0, 6;
    %jmp T_4.9;
T_4.8 ;
    %load/vec4 v00000263bf865460_0;
    %flag_set/vec4 9;
    %jmp/1 T_4.20, 9;
    %load/vec4 v00000263bf8665e0_0;
    %flag_set/vec4 10;
    %flag_or 9, 10;
T_4.20;
    %flag_get/vec4 9;
    %jmp/0 T_4.19, 9;
    %load/vec4 v00000263bf865640_0;
    %pushi/vec4 1, 0, 6;
    %cmp/e;
    %flag_get/vec4 4;
    %and;
T_4.19;
    %flag_set/vec4 8;
    %jmp/0xz  T_4.17, 8;
    %pushi/vec4 1, 0, 1;
    %store/vec4 v00000263bf8c06a0_0, 0, 1;
    %load/vec4 v00000263bf865640_0;
    %subi 1, 0, 6;
    %store/vec4 v00000263bf865640_0, 0, 6;
    %jmp T_4.18;
T_4.17 ;
    %load/vec4 v00000263bf865780_0;
    %nor/r;
    %flag_set/vec4 9;
    %jmp/1 T_4.24, 9;
    %load/vec4 v00000263bf8662c0_0;
    %nor/r;
    %flag_set/vec4 10;
    %flag_or 9, 10;
T_4.24;
    %flag_get/vec4 9;
    %jmp/0 T_4.23, 9;
    %load/vec4 v00000263bf865640_0;
    %pushi/vec4 1, 0, 6;
    %cmp/e;
    %flag_get/vec4 4;
    %and;
T_4.23;
    %flag_set/vec4 8;
    %jmp/0xz  T_4.21, 8;
    %pushi/vec4 1, 0, 1;
    %store/vec4 v00000263bf8bf7a0_0, 0, 1;
    %load/vec4 v00000263bf865640_0;
    %subi 1, 0, 6;
    %store/vec4 v00000263bf865640_0, 0, 6;
    %jmp T_4.22;
T_4.21 ;
    %load/vec4 v00000263bf865460_0;
    %flag_set/vec4 8;
    %jmp/1 T_4.28, 8;
    %load/vec4 v00000263bf8665e0_0;
    %flag_set/vec4 9;
    %flag_or 8, 9;
T_4.28;
    %jmp/1 T_4.27, 8;
    %load/vec4 v00000263bf865780_0;
    %nor/r;
    %flag_set/vec4 9;
    %jmp/1 T_4.29, 9;
    %load/vec4 v00000263bf8662c0_0;
    %nor/r;
    %flag_set/vec4 10;
    %flag_or 9, 10;
T_4.29;
    %flag_or 8, 9;
T_4.27;
    %jmp/0xz  T_4.25, 8;
    %pushi/vec4 0, 0, 6;
    %store/vec4 v00000263bf865640_0, 0, 6;
T_4.25 ;
T_4.22 ;
T_4.18 ;
T_4.9 ;
    %jmp T_4.5;
T_4.4 ;
    %pushi/vec4 0, 0, 1;
    %store/vec4 v00000263bf8c06a0_0, 0, 1;
    %pushi/vec4 0, 0, 1;
    %store/vec4 v00000263bf8bf7a0_0, 0, 1;
    %pushi/vec4 0, 0, 1;
    %store/vec4 v00000263bf8c0060_0, 0, 1;
    %pushi/vec4 20, 0, 6;
    %store/vec4 v00000263bf865640_0, 0, 6;
T_4.5 ;
T_4.1 ;
    %jmp T_4;
    .thread T_4;
    .scope S_00000263bf8029c0;
T_5 ;
    %wait E_00000263bf8609f0;
    %load/vec4 v00000263bf865820_0;
    %flag_set/vec4 9;
    %flag_get/vec4 9;
    %jmp/0 T_5.1, 9;
    %load/vec4 v00000263bf832bf0_0;
    %load/vec4 v00000263bf8667c0_0;
    %cmp/e;
    %flag_get/vec4 4;
    %jmp/1 T_5.2, 4;
    %load/vec4 v00000263bf832bf0_0;
    %load/vec4 v00000263bf866860_0;
    %cmp/e;
    %flag_get/vec4 4;
    %or;
T_5.2;
    %and;
T_5.1;
    %flag_set/vec4 8;
    %flag_get/vec4 8;
    %jmp/1 T_5.0, 8;
    %load/vec4 v00000263bf8669a0_0;
    %flag_set/vec4 8;
    %flag_get/vec4 8;
    %jmp/0 T_5.3, 8;
    %load/vec4 v00000263bf8bf840_0;
    %load/vec4 v00000263bf865000_0;
    %cmp/e;
    %flag_get/vec4 4;
    %jmp/1 T_5.4, 4;
    %load/vec4 v00000263bf8bf840_0;
    %load/vec4 v00000263bf832fb0_0;
    %cmp/e;
    %flag_get/vec4 4;
    %or;
T_5.4;
    %and;
T_5.3;
    %or;
T_5.0;
    %store/vec4 v00000263bf866400_0, 0, 1;
    %load/vec4 v00000263bf865820_0;
    %flag_set/vec4 9;
    %flag_get/vec4 9;
    %jmp/0 T_5.6, 9;
    %load/vec4 v00000263bf8669a0_0;
    %and;
T_5.6;
    %flag_set/vec4 8;
    %flag_get/vec4 8;
    %jmp/0 T_5.5, 8;
    %load/vec4 v00000263bf8664a0_0;
    %nor/r;
    %and;
T_5.5;
    %store/vec4 v00000263bf866cc0_0, 0, 1;
    %load/vec4 v00000263bf866540_0;
    %flag_set/vec4 9;
    %flag_get/vec4 9;
    %jmp/0 T_5.8, 9;
    %load/vec4 v00000263bf866040_0;
    %and;
T_5.8;
    %flag_set/vec4 8;
    %flag_get/vec4 8;
    %jmp/0 T_5.7, 8;
    %load/vec4 v00000263bf865dc0_0;
    %nor/r;
    %and;
T_5.7;
    %store/vec4 v00000263bf8c0240_0, 0, 1;
    %load/vec4 v00000263bf8658c0_0;
    %flag_set/vec4 9;
    %flag_get/vec4 9;
    %jmp/0 T_5.12, 9;
    %load/vec4 v00000263bf866e00_0;
    %flag_set/vec4 9;
    %flag_get/vec4 9;
    %jmp/0 T_5.13, 9;
    %load/vec4 v00000263bf8bf8e0_0;
    %load/vec4 v00000263bf8667c0_0;
    %cmp/e;
    %flag_get/vec4 4;
    %jmp/1 T_5.14, 4;
    %load/vec4 v00000263bf8bf8e0_0;
    %load/vec4 v00000263bf866860_0;
    %cmp/e;
    %flag_get/vec4 4;
    %or;
T_5.14;
    %and;
T_5.13;
    %and;
T_5.12;
    %flag_set/vec4 8;
    %jmp/1 T_5.11, 8;
    %load/vec4 v00000263bf8658c0_0;
    %flag_set/vec4 10;
    %flag_get/vec4 10;
    %jmp/0 T_5.15, 10;
    %load/vec4 v00000263bf866900_0;
    %flag_set/vec4 10;
    %flag_get/vec4 10;
    %jmp/0 T_5.16, 10;
    %load/vec4 v00000263bf8bfa20_0;
    %load/vec4 v00000263bf8667c0_0;
    %cmp/e;
    %flag_get/vec4 4;
    %jmp/1 T_5.17, 4;
    %load/vec4 v00000263bf8bfa20_0;
    %load/vec4 v00000263bf866860_0;
    %cmp/e;
    %flag_get/vec4 4;
    %or;
T_5.17;
    %and;
T_5.16;
    %and;
T_5.15;
    %flag_set/vec4 9;
    %flag_or 8, 9;
T_5.11;
    %jmp/1 T_5.10, 8;
    %load/vec4 v00000263bf865500_0;
    %flag_set/vec4 10;
    %flag_get/vec4 10;
    %jmp/0 T_5.18, 10;
    %load/vec4 v00000263bf866e00_0;
    %flag_set/vec4 10;
    %flag_get/vec4 10;
    %jmp/0 T_5.19, 10;
    %load/vec4 v00000263bf8bf8e0_0;
    %load/vec4 v00000263bf865000_0;
    %cmp/e;
    %flag_get/vec4 4;
    %jmp/1 T_5.20, 4;
    %load/vec4 v00000263bf8bf8e0_0;
    %load/vec4 v00000263bf832fb0_0;
    %cmp/e;
    %flag_get/vec4 4;
    %or;
T_5.20;
    %and;
T_5.19;
    %and;
T_5.18;
    %flag_set/vec4 9;
    %flag_or 8, 9;
T_5.10;
    %flag_get/vec4 8;
    %jmp/1 T_5.9, 8;
    %load/vec4 v00000263bf865500_0;
    %flag_set/vec4 8;
    %flag_get/vec4 8;
    %jmp/0 T_5.21, 8;
    %load/vec4 v00000263bf866900_0;
    %flag_set/vec4 8;
    %flag_get/vec4 8;
    %jmp/0 T_5.22, 8;
    %load/vec4 v00000263bf8bfa20_0;
    %load/vec4 v00000263bf865000_0;
    %cmp/e;
    %flag_get/vec4 4;
    %jmp/1 T_5.23, 4;
    %load/vec4 v00000263bf8bfa20_0;
    %load/vec4 v00000263bf832fb0_0;
    %cmp/e;
    %flag_get/vec4 4;
    %or;
T_5.23;
    %and;
T_5.22;
    %and;
T_5.21;
    %or;
T_5.9;
    %store/vec4 v00000263bf865c80_0, 0, 1;
    %load/vec4 v00000263bf866cc0_0;
    %flag_set/vec4 8;
    %jmp/1 T_5.26, 8;
    %load/vec4 v00000263bf8c0240_0;
    %flag_set/vec4 9;
    %flag_or 8, 9;
T_5.26;
    %jmp/1 T_5.25, 8;
    %load/vec4 v00000263bf8c0060_0;
    %flag_set/vec4 9;
    %flag_or 8, 9;
T_5.25;
    %flag_get/vec4 8;
    %jmp/1 T_5.24, 8;
    %load/vec4 v00000263bf865280_0;
    %flag_set/vec4 8;
    %flag_get/vec4 8;
    %jmp/0 T_5.27, 8;
    %load/vec4 v00000263bf8660e0_0;
    %nor/r;
    %and;
T_5.27;
    %or;
T_5.24;
    %store/vec4 v00000263bf8bebc0_0, 0, 1;
    %load/vec4 v00000263bf8c0060_0;
    %store/vec4 v00000263bf8bfb60_0, 0, 1;
    %load/vec4 v00000263bf866400_0;
    %flag_set/vec4 8;
    %jmp/1 T_5.29, 8;
    %load/vec4 v00000263bf865c80_0;
    %flag_set/vec4 9;
    %flag_or 8, 9;
T_5.29;
    %flag_get/vec4 8;
    %jmp/1 T_5.28, 8;
    %load/vec4 v00000263bf8bebc0_0;
    %or;
T_5.28;
    %store/vec4 v00000263bf8bf520_0, 0, 1;
    %load/vec4 v00000263bf8bf520_0;
    %store/vec4 v00000263bf8bf980_0, 0, 1;
    %load/vec4 v00000263bf865c80_0;
    %store/vec4 v00000263bf865960_0, 0, 1;
    %jmp T_5;
    .thread T_5, $push;
# The file index is used to find the file name in the following table.
:file_names 3;
    "N/A";
    "<interactive>";
    "hazardcontroller.v";
