#! /c/Source/iverilog-install/bin/vvp
:ivl_version "12.0 (devel)" "(s20150603-1539-g2693dd32b)";
:ivl_delay_selection "TYPICAL";
:vpi_time_precision + 0;
:vpi_module "C:\iverilog\lib\ivl\system.vpi";
:vpi_module "C:\iverilog\lib\ivl\vhdl_sys.vpi";
:vpi_module "C:\iverilog\lib\ivl\vhdl_textio.vpi";
:vpi_module "C:\iverilog\lib\ivl\v2005_math.vpi";
:vpi_module "C:\iverilog\lib\ivl\va_math.vpi";
S_0000022af05e29c0 .scope module, "instrmem" "instrmem" 2 19;
 .timescale 0 0;
    .port_info 0 /INPUT 32 "addr";
    .port_info 1 /OUTPUT 32 "instr";
o0000022af0616fb8 .functor BUFZ 32, C4<zzzzzzzzzzzzzzzzzzzzzzzzzzzzzzzz>; HiZ drive
v0000022af05e3190_0 .net "addr", 31 0, o0000022af0616fb8;  0 drivers
v0000022af05e3400_0 .var "instr", 31 0;
v0000022af05c9df0 .array "mem", 63 0, 31 0;
v0000022af05c9df0_0 .array/port v0000022af05c9df0, 0;
v0000022af05c9df0_1 .array/port v0000022af05c9df0, 1;
v0000022af05c9df0_2 .array/port v0000022af05c9df0, 2;
E_0000022af06159c0/0 .event anyedge, v0000022af05e3190_0, v0000022af05c9df0_0, v0000022af05c9df0_1, v0000022af05c9df0_2;
v0000022af05c9df0_3 .array/port v0000022af05c9df0, 3;
v0000022af05c9df0_4 .array/port v0000022af05c9df0, 4;
v0000022af05c9df0_5 .array/port v0000022af05c9df0, 5;
v0000022af05c9df0_6 .array/port v0000022af05c9df0, 6;
E_0000022af06159c0/1 .event anyedge, v0000022af05c9df0_3, v0000022af05c9df0_4, v0000022af05c9df0_5, v0000022af05c9df0_6;
v0000022af05c9df0_7 .array/port v0000022af05c9df0, 7;
v0000022af05c9df0_8 .array/port v0000022af05c9df0, 8;
v0000022af05c9df0_9 .array/port v0000022af05c9df0, 9;
v0000022af05c9df0_10 .array/port v0000022af05c9df0, 10;
E_0000022af06159c0/2 .event anyedge, v0000022af05c9df0_7, v0000022af05c9df0_8, v0000022af05c9df0_9, v0000022af05c9df0_10;
v0000022af05c9df0_11 .array/port v0000022af05c9df0, 11;
v0000022af05c9df0_12 .array/port v0000022af05c9df0, 12;
v0000022af05c9df0_13 .array/port v0000022af05c9df0, 13;
v0000022af05c9df0_14 .array/port v0000022af05c9df0, 14;
E_0000022af06159c0/3 .event anyedge, v0000022af05c9df0_11, v0000022af05c9df0_12, v0000022af05c9df0_13, v0000022af05c9df0_14;
v0000022af05c9df0_15 .array/port v0000022af05c9df0, 15;
v0000022af05c9df0_16 .array/port v0000022af05c9df0, 16;
v0000022af05c9df0_17 .array/port v0000022af05c9df0, 17;
v0000022af05c9df0_18 .array/port v0000022af05c9df0, 18;
E_0000022af06159c0/4 .event anyedge, v0000022af05c9df0_15, v0000022af05c9df0_16, v0000022af05c9df0_17, v0000022af05c9df0_18;
v0000022af05c9df0_19 .array/port v0000022af05c9df0, 19;
v0000022af05c9df0_20 .array/port v0000022af05c9df0, 20;
v0000022af05c9df0_21 .array/port v0000022af05c9df0, 21;
v0000022af05c9df0_22 .array/port v0000022af05c9df0, 22;
E_0000022af06159c0/5 .event anyedge, v0000022af05c9df0_19, v0000022af05c9df0_20, v0000022af05c9df0_21, v0000022af05c9df0_22;
v0000022af05c9df0_23 .array/port v0000022af05c9df0, 23;
v0000022af05c9df0_24 .array/port v0000022af05c9df0, 24;
v0000022af05c9df0_25 .array/port v0000022af05c9df0, 25;
v0000022af05c9df0_26 .array/port v0000022af05c9df0, 26;
E_0000022af06159c0/6 .event anyedge, v0000022af05c9df0_23, v0000022af05c9df0_24, v0000022af05c9df0_25, v0000022af05c9df0_26;
v0000022af05c9df0_27 .array/port v0000022af05c9df0, 27;
v0000022af05c9df0_28 .array/port v0000022af05c9df0, 28;
v0000022af05c9df0_29 .array/port v0000022af05c9df0, 29;
v0000022af05c9df0_30 .array/port v0000022af05c9df0, 30;
E_0000022af06159c0/7 .event anyedge, v0000022af05c9df0_27, v0000022af05c9df0_28, v0000022af05c9df0_29, v0000022af05c9df0_30;
v0000022af05c9df0_31 .array/port v0000022af05c9df0, 31;
v0000022af05c9df0_32 .array/port v0000022af05c9df0, 32;
v0000022af05c9df0_33 .array/port v0000022af05c9df0, 33;
v0000022af05c9df0_34 .array/port v0000022af05c9df0, 34;
E_0000022af06159c0/8 .event anyedge, v0000022af05c9df0_31, v0000022af05c9df0_32, v0000022af05c9df0_33, v0000022af05c9df0_34;
v0000022af05c9df0_35 .array/port v0000022af05c9df0, 35;
v0000022af05c9df0_36 .array/port v0000022af05c9df0, 36;
v0000022af05c9df0_37 .array/port v0000022af05c9df0, 37;
v0000022af05c9df0_38 .array/port v0000022af05c9df0, 38;
E_0000022af06159c0/9 .event anyedge, v0000022af05c9df0_35, v0000022af05c9df0_36, v0000022af05c9df0_37, v0000022af05c9df0_38;
v0000022af05c9df0_39 .array/port v0000022af05c9df0, 39;
v0000022af05c9df0_40 .array/port v0000022af05c9df0, 40;
v0000022af05c9df0_41 .array/port v0000022af05c9df0, 41;
v0000022af05c9df0_42 .array/port v0000022af05c9df0, 42;
E_0000022af06159c0/10 .event anyedge, v0000022af05c9df0_39, v0000022af05c9df0_40, v0000022af05c9df0_41, v0000022af05c9df0_42;
v0000022af05c9df0_43 .array/port v0000022af05c9df0, 43;
v0000022af05c9df0_44 .array/port v0000022af05c9df0, 44;
v0000022af05c9df0_45 .array/port v0000022af05c9df0, 45;
v0000022af05c9df0_46 .array/port v0000022af05c9df0, 46;
E_0000022af06159c0/11 .event anyedge, v0000022af05c9df0_43, v0000022af05c9df0_44, v0000022af05c9df0_45, v0000022af05c9df0_46;
v0000022af05c9df0_47 .array/port v0000022af05c9df0, 47;
v0000022af05c9df0_48 .array/port v0000022af05c9df0, 48;
v0000022af05c9df0_49 .array/port v0000022af05c9df0, 49;
v0000022af05c9df0_50 .array/port v0000022af05c9df0, 50;
E_0000022af06159c0/12 .event anyedge, v0000022af05c9df0_47, v0000022af05c9df0_48, v0000022af05c9df0_49, v0000022af05c9df0_50;
v0000022af05c9df0_51 .array/port v0000022af05c9df0, 51;
v0000022af05c9df0_52 .array/port v0000022af05c9df0, 52;
v0000022af05c9df0_53 .array/port v0000022af05c9df0, 53;
v0000022af05c9df0_54 .array/port v0000022af05c9df0, 54;
E_0000022af06159c0/13 .event anyedge, v0000022af05c9df0_51, v0000022af05c9df0_52, v0000022af05c9df0_53, v0000022af05c9df0_54;
v0000022af05c9df0_55 .array/port v0000022af05c9df0, 55;
v0000022af05c9df0_56 .array/port v0000022af05c9df0, 56;
v0000022af05c9df0_57 .array/port v0000022af05c9df0, 57;
v0000022af05c9df0_58 .array/port v0000022af05c9df0, 58;
E_0000022af06159c0/14 .event anyedge, v0000022af05c9df0_55, v0000022af05c9df0_56, v0000022af05c9df0_57, v0000022af05c9df0_58;
v0000022af05c9df0_59 .array/port v0000022af05c9df0, 59;
v0000022af05c9df0_60 .array/port v0000022af05c9df0, 60;
v0000022af05c9df0_61 .array/port v0000022af05c9df0, 61;
v0000022af05c9df0_62 .array/port v0000022af05c9df0, 62;
E_0000022af06159c0/15 .event anyedge, v0000022af05c9df0_59, v0000022af05c9df0_60, v0000022af05c9df0_61, v0000022af05c9df0_62;
v0000022af05c9df0_63 .array/port v0000022af05c9df0, 63;
E_0000022af06159c0/16 .event anyedge, v0000022af05c9df0_63;
E_0000022af06159c0 .event/or E_0000022af06159c0/0, E_0000022af06159c0/1, E_0000022af06159c0/2, E_0000022af06159c0/3, E_0000022af06159c0/4, E_0000022af06159c0/5, E_0000022af06159c0/6, E_0000022af06159c0/7, E_0000022af06159c0/8, E_0000022af06159c0/9, E_0000022af06159c0/10, E_0000022af06159c0/11, E_0000022af06159c0/12, E_0000022af06159c0/13, E_0000022af06159c0/14, E_0000022af06159c0/15, E_0000022af06159c0/16;
    .scope S_0000022af05e29c0;
T_0 ;
    %vpi_call 2 29 "$readmemh", "memfile.dat", v0000022af05c9df0, 32'sb00000000000000000000000000000000, 32'sb00000000000000000000000000111111 {0 0 0};
    %end;
    .thread T_0;
    .scope S_0000022af05e29c0;
T_1 ;
    %wait E_0000022af06159c0;
    %load/vec4 v0000022af05e3190_0;
    %parti/s 6, 2, 3;
    %pad/u 8;
    %ix/vec4 4;
    %load/vec4a v0000022af05c9df0, 4;
    %store/vec4 v0000022af05e3400_0, 0, 32;
    %jmp T_1;
    .thread T_1, $push;
# The file index is used to find the file name in the following table.
:file_names 3;
    "N/A";
    "<interactive>";
    "instrmem.v";
