#! /c/Source/iverilog-install/bin/vvp
:ivl_version "12.0 (devel)" "(s20150603-1539-g2693dd32b)";
:ivl_delay_selection "TYPICAL";
:vpi_time_precision + 0;
:vpi_module "C:\iverilog\lib\ivl\system.vpi";
:vpi_module "C:\iverilog\lib\ivl\vhdl_sys.vpi";
:vpi_module "C:\iverilog\lib\ivl\vhdl_textio.vpi";
:vpi_module "C:\iverilog\lib\ivl\v2005_math.vpi";
:vpi_module "C:\iverilog\lib\ivl\va_math.vpi";
S_00000245886f29c0 .scope module, "mem" "mem" 2 2;
 .timescale 0 0;
    .port_info 0 /INPUT 1 "clk";
    .port_info 1 /INPUT 1 "we";
    .port_info 2 /INPUT 32 "a";
    .port_info 3 /INPUT 32 "wd";
    .port_info 4 /OUTPUT 32 "rd";
L_00000245886f2dd0 .functor BUFZ 32, L_0000024588720fc0, C4<00000000000000000000000000000000>, C4<00000000000000000000000000000000>, C4<00000000000000000000000000000000>;
v00000245886f2b50 .array "RAM", 0 1048575, 31 0;
v00000245886f2bf0_0 .net *"_ivl_0", 31 0, L_0000024588720fc0;  1 drivers
v00000245886f2c90_0 .net *"_ivl_3", 29 0, L_0000024588721060;  1 drivers
o0000024588726ff8 .functor BUFZ 32, C4<zzzzzzzzzzzzzzzzzzzzzzzzzzzzzzzz>; HiZ drive
v00000245886f2d30_0 .net "a", 31 0, o0000024588726ff8;  0 drivers
o0000024588727028 .functor BUFZ 1, C4<z>; HiZ drive
v00000245886deda0_0 .net "clk", 0 0, o0000024588727028;  0 drivers
v00000245886dee40_0 .net "rd", 31 0, L_00000245886f2dd0;  1 drivers
o0000024588727088 .functor BUFZ 32, C4<zzzzzzzzzzzzzzzzzzzzzzzzzzzzzzzz>; HiZ drive
v00000245886deee0_0 .net "wd", 31 0, o0000024588727088;  0 drivers
o00000245887270b8 .functor BUFZ 1, C4<z>; HiZ drive
v0000024588720f20_0 .net "we", 0 0, o00000245887270b8;  0 drivers
E_00000245886d8160 .event negedge, v00000245886deda0_0;
L_0000024588720fc0 .array/port v00000245886f2b50, L_0000024588721060;
L_0000024588721060 .part o0000024588726ff8, 2, 30;
    .scope S_00000245886f29c0;
T_0 ;
    %wait E_00000245886d8160;
    %load/vec4 v0000024588720f20_0;
    %flag_set/vec4 8;
    %jmp/0xz  T_0.0, 8;
    %load/vec4 v00000245886deee0_0;
    %load/vec4 v00000245886f2d30_0;
    %parti/s 30, 2, 3;
    %ix/vec4 3;
    %ix/load 4, 0, 0; Constant delay
    %assign/vec4/a/d v00000245886f2b50, 0, 4;
T_0.0 ;
    %jmp T_0;
    .thread T_0;
# The file index is used to find the file name in the following table.
:file_names 3;
    "N/A";
    "<interactive>";
    "mem.v";
