#! /c/Source/iverilog-install/bin/vvp
:ivl_version "12.0 (devel)" "(s20150603-1539-g2693dd32b)";
:ivl_delay_selection "TYPICAL";
:vpi_time_precision + 0;
:vpi_module "C:\iverilog\lib\ivl\system.vpi";
:vpi_module "C:\iverilog\lib\ivl\vhdl_sys.vpi";
:vpi_module "C:\iverilog\lib\ivl\vhdl_textio.vpi";
:vpi_module "C:\iverilog\lib\ivl\v2005_math.vpi";
:vpi_module "C:\iverilog\lib\ivl\va_math.vpi";
S_0000025c6bb329c0 .scope module, "multiplier" "multiplier" 2 1;
 .timescale 0 0;
    .port_info 0 /INPUT 1 "clk";
    .port_info 1 /INPUT 1 "sign";
    .port_info 2 /INPUT 1 "enable";
    .port_info 3 /INPUT 32 "multi_1";
    .port_info 4 /INPUT 32 "multi_2";
    .port_info 5 /OUTPUT 64 "product";
    .port_info 6 /OUTPUT 1 "multready";
o0000025c6bb6cfa8 .functor BUFZ 1, C4<z>; HiZ drive
v0000025c6bc79c40_0 .net "clk", 0 0, o0000025c6bb6cfa8;  0 drivers
o0000025c6bb6cfd8 .functor BUFZ 1, C4<z>; HiZ drive
v0000025c6bc7bcf0_0 .net "enable", 0 0, o0000025c6bb6cfd8;  0 drivers
v0000025c6bc7bd90_0 .var "i", 6 0;
o0000025c6bb6d038 .functor BUFZ 32, C4<zzzzzzzzzzzzzzzzzzzzzzzzzzzzzzzz>; HiZ drive
v0000025c6bc7be30_0 .net "multi_1", 31 0, o0000025c6bb6d038;  0 drivers
v0000025c6bc7bed0_0 .var "multi_1_copy", 31 0;
o0000025c6bb6d098 .functor BUFZ 32, C4<zzzzzzzzzzzzzzzzzzzzzzzzzzzzzzzz>; HiZ drive
v0000025c6bb32b50_0 .net "multi_2", 31 0, o0000025c6bb6d098;  0 drivers
v0000025c6bb32bf0_0 .var "multi_2_copy", 63 0;
v0000025c6bb32c90_0 .net "multready", 0 0, L_0000025c6bb61180;  1 drivers
v0000025c6bb32d30_0 .var "neg_output", 0 0;
v0000025c6bb60fa0_0 .var "product", 63 0;
v0000025c6bb61040_0 .var "product_temp", 63 0;
o0000025c6bb6d1b8 .functor BUFZ 1, C4<z>; HiZ drive
v0000025c6bb610e0_0 .net "sign", 0 0, o0000025c6bb6d1b8;  0 drivers
E_0000025c6bb57610 .event posedge, v0000025c6bc79c40_0;
L_0000025c6bb61180 .reduce/nor v0000025c6bc7bd90_0;
    .scope S_0000025c6bb329c0;
T_0 ;
    %pushi/vec4 0, 0, 64;
    %store/vec4 v0000025c6bb60fa0_0, 0, 64;
    %pushi/vec4 0, 0, 64;
    %store/vec4 v0000025c6bb61040_0, 0, 64;
    %pushi/vec4 0, 0, 32;
    %store/vec4 v0000025c6bc7bed0_0, 0, 32;
    %pushi/vec4 0, 0, 64;
    %store/vec4 v0000025c6bb32bf0_0, 0, 64;
    %pushi/vec4 0, 0, 1;
    %store/vec4 v0000025c6bb32d30_0, 0, 1;
    %pushi/vec4 32, 0, 7;
    %store/vec4 v0000025c6bc7bd90_0, 0, 7;
    %end;
    .thread T_0;
    .scope S_0000025c6bb329c0;
T_1 ;
    %wait E_0000025c6bb57610;
    %load/vec4 v0000025c6bc7bcf0_0;
    %load/vec4 v0000025c6bc7bd90_0;
    %pushi/vec4 32, 0, 7;
    %cmp/e;
    %flag_get/vec4 4;
    %and;
    %flag_set/vec4 8;
    %jmp/0xz  T_1.0, 8;
    %load/vec4 v0000025c6bb610e0_0;
    %flag_set/vec4 9;
    %flag_get/vec4 9;
    %jmp/0 T_1.4, 9;
    %load/vec4 v0000025c6bb32b50_0;
    %parti/s 1, 31, 6;
    %and;
T_1.4;
    %flag_set/vec4 8;
    %jmp/0 T_1.2, 8;
    %pushi/vec4 0, 0, 32;
    %load/vec4 v0000025c6bb32b50_0;
    %inv;
    %addi 1, 0, 32;
    %concat/vec4; draw_concat_vec4
    %jmp/1 T_1.3, 8;
T_1.2 ; End of true expr.
    %pushi/vec4 0, 0, 32;
    %load/vec4 v0000025c6bb32b50_0;
    %concat/vec4; draw_concat_vec4
    %jmp/0 T_1.3, 8;
 ; End of false expr.
    %blend;
T_1.3;
    %assign/vec4 v0000025c6bb32bf0_0, 0;
    %load/vec4 v0000025c6bb610e0_0;
    %flag_set/vec4 9;
    %flag_get/vec4 9;
    %jmp/0 T_1.7, 9;
    %load/vec4 v0000025c6bc7be30_0;
    %parti/s 1, 31, 6;
    %and;
T_1.7;
    %flag_set/vec4 8;
    %jmp/0 T_1.5, 8;
    %load/vec4 v0000025c6bc7be30_0;
    %inv;
    %addi 1, 0, 32;
    %jmp/1 T_1.6, 8;
T_1.5 ; End of true expr.
    %load/vec4 v0000025c6bc7be30_0;
    %jmp/0 T_1.6, 8;
 ; End of false expr.
    %blend;
T_1.6;
    %assign/vec4 v0000025c6bc7bed0_0, 0;
    %load/vec4 v0000025c6bb610e0_0;
    %flag_set/vec4 8;
    %flag_get/vec4 8;
    %jmp/0 T_1.8, 8;
    %load/vec4 v0000025c6bc7be30_0;
    %parti/s 1, 31, 6;
    %flag_set/vec4 9;
    %flag_get/vec4 9;
    %jmp/0 T_1.10, 9;
    %load/vec4 v0000025c6bb32b50_0;
    %parti/s 1, 31, 6;
    %inv;
    %and;
T_1.10;
    %flag_set/vec4 8;
    %flag_get/vec4 8;
    %jmp/1 T_1.9, 8;
    %load/vec4 v0000025c6bc7be30_0;
    %parti/s 1, 31, 6;
    %inv;
    %flag_set/vec4 8;
    %flag_get/vec4 8;
    %jmp/0 T_1.11, 8;
    %load/vec4 v0000025c6bb32b50_0;
    %parti/s 1, 31, 6;
    %and;
T_1.11;
    %or;
T_1.9;
    %and;
T_1.8;
    %assign/vec4 v0000025c6bb32d30_0, 0;
    %load/vec4 v0000025c6bc7bd90_0;
    %subi 1, 0, 7;
    %assign/vec4 v0000025c6bc7bd90_0, 0;
    %jmp T_1.1;
T_1.0 ;
    %load/vec4 v0000025c6bc7bcf0_0;
    %pushi/vec4 0, 0, 32;
    %load/vec4 v0000025c6bc7bd90_0;
    %pad/u 32;
    %cmp/u;
    %flag_get/vec4 5;
    %and;
    %flag_set/vec4 8;
    %jmp/0xz  T_1.12, 8;
    %load/vec4 v0000025c6bc7bed0_0;
    %parti/s 1, 0, 2;
    %cmpi/e 1, 0, 1;
    %jmp/0xz  T_1.14, 4;
    %load/vec4 v0000025c6bb61040_0;
    %load/vec4 v0000025c6bb32bf0_0;
    %add;
    %assign/vec4 v0000025c6bb61040_0, 0;
T_1.14 ;
    %load/vec4 v0000025c6bc7bed0_0;
    %ix/load 4, 1, 0;
    %flag_set/imm 4, 0;
    %shiftr 4;
    %assign/vec4 v0000025c6bc7bed0_0, 0;
    %load/vec4 v0000025c6bb32bf0_0;
    %ix/load 4, 1, 0;
    %flag_set/imm 4, 0;
    %shiftl 4;
    %assign/vec4 v0000025c6bb32bf0_0, 0;
    %load/vec4 v0000025c6bb32d30_0;
    %flag_set/vec4 8;
    %jmp/0 T_1.16, 8;
    %load/vec4 v0000025c6bb61040_0;
    %inv;
    %addi 1, 0, 64;
    %jmp/1 T_1.17, 8;
T_1.16 ; End of true expr.
    %load/vec4 v0000025c6bb61040_0;
    %jmp/0 T_1.17, 8;
 ; End of false expr.
    %blend;
T_1.17;
    %assign/vec4 v0000025c6bb60fa0_0, 0;
    %load/vec4 v0000025c6bc7bd90_0;
    %subi 1, 0, 7;
    %assign/vec4 v0000025c6bc7bd90_0, 0;
    %jmp T_1.13;
T_1.12 ;
    %pushi/vec4 0, 0, 64;
    %assign/vec4 v0000025c6bb60fa0_0, 0;
    %pushi/vec4 0, 0, 64;
    %assign/vec4 v0000025c6bb61040_0, 0;
    %pushi/vec4 0, 0, 32;
    %assign/vec4 v0000025c6bc7bed0_0, 0;
    %pushi/vec4 0, 0, 64;
    %assign/vec4 v0000025c6bb32bf0_0, 0;
    %pushi/vec4 0, 0, 1;
    %assign/vec4 v0000025c6bb32d30_0, 0;
    %pushi/vec4 32, 0, 7;
    %assign/vec4 v0000025c6bc7bd90_0, 0;
T_1.13 ;
T_1.1 ;
    %jmp T_1;
    .thread T_1;
# The file index is used to find the file name in the following table.
:file_names 3;
    "N/A";
    "<interactive>";
    "multiplier.v";
