#! /c/Source/iverilog-install/bin/vvp
:ivl_version "12.0 (devel)" "(s20150603-1539-g2693dd32b)";
:ivl_delay_selection "TYPICAL";
:vpi_time_precision + 0;
:vpi_module "C:\iverilog\lib\ivl\system.vpi";
:vpi_module "C:\iverilog\lib\ivl\vhdl_sys.vpi";
:vpi_module "C:\iverilog\lib\ivl\vhdl_textio.vpi";
:vpi_module "C:\iverilog\lib\ivl\v2005_math.vpi";
:vpi_module "C:\iverilog\lib\ivl\va_math.vpi";
S_00000151e02429c0 .scope module, "mux2" "mux2" 2 1;
 .timescale 0 0;
    .port_info 0 /INPUT 8 "d0";
    .port_info 1 /INPUT 8 "d1";
    .port_info 2 /INPUT 1 "s";
    .port_info 3 /OUTPUT 8 "y";
P_00000151e0274fd0 .param/l "WIDTH" 0 2 1, +C4<00000000000000000000000000001000>;
o00000151e0276fd8 .functor BUFZ 8, C4<zzzzzzzz>; HiZ drive
v00000151e0276f20_0 .net "d0", 7 0, o00000151e0276fd8;  0 drivers
o00000151e0277008 .functor BUFZ 8, C4<zzzzzzzz>; HiZ drive
v00000151e0242b50_0 .net "d1", 7 0, o00000151e0277008;  0 drivers
o00000151e0277038 .functor BUFZ 1, C4<z>; HiZ drive
v00000151e0242bf0_0 .net "s", 0 0, o00000151e0277038;  0 drivers
v00000151e0242c90_0 .net "y", 7 0, L_00000151e0242d30;  1 drivers
L_00000151e0242d30 .functor MUXZ 8, o00000151e0276fd8, o00000151e0277008, o00000151e0277038, C4<>;
# The file index is used to find the file name in the following table.
:file_names 3;
    "N/A";
    "<interactive>";
    "mux2.v";
