#! /c/Source/iverilog-install/bin/vvp
:ivl_version "12.0 (devel)" "(s20150603-1539-g2693dd32b)";
:ivl_delay_selection "TYPICAL";
:vpi_time_precision + 0;
:vpi_module "C:\iverilog\lib\ivl\system.vpi";
:vpi_module "C:\iverilog\lib\ivl\vhdl_sys.vpi";
:vpi_module "C:\iverilog\lib\ivl\vhdl_textio.vpi";
:vpi_module "C:\iverilog\lib\ivl\v2005_math.vpi";
:vpi_module "C:\iverilog\lib\ivl\va_math.vpi";
S_000001d6902829c0 .scope module, "mux3" "mux3" 2 1;
 .timescale 0 0;
    .port_info 0 /INPUT 8 "d0";
    .port_info 1 /INPUT 8 "d1";
    .port_info 2 /INPUT 8 "d2";
    .port_info 3 /INPUT 2 "s";
    .port_info 4 /OUTPUT 8 "y";
P_000001d6902687a0 .param/l "WIDTH" 0 2 1, +C4<00000000000000000000000000001000>;
v000001d690282b50_0 .net *"_ivl_1", 0 0, L_000001d69026e480;  1 drivers
v000001d690282bf0_0 .net *"_ivl_3", 0 0, L_000001d69026e520;  1 drivers
v000001d690282c90_0 .net *"_ivl_4", 7 0, L_000001d69026e5c0;  1 drivers
o000001d6902b7028 .functor BUFZ 8, C4<zzzzzzzz>; HiZ drive
v000001d690282d30_0 .net "d0", 7 0, o000001d6902b7028;  0 drivers
o000001d6902b7058 .functor BUFZ 8, C4<zzzzzzzz>; HiZ drive
v000001d69026e200_0 .net "d1", 7 0, o000001d6902b7058;  0 drivers
o000001d6902b7088 .functor BUFZ 8, C4<zzzzzzzz>; HiZ drive
v000001d69026e2a0_0 .net "d2", 7 0, o000001d6902b7088;  0 drivers
o000001d6902b70b8 .functor BUFZ 2, C4<zz>; HiZ drive
v000001d69026e340_0 .net "s", 1 0, o000001d6902b70b8;  0 drivers
v000001d69026e3e0_0 .net "y", 7 0, L_000001d69026e660;  1 drivers
L_000001d69026e480 .part o000001d6902b70b8, 1, 1;
L_000001d69026e520 .part o000001d6902b70b8, 0, 1;
L_000001d69026e5c0 .functor MUXZ 8, o000001d6902b7028, o000001d6902b7058, L_000001d69026e520, C4<>;
L_000001d69026e660 .functor MUXZ 8, L_000001d69026e5c0, o000001d6902b7088, L_000001d69026e480, C4<>;
# The file index is used to find the file name in the following table.
:file_names 3;
    "N/A";
    "<interactive>";
    "mux3.v";
