#! /c/Source/iverilog-install/bin/vvp
:ivl_version "12.0 (devel)" "(s20150603-1539-g2693dd32b)";
:ivl_delay_selection "TYPICAL";
:vpi_time_precision + 0;
:vpi_module "C:\iverilog\lib\ivl\system.vpi";
:vpi_module "C:\iverilog\lib\ivl\vhdl_sys.vpi";
:vpi_module "C:\iverilog\lib\ivl\vhdl_textio.vpi";
:vpi_module "C:\iverilog\lib\ivl\v2005_math.vpi";
:vpi_module "C:\iverilog\lib\ivl\va_math.vpi";
S_000001a507e9edd0 .scope module, "mux4" "mux4" 2 1;
 .timescale 0 0;
    .port_info 0 /INPUT 8 "d0";
    .port_info 1 /INPUT 8 "d1";
    .port_info 2 /INPUT 8 "d2";
    .port_info 3 /INPUT 8 "d3";
    .port_info 4 /INPUT 2 "s";
    .port_info 5 /OUTPUT 8 "y";
P_000001a507e9c7b0 .param/l "WIDTH" 0 2 1, +C4<00000000000000000000000000001000>;
o000001a507ee6fd8 .functor BUFZ 8, C4<zzzzzzzz>; HiZ drive
v000001a507eb29c0_0 .net "d0", 7 0, o000001a507ee6fd8;  0 drivers
o000001a507ee7008 .functor BUFZ 8, C4<zzzzzzzz>; HiZ drive
v000001a507eb2a60_0 .net "d1", 7 0, o000001a507ee7008;  0 drivers
o000001a507ee7038 .functor BUFZ 8, C4<zzzzzzzz>; HiZ drive
v000001a507eb2b00_0 .net "d2", 7 0, o000001a507ee7038;  0 drivers
o000001a507ee7068 .functor BUFZ 8, C4<zzzzzzzz>; HiZ drive
v000001a507eb2ba0_0 .net "d3", 7 0, o000001a507ee7068;  0 drivers
o000001a507ee7098 .functor BUFZ 2, C4<zz>; HiZ drive
v000001a507eb2c40_0 .net "s", 1 0, o000001a507ee7098;  0 drivers
v000001a507eb2ce0_0 .var "y", 7 0;
E_000001a507e9ce70/0 .event anyedge, v000001a507eb2c40_0, v000001a507eb29c0_0, v000001a507eb2a60_0, v000001a507eb2b00_0;
E_000001a507e9ce70/1 .event anyedge, v000001a507eb2ba0_0;
E_000001a507e9ce70 .event/or E_000001a507e9ce70/0, E_000001a507e9ce70/1;
    .scope S_000001a507e9edd0;
T_0 ;
    %wait E_000001a507e9ce70;
    %load/vec4 v000001a507eb2c40_0;
    %dup/vec4;
    %pushi/vec4 0, 0, 2;
    %cmp/u;
    %jmp/1 T_0.0, 6;
    %dup/vec4;
    %pushi/vec4 1, 0, 2;
    %cmp/u;
    %jmp/1 T_0.1, 6;
    %dup/vec4;
    %pushi/vec4 2, 0, 2;
    %cmp/u;
    %jmp/1 T_0.2, 6;
    %dup/vec4;
    %pushi/vec4 3, 0, 2;
    %cmp/u;
    %jmp/1 T_0.3, 6;
    %jmp T_0.4;
T_0.0 ;
    %load/vec4 v000001a507eb29c0_0;
    %assign/vec4 v000001a507eb2ce0_0, 0;
    %jmp T_0.4;
T_0.1 ;
    %load/vec4 v000001a507eb2a60_0;
    %assign/vec4 v000001a507eb2ce0_0, 0;
    %jmp T_0.4;
T_0.2 ;
    %load/vec4 v000001a507eb2b00_0;
    %assign/vec4 v000001a507eb2ce0_0, 0;
    %jmp T_0.4;
T_0.3 ;
    %load/vec4 v000001a507eb2ba0_0;
    %assign/vec4 v000001a507eb2ce0_0, 0;
    %jmp T_0.4;
T_0.4 ;
    %pop/vec4 1;
    %jmp T_0;
    .thread T_0, $push;
# The file index is used to find the file name in the following table.
:file_names 3;
    "N/A";
    "<interactive>";
    "mux4.v";
