#! /c/Source/iverilog-install/bin/vvp
:ivl_version "12.0 (devel)" "(s20150603-1539-g2693dd32b)";
:ivl_delay_selection "TYPICAL";
:vpi_time_precision + 0;
:vpi_module "C:\iverilog\lib\ivl\system.vpi";
:vpi_module "C:\iverilog\lib\ivl\vhdl_sys.vpi";
:vpi_module "C:\iverilog\lib\ivl\vhdl_textio.vpi";
:vpi_module "C:\iverilog\lib\ivl\v2005_math.vpi";
:vpi_module "C:\iverilog\lib\ivl\va_math.vpi";
S_0000014d0daf2ad0 .scope module, "mux6" "mux6" 2 1;
 .timescale 0 0;
    .port_info 0 /INPUT 8 "d0";
    .port_info 1 /INPUT 8 "d1";
    .port_info 2 /INPUT 8 "d2";
    .port_info 3 /INPUT 8 "d3";
    .port_info 4 /INPUT 8 "d4";
    .port_info 5 /INPUT 8 "d5";
    .port_info 6 /INPUT 3 "s";
    .port_info 7 /OUTPUT 8 "y";
P_0000014d0dadcc70 .param/l "WIDTH" 0 2 1, +C4<00000000000000000000000000001000>;
o0000014d0db26fb8 .functor BUFZ 8, C4<zzzzzzzz>; HiZ drive
v0000014d0daf2c60_0 .net "d0", 7 0, o0000014d0db26fb8;  0 drivers
o0000014d0db26fe8 .functor BUFZ 8, C4<zzzzzzzz>; HiZ drive
v0000014d0daf2d00_0 .net "d1", 7 0, o0000014d0db26fe8;  0 drivers
o0000014d0db27018 .functor BUFZ 8, C4<zzzzzzzz>; HiZ drive
v0000014d0daf2da0_0 .net "d2", 7 0, o0000014d0db27018;  0 drivers
o0000014d0db27048 .functor BUFZ 8, C4<zzzzzzzz>; HiZ drive
v0000014d0dadbb00_0 .net "d3", 7 0, o0000014d0db27048;  0 drivers
o0000014d0db27078 .functor BUFZ 8, C4<zzzzzzzz>; HiZ drive
v0000014d0dadbba0_0 .net "d4", 7 0, o0000014d0db27078;  0 drivers
o0000014d0db270a8 .functor BUFZ 8, C4<zzzzzzzz>; HiZ drive
v0000014d0dadbc40_0 .net "d5", 7 0, o0000014d0db270a8;  0 drivers
o0000014d0db270d8 .functor BUFZ 3, C4<zzz>; HiZ drive
v0000014d0dadbce0_0 .net "s", 2 0, o0000014d0db270d8;  0 drivers
v0000014d0dadbd80_0 .var "y", 7 0;
E_0000014d0dadc730/0 .event anyedge, v0000014d0dadbce0_0, v0000014d0daf2c60_0, v0000014d0daf2d00_0, v0000014d0daf2da0_0;
E_0000014d0dadc730/1 .event anyedge, v0000014d0dadbb00_0, v0000014d0dadbba0_0, v0000014d0dadbc40_0;
E_0000014d0dadc730 .event/or E_0000014d0dadc730/0, E_0000014d0dadc730/1;
    .scope S_0000014d0daf2ad0;
T_0 ;
    %wait E_0000014d0dadc730;
    %load/vec4 v0000014d0dadbce0_0;
    %dup/vec4;
    %pushi/vec4 0, 0, 3;
    %cmp/u;
    %jmp/1 T_0.0, 6;
    %dup/vec4;
    %pushi/vec4 1, 0, 3;
    %cmp/u;
    %jmp/1 T_0.1, 6;
    %dup/vec4;
    %pushi/vec4 2, 0, 3;
    %cmp/u;
    %jmp/1 T_0.2, 6;
    %dup/vec4;
    %pushi/vec4 3, 0, 3;
    %cmp/u;
    %jmp/1 T_0.3, 6;
    %dup/vec4;
    %pushi/vec4 4, 0, 3;
    %cmp/u;
    %jmp/1 T_0.4, 6;
    %dup/vec4;
    %pushi/vec4 5, 0, 3;
    %cmp/u;
    %jmp/1 T_0.5, 6;
    %jmp T_0.6;
T_0.0 ;
    %load/vec4 v0000014d0daf2c60_0;
    %assign/vec4 v0000014d0dadbd80_0, 0;
    %jmp T_0.6;
T_0.1 ;
    %load/vec4 v0000014d0daf2d00_0;
    %assign/vec4 v0000014d0dadbd80_0, 0;
    %jmp T_0.6;
T_0.2 ;
    %load/vec4 v0000014d0daf2da0_0;
    %assign/vec4 v0000014d0dadbd80_0, 0;
    %jmp T_0.6;
T_0.3 ;
    %load/vec4 v0000014d0dadbb00_0;
    %assign/vec4 v0000014d0dadbd80_0, 0;
    %jmp T_0.6;
T_0.4 ;
    %load/vec4 v0000014d0dadbba0_0;
    %assign/vec4 v0000014d0dadbd80_0, 0;
    %jmp T_0.6;
T_0.5 ;
    %load/vec4 v0000014d0dadbc40_0;
    %assign/vec4 v0000014d0dadbd80_0, 0;
    %jmp T_0.6;
T_0.6 ;
    %pop/vec4 1;
    %jmp T_0;
    .thread T_0, $push;
# The file index is used to find the file name in the following table.
:file_names 3;
    "N/A";
    "<interactive>";
    "mux6.v";
