#! /c/Source/iverilog-install/bin/vvp
:ivl_version "12.0 (devel)" "(s20150603-1539-g2693dd32b)";
:ivl_delay_selection "TYPICAL";
:vpi_time_precision + 0;
:vpi_module "C:\iverilog\lib\ivl\system.vpi";
:vpi_module "C:\iverilog\lib\ivl\vhdl_sys.vpi";
:vpi_module "C:\iverilog\lib\ivl\vhdl_textio.vpi";
:vpi_module "C:\iverilog\lib\ivl\v2005_math.vpi";
:vpi_module "C:\iverilog\lib\ivl\va_math.vpi";
S_00000287bcae2ad0 .scope module, "pipemw" "pipemw" 2 1;
 .timescale 0 0;
    .port_info 0 /INPUT 1 "clk";
    .port_info 1 /INPUT 1 "memtoregm";
    .port_info 2 /INPUT 1 "memtoregm2";
    .port_info 3 /INPUT 1 "regwritem";
    .port_info 4 /INPUT 1 "regwritem2";
    .port_info 5 /INPUT 32 "readdatam";
    .port_info 6 /INPUT 32 "readdatam2";
    .port_info 7 /INPUT 32 "aluoutm";
    .port_info 8 /INPUT 32 "aluoutm2";
    .port_info 9 /INPUT 5 "writeregm";
    .port_info 10 /INPUT 5 "writeregm2";
    .port_info 11 /OUTPUT 1 "memtoregw";
    .port_info 12 /OUTPUT 1 "memtoregw2";
    .port_info 13 /OUTPUT 1 "regwritew";
    .port_info 14 /OUTPUT 1 "regwritew2";
    .port_info 15 /OUTPUT 32 "readdataw";
    .port_info 16 /OUTPUT 32 "readdataw2";
    .port_info 17 /OUTPUT 32 "aluoutw";
    .port_info 18 /OUTPUT 32 "aluoutw2";
    .port_info 19 /OUTPUT 5 "writeregw";
    .port_info 20 /OUTPUT 5 "writeregw2";
    .port_info 21 /INPUT 1 "stallw";
    .port_info 22 /INPUT 1 "stallw2";
o00000287bcb19fa8 .functor BUFZ 32, C4<zzzzzzzzzzzzzzzzzzzzzzzzzzzzzzzz>; HiZ drive
v00000287bcacba50_0 .net "aluoutm", 31 0, o00000287bcb19fa8;  0 drivers
o00000287bcb19fd8 .functor BUFZ 32, C4<zzzzzzzzzzzzzzzzzzzzzzzzzzzzzzzz>; HiZ drive
v00000287bcacbef0_0 .net "aluoutm2", 31 0, o00000287bcb19fd8;  0 drivers
v00000287bcb13790_0 .var "aluoutw", 31 0;
v00000287bcb13830_0 .var "aluoutw2", 31 0;
o00000287bcb1a068 .functor BUFZ 1, C4<z>; HiZ drive
v00000287bcb138d0_0 .net "clk", 0 0, o00000287bcb1a068;  0 drivers
o00000287bcb1a098 .functor BUFZ 1, C4<z>; HiZ drive
v00000287bcb13970_0 .net "memtoregm", 0 0, o00000287bcb1a098;  0 drivers
o00000287bcb1a0c8 .functor BUFZ 1, C4<z>; HiZ drive
v00000287bcb13a10_0 .net "memtoregm2", 0 0, o00000287bcb1a0c8;  0 drivers
v00000287bcb13ab0_0 .var "memtoregw", 0 0;
v00000287bcb13b50_0 .var "memtoregw2", 0 0;
o00000287bcb1a158 .functor BUFZ 32, C4<zzzzzzzzzzzzzzzzzzzzzzzzzzzzzzzz>; HiZ drive
v00000287bcb13c80_0 .net "readdatam", 31 0, o00000287bcb1a158;  0 drivers
o00000287bcb1a188 .functor BUFZ 32, C4<zzzzzzzzzzzzzzzzzzzzzzzzzzzzzzzz>; HiZ drive
v00000287bcb13d20_0 .net "readdatam2", 31 0, o00000287bcb1a188;  0 drivers
v00000287bcb141d0_0 .var "readdataw", 31 0;
v00000287bcb14270_0 .var "readdataw2", 31 0;
o00000287bcb1a218 .functor BUFZ 1, C4<z>; HiZ drive
v00000287bcb14310_0 .net "regwritem", 0 0, o00000287bcb1a218;  0 drivers
o00000287bcb1a248 .functor BUFZ 1, C4<z>; HiZ drive
v00000287bcb143b0_0 .net "regwritem2", 0 0, o00000287bcb1a248;  0 drivers
v00000287bcb14450_0 .var "regwritew", 0 0;
v00000287bcb658a0_0 .var "regwritew2", 0 0;
o00000287bcb1a2d8 .functor BUFZ 1, C4<z>; HiZ drive
v00000287bcb65080_0 .net "stallw", 0 0, o00000287bcb1a2d8;  0 drivers
o00000287bcb1a308 .functor BUFZ 1, C4<z>; HiZ drive
v00000287bcb65a80_0 .net "stallw2", 0 0, o00000287bcb1a308;  0 drivers
o00000287bcb1a338 .functor BUFZ 5, C4<zzzzz>; HiZ drive
v00000287bcb65440_0 .net "writeregm", 4 0, o00000287bcb1a338;  0 drivers
o00000287bcb1a368 .functor BUFZ 5, C4<zzzzz>; HiZ drive
v00000287bcb65940_0 .net "writeregm2", 4 0, o00000287bcb1a368;  0 drivers
v00000287bcb659e0_0 .var "writeregw", 4 0;
v00000287bcb65120_0 .var "writeregw2", 4 0;
E_00000287bcac8360 .event posedge, v00000287bcb138d0_0;
    .scope S_00000287bcae2ad0;
T_0 ;
    %wait E_00000287bcac8360;
    %load/vec4 v00000287bcb65080_0;
    %nor/r;
    %flag_set/vec4 8;
    %jmp/0xz  T_0.0, 8;
    %load/vec4 v00000287bcb13970_0;
    %assign/vec4 v00000287bcb13ab0_0, 0;
    %load/vec4 v00000287bcb14310_0;
    %assign/vec4 v00000287bcb14450_0, 0;
    %load/vec4 v00000287bcb13c80_0;
    %assign/vec4 v00000287bcb141d0_0, 0;
    %load/vec4 v00000287bcacba50_0;
    %assign/vec4 v00000287bcb13790_0, 0;
    %load/vec4 v00000287bcb65440_0;
    %assign/vec4 v00000287bcb659e0_0, 0;
    %load/vec4 v00000287bcb13a10_0;
    %assign/vec4 v00000287bcb13b50_0, 0;
    %load/vec4 v00000287bcb143b0_0;
    %assign/vec4 v00000287bcb658a0_0, 0;
    %load/vec4 v00000287bcb13d20_0;
    %assign/vec4 v00000287bcb14270_0, 0;
    %load/vec4 v00000287bcacbef0_0;
    %assign/vec4 v00000287bcb13830_0, 0;
    %load/vec4 v00000287bcb65940_0;
    %assign/vec4 v00000287bcb65120_0, 0;
T_0.0 ;
    %jmp T_0;
    .thread T_0;
# The file index is used to find the file name in the following table.
:file_names 3;
    "N/A";
    "<interactive>";
    "pipemw.v";
