#! /c/Source/iverilog-install/bin/vvp
:ivl_version "12.0 (devel)" "(s20150603-1539-g2693dd32b)";
:ivl_delay_selection "TYPICAL";
:vpi_time_precision + 0;
:vpi_module "C:\iverilog\lib\ivl\system.vpi";
:vpi_module "C:\iverilog\lib\ivl\vhdl_sys.vpi";
:vpi_module "C:\iverilog\lib\ivl\vhdl_textio.vpi";
:vpi_module "C:\iverilog\lib\ivl\v2005_math.vpi";
:vpi_module "C:\iverilog\lib\ivl\va_math.vpi";
S_0000020e1d712ad0 .scope module, "pipeem" "pipeem" 2 1;
 .timescale 0 0;
    .port_info 0 /INPUT 1 "clk";
    .port_info 1 /INPUT 5 "writerege";
    .port_info 2 /INPUT 5 "writerege2";
    .port_info 3 /INPUT 32 "aluoute";
    .port_info 4 /INPUT 32 "aluoute2";
    .port_info 5 /INPUT 32 "writedatae";
    .port_info 6 /INPUT 32 "writedatae2";
    .port_info 7 /INPUT 1 "memwritee";
    .port_info 8 /INPUT 1 "memwritee2";
    .port_info 9 /INPUT 1 "regwritee";
    .port_info 10 /INPUT 1 "regwritee2";
    .port_info 11 /INPUT 1 "memtorege";
    .port_info 12 /INPUT 1 "memtorege2";
    .port_info 13 /OUTPUT 1 "regwritem";
    .port_info 14 /OUTPUT 1 "regwritem2";
    .port_info 15 /OUTPUT 1 "memtoregm";
    .port_info 16 /OUTPUT 1 "memtoregm2";
    .port_info 17 /OUTPUT 1 "memwritem";
    .port_info 18 /OUTPUT 1 "memwritem2";
    .port_info 19 /OUTPUT 5 "writeregm";
    .port_info 20 /OUTPUT 5 "writeregm2";
    .port_info 21 /OUTPUT 32 "aluoutm";
    .port_info 22 /OUTPUT 32 "aluoutm2";
    .port_info 23 /OUTPUT 32 "writedatam";
    .port_info 24 /OUTPUT 32 "writedatam2";
    .port_info 25 /INPUT 1 "stallm";
    .port_info 26 /INPUT 1 "stallm2";
o0000020e1d74af98 .functor BUFZ 32, C4<zzzzzzzzzzzzzzzzzzzzzzzzzzzzzzzz>; HiZ drive
v0000020e1d746810_0 .net "aluoute", 31 0, o0000020e1d74af98;  0 drivers
o0000020e1d74afc8 .functor BUFZ 32, C4<zzzzzzzzzzzzzzzzzzzzzzzzzzzzzzzz>; HiZ drive
v0000020e1d744790_0 .net "aluoute2", 31 0, o0000020e1d74afc8;  0 drivers
v0000020e1d744830_0 .var "aluoutm", 31 0;
v0000020e1d7448d0_0 .var "aluoutm2", 31 0;
o0000020e1d74b058 .functor BUFZ 1, C4<z>; HiZ drive
v0000020e1d744970_0 .net "clk", 0 0, o0000020e1d74b058;  0 drivers
o0000020e1d74b088 .functor BUFZ 1, C4<z>; HiZ drive
v0000020e1d744a10_0 .net "memtorege", 0 0, o0000020e1d74b088;  0 drivers
o0000020e1d74b0b8 .functor BUFZ 1, C4<z>; HiZ drive
v0000020e1d744ab0_0 .net "memtorege2", 0 0, o0000020e1d74b0b8;  0 drivers
v0000020e1d744b50_0 .var "memtoregm", 0 0;
v0000020e1d744bf0_0 .var "memtoregm2", 0 0;
o0000020e1d74b148 .functor BUFZ 1, C4<z>; HiZ drive
v0000020e1d744d20_0 .net "memwritee", 0 0, o0000020e1d74b148;  0 drivers
o0000020e1d74b178 .functor BUFZ 1, C4<z>; HiZ drive
v0000020e1d744dc0_0 .net "memwritee2", 0 0, o0000020e1d74b178;  0 drivers
v0000020e1d744e60_0 .var "memwritem", 0 0;
v0000020e1d794020_0 .var "memwritem2", 0 0;
o0000020e1d74b208 .functor BUFZ 1, C4<z>; HiZ drive
v0000020e1d7940c0_0 .net "regwritee", 0 0, o0000020e1d74b208;  0 drivers
o0000020e1d74b238 .functor BUFZ 1, C4<z>; HiZ drive
v0000020e1d794160_0 .net "regwritee2", 0 0, o0000020e1d74b238;  0 drivers
v0000020e1d794200_0 .var "regwritem", 0 0;
v0000020e1d794750_0 .var "regwritem2", 0 0;
o0000020e1d74b2c8 .functor BUFZ 1, C4<z>; HiZ drive
v0000020e1d794c50_0 .net "stallm", 0 0, o0000020e1d74b2c8;  0 drivers
o0000020e1d74b2f8 .functor BUFZ 1, C4<z>; HiZ drive
v0000020e1d794e30_0 .net "stallm2", 0 0, o0000020e1d74b2f8;  0 drivers
o0000020e1d74b328 .functor BUFZ 32, C4<zzzzzzzzzzzzzzzzzzzzzzzzzzzzzzzz>; HiZ drive
v0000020e1d794890_0 .net "writedatae", 31 0, o0000020e1d74b328;  0 drivers
o0000020e1d74b358 .functor BUFZ 32, C4<zzzzzzzzzzzzzzzzzzzzzzzzzzzzzzzz>; HiZ drive
v0000020e1d794cf0_0 .net "writedatae2", 31 0, o0000020e1d74b358;  0 drivers
v0000020e1d794430_0 .var "writedatam", 31 0;
v0000020e1d7951f0_0 .var "writedatam2", 31 0;
o0000020e1d74b3e8 .functor BUFZ 5, C4<zzzzz>; HiZ drive
v0000020e1d794930_0 .net "writerege", 4 0, o0000020e1d74b3e8;  0 drivers
o0000020e1d74b418 .functor BUFZ 5, C4<zzzzz>; HiZ drive
v0000020e1d794d90_0 .net "writerege2", 4 0, o0000020e1d74b418;  0 drivers
v0000020e1d795150_0 .var "writeregm", 4 0;
v0000020e1d794bb0_0 .var "writeregm2", 4 0;
E_0000020e1d749d40 .event posedge, v0000020e1d744970_0;
    .scope S_0000020e1d712ad0;
T_0 ;
    %wait E_0000020e1d749d40;
    %load/vec4 v0000020e1d794c50_0;
    %nor/r;
    %flag_set/vec4 8;
    %jmp/0xz  T_0.0, 8;
    %load/vec4 v0000020e1d7940c0_0;
    %assign/vec4 v0000020e1d794200_0, 0;
    %load/vec4 v0000020e1d744a10_0;
    %assign/vec4 v0000020e1d744b50_0, 0;
    %load/vec4 v0000020e1d744d20_0;
    %assign/vec4 v0000020e1d744e60_0, 0;
    %load/vec4 v0000020e1d746810_0;
    %assign/vec4 v0000020e1d744830_0, 0;
    %load/vec4 v0000020e1d794890_0;
    %assign/vec4 v0000020e1d794430_0, 0;
    %load/vec4 v0000020e1d794930_0;
    %assign/vec4 v0000020e1d795150_0, 0;
    %load/vec4 v0000020e1d794160_0;
    %assign/vec4 v0000020e1d794750_0, 0;
    %load/vec4 v0000020e1d744ab0_0;
    %assign/vec4 v0000020e1d744bf0_0, 0;
    %load/vec4 v0000020e1d744dc0_0;
    %assign/vec4 v0000020e1d794020_0, 0;
    %load/vec4 v0000020e1d744790_0;
    %assign/vec4 v0000020e1d7448d0_0, 0;
    %load/vec4 v0000020e1d794cf0_0;
    %assign/vec4 v0000020e1d7951f0_0, 0;
    %load/vec4 v0000020e1d794d90_0;
    %assign/vec4 v0000020e1d794bb0_0, 0;
T_0.0 ;
    %jmp T_0;
    .thread T_0;
# The file index is used to find the file name in the following table.
:file_names 3;
    "N/A";
    "<interactive>";
    "pipeem.v";
