#! /c/Source/iverilog-install/bin/vvp
:ivl_version "12.0 (devel)" "(s20150603-1539-g2693dd32b)";
:ivl_delay_selection "TYPICAL";
:vpi_time_precision + 0;
:vpi_module "C:\iverilog\lib\ivl\system.vpi";
:vpi_module "C:\iverilog\lib\ivl\vhdl_sys.vpi";
:vpi_module "C:\iverilog\lib\ivl\vhdl_textio.vpi";
:vpi_module "C:\iverilog\lib\ivl\v2005_math.vpi";
:vpi_module "C:\iverilog\lib\ivl\va_math.vpi";
S_000001f5b7199d80 .scope module, "pipelinecontrol" "pipelinecontrol" 2 3;
 .timescale 0 0;
    .port_info 0 /INPUT 32 "instrd";
    .port_info 1 /INPUT 1 "equald";
    .port_info 2 /OUTPUT 1 "memtoregd";
    .port_info 3 /OUTPUT 1 "regwrited";
    .port_info 4 /OUTPUT 1 "memwrited";
    .port_info 5 /OUTPUT 3 "alucontrold";
    .port_info 6 /OUTPUT 1 "alusrcd";
    .port_info 7 /OUTPUT 1 "regdstd";
    .port_info 8 /OUTPUT 2 "pcsrcd";
    .port_info 9 /OUTPUT 1 "branchd";
    .port_info 10 /OUTPUT 1 "bned";
    .port_info 11 /OUTPUT 1 "signd";
    .port_info 12 /OUTPUT 1 "multseld";
v000001f5b71fbd90_0 .net "alucontrold", 2 0, v000001f5b7189890_0;  1 drivers
v000001f5b71fb390_0 .net "aluop", 3 0, v000001f5b7174d00_0;  1 drivers
v000001f5b71fb750_0 .net "alusrcd", 0 0, v000001f5b7174da0_0;  1 drivers
v000001f5b71fb930_0 .net "bned", 0 0, v000001f5b7174e40_0;  1 drivers
v000001f5b71fbcf0_0 .net "branchd", 0 0, v000001f5b71fb020_0;  1 drivers
o000001f5b71a65d8 .functor BUFZ 1, C4<z>; HiZ drive
v000001f5b71fb430_0 .net "equald", 0 0, o000001f5b71a65d8;  0 drivers
v000001f5b71fbe30_0 .net "funct", 5 0, L_000001f5b71fb9d0;  1 drivers
o000001f5b71a6608 .functor BUFZ 32, C4<zzzzzzzzzzzzzzzzzzzzzzzzzzzzzzzz>; HiZ drive
v000001f5b71fbed0_0 .net "instrd", 31 0, o000001f5b71a6608;  0 drivers
v000001f5b71fc150_0 .net "jumpd", 0 0, v000001f5b71fb0c0_0;  1 drivers
v000001f5b71fb4d0_0 .net "memtoregd", 0 0, v000001f5b71fb160_0;  1 drivers
v000001f5b71fbf70_0 .net "memwrited", 0 0, v000001f5b71fb200_0;  1 drivers
v000001f5b71fba70_0 .net "multseld", 0 0, v000001f5b71899d0_0;  1 drivers
v000001f5b71fb6b0_0 .net "op", 5 0, L_000001f5b71fc0b0;  1 drivers
v000001f5b71fb570_0 .var "pc0", 0 0;
v000001f5b71fb610_0 .net "pcsrcd", 1 0, L_000001f5b71fbb10;  1 drivers
v000001f5b71fb7f0_0 .net "regdstd", 0 0, v000001f5b71fbbb0_0;  1 drivers
v000001f5b71fc010_0 .net "regwrited", 0 0, v000001f5b71fb890_0;  1 drivers
v000001f5b71fc1f0_0 .net "signd", 0 0, v000001f5b7189a70_0;  1 drivers
E_000001f5b71726d0 .event anyedge, v000001f5b71fb430_0, v000001f5b71fb020_0, v000001f5b7174e40_0;
L_000001f5b71fc0b0 .part o000001f5b71a6608, 26, 6;
L_000001f5b71fb9d0 .part o000001f5b71a6608, 0, 6;
L_000001f5b71fbb10 .concat [ 1 1 0 0], v000001f5b71fb570_0, v000001f5b71fb0c0_0;
S_000001f5b7199f10 .scope module, "ad" "aludec" 2 20, 3 1 0, S_000001f5b7199d80;
 .timescale 0 0;
    .port_info 0 /INPUT 6 "funct";
    .port_info 1 /INPUT 4 "aluop";
    .port_info 2 /OUTPUT 3 "alucontrol";
    .port_info 3 /OUTPUT 1 "signd";
    .port_info 4 /OUTPUT 1 "multseld";
v000001f5b7189890_0 .var "alucontrol", 2 0;
v000001f5b7142dc0_0 .net "aluop", 3 0, v000001f5b7174d00_0;  alias, 1 drivers
v000001f5b7189930_0 .net "funct", 5 0, L_000001f5b71fb9d0;  alias, 1 drivers
v000001f5b71899d0_0 .var "multseld", 0 0;
v000001f5b7189a70_0 .var "signd", 0 0;
E_000001f5b71728d0 .event anyedge, v000001f5b7142dc0_0, v000001f5b7189930_0;
S_000001f5b7189b10 .scope module, "pd" "pipelinedec" 2 19, 4 1 0, S_000001f5b7199d80;
 .timescale 0 0;
    .port_info 0 /INPUT 6 "op";
    .port_info 1 /OUTPUT 1 "regwrited";
    .port_info 2 /OUTPUT 1 "memtoregd";
    .port_info 3 /OUTPUT 1 "memwrited";
    .port_info 4 /OUTPUT 4 "aluop";
    .port_info 5 /OUTPUT 1 "alusrcd";
    .port_info 6 /OUTPUT 1 "regdstd";
    .port_info 7 /OUTPUT 1 "branchd";
    .port_info 8 /OUTPUT 1 "bned";
    .port_info 9 /OUTPUT 1 "jumpd";
P_000001f5b7174970 .param/l "ADDI" 0 4 16, C4<001000>;
P_000001f5b71749a8 .param/l "ADDIU" 0 4 17, C4<001001>;
P_000001f5b71749e0 .param/l "ANDI" 0 4 18, C4<001100>;
P_000001f5b7174a18 .param/l "BEQ" 0 4 14, C4<000100>;
P_000001f5b7174a50 .param/l "BNE" 0 4 15, C4<000101>;
P_000001f5b7174a88 .param/l "J" 0 4 23, C4<000010>;
P_000001f5b7174ac0 .param/l "LW" 0 4 11, C4<100011>;
P_000001f5b7174af8 .param/l "ORI" 0 4 19, C4<001101>;
P_000001f5b7174b30 .param/l "RTYPE" 0 4 13, C4<000000>;
P_000001f5b7174b68 .param/l "SLTI" 0 4 21, C4<001010>;
P_000001f5b7174ba0 .param/l "SLTIU" 0 4 22, C4<001011>;
P_000001f5b7174bd8 .param/l "SW" 0 4 12, C4<101011>;
P_000001f5b7174c10 .param/l "XORI" 0 4 20, C4<001110>;
v000001f5b7174d00_0 .var "aluop", 3 0;
v000001f5b7174da0_0 .var "alusrcd", 0 0;
v000001f5b7174e40_0 .var "bned", 0 0;
v000001f5b71fb020_0 .var "branchd", 0 0;
v000001f5b71fb0c0_0 .var "jumpd", 0 0;
v000001f5b71fb160_0 .var "memtoregd", 0 0;
v000001f5b71fb200_0 .var "memwrited", 0 0;
v000001f5b71fbc50_0 .net "op", 5 0, L_000001f5b71fc0b0;  alias, 1 drivers
v000001f5b71fbbb0_0 .var "regdstd", 0 0;
v000001f5b71fb890_0 .var "regwrited", 0 0;
E_000001f5b7172cd0 .event anyedge, v000001f5b71fbc50_0;
    .scope S_000001f5b7189b10;
T_0 ;
    %pushi/vec4 0, 0, 1;
    %store/vec4 v000001f5b71fb890_0, 0, 1;
    %pushi/vec4 0, 0, 1;
    %store/vec4 v000001f5b71fb160_0, 0, 1;
    %pushi/vec4 0, 0, 1;
    %store/vec4 v000001f5b71fb200_0, 0, 1;
    %pushi/vec4 0, 0, 4;
    %store/vec4 v000001f5b7174d00_0, 0, 4;
    %pushi/vec4 0, 0, 1;
    %store/vec4 v000001f5b7174da0_0, 0, 1;
    %pushi/vec4 0, 0, 1;
    %store/vec4 v000001f5b71fbbb0_0, 0, 1;
    %pushi/vec4 0, 0, 1;
    %store/vec4 v000001f5b71fb020_0, 0, 1;
    %pushi/vec4 0, 0, 1;
    %store/vec4 v000001f5b7174e40_0, 0, 1;
    %pushi/vec4 0, 0, 1;
    %store/vec4 v000001f5b71fb0c0_0, 0, 1;
    %end;
    .thread T_0;
    .scope S_000001f5b7189b10;
T_1 ;
    %wait E_000001f5b7172cd0;
    %load/vec4 v000001f5b71fbc50_0;
    %dup/vec4;
    %pushi/vec4 35, 0, 6;
    %cmp/u;
    %jmp/1 T_1.0, 6;
    %dup/vec4;
    %pushi/vec4 43, 0, 6;
    %cmp/u;
    %jmp/1 T_1.1, 6;
    %dup/vec4;
    %pushi/vec4 0, 0, 6;
    %cmp/u;
    %jmp/1 T_1.2, 6;
    %dup/vec4;
    %pushi/vec4 4, 0, 6;
    %cmp/u;
    %jmp/1 T_1.3, 6;
    %dup/vec4;
    %pushi/vec4 5, 0, 6;
    %cmp/u;
    %jmp/1 T_1.4, 6;
    %dup/vec4;
    %pushi/vec4 8, 0, 6;
    %cmp/u;
    %jmp/1 T_1.5, 6;
    %dup/vec4;
    %pushi/vec4 9, 0, 6;
    %cmp/u;
    %jmp/1 T_1.6, 6;
    %dup/vec4;
    %pushi/vec4 12, 0, 6;
    %cmp/u;
    %jmp/1 T_1.7, 6;
    %dup/vec4;
    %pushi/vec4 13, 0, 6;
    %cmp/u;
    %jmp/1 T_1.8, 6;
    %dup/vec4;
    %pushi/vec4 14, 0, 6;
    %cmp/u;
    %jmp/1 T_1.9, 6;
    %dup/vec4;
    %pushi/vec4 10, 0, 6;
    %cmp/u;
    %jmp/1 T_1.10, 6;
    %dup/vec4;
    %pushi/vec4 11, 0, 6;
    %cmp/u;
    %jmp/1 T_1.11, 6;
    %dup/vec4;
    %pushi/vec4 2, 0, 6;
    %cmp/u;
    %jmp/1 T_1.12, 6;
    %pushi/vec4 1, 1, 1;
    %store/vec4 v000001f5b71fb890_0, 0, 1;
    %pushi/vec4 1, 1, 1;
    %store/vec4 v000001f5b71fb160_0, 0, 1;
    %pushi/vec4 1, 1, 1;
    %store/vec4 v000001f5b71fb200_0, 0, 1;
    %pushi/vec4 15, 15, 4;
    %store/vec4 v000001f5b7174d00_0, 0, 4;
    %pushi/vec4 1, 1, 1;
    %store/vec4 v000001f5b7174da0_0, 0, 1;
    %pushi/vec4 1, 1, 1;
    %store/vec4 v000001f5b71fbbb0_0, 0, 1;
    %pushi/vec4 1, 1, 1;
    %store/vec4 v000001f5b71fb020_0, 0, 1;
    %pushi/vec4 1, 1, 1;
    %store/vec4 v000001f5b7174e40_0, 0, 1;
    %pushi/vec4 1, 1, 1;
    %store/vec4 v000001f5b71fb0c0_0, 0, 1;
    %jmp T_1.14;
T_1.0 ;
    %pushi/vec4 1, 0, 1;
    %store/vec4 v000001f5b71fb890_0, 0, 1;
    %pushi/vec4 1, 0, 1;
    %store/vec4 v000001f5b71fb160_0, 0, 1;
    %pushi/vec4 0, 0, 1;
    %store/vec4 v000001f5b71fb200_0, 0, 1;
    %pushi/vec4 0, 0, 4;
    %store/vec4 v000001f5b7174d00_0, 0, 4;
    %pushi/vec4 1, 0, 1;
    %store/vec4 v000001f5b7174da0_0, 0, 1;
    %pushi/vec4 0, 0, 1;
    %store/vec4 v000001f5b71fbbb0_0, 0, 1;
    %pushi/vec4 0, 0, 1;
    %store/vec4 v000001f5b71fb020_0, 0, 1;
    %pushi/vec4 0, 0, 1;
    %store/vec4 v000001f5b7174e40_0, 0, 1;
    %pushi/vec4 0, 0, 1;
    %store/vec4 v000001f5b71fb0c0_0, 0, 1;
    %jmp T_1.14;
T_1.1 ;
    %pushi/vec4 0, 0, 1;
    %store/vec4 v000001f5b71fb890_0, 0, 1;
    %pushi/vec4 0, 0, 1;
    %store/vec4 v000001f5b71fb160_0, 0, 1;
    %pushi/vec4 1, 0, 1;
    %store/vec4 v000001f5b71fb200_0, 0, 1;
    %pushi/vec4 0, 0, 4;
    %store/vec4 v000001f5b7174d00_0, 0, 4;
    %pushi/vec4 1, 0, 1;
    %store/vec4 v000001f5b7174da0_0, 0, 1;
    %pushi/vec4 0, 0, 1;
    %store/vec4 v000001f5b71fbbb0_0, 0, 1;
    %pushi/vec4 0, 0, 1;
    %store/vec4 v000001f5b71fb020_0, 0, 1;
    %pushi/vec4 0, 0, 1;
    %store/vec4 v000001f5b7174e40_0, 0, 1;
    %pushi/vec4 0, 0, 1;
    %store/vec4 v000001f5b71fb0c0_0, 0, 1;
    %jmp T_1.14;
T_1.2 ;
    %pushi/vec4 1, 0, 1;
    %store/vec4 v000001f5b71fb890_0, 0, 1;
    %pushi/vec4 0, 0, 1;
    %store/vec4 v000001f5b71fb160_0, 0, 1;
    %pushi/vec4 0, 0, 1;
    %store/vec4 v000001f5b71fb200_0, 0, 1;
    %pushi/vec4 2, 0, 4;
    %store/vec4 v000001f5b7174d00_0, 0, 4;
    %pushi/vec4 0, 0, 1;
    %store/vec4 v000001f5b7174da0_0, 0, 1;
    %pushi/vec4 1, 0, 1;
    %store/vec4 v000001f5b71fbbb0_0, 0, 1;
    %pushi/vec4 0, 0, 1;
    %store/vec4 v000001f5b71fb020_0, 0, 1;
    %pushi/vec4 0, 0, 1;
    %store/vec4 v000001f5b7174e40_0, 0, 1;
    %pushi/vec4 0, 0, 1;
    %store/vec4 v000001f5b71fb0c0_0, 0, 1;
    %jmp T_1.14;
T_1.3 ;
    %pushi/vec4 0, 0, 1;
    %store/vec4 v000001f5b71fb890_0, 0, 1;
    %pushi/vec4 0, 0, 1;
    %store/vec4 v000001f5b71fb160_0, 0, 1;
    %pushi/vec4 0, 0, 1;
    %store/vec4 v000001f5b71fb200_0, 0, 1;
    %pushi/vec4 1, 0, 4;
    %store/vec4 v000001f5b7174d00_0, 0, 4;
    %pushi/vec4 0, 0, 1;
    %store/vec4 v000001f5b7174da0_0, 0, 1;
    %pushi/vec4 0, 0, 1;
    %store/vec4 v000001f5b71fbbb0_0, 0, 1;
    %pushi/vec4 1, 0, 1;
    %store/vec4 v000001f5b71fb020_0, 0, 1;
    %pushi/vec4 0, 0, 1;
    %store/vec4 v000001f5b7174e40_0, 0, 1;
    %pushi/vec4 0, 0, 1;
    %store/vec4 v000001f5b71fb0c0_0, 0, 1;
    %jmp T_1.14;
T_1.4 ;
    %pushi/vec4 0, 0, 1;
    %store/vec4 v000001f5b71fb890_0, 0, 1;
    %pushi/vec4 0, 0, 1;
    %store/vec4 v000001f5b71fb160_0, 0, 1;
    %pushi/vec4 0, 0, 1;
    %store/vec4 v000001f5b71fb200_0, 0, 1;
    %pushi/vec4 1, 0, 4;
    %store/vec4 v000001f5b7174d00_0, 0, 4;
    %pushi/vec4 0, 0, 1;
    %store/vec4 v000001f5b7174da0_0, 0, 1;
    %pushi/vec4 0, 0, 1;
    %store/vec4 v000001f5b71fbbb0_0, 0, 1;
    %pushi/vec4 0, 0, 1;
    %store/vec4 v000001f5b71fb020_0, 0, 1;
    %pushi/vec4 1, 0, 1;
    %store/vec4 v000001f5b7174e40_0, 0, 1;
    %pushi/vec4 0, 0, 1;
    %store/vec4 v000001f5b71fb0c0_0, 0, 1;
    %jmp T_1.14;
T_1.5 ;
    %pushi/vec4 1, 0, 1;
    %store/vec4 v000001f5b71fb890_0, 0, 1;
    %pushi/vec4 0, 0, 1;
    %store/vec4 v000001f5b71fb160_0, 0, 1;
    %pushi/vec4 0, 0, 1;
    %store/vec4 v000001f5b71fb200_0, 0, 1;
    %pushi/vec4 0, 0, 4;
    %store/vec4 v000001f5b7174d00_0, 0, 4;
    %pushi/vec4 1, 0, 1;
    %store/vec4 v000001f5b7174da0_0, 0, 1;
    %pushi/vec4 0, 0, 1;
    %store/vec4 v000001f5b71fbbb0_0, 0, 1;
    %pushi/vec4 0, 0, 1;
    %store/vec4 v000001f5b71fb020_0, 0, 1;
    %pushi/vec4 0, 0, 1;
    %store/vec4 v000001f5b7174e40_0, 0, 1;
    %pushi/vec4 0, 0, 1;
    %store/vec4 v000001f5b71fb0c0_0, 0, 1;
    %jmp T_1.14;
T_1.6 ;
    %pushi/vec4 1, 0, 1;
    %store/vec4 v000001f5b71fb890_0, 0, 1;
    %pushi/vec4 0, 0, 1;
    %store/vec4 v000001f5b71fb160_0, 0, 1;
    %pushi/vec4 0, 0, 1;
    %store/vec4 v000001f5b71fb200_0, 0, 1;
    %pushi/vec4 7, 0, 4;
    %store/vec4 v000001f5b7174d00_0, 0, 4;
    %pushi/vec4 1, 0, 1;
    %store/vec4 v000001f5b7174da0_0, 0, 1;
    %pushi/vec4 0, 0, 1;
    %store/vec4 v000001f5b71fbbb0_0, 0, 1;
    %pushi/vec4 0, 0, 1;
    %store/vec4 v000001f5b71fb020_0, 0, 1;
    %pushi/vec4 0, 0, 1;
    %store/vec4 v000001f5b7174e40_0, 0, 1;
    %pushi/vec4 0, 0, 1;
    %store/vec4 v000001f5b71fb0c0_0, 0, 1;
    %jmp T_1.14;
T_1.7 ;
    %pushi/vec4 1, 0, 1;
    %store/vec4 v000001f5b71fb890_0, 0, 1;
    %pushi/vec4 0, 0, 1;
    %store/vec4 v000001f5b71fb160_0, 0, 1;
    %pushi/vec4 0, 0, 1;
    %store/vec4 v000001f5b71fb200_0, 0, 1;
    %pushi/vec4 4, 0, 4;
    %store/vec4 v000001f5b7174d00_0, 0, 4;
    %pushi/vec4 1, 0, 1;
    %store/vec4 v000001f5b7174da0_0, 0, 1;
    %pushi/vec4 0, 0, 1;
    %store/vec4 v000001f5b71fbbb0_0, 0, 1;
    %pushi/vec4 0, 0, 1;
    %store/vec4 v000001f5b71fb020_0, 0, 1;
    %pushi/vec4 0, 0, 1;
    %store/vec4 v000001f5b7174e40_0, 0, 1;
    %pushi/vec4 0, 0, 1;
    %store/vec4 v000001f5b71fb0c0_0, 0, 1;
    %jmp T_1.14;
T_1.8 ;
    %pushi/vec4 1, 0, 1;
    %store/vec4 v000001f5b71fb890_0, 0, 1;
    %pushi/vec4 0, 0, 1;
    %store/vec4 v000001f5b71fb160_0, 0, 1;
    %pushi/vec4 0, 0, 1;
    %store/vec4 v000001f5b71fb200_0, 0, 1;
    %pushi/vec4 3, 0, 4;
    %store/vec4 v000001f5b7174d00_0, 0, 4;
    %pushi/vec4 1, 0, 1;
    %store/vec4 v000001f5b7174da0_0, 0, 1;
    %pushi/vec4 0, 0, 1;
    %store/vec4 v000001f5b71fbbb0_0, 0, 1;
    %pushi/vec4 0, 0, 1;
    %store/vec4 v000001f5b71fb020_0, 0, 1;
    %pushi/vec4 0, 0, 1;
    %store/vec4 v000001f5b7174e40_0, 0, 1;
    %pushi/vec4 0, 0, 1;
    %store/vec4 v000001f5b71fb0c0_0, 0, 1;
    %jmp T_1.14;
T_1.9 ;
    %pushi/vec4 1, 0, 1;
    %store/vec4 v000001f5b71fb890_0, 0, 1;
    %pushi/vec4 0, 0, 1;
    %store/vec4 v000001f5b71fb160_0, 0, 1;
    %pushi/vec4 0, 0, 1;
    %store/vec4 v000001f5b71fb200_0, 0, 1;
    %pushi/vec4 5, 0, 4;
    %store/vec4 v000001f5b7174d00_0, 0, 4;
    %pushi/vec4 1, 0, 1;
    %store/vec4 v000001f5b7174da0_0, 0, 1;
    %pushi/vec4 0, 0, 1;
    %store/vec4 v000001f5b71fbbb0_0, 0, 1;
    %pushi/vec4 0, 0, 1;
    %store/vec4 v000001f5b71fb020_0, 0, 1;
    %pushi/vec4 0, 0, 1;
    %store/vec4 v000001f5b7174e40_0, 0, 1;
    %pushi/vec4 0, 0, 1;
    %store/vec4 v000001f5b71fb0c0_0, 0, 1;
    %jmp T_1.14;
T_1.10 ;
    %pushi/vec4 1, 0, 1;
    %store/vec4 v000001f5b71fb890_0, 0, 1;
    %pushi/vec4 0, 0, 1;
    %store/vec4 v000001f5b71fb160_0, 0, 1;
    %pushi/vec4 0, 0, 1;
    %store/vec4 v000001f5b71fb200_0, 0, 1;
    %pushi/vec4 6, 0, 4;
    %store/vec4 v000001f5b7174d00_0, 0, 4;
    %pushi/vec4 1, 0, 1;
    %store/vec4 v000001f5b7174da0_0, 0, 1;
    %pushi/vec4 0, 0, 1;
    %store/vec4 v000001f5b71fbbb0_0, 0, 1;
    %pushi/vec4 0, 0, 1;
    %store/vec4 v000001f5b71fb020_0, 0, 1;
    %pushi/vec4 0, 0, 1;
    %store/vec4 v000001f5b7174e40_0, 0, 1;
    %pushi/vec4 0, 0, 1;
    %store/vec4 v000001f5b71fb0c0_0, 0, 1;
    %jmp T_1.14;
T_1.11 ;
    %pushi/vec4 1, 0, 1;
    %store/vec4 v000001f5b71fb890_0, 0, 1;
    %pushi/vec4 0, 0, 1;
    %store/vec4 v000001f5b71fb160_0, 0, 1;
    %pushi/vec4 0, 0, 1;
    %store/vec4 v000001f5b71fb200_0, 0, 1;
    %pushi/vec4 8, 0, 4;
    %store/vec4 v000001f5b7174d00_0, 0, 4;
    %pushi/vec4 1, 0, 1;
    %store/vec4 v000001f5b7174da0_0, 0, 1;
    %pushi/vec4 0, 0, 1;
    %store/vec4 v000001f5b71fbbb0_0, 0, 1;
    %pushi/vec4 0, 0, 1;
    %store/vec4 v000001f5b71fb020_0, 0, 1;
    %pushi/vec4 0, 0, 1;
    %store/vec4 v000001f5b7174e40_0, 0, 1;
    %pushi/vec4 0, 0, 1;
    %store/vec4 v000001f5b71fb0c0_0, 0, 1;
    %jmp T_1.14;
T_1.12 ;
    %pushi/vec4 0, 0, 1;
    %store/vec4 v000001f5b71fb890_0, 0, 1;
    %pushi/vec4 0, 0, 1;
    %store/vec4 v000001f5b71fb160_0, 0, 1;
    %pushi/vec4 0, 0, 1;
    %store/vec4 v000001f5b71fb200_0, 0, 1;
    %pushi/vec4 0, 0, 4;
    %store/vec4 v000001f5b7174d00_0, 0, 4;
    %pushi/vec4 0, 0, 1;
    %store/vec4 v000001f5b7174da0_0, 0, 1;
    %pushi/vec4 0, 0, 1;
    %store/vec4 v000001f5b71fbbb0_0, 0, 1;
    %pushi/vec4 0, 0, 1;
    %store/vec4 v000001f5b71fb020_0, 0, 1;
    %pushi/vec4 0, 0, 1;
    %store/vec4 v000001f5b7174e40_0, 0, 1;
    %pushi/vec4 1, 0, 1;
    %store/vec4 v000001f5b71fb0c0_0, 0, 1;
    %jmp T_1.14;
T_1.14 ;
    %pop/vec4 1;
    %jmp T_1;
    .thread T_1, $push;
    .scope S_000001f5b7199f10;
T_2 ;
    %wait E_000001f5b71728d0;
    %load/vec4 v000001f5b7142dc0_0;
    %dup/vec4;
    %pushi/vec4 0, 0, 4;
    %cmp/u;
    %jmp/1 T_2.0, 6;
    %dup/vec4;
    %pushi/vec4 2, 0, 4;
    %cmp/u;
    %jmp/1 T_2.1, 6;
    %dup/vec4;
    %pushi/vec4 1, 0, 4;
    %cmp/u;
    %jmp/1 T_2.2, 6;
    %dup/vec4;
    %pushi/vec4 3, 0, 4;
    %cmp/u;
    %jmp/1 T_2.3, 6;
    %dup/vec4;
    %pushi/vec4 4, 0, 4;
    %cmp/u;
    %jmp/1 T_2.4, 6;
    %dup/vec4;
    %pushi/vec4 5, 0, 4;
    %cmp/u;
    %jmp/1 T_2.5, 6;
    %dup/vec4;
    %pushi/vec4 6, 0, 4;
    %cmp/u;
    %jmp/1 T_2.6, 6;
    %dup/vec4;
    %pushi/vec4 7, 0, 4;
    %cmp/u;
    %jmp/1 T_2.7, 6;
    %dup/vec4;
    %pushi/vec4 8, 0, 4;
    %cmp/u;
    %jmp/1 T_2.8, 6;
    %pushi/vec4 7, 7, 3;
    %assign/vec4 v000001f5b7189890_0, 0;
    %pushi/vec4 0, 0, 1;
    %assign/vec4 v000001f5b7189a70_0, 0;
    %pushi/vec4 0, 0, 1;
    %assign/vec4 v000001f5b71899d0_0, 0;
    %jmp T_2.10;
T_2.0 ;
    %pushi/vec4 2, 0, 3;
    %assign/vec4 v000001f5b7189890_0, 0;
    %pushi/vec4 1, 0, 1;
    %assign/vec4 v000001f5b7189a70_0, 0;
    %pushi/vec4 0, 0, 1;
    %assign/vec4 v000001f5b71899d0_0, 0;
    %jmp T_2.10;
T_2.1 ;
    %load/vec4 v000001f5b7189930_0;
    %dup/vec4;
    %pushi/vec4 32, 0, 6;
    %cmp/u;
    %jmp/1 T_2.11, 6;
    %dup/vec4;
    %pushi/vec4 33, 0, 6;
    %cmp/u;
    %jmp/1 T_2.12, 6;
    %dup/vec4;
    %pushi/vec4 34, 0, 6;
    %cmp/u;
    %jmp/1 T_2.13, 6;
    %dup/vec4;
    %pushi/vec4 35, 0, 6;
    %cmp/u;
    %jmp/1 T_2.14, 6;
    %dup/vec4;
    %pushi/vec4 36, 0, 6;
    %cmp/u;
    %jmp/1 T_2.15, 6;
    %dup/vec4;
    %pushi/vec4 37, 0, 6;
    %cmp/u;
    %jmp/1 T_2.16, 6;
    %dup/vec4;
    %pushi/vec4 42, 0, 6;
    %cmp/u;
    %jmp/1 T_2.17, 6;
    %dup/vec4;
    %pushi/vec4 43, 0, 6;
    %cmp/u;
    %jmp/1 T_2.18, 6;
    %dup/vec4;
    %pushi/vec4 38, 0, 6;
    %cmp/u;
    %jmp/1 T_2.19, 6;
    %dup/vec4;
    %pushi/vec4 24, 0, 6;
    %cmp/u;
    %jmp/1 T_2.20, 6;
    %dup/vec4;
    %pushi/vec4 25, 0, 6;
    %cmp/u;
    %jmp/1 T_2.21, 6;
    %pushi/vec4 7, 7, 3;
    %assign/vec4 v000001f5b7189890_0, 0;
    %pushi/vec4 0, 0, 1;
    %assign/vec4 v000001f5b7189a70_0, 0;
    %pushi/vec4 0, 0, 1;
    %assign/vec4 v000001f5b71899d0_0, 0;
    %jmp T_2.23;
T_2.11 ;
    %pushi/vec4 2, 0, 3;
    %assign/vec4 v000001f5b7189890_0, 0;
    %pushi/vec4 1, 0, 1;
    %assign/vec4 v000001f5b7189a70_0, 0;
    %pushi/vec4 0, 0, 1;
    %assign/vec4 v000001f5b71899d0_0, 0;
    %jmp T_2.23;
T_2.12 ;
    %pushi/vec4 2, 0, 3;
    %assign/vec4 v000001f5b7189890_0, 0;
    %pushi/vec4 0, 0, 1;
    %assign/vec4 v000001f5b7189a70_0, 0;
    %pushi/vec4 0, 0, 1;
    %assign/vec4 v000001f5b71899d0_0, 0;
    %jmp T_2.23;
T_2.13 ;
    %pushi/vec4 6, 0, 3;
    %assign/vec4 v000001f5b7189890_0, 0;
    %pushi/vec4 1, 0, 1;
    %assign/vec4 v000001f5b7189a70_0, 0;
    %pushi/vec4 0, 0, 1;
    %assign/vec4 v000001f5b71899d0_0, 0;
    %jmp T_2.23;
T_2.14 ;
    %pushi/vec4 6, 0, 3;
    %assign/vec4 v000001f5b7189890_0, 0;
    %pushi/vec4 0, 0, 1;
    %assign/vec4 v000001f5b7189a70_0, 0;
    %pushi/vec4 0, 0, 1;
    %assign/vec4 v000001f5b71899d0_0, 0;
    %jmp T_2.23;
T_2.15 ;
    %pushi/vec4 0, 0, 3;
    %assign/vec4 v000001f5b7189890_0, 0;
    %pushi/vec4 1, 0, 1;
    %assign/vec4 v000001f5b7189a70_0, 0;
    %pushi/vec4 0, 0, 1;
    %assign/vec4 v000001f5b71899d0_0, 0;
    %jmp T_2.23;
T_2.16 ;
    %pushi/vec4 1, 0, 3;
    %assign/vec4 v000001f5b7189890_0, 0;
    %pushi/vec4 1, 0, 1;
    %assign/vec4 v000001f5b7189a70_0, 0;
    %pushi/vec4 0, 0, 1;
    %assign/vec4 v000001f5b71899d0_0, 0;
    %jmp T_2.23;
T_2.17 ;
    %pushi/vec4 7, 0, 3;
    %assign/vec4 v000001f5b7189890_0, 0;
    %pushi/vec4 1, 0, 1;
    %assign/vec4 v000001f5b7189a70_0, 0;
    %pushi/vec4 0, 0, 1;
    %assign/vec4 v000001f5b71899d0_0, 0;
    %jmp T_2.23;
T_2.18 ;
    %pushi/vec4 7, 0, 3;
    %assign/vec4 v000001f5b7189890_0, 0;
    %pushi/vec4 0, 0, 1;
    %assign/vec4 v000001f5b7189a70_0, 0;
    %pushi/vec4 0, 0, 1;
    %assign/vec4 v000001f5b71899d0_0, 0;
    %jmp T_2.23;
T_2.19 ;
    %pushi/vec4 3, 0, 3;
    %assign/vec4 v000001f5b7189890_0, 0;
    %pushi/vec4 1, 0, 1;
    %assign/vec4 v000001f5b7189a70_0, 0;
    %pushi/vec4 0, 0, 1;
    %assign/vec4 v000001f5b71899d0_0, 0;
    %jmp T_2.23;
T_2.20 ;
    %pushi/vec4 7, 7, 3;
    %assign/vec4 v000001f5b7189890_0, 0;
    %pushi/vec4 1, 0, 1;
    %assign/vec4 v000001f5b7189a70_0, 0;
    %pushi/vec4 1, 0, 1;
    %assign/vec4 v000001f5b71899d0_0, 0;
    %jmp T_2.23;
T_2.21 ;
    %pushi/vec4 7, 7, 3;
    %assign/vec4 v000001f5b7189890_0, 0;
    %pushi/vec4 0, 0, 1;
    %assign/vec4 v000001f5b7189a70_0, 0;
    %pushi/vec4 1, 0, 1;
    %assign/vec4 v000001f5b71899d0_0, 0;
    %jmp T_2.23;
T_2.23 ;
    %pop/vec4 1;
    %jmp T_2.10;
T_2.2 ;
    %pushi/vec4 6, 0, 3;
    %assign/vec4 v000001f5b7189890_0, 0;
    %pushi/vec4 1, 0, 1;
    %assign/vec4 v000001f5b7189a70_0, 0;
    %pushi/vec4 0, 0, 1;
    %assign/vec4 v000001f5b71899d0_0, 0;
    %jmp T_2.10;
T_2.3 ;
    %pushi/vec4 1, 0, 3;
    %assign/vec4 v000001f5b7189890_0, 0;
    %pushi/vec4 1, 0, 1;
    %assign/vec4 v000001f5b7189a70_0, 0;
    %pushi/vec4 0, 0, 1;
    %assign/vec4 v000001f5b71899d0_0, 0;
    %jmp T_2.10;
T_2.4 ;
    %pushi/vec4 0, 0, 3;
    %assign/vec4 v000001f5b7189890_0, 0;
    %pushi/vec4 1, 0, 1;
    %assign/vec4 v000001f5b7189a70_0, 0;
    %pushi/vec4 0, 0, 1;
    %assign/vec4 v000001f5b71899d0_0, 0;
    %jmp T_2.10;
T_2.5 ;
    %pushi/vec4 3, 0, 3;
    %assign/vec4 v000001f5b7189890_0, 0;
    %pushi/vec4 1, 0, 1;
    %assign/vec4 v000001f5b7189a70_0, 0;
    %pushi/vec4 0, 0, 1;
    %assign/vec4 v000001f5b71899d0_0, 0;
    %jmp T_2.10;
T_2.6 ;
    %pushi/vec4 7, 0, 3;
    %assign/vec4 v000001f5b7189890_0, 0;
    %pushi/vec4 1, 0, 1;
    %assign/vec4 v000001f5b7189a70_0, 0;
    %pushi/vec4 0, 0, 1;
    %assign/vec4 v000001f5b71899d0_0, 0;
    %jmp T_2.10;
T_2.7 ;
    %pushi/vec4 3, 0, 3;
    %assign/vec4 v000001f5b7189890_0, 0;
    %pushi/vec4 0, 0, 1;
    %assign/vec4 v000001f5b7189a70_0, 0;
    %pushi/vec4 0, 0, 1;
    %assign/vec4 v000001f5b71899d0_0, 0;
    %jmp T_2.10;
T_2.8 ;
    %pushi/vec4 7, 0, 3;
    %assign/vec4 v000001f5b7189890_0, 0;
    %pushi/vec4 0, 0, 1;
    %assign/vec4 v000001f5b7189a70_0, 0;
    %pushi/vec4 0, 0, 1;
    %assign/vec4 v000001f5b71899d0_0, 0;
    %jmp T_2.10;
T_2.10 ;
    %pop/vec4 1;
    %jmp T_2;
    .thread T_2, $push;
    .scope S_000001f5b7199d80;
T_3 ;
    %wait E_000001f5b71726d0;
    %load/vec4 v000001f5b71fb430_0;
    %load/vec4 v000001f5b71fbcf0_0;
    %and;
    %load/vec4 v000001f5b71fb430_0;
    %inv;
    %load/vec4 v000001f5b71fb930_0;
    %and;
    %or;
    %assign/vec4 v000001f5b71fb570_0, 0;
    %jmp T_3;
    .thread T_3, $push;
# The file index is used to find the file name in the following table.
:file_names 5;
    "N/A";
    "<interactive>";
    "pipelinecontrol.v";
    "./aludec.v";
    "./pipelinedec.v";
