#! /c/Source/iverilog-install/bin/vvp
:ivl_version "12.0 (devel)" "(s20150603-1539-g2693dd32b)";
:ivl_delay_selection "TYPICAL";
:vpi_time_precision + 0;
:vpi_module "C:\iverilog\lib\ivl\system.vpi";
:vpi_module "C:\iverilog\lib\ivl\vhdl_sys.vpi";
:vpi_module "C:\iverilog\lib\ivl\vhdl_textio.vpi";
:vpi_module "C:\iverilog\lib\ivl\v2005_math.vpi";
:vpi_module "C:\iverilog\lib\ivl\va_math.vpi";
S_00000164a84d2ad0 .scope module, "pipefd" "pipefd" 2 1;
 .timescale 0 0;
    .port_info 0 /INPUT 1 "clk";
    .port_info 1 /INPUT 1 "clrbp";
    .port_info 2 /INPUT 1 "stalld";
    .port_info 3 /INPUT 1 "stalld2";
    .port_info 4 /INPUT 2 "pcsrcd";
    .port_info 5 /INPUT 2 "pcsrcd2";
    .port_info 6 /INPUT 32 "instrf";
    .port_info 7 /INPUT 32 "instrf2";
    .port_info 8 /INPUT 32 "pcplus4f";
    .port_info 9 /INPUT 32 "pcf";
    .port_info 10 /OUTPUT 32 "instrd";
    .port_info 11 /OUTPUT 32 "instrd2";
    .port_info 12 /OUTPUT 32 "pcplus4d";
    .port_info 13 /OUTPUT 32 "pcd";
L_00000164a85059c0 .functor OR 1, L_00000164a854ef60, L_00000164a854f320, C4<0>, C4<0>;
L_00000164a854f9d0 .functor OR 1, L_00000164a85059c0, L_00000164a854f000, C4<0>, C4<0>;
L_00000164a854fa40 .functor OR 1, L_00000164a854f9d0, L_00000164a854f460, C4<0>, C4<0>;
o00000164a850a168 .functor BUFZ 1, C4<z>; HiZ drive
L_00000164a854fab0 .functor OR 1, L_00000164a854fa40, o00000164a850a168, C4<0>, C4<0>;
v00000164a84d2d50_0 .net *"_ivl_1", 0 0, L_00000164a854ef60;  1 drivers
v00000164a85042e0_0 .net *"_ivl_11", 0 0, L_00000164a854f460;  1 drivers
v00000164a8504380_0 .net *"_ivl_13", 0 0, L_00000164a854fa40;  1 drivers
v00000164a8504420_0 .net *"_ivl_3", 0 0, L_00000164a854f320;  1 drivers
v00000164a85044c0_0 .net *"_ivl_5", 0 0, L_00000164a85059c0;  1 drivers
v00000164a8504560_0 .net *"_ivl_7", 0 0, L_00000164a854f000;  1 drivers
v00000164a8504600_0 .net *"_ivl_9", 0 0, L_00000164a854f9d0;  1 drivers
o00000164a850a108 .functor BUFZ 1, C4<z>; HiZ drive
v00000164a85046a0_0 .net "clk", 0 0, o00000164a850a108;  0 drivers
v00000164a854ee20_0 .net "clr", 0 0, L_00000164a854fab0;  1 drivers
v00000164a854eb00_0 .net "clrbp", 0 0, o00000164a850a168;  0 drivers
v00000164a854f140_0 .var "instrd", 31 0;
v00000164a854eba0_0 .var "instrd2", 31 0;
o00000164a850a1f8 .functor BUFZ 32, C4<zzzzzzzzzzzzzzzzzzzzzzzzzzzzzzzz>; HiZ drive
v00000164a854f0a0_0 .net "instrf", 31 0, o00000164a850a1f8;  0 drivers
o00000164a850a228 .functor BUFZ 32, C4<zzzzzzzzzzzzzzzzzzzzzzzzzzzzzzzz>; HiZ drive
v00000164a854f280_0 .net "instrf2", 31 0, o00000164a850a228;  0 drivers
v00000164a854ec40_0 .var "pcd", 31 0;
o00000164a850a288 .functor BUFZ 32, C4<zzzzzzzzzzzzzzzzzzzzzzzzzzzzzzzz>; HiZ drive
v00000164a854e9c0_0 .net "pcf", 31 0, o00000164a850a288;  0 drivers
v00000164a854ece0_0 .var "pcplus4d", 31 0;
o00000164a850a2e8 .functor BUFZ 32, C4<zzzzzzzzzzzzzzzzzzzzzzzzzzzzzzzz>; HiZ drive
v00000164a854f1e0_0 .net "pcplus4f", 31 0, o00000164a850a2e8;  0 drivers
o00000164a850a318 .functor BUFZ 2, C4<zz>; HiZ drive
v00000164a854f3c0_0 .net "pcsrcd", 1 0, o00000164a850a318;  0 drivers
o00000164a850a348 .functor BUFZ 2, C4<zz>; HiZ drive
v00000164a854f5a0_0 .net "pcsrcd2", 1 0, o00000164a850a348;  0 drivers
o00000164a850a378 .functor BUFZ 1, C4<z>; HiZ drive
v00000164a854f780_0 .net "stalld", 0 0, o00000164a850a378;  0 drivers
o00000164a850a3a8 .functor BUFZ 1, C4<z>; HiZ drive
v00000164a854e880_0 .net "stalld2", 0 0, o00000164a850a3a8;  0 drivers
E_00000164a84f5cf0 .event posedge, v00000164a85046a0_0;
L_00000164a854ef60 .part o00000164a850a348, 1, 1;
L_00000164a854f320 .part o00000164a850a348, 0, 1;
L_00000164a854f000 .part o00000164a850a318, 1, 1;
L_00000164a854f460 .part o00000164a850a318, 0, 1;
    .scope S_00000164a84d2ad0;
T_0 ;
    %wait E_00000164a84f5cf0;
    %load/vec4 v00000164a854ee20_0;
    %load/vec4 v00000164a854f780_0;
    %nor/r;
    %and;
    %flag_set/vec4 8;
    %jmp/0xz  T_0.0, 8;
    %pushi/vec4 0, 0, 32;
    %store/vec4 v00000164a854ece0_0, 0, 32;
    %pushi/vec4 0, 0, 32;
    %store/vec4 v00000164a854f140_0, 0, 32;
    %pushi/vec4 0, 0, 32;
    %store/vec4 v00000164a854eba0_0, 0, 32;
    %pushi/vec4 0, 0, 32;
    %store/vec4 v00000164a854ec40_0, 0, 32;
    %jmp T_0.1;
T_0.0 ;
    %load/vec4 v00000164a854f780_0;
    %nor/r;
    %load/vec4 v00000164a854ee20_0;
    %nor/r;
    %and;
    %flag_set/vec4 8;
    %jmp/0xz  T_0.2, 8;
    %load/vec4 v00000164a854f1e0_0;
    %store/vec4 v00000164a854ece0_0, 0, 32;
    %load/vec4 v00000164a854f0a0_0;
    %store/vec4 v00000164a854f140_0, 0, 32;
    %load/vec4 v00000164a854f280_0;
    %store/vec4 v00000164a854eba0_0, 0, 32;
    %load/vec4 v00000164a854e9c0_0;
    %store/vec4 v00000164a854ec40_0, 0, 32;
T_0.2 ;
T_0.1 ;
    %jmp T_0;
    .thread T_0;
# The file index is used to find the file name in the following table.
:file_names 3;
    "N/A";
    "<interactive>";
    "pipefd.v";
