#! /c/Source/iverilog-install/bin/vvp
:ivl_version "12.0 (devel)" "(s20150603-1539-g2693dd32b)";
:ivl_delay_selection "TYPICAL";
:vpi_time_precision + 0;
:vpi_module "C:\iverilog\lib\ivl\system.vpi";
:vpi_module "C:\iverilog\lib\ivl\vhdl_sys.vpi";
:vpi_module "C:\iverilog\lib\ivl\vhdl_textio.vpi";
:vpi_module "C:\iverilog\lib\ivl\v2005_math.vpi";
:vpi_module "C:\iverilog\lib\ivl\va_math.vpi";
S_000002b967882ad0 .scope module, "regfile" "regfile" 2 1;
 .timescale 0 0;
    .port_info 0 /INPUT 1 "clk";
    .port_info 1 /INPUT 1 "we3";
    .port_info 2 /INPUT 1 "we3_2";
    .port_info 3 /INPUT 5 "ra1";
    .port_info 4 /INPUT 5 "ra1_2";
    .port_info 5 /INPUT 5 "ra2";
    .port_info 6 /INPUT 5 "ra2_2";
    .port_info 7 /INPUT 5 "wa3";
    .port_info 8 /INPUT 5 "wa3_2";
    .port_info 9 /INPUT 32 "wd3";
    .port_info 10 /INPUT 32 "wd3_2";
    .port_info 11 /OUTPUT 32 "rd1";
    .port_info 12 /OUTPUT 32 "rd1_2";
    .port_info 13 /OUTPUT 32 "rd2";
    .port_info 14 /OUTPUT 32 "rd2_2";
v000002b9678a8c10_0 .net *"_ivl_0", 31 0, L_000002b967908000;  1 drivers
v000002b9678a8b70_0 .net *"_ivl_10", 6 0, L_000002b967907d80;  1 drivers
L_000002b967910d08 .functor BUFT 1, C4<00>, C4<0>, C4<0>, C4<0>;
v000002b9678a9390_0 .net *"_ivl_13", 1 0, L_000002b967910d08;  1 drivers
L_000002b967910d50 .functor BUFT 1, C4<00000000000000000000000000000000>, C4<0>, C4<0>, C4<0>;
v000002b9678a8ad0_0 .net/2u *"_ivl_14", 31 0, L_000002b967910d50;  1 drivers
v000002b9678a8d50_0 .net *"_ivl_18", 31 0, L_000002b967907560;  1 drivers
L_000002b967910d98 .functor BUFT 1, C4<000000000000000000000000000>, C4<0>, C4<0>, C4<0>;
v000002b9678a8fd0_0 .net *"_ivl_21", 26 0, L_000002b967910d98;  1 drivers
L_000002b967910de0 .functor BUFT 1, C4<00000000000000000000000000000000>, C4<0>, C4<0>, C4<0>;
v000002b9678a9070_0 .net/2u *"_ivl_22", 31 0, L_000002b967910de0;  1 drivers
v000002b9678a9110_0 .net *"_ivl_24", 0 0, L_000002b967907740;  1 drivers
v000002b9678a91b0_0 .net *"_ivl_26", 31 0, L_000002b967908820;  1 drivers
v000002b9678a9250_0 .net *"_ivl_28", 6 0, L_000002b9679077e0;  1 drivers
L_000002b967910c78 .functor BUFT 1, C4<000000000000000000000000000>, C4<0>, C4<0>, C4<0>;
v000002b9678a8710_0 .net *"_ivl_3", 26 0, L_000002b967910c78;  1 drivers
L_000002b967910e28 .functor BUFT 1, C4<00>, C4<0>, C4<0>, C4<0>;
v000002b9678a94d0_0 .net *"_ivl_31", 1 0, L_000002b967910e28;  1 drivers
L_000002b967910e70 .functor BUFT 1, C4<00000000000000000000000000000000>, C4<0>, C4<0>, C4<0>;
v000002b9678a92f0_0 .net/2u *"_ivl_32", 31 0, L_000002b967910e70;  1 drivers
v000002b9678a8990_0 .net *"_ivl_36", 31 0, L_000002b967907ec0;  1 drivers
L_000002b967910eb8 .functor BUFT 1, C4<000000000000000000000000000>, C4<0>, C4<0>, C4<0>;
v000002b9678a87b0_0 .net *"_ivl_39", 26 0, L_000002b967910eb8;  1 drivers
L_000002b967910cc0 .functor BUFT 1, C4<00000000000000000000000000000000>, C4<0>, C4<0>, C4<0>;
v000002b9678a8850_0 .net/2u *"_ivl_4", 31 0, L_000002b967910cc0;  1 drivers
L_000002b967910f00 .functor BUFT 1, C4<00000000000000000000000000000000>, C4<0>, C4<0>, C4<0>;
v000002b9678a88f0_0 .net/2u *"_ivl_40", 31 0, L_000002b967910f00;  1 drivers
v000002b967906e80_0 .net *"_ivl_42", 0 0, L_000002b967908b40;  1 drivers
v000002b967906f20_0 .net *"_ivl_44", 31 0, L_000002b9679080a0;  1 drivers
v000002b967907e20_0 .net *"_ivl_46", 6 0, L_000002b967906d40;  1 drivers
L_000002b967910f48 .functor BUFT 1, C4<00>, C4<0>, C4<0>, C4<0>;
v000002b967908500_0 .net *"_ivl_49", 1 0, L_000002b967910f48;  1 drivers
L_000002b967910f90 .functor BUFT 1, C4<00000000000000000000000000000000>, C4<0>, C4<0>, C4<0>;
v000002b967906fc0_0 .net/2u *"_ivl_50", 31 0, L_000002b967910f90;  1 drivers
v000002b967908a00_0 .net *"_ivl_54", 31 0, L_000002b967906de0;  1 drivers
L_000002b967910fd8 .functor BUFT 1, C4<000000000000000000000000000>, C4<0>, C4<0>, C4<0>;
v000002b967908640_0 .net *"_ivl_57", 26 0, L_000002b967910fd8;  1 drivers
L_000002b967911020 .functor BUFT 1, C4<00000000000000000000000000000000>, C4<0>, C4<0>, C4<0>;
v000002b9679071a0_0 .net/2u *"_ivl_58", 31 0, L_000002b967911020;  1 drivers
v000002b967907060_0 .net *"_ivl_6", 0 0, L_000002b9679074c0;  1 drivers
v000002b967907a60_0 .net *"_ivl_60", 0 0, L_000002b967908280;  1 drivers
v000002b967907420_0 .net *"_ivl_62", 31 0, L_000002b96796a510;  1 drivers
v000002b967907f60_0 .net *"_ivl_64", 6 0, L_000002b96796a150;  1 drivers
L_000002b967911068 .functor BUFT 1, C4<00>, C4<0>, C4<0>, C4<0>;
v000002b967907c40_0 .net *"_ivl_67", 1 0, L_000002b967911068;  1 drivers
L_000002b9679110b0 .functor BUFT 1, C4<00000000000000000000000000000000>, C4<0>, C4<0>, C4<0>;
v000002b9679079c0_0 .net/2u *"_ivl_68", 31 0, L_000002b9679110b0;  1 drivers
v000002b967907100_0 .net *"_ivl_74", 0 0, L_000002b96796b730;  1 drivers
v000002b967907880_0 .net *"_ivl_8", 31 0, L_000002b967907ba0;  1 drivers
o000002b9678bc608 .functor BUFZ 1, C4<z>; HiZ drive
v000002b967908aa0_0 .net "clk", 0 0, o000002b9678bc608;  0 drivers
v000002b967907ce0_0 .var/i "i", 31 0;
o000002b9678bc668 .functor BUFZ 5, C4<zzzzz>; HiZ drive
v000002b967908960_0 .net "ra1", 4 0, o000002b9678bc668;  0 drivers
o000002b9678bc698 .functor BUFZ 5, C4<zzzzz>; HiZ drive
v000002b967906ca0_0 .net "ra1_2", 4 0, o000002b9678bc698;  0 drivers
o000002b9678bc6c8 .functor BUFZ 5, C4<zzzzz>; HiZ drive
v000002b967907600_0 .net "ra2", 4 0, o000002b9678bc6c8;  0 drivers
o000002b9678bc6f8 .functor BUFZ 5, C4<zzzzz>; HiZ drive
v000002b9679088c0_0 .net "ra2_2", 4 0, o000002b9678bc6f8;  0 drivers
v000002b967907240_0 .net "rd1", 31 0, L_000002b967908780;  1 drivers
v000002b9679076a0_0 .net "rd1_2", 31 0, L_000002b967908140;  1 drivers
v000002b9679081e0_0 .net "rd2", 31 0, L_000002b967907920;  1 drivers
v000002b9679072e0_0 .net "rd2_2", 31 0, L_000002b967969ed0;  1 drivers
v000002b967908320 .array "rf", 0 31, 31 0;
o000002b9678bc7e8 .functor BUFZ 5, C4<zzzzz>; HiZ drive
v000002b9679086e0_0 .net "wa3", 4 0, o000002b9678bc7e8;  0 drivers
o000002b9678bc818 .functor BUFZ 5, C4<zzzzz>; HiZ drive
v000002b9679083c0_0 .net "wa3_2", 4 0, o000002b9678bc818;  0 drivers
o000002b9678bc848 .functor BUFZ 32, C4<zzzzzzzzzzzzzzzzzzzzzzzzzzzzzzzz>; HiZ drive
v000002b967907380_0 .net "wd3", 31 0, o000002b9678bc848;  0 drivers
o000002b9678bc878 .functor BUFZ 32, C4<zzzzzzzzzzzzzzzzzzzzzzzzzzzzzzzz>; HiZ drive
v000002b967907b00_0 .net "wd3_2", 31 0, o000002b9678bc878;  0 drivers
o000002b9678bc8a8 .functor BUFZ 1, C4<z>; HiZ drive
v000002b967908460_0 .net "we3", 0 0, o000002b9678bc8a8;  0 drivers
o000002b9678bc8d8 .functor BUFZ 1, C4<z>; HiZ drive
v000002b9679085a0_0 .net "we3_2", 0 0, o000002b9678bc8d8;  0 drivers
E_000002b9678aac30 .event anyedge, L_000002b96796b730;
L_000002b967908000 .concat [ 5 27 0 0], o000002b9678bc668, L_000002b967910c78;
L_000002b9679074c0 .cmp/ne 32, L_000002b967908000, L_000002b967910cc0;
L_000002b967907ba0 .array/port v000002b967908320, L_000002b967907d80;
L_000002b967907d80 .concat [ 5 2 0 0], o000002b9678bc668, L_000002b967910d08;
L_000002b967908780 .functor MUXZ 32, L_000002b967910d50, L_000002b967907ba0, L_000002b9679074c0, C4<>;
L_000002b967907560 .concat [ 5 27 0 0], o000002b9678bc6c8, L_000002b967910d98;
L_000002b967907740 .cmp/ne 32, L_000002b967907560, L_000002b967910de0;
L_000002b967908820 .array/port v000002b967908320, L_000002b9679077e0;
L_000002b9679077e0 .concat [ 5 2 0 0], o000002b9678bc6c8, L_000002b967910e28;
L_000002b967907920 .functor MUXZ 32, L_000002b967910e70, L_000002b967908820, L_000002b967907740, C4<>;
L_000002b967907ec0 .concat [ 5 27 0 0], o000002b9678bc698, L_000002b967910eb8;
L_000002b967908b40 .cmp/ne 32, L_000002b967907ec0, L_000002b967910f00;
L_000002b9679080a0 .array/port v000002b967908320, L_000002b967906d40;
L_000002b967906d40 .concat [ 5 2 0 0], o000002b9678bc698, L_000002b967910f48;
L_000002b967908140 .functor MUXZ 32, L_000002b967910f90, L_000002b9679080a0, L_000002b967908b40, C4<>;
L_000002b967906de0 .concat [ 5 27 0 0], o000002b9678bc6f8, L_000002b967910fd8;
L_000002b967908280 .cmp/ne 32, L_000002b967906de0, L_000002b967911020;
L_000002b96796a510 .array/port v000002b967908320, L_000002b96796a150;
L_000002b96796a150 .concat [ 5 2 0 0], o000002b9678bc6f8, L_000002b967911068;
L_000002b967969ed0 .functor MUXZ 32, L_000002b9679110b0, L_000002b96796a510, L_000002b967908280, C4<>;
L_000002b96796b730 .reduce/nor o000002b9678bc608;
    .scope S_000002b967882ad0;
T_0 ;
    %pushi/vec4 0, 0, 32;
    %store/vec4 v000002b967907ce0_0, 0, 32;
T_0.0 ;
    %load/vec4 v000002b967907ce0_0;
    %cmpi/s 32, 0, 32;
    %jmp/0xz T_0.1, 5;
    %pushi/vec4 0, 0, 32;
    %ix/getv/s 3, v000002b967907ce0_0;
    %ix/load 4, 0, 0; Constant delay
    %assign/vec4/a/d v000002b967908320, 0, 4;
    %load/vec4 v000002b967907ce0_0;
    %addi 1, 0, 32;
    %store/vec4 v000002b967907ce0_0, 0, 32;
    %jmp T_0.0;
T_0.1 ;
    %end;
    .thread T_0;
    .scope S_000002b967882ad0;
T_1 ;
    %wait E_000002b9678aac30;
    %load/vec4 v000002b967908460_0;
    %flag_set/vec4 8;
    %jmp/0xz  T_1.0, 8;
    %load/vec4 v000002b967907380_0;
    %load/vec4 v000002b9679086e0_0;
    %pad/u 7;
    %ix/vec4 3;
    %ix/load 4, 0, 0; Constant delay
    %assign/vec4/a/d v000002b967908320, 0, 4;
T_1.0 ;
    %load/vec4 v000002b9679085a0_0;
    %flag_set/vec4 8;
    %jmp/0xz  T_1.2, 8;
    %load/vec4 v000002b967907b00_0;
    %load/vec4 v000002b9679083c0_0;
    %pad/u 7;
    %ix/vec4 3;
    %ix/load 4, 0, 0; Constant delay
    %assign/vec4/a/d v000002b967908320, 0, 4;
T_1.2 ;
    %jmp T_1;
    .thread T_1, $push;
# The file index is used to find the file name in the following table.
:file_names 3;
    "N/A";
    "<interactive>";
    "regfile.v";
