#! /c/Source/iverilog-install/bin/vvp
:ivl_version "12.0 (devel)" "(s20150603-1539-g2693dd32b)";
:ivl_delay_selection "TYPICAL";
:vpi_time_precision + 0;
:vpi_module "C:\iverilog\lib\ivl\system.vpi";
:vpi_module "C:\iverilog\lib\ivl\vhdl_sys.vpi";
:vpi_module "C:\iverilog\lib\ivl\vhdl_textio.vpi";
:vpi_module "C:\iverilog\lib\ivl\v2005_math.vpi";
:vpi_module "C:\iverilog\lib\ivl\va_math.vpi";
S_000001be557e29c0 .scope module, "signext" "signext" 2 1;
 .timescale 0 0;
    .port_info 0 /INPUT 16 "in";
    .port_info 1 /OUTPUT 32 "out";
v000001be557e3170_0 .net *"_ivl_1", 0 0, L_000001be557e2d30;  1 drivers
v000001be557e2b50_0 .net *"_ivl_2", 15 0, L_000001be557ce120;  1 drivers
o000001be55817008 .functor BUFZ 16, C4<zzzzzzzzzzzzzzzz>; HiZ drive
v000001be557e2bf0_0 .net "in", 15 0, o000001be55817008;  0 drivers
v000001be557e2c90_0 .net "out", 31 0, L_000001be557ce250;  1 drivers
L_000001be557e2d30 .part o000001be55817008, 15, 1;
LS_000001be557ce120_0_0 .concat [ 1 1 1 1], L_000001be557e2d30, L_000001be557e2d30, L_000001be557e2d30, L_000001be557e2d30;
LS_000001be557ce120_0_4 .concat [ 1 1 1 1], L_000001be557e2d30, L_000001be557e2d30, L_000001be557e2d30, L_000001be557e2d30;
LS_000001be557ce120_0_8 .concat [ 1 1 1 1], L_000001be557e2d30, L_000001be557e2d30, L_000001be557e2d30, L_000001be557e2d30;
LS_000001be557ce120_0_12 .concat [ 1 1 1 1], L_000001be557e2d30, L_000001be557e2d30, L_000001be557e2d30, L_000001be557e2d30;
L_000001be557ce120 .concat [ 4 4 4 4], LS_000001be557ce120_0_0, LS_000001be557ce120_0_4, LS_000001be557ce120_0_8, LS_000001be557ce120_0_12;
L_000001be557ce250 .concat [ 16 16 0 0], o000001be55817008, L_000001be557ce120;
# The file index is used to find the file name in the following table.
:file_names 3;
    "N/A";
    "<interactive>";
    "signext.v";
