#! /c/Source/iverilog-install/bin/vvp
:ivl_version "12.0 (devel)" "(s20150603-1539-g2693dd32b)";
:ivl_delay_selection "TYPICAL";
:vpi_time_precision + 0;
:vpi_module "C:\iverilog\lib\ivl\system.vpi";
:vpi_module "C:\iverilog\lib\ivl\vhdl_sys.vpi";
:vpi_module "C:\iverilog\lib\ivl\vhdl_textio.vpi";
:vpi_module "C:\iverilog\lib\ivl\v2005_math.vpi";
:vpi_module "C:\iverilog\lib\ivl\va_math.vpi";
S_0000017fe02a29c0 .scope module, "sl2" "sl2" 2 1;
 .timescale 0 0;
    .port_info 0 /INPUT 32 "a";
    .port_info 1 /OUTPUT 32 "y";
v0000017fe02a2b50_0 .net *"_ivl_1", 29 0, L_0000017fe03fdc60;  1 drivers
L_0000017fe031bfc8 .functor BUFT 1, C4<00>, C4<0>, C4<0>, C4<0>;
v0000017fe02a2bf0_0 .net/2u *"_ivl_2", 1 0, L_0000017fe031bfc8;  1 drivers
o0000017fe02d6bb8 .functor BUFZ 32, C4<zzzzzzzzzzzzzzzzzzzzzzzzzzzzzzzz>; HiZ drive
v0000017fe02a2c90_0 .net "a", 31 0, o0000017fe02d6bb8;  0 drivers
v0000017fe02a2d30_0 .net "y", 31 0, L_0000017fe03fdd00;  1 drivers
L_0000017fe03fdc60 .part o0000017fe02d6bb8, 0, 30;
L_0000017fe03fdd00 .concat [ 2 30 0 0], L_0000017fe031bfc8, L_0000017fe03fdc60;
# The file index is used to find the file name in the following table.
:file_names 3;
    "N/A";
    "<interactive>";
    "sl2.v";
