#! /c/Source/iverilog-install/bin/vvp
:ivl_version "12.0 (devel)" "(s20150603-1539-g2693dd32b)";
:ivl_delay_selection "TYPICAL";
:vpi_time_precision + 0;
:vpi_module "C:\iverilog\lib\ivl\system.vpi";
:vpi_module "C:\iverilog\lib\ivl\vhdl_sys.vpi";
:vpi_module "C:\iverilog\lib\ivl\vhdl_textio.vpi";
:vpi_module "C:\iverilog\lib\ivl\v2005_math.vpi";
:vpi_module "C:\iverilog\lib\ivl\va_math.vpi";
S_0000029a002e60e0 .scope module, "write" "write" 2 3;
 .timescale 0 0;
    .port_info 0 /INPUT 1 "memtoregw";
    .port_info 1 /INPUT 1 "memtoregw2";
    .port_info 2 /INPUT 32 "readdataw";
    .port_info 3 /INPUT 32 "readdataw2";
    .port_info 4 /INPUT 32 "aluoutw";
    .port_info 5 /INPUT 32 "aluoutw2";
    .port_info 6 /OUTPUT 32 "resultw";
    .port_info 7 /OUTPUT 32 "resultw2";
o0000029a002e6fb8 .functor BUFZ 32, C4<zzzzzzzzzzzzzzzzzzzzzzzzzzzzzzzz>; HiZ drive
v0000029a002e4c30_0 .net "aluoutw", 31 0, o0000029a002e6fb8;  0 drivers
o0000029a002e7138 .functor BUFZ 32, C4<zzzzzzzzzzzzzzzzzzzzzzzzzzzzzzzz>; HiZ drive
v0000029a002e4cd0_0 .net "aluoutw2", 31 0, o0000029a002e7138;  0 drivers
o0000029a002e7018 .functor BUFZ 1, C4<z>; HiZ drive
v0000029a002e4d70_0 .net "memtoregw", 0 0, o0000029a002e7018;  0 drivers
o0000029a002e7198 .functor BUFZ 1, C4<z>; HiZ drive
v0000029a002e4e10_0 .net "memtoregw2", 0 0, o0000029a002e7198;  0 drivers
o0000029a002e6fe8 .functor BUFZ 32, C4<zzzzzzzzzzzzzzzzzzzzzzzzzzzzzzzz>; HiZ drive
v0000029a00330830_0 .net "readdataw", 31 0, o0000029a002e6fe8;  0 drivers
o0000029a002e7168 .functor BUFZ 32, C4<zzzzzzzzzzzzzzzzzzzzzzzzzzzzzzzz>; HiZ drive
v0000029a003308d0_0 .net "readdataw2", 31 0, o0000029a002e7168;  0 drivers
v0000029a00330970_0 .net "resultw", 31 0, L_0000029a00330e20;  1 drivers
v0000029a00330ce0_0 .net "resultw2", 31 0, L_0000029a00331140;  1 drivers
S_0000029a002e6300 .scope module, "muxwrite" "mux2" 2 8, 3 1 0, S_0000029a002e60e0;
 .timescale 0 0;
    .port_info 0 /INPUT 32 "d0";
    .port_info 1 /INPUT 32 "d1";
    .port_info 2 /INPUT 1 "s";
    .port_info 3 /OUTPUT 32 "y";
P_0000029a0029d0c0 .param/l "WIDTH" 0 3 1, +C4<00000000000000000000000000100000>;
v0000029a002e6490_0 .net "d0", 31 0, o0000029a002e6fb8;  alias, 0 drivers
v0000029a0029ba30_0 .net "d1", 31 0, o0000029a002e6fe8;  alias, 0 drivers
v0000029a0029bad0_0 .net "s", 0 0, o0000029a002e7018;  alias, 0 drivers
v0000029a0029bb70_0 .net "y", 31 0, L_0000029a00330e20;  alias, 1 drivers
L_0000029a00330e20 .functor MUXZ 32, o0000029a002e6fb8, o0000029a002e6fe8, o0000029a002e7018, C4<>;
S_0000029a0029bc10 .scope module, "muxwrite2" "mux2" 2 9, 3 1 0, S_0000029a002e60e0;
 .timescale 0 0;
    .port_info 0 /INPUT 32 "d0";
    .port_info 1 /INPUT 32 "d1";
    .port_info 2 /INPUT 1 "s";
    .port_info 3 /OUTPUT 32 "y";
P_0000029a0029d140 .param/l "WIDTH" 0 3 1, +C4<00000000000000000000000000100000>;
v0000029a0029bda0_0 .net "d0", 31 0, o0000029a002e7138;  alias, 0 drivers
v0000029a0029be40_0 .net "d1", 31 0, o0000029a002e7168;  alias, 0 drivers
v0000029a0029bee0_0 .net "s", 0 0, o0000029a002e7198;  alias, 0 drivers
v0000029a002e4b90_0 .net "y", 31 0, L_0000029a00331140;  alias, 1 drivers
L_0000029a00331140 .functor MUXZ 32, o0000029a002e7138, o0000029a002e7168, o0000029a002e7198, C4<>;
# The file index is used to find the file name in the following table.
:file_names 4;
    "N/A";
    "<interactive>";
    "write.v";
    "./mux2.v";
